  **** HLS Build v2025.2 6295257
INFO: [HLS 200-2005] Using work_dir C:/Users/LAB2_PC10/Desktop/CHINNA/HLS_workspace/relu_ip/relu 
INFO: [HLS 200-2176] Writing Vitis IDE component file C:/Users/LAB2_PC10/Desktop/CHINNA/HLS_workspace/relu_ip/relu/vitis-comp.json
INFO: [HLS 200-10] Creating and opening component 'C:/Users/LAB2_PC10/Desktop/CHINNA/HLS_workspace/relu_ip/relu'.
INFO: [HLS 200-1505] Using default flow_target 'vivado'
Resolution: For help on HLS 200-1505 see docs.amd.com/access/sources/dita/topic?Doc_Version=2025.2%20English&url=ug1448-hls-guidance&resourceid=200-1505.html
INFO: [HLS 200-2174] Applying component config ini file hls_config.cfg
INFO: [HLS 200-1465] Applying config ini 'syn.file=C:/Users/LAB2_PC10/Desktop/CHINNA/files/relu.cpp' from hls_config.cfg(8)
INFO: [HLS 200-10] Adding design file 'C:/Users/LAB2_PC10/Desktop/CHINNA/files/relu.cpp' to the project
INFO: [HLS 200-1465] Applying config ini 'syn.file=C:/Users/LAB2_PC10/Desktop/CHINNA/files/relu.h' from hls_config.cfg(9)
INFO: [HLS 200-10] Adding design file 'C:/Users/LAB2_PC10/Desktop/CHINNA/files/relu.h' to the project
INFO: [HLS 200-1465] Applying config ini 'tb.file=C:/Users/LAB2_PC10/Desktop/CHINNA/files/relu_tb.cpp' from hls_config.cfg(10)
INFO: [HLS 200-10] Adding test bench file 'C:/Users/LAB2_PC10/Desktop/CHINNA/files/relu_tb.cpp' to the project
INFO: [HLS 200-1465] Applying config ini 'syn.top=relu' from hls_config.cfg(7)
INFO: [HLS 200-1465] Applying config ini 'flow_target=vivado' from hls_config.cfg(4)
INFO: [HLS 200-1505] Using flow_target 'vivado'
Resolution: For help on HLS 200-1505 see docs.amd.com/access/sources/dita/topic?Doc_Version=2025.2%20English&url=ug1448-hls-guidance&resourceid=200-1505.html
INFO: [HLS 200-1465] Applying config ini 'part=xck26-sfvc784-2LV-c' from hls_config.cfg(1)
INFO: [HLS 200-1611] Setting target device to 'xck26-sfvc784-2LV-c'
INFO: [HLS 200-1465] Applying config ini 'clock=5ns' from hls_config.cfg(11)
INFO: [SYN 201-201] Setting up clock 'default' with a period of 5ns.
INFO: [HLS 200-1465] Applying config ini 'package.output.format=ip_catalog' from hls_config.cfg(5)
INFO: [HLS 200-1465] Applying config ini 'vivado.clock=5ns' from hls_config.cfg(12)
INFO: [HLS 200-2176] Writing Vitis IDE component file C:/Users/LAB2_PC10/Desktop/CHINNA/HLS_workspace/relu_ip/relu/vitis-comp.json
INFO: [SIM 211-2] *************** CSIM start ***************
INFO: [HLS 200-2191] C-Simulation will use clang-16 as the compiler
INFO: [HLS 200-2036] Building debug C Simulation binaries
   Compiling ../../../../../../files/relu_tb.cpp in debug mode
   Compiling ../../../../../../files/relu.cpp in debug mode
   Generating csim.exe
In file included from ../../../../../../files/relu_tb.cpp:10:
In file included from ../../../../../../files/relu.h:17:
In file included from C:/2025.2/Vitis/include\ap_fixed.h:9:
In file included from C:/2025.2/Vitis/include\etc/ap_common.h:668:
In file included from C:/2025.2/Vitis/include\etc/ap_private.h:68:
In file included from C:/2025.2/Vitis/include\hls_half.h:26:
In file included from C:/2025.2/Vitis/include/etc/hls_half_fpo.h:19:
In file included from C:/2025.2/Vitis/include\hls_fpo.h:140:
In file included from C:/2025.2/Vitis/include/floating_point_v7_1_bitacc_cmodel.h:150:
C:/2025.2/Vitis/include\gmp.h:58:9: warning: '__GMP_LIBGMP_DLL' macro redefined [-Wmacro-redefined]
#define __GMP_LIBGMP_DLL  0
        ^
C:/2025.2/Vitis/include/floating_point_v7_1_bitacc_cmodel.h:142:9: note: previous definition is here
#define __GMP_LIBGMP_DLL 1
        ^
1 warning generated.
In file included from ../../../../../../files/relu.cpp:21:
In file included from ../../../../../../files/relu.h:17:
In file included from C:/2025.2/Vitis/include\ap_fixed.h:9:
In file included from C:/2025.2/Vitis/include\etc/ap_common.h:668:
In file included from C:/2025.2/Vitis/include\etc/ap_private.h:68:
In file included from C:/2025.2/Vitis/include\hls_half.h:26:
In file included from C:/2025.2/Vitis/include/etc/hls_half_fpo.h:19:
In file included from C:/2025.2/Vitis/include\hls_fpo.h:140:
In file included from C:/2025.2/Vitis/include/floating_point_v7_1_bitacc_cmodel.h:150:
C:/2025.2/Vitis/include\gmp.h:58:9: warning: '__GMP_LIBGMP_DLL' macro redefined [-Wmacro-redefined]
#define __GMP_LIBGMP_DLL  0
        ^
C:/2025.2/Vitis/include/floating_point_v7_1_bitacc_cmodel.h:142:9: note: previous definition is here
#define __GMP_LIBGMP_DLL 1
        ^
../../../../../../files/relu.cpp:30:1: warning: missing argument for 'port' [-Winvalid-hls-pragmas]
#pragma HLS INTERFACE ap_ctrl_none bundle=control
^
2 warnings generated.
==============================
ReLU Testbench (AXI-Stream)
==============================
  relu[0][0] =    47.5  expected=47.5  PASS
  relu[0][1] =    52.5  expected=52.5  PASS
  relu[0][2] =    57.5  expected=57.5  PASS
  relu[1][0] =       0  expected=0  PASS
  relu[1][1] =    77.5  expected=77.5  PASS
  relu[1][2] =       0  expected=0  PASS
  relu[2][0] =    97.5  expected=97.5  PASS
  relu[2][1] =       0  expected=0  PASS
  relu[2][2] =   107.5  expected=107.5  PASS
==============================
PASS: 9  FAIL: 0
RESULT: ALL TESTS PASSED
INFO [HLS SIM]: The maximum depth reached by any hls::stream() instance in the design is 9
INFO: [SIM 211-1] CSim done with 0 errors.
INFO: [SIM 211-3] *************** CSIM finish ***************
INFO: [HLS 200-112] Total CPU user time: 2 seconds. Total CPU system time: 2 seconds. Total elapsed time: 7.372 seconds; peak allocated memory: 534.680 MB.
INFO: [vitis-run 60-791] Total elapsed time: 0h 0m 11s
