# 
# Steps log generated by v++
# This log file contains a collection of steps that describe the kernel compilation flow
# Note: Some steps are tagged as internal, these steps are for debugging purposes and 
#       are not expected to be able to run independently.
# 

# The following environment variables are set when running vitis-run
Environment variables :
------------------------------------------
ALLUSERSPROFILE=C:\ProgramData
APPDATA=C:\Users\LAB2_PC10\AppData\Roaming
arr.length=0
arr.Ubound=-1
CHARPOP=1
CMAKE_OBJECT_PATH_MAX=4096
CommonProgramFiles=C:\Program Files\Common Files
CommonProgramFiles(x86)=C:\Program Files (x86)\Common Files
CommonProgramW6432=C:\Program Files\Common Files
COMPUTERNAME=DESKTOP-1HEQ2M2
ComSpec=C:\Windows\system32\cmd.exe
DriverData=C:\Windows\System32\Drivers\DriverData
EFC_12472_1592913036=1
EFC_12472_2946480783=1
EFC_12472_4126798990=1
HDI_APPROOT=C:/2025.2/Vitis
HDI_PROCESSOR=i686
HOMEDRIVE=C:
HOMEPATH=\Users\LAB2_PC10
HW_SERVER_DJTG_DISABLE=1
HW_SERVER_FTDIMGR_DISABLE=1
IDE_SKIP_SERVER_LICENSE=1
IGCCSVC_DB=AQAAANCMnd8BFdERjHoAwE/Cl+sBAAAA9MYiZA9sgkGrr/AP7qQQIwQAAAACAAAAAAAQZgAAAAEAACAAAABbmYS0bg8C+90uYgGYPS/gp+lmq0IQEG4XupyLIr6kwwAAAAAOgAAAAAIAACAAAABczLem3ajT5EwupNwkqimwX+lbSBj+k0BDRmPJ/7qulGAAAADLiPb5RMdcK8GiAA6dAJ9URRp9eO1SyFVC6YHRcaKihhOEUihnjcx8xq+/ObioVYcDOPhRwG3nThm18ZwmV/pjLdMPlYFxH9haKTbFvjVaURYzPWXyYalisliFQ87RjAdAAAAAYegd85rB2+UzlxAgk3+9olEKBlYusLZjpUuNIj88dGVnEIGXhnabqSBLLjmtxafMFlp9nMMqIX8GlwP/51A6zQ==
INT_VARIABLE_NAME=XILINX_PATH
ISL_IOSTREAMS_RSA=C:/2025.2/Vitis/tps/isl
JAVA_EXE=C:/2025.2/Vitis\tps\win64\jre21.0.5_11\bin\java.exe
JAVA_HOME=C:/2025.2/Vitis\tps\win64\jre21.0.5_11
LC_NUMERIC=C
LM_LICENSE_FILE=2100@172.16.1.35
LOCALAPPDATA=C:\Users\LAB2_PC10\AppData\Local
LOGONSERVER=\\DESKTOP-1HEQ2M2
LOPPER_DTC_FLAGS=-b 0 -@
NOSPLASH=false
NUMBER_OF_PROCESSORS=28
OneDrive=C:\Users\LAB2_PC10\OneDrive
OneDriveConsumer=C:\Users\LAB2_PC10\OneDrive
ORIGINAL_XDG_CURRENT_DESKTOP=undefined
OS=Windows_NT
PATH=C:/2025.2/Vivado/tps/win64/binutils-2.26/bin;C:/2025.2/Vitis/bin/../gnu/aarch64/nt/aarch64-linux/bin;C:/2025.2/Vitis/bin/../gnu/ppc64le/4.9.3/win64/bin;C:/2025.2/Vitis/bin/../gnu/aarch32/nt/gcc-arm-linux-gnueabi/bin;C:/2025.2/Vitis/tps/mingw/6.2.0/win64.o/nt/bin;C:/2025.2/Vivado\gnuwin\bin;C:/2025.2/Vivado\gnu\microblaze\nt\bin;C:/2025.2/Vitis/bin;C:/2025.2/Vitis\tps\win64;C:/2025.2/Vitis/tps/win64/java-cef-95.0.4638.69/bin/lib/win64;C:/2025.2/Vitis/tps/win64/javafx-sdk-11.0.2/lib;C:/2025.2/Vitis/tps/win64/javafx-sdk-11.0.2/bin;C:/2025.2/Vitis/lib/win64.o;C:/2025.2/Vitis/tps/win64/jre11.0.16_1/bin/server;C:/2025.2/Vitis/tps/win64/jre11.0.16_1/bin;C:/2025.2/Vitis\tps\win64\cmake-3.24.2\bin;C:/2025.2/Vitis\gnu\microblaze\nt\bin;C:/2025.2/Vitis\gnu\microblaze\linux_toolchain\nt64_le\bin;C:/2025.2/Vitis\gnu\aarch32\nt\gcc-arm-linux-gnueabi\bin;C:/2025.2/Vitis\gnu\aarch32\nt\gcc-arm-none-eabi\bin;C:/2025.2/Vitis\gnu\aarch64\nt\aarch64-linux\bin;C:/2025.2/Vitis\gnu\aarch64\nt\aarch64-none\bin;C:/2025.2/Vitis\gnu\armr5\nt\gcc-arm-none-eabi\bin;C:/2025.2/Vitis\gnuwin\bin;C:/2025.2/Vitis\tps\win64\python-3.13.0;C:/2025.2/Vitis\tps\win64\jre21.0.5_11\bin;C:/2025.2/Vitis\tps\win64\libxslt\bin;C:/2025.2/Vitis\gnu\arm\nt\bin;C:/2025.2/Vitis\gnu\microblaze\linux_toolchain\nt64_be\bin;C:/2025.2/Vitis\gnu\riscv\nt\bin;C:/2025.2/Vitis\gnu\riscv\linux_toolchain\nt64\bin;C:/2025.2/Vitis\gnu\riscv\linux_toolchain\nt32\bin;C:/2025.2/Vivado\tps\win64\python-3.13.0;C:/2025.2/Vivado\tps\win64\git-2.50.0\bin;C:/2025.2/Vivado\tps\win64\cmake-3.24.2\bin;C:/2025.2/Vitis/win64/tools/vcxx\libexec;C:/2025.2/Vivado\tps\win64\jre21.0.5_11\bin;C:/2025.2/Vivado\tps\win64\libxslt/bin;C:\Windows\system32;C:\Windows;C:\Windows\System32\Wbem;C:\Windows\System32\WindowsPowerShell\v1.0\;C:\Windows\System32\OpenSSH\;C:\Program Files\Git\cmd;C:\Program Files\MySQL\MySQL Server 8.0\bin;C:\Program Files\MySQL\MySQL Shell 8.0\bin\;C:\Users\LAB2_PC10\AppData\Local\Programs\Python\Python313\Scripts\;C:\Users\LAB2_PC10\AppData\Local\Programs\Python\Python313\;C:\Users\LAB2_PC10\AppData\Local\Programs\Python\Launcher\;C:\Users\LAB2_PC10\AppData\Local\Microsoft\WindowsApps;C:\Users\LAB2_PC10\AppData\Local\Programs\Microsoft VS Code\bin;C:/2025.2/Vitis\tps\mingw\6.2.0\win64.o\nt\bin;C:/2025.2/Vitis\tps\mingw\6.2.0\win64.o\nt\libexec\gcc\x86_64-w64-mingw32\6.2.0
PATHEXT=.COM;.EXE;.BAT;.CMD;.VBS;.VBE;.JS;.JSE;.WSF;.WSH;.MSC
PROCESSOR_ARCHITECTURE=AMD64
PROCESSOR_IDENTIFIER=Intel64 Family 6 Model 183 Stepping 1, GenuineIntel
PROCESSOR_LEVEL=6
PROCESSOR_REVISION=b701
PRODVERSION_EXE=C:/2025.2/Vitis/bin/unwrapped/win64.o/prodversion.exe
ProgramData=C:\ProgramData
ProgramFiles=C:\Program Files
ProgramFiles(x86)=C:\Program Files (x86)
ProgramW6432=C:\Program Files
PROMPT=$P$G
PSModulePath=C:\Program Files\WindowsPowerShell\Modules;C:\Windows\system32\WindowsPowerShell\v1.0\Modules
PUBLIC=C:\Users\Public
PYTHONPATH=C:/2025.2/Vitis\cli;C:/2025.2/Vitis\cli\python-packages\win64;C:/2025.2/Vitis\cli\python-packages\site-packages;C:/2025.2/Vitis\cli\proto;C:/2025.2/Vitis\scripts\python_pkg;
python_path=C:/2025.2/Vitis\cli;C:/2025.2/Vitis\cli\python-packages\win64;C:/2025.2/Vitis\cli\python-packages\site-packages;C:/2025.2/Vitis\cli\proto;C:/2025.2/Vitis\scripts\python_pkg;
RDI_APPROOT=C:/2025.2/Vitis
RDI_ARGS= --mode hls --csim --config C:\Users\LAB2_PC10\Desktop\CHINNA\HLS_workspace\relu_ip\hls_config.cfg --work_dir relu
RDI_ARGS_FUNCTION=RDI_EXEC_DEFAULT
RDI_BASEROOT=C:/2025.2
RDI_BINDIR=C:/2025.2/Vitis/bin
RDI_BINROOT=C:/2025.2/Vitis/bin
RDI_BUILD=yes
RDI_CHECK_PROG=True
RDI_DATADIR=C:/2025.2/SharedData/data;C:/2025.2/Vitis/data
RDI_INSTALLROOT=C:
RDI_INSTALLVER=Vitis
RDI_INSTALLVERSION=2025.2
RDI_JAVACEFROOT=C:/2025.2/Vitis/tps/win64/java-cef-95.0.4638.69
RDI_JAVAFXROOT=C:/2025.2/Vitis/tps/win64/javafx-sdk-11.0.2
RDI_JAVAROOT=C:/2025.2/Vitis/tps/win64/jre11.0.16_1
RDI_JAVA_VERSION=11.0.16_1
RDI_LIBDIR=C:/2025.2/Vitis/lib/win64.o
RDI_MINGW_LIB=C:/2025.2/Vitis\tps\mingw\6.2.0\win64.o\nt\bin;C:/2025.2/Vitis\tps\mingw\6.2.0\win64.o\nt\libexec\gcc\x86_64-w64-mingw32\6.2.0
RDI_OPT_EXT=.o
RDI_OS_ARCH=64
RDI_PLATFORM=win64
RDI_PREPEND_PATH=C:/2025.2/Vitis/bin
RDI_PROG=C:/2025.2/Vitis/bin/unwrapped/win64.o/vitis-run.exe
RDI_PROGNAME=vitis-run.exe
RDI_SESSION_INFO=C:\2025.2\Vitis\bin:DESKTOP-1HEQ2M2-11-06-2026_10-11-22.16
RDI_SHARED_DATA=C:/2025.2/SharedData/data
RDI_TEMPINSTALL=C:\2025.2
RDI_TPS_ROOT=C:/2025.2/Vivado/tps/win64
RDI_USE_JDK11=1
RDI_VERBOSE=False
RT_LIBPATH=C:/2025.2/Vitis/scripts/rt/data
RT_TCL_PATH=C:/2025.2/Vitis/scripts/rt/base_tcl/tcl
SESSIONNAME=Console
session_string=C:\Users\LAB2_PC10\Desktop\CHINNA\HLS_workspace\relu_ip:DESKTOP-1HEQ2M2-11-06-2026_10-35-28.29
supports_classic_ide=true
SYNTH_COMMON=C:/2025.2/Vitis/scripts/rt/data
SystemDrive=C:
SystemRoot=C:\Windows
TCL_LIBRARY=C:/2025.2/Vitis/tps/tcl/tcl8.6
TCMALLOC_LARGE_ALLOC_REPORT_THRESHOLD=4294967296
TEMP=C:\Users\LAB2_P~1\AppData\Local\Temp
THEIA_APP_PROJECT_PATH=C:\2025.2\Vitis\ide\electron-app\win64\resources\app
THEIA_DEFAULT_PLUGINS=local-dir:C:\2025.2\Vitis\ide\electron-app\win64\resources\app\plugins
THEIA_ELECTRON_TOKEN={"value":"4b0112a3-90f9-421c-9b76-5084c9049685"}
THEIA_ELECTRON_VERSION=30.1.2
THEIA_PLUGINS=local-dir:C:\Users\LAB2_PC10\.theia\plugins
TMP=C:\Users\LAB2_P~1\AppData\Local\Temp
tooldir=tps\win64\git-2.50.0
TOOLS_CLANGD=C:/2025.2/Vitis/win64/tools/vcxx\libexec
TPS_CMAKE=C:/2025.2/Vivado\tps\win64\cmake-3.24.2
TPS_GIT=C:/2025.2/Vivado\tps\win64\git-2.50.0
TPS_LIBXSLT=C:/2025.2/Vivado\tps\win64\libxslt
TPS_PYTHON=C:/2025.2/Vivado\tps\win64\python-3.13.0
USERDOMAIN=DESKTOP-1HEQ2M2
USERDOMAIN_ROAMINGPROFILE=DESKTOP-1HEQ2M2
USERNAME=LAB2_PC10
USERPROFILE=C:\Users\LAB2_PC10
VALIDATE_ARGS="False"
VITISNEW=true
VSCODE_API_VERSION=1.99.3
windir=C:\Windows
XILINXD_LICENSE_FILE=2100@172.16.1.35
XILINX_HLS=C:/2025.2/Vitis
XILINX_PLANAHEAD=C:/2025.2/Vitis
XILINX_SDK=C:/2025.2/Vitis
XILINX_VCXX=C:/2025.2/Vitis/win64/tools/vcxx
XILINX_VERSION_DEFAULT=2025.2
XILINX_VERSION_VITIS=2025.2
XILINX_VITIS=C:/2025.2/Vitis
XILINX_VITIS_GIT=C:/2025.2/Vivado\tps\win64\git-2.50.0\bin
XILINX_VITIS_VERSION=Vitis v2025.2 (64-bit)
XILINX_VIVADO=C:/2025.2/Vivado
XIL_CHECK_TCL_DEBUG=False
XIL_NO_OVERRIDE=0
XIL_SUPPRESS_OVERRIDE_WARNINGS=1
XVREDIST=C:/2025.2/Vitis\tps\win64\xvcredist.exe
ZES_ENABLE_SYSMAN=1
_RDI_BINROOT=C:\2025.2\Vitis\bin
_RDI_CWD=C:\Users\LAB2_PC10\Desktop\CHINNA\HLS_workspace\relu_ip
_RDI_DONT_SET_XILINX_AS_PATH=True
_RDI_VERSION_PROG=vitis-run
_valid=False
XILINX_CD_CONNECT_ID=49617
XILINX_CD_SESSION=8fb3dd45-276d-401a-97e6-9cdc392028fd


VITIS-RUN command line:
------------------------------------------
C:/2025.2/Vitis/bin/unwrapped/win64.o/vitis-run.exe --mode hls --csim --config C:\Users\LAB2_PC10\Desktop\CHINNA\HLS_workspace\relu_ip\hls_config.cfg --work_dir relu 

FINAL PROGRAM OPTIONS
--config C:\Users\LAB2_PC10\Desktop\CHINNA\HLS_workspace\relu_ip\hls_config.cfg
--csim
--hls.clock 5ns
--hls.flow_target vivado
--hls.package.output.format ip_catalog
--hls.package.output.syn false
--hls.syn.file C:/Users/LAB2_PC10/Desktop/CHINNA/files/relu.cpp
--hls.syn.file C:/Users/LAB2_PC10/Desktop/CHINNA/files/relu.h
--hls.syn.top relu
--hls.tb.file C:/Users/LAB2_PC10/Desktop/CHINNA/files/relu_tb.cpp
--mode hls
--part xck26-sfvc784-2LV-c
--work_dir relu

PARSED COMMAND LINE OPTIONS
--mode hls 
--csim 
--config C:\Users\LAB2_PC10\Desktop\CHINNA\HLS_workspace\relu_ip\hls_config.cfg 
--work_dir relu 

PARSED CONFIG FILE (1) OPTIONS
file: C:\Users\LAB2_PC10\Desktop\CHINNA\HLS_workspace\relu_ip\hls_config.cfg
part xck26-sfvc784-2LV-c 
hls.flow_target vivado 
hls.package.output.format ip_catalog 
hls.package.output.syn false 
hls.syn.top relu 
hls.syn.file C:/Users/LAB2_PC10/Desktop/CHINNA/files/relu.cpp 
hls.syn.file C:/Users/LAB2_PC10/Desktop/CHINNA/files/relu.h 
hls.tb.file C:/Users/LAB2_PC10/Desktop/CHINNA/files/relu_tb.cpp 
hls.clock 5ns 


==========================================
new:  steps log generated by v++ for new launch 
timestamp: 11 Jun 2026 10:35:31

------------------------------------------
V++ command line :
------------------------------------------
C:/2025.2/Vitis/bin/unwrapped/win64.o/v++.exe -c --mode hls --config C:\Users\LAB2_PC10\Desktop\CHINNA\HLS_workspace\relu_ip\hls_config.cfg --work_dir relu 
  Options from -O    : 
  Options from *.ini : 
  Options from Hw Platform : 

==========================================
new:  steps log generated by v++ for new launch 
timestamp: 11 Jun 2026 10:38:32

------------------------------------------
VITIS-RUN command line :
------------------------------------------
C:/2025.2/Vitis/bin/unwrapped/win64.o/vitis-run.exe --mode hls --cosim --config C:\Users\LAB2_PC10\Desktop\CHINNA\HLS_workspace\relu_ip\hls_config.cfg --work_dir relu 
  Options from -O    : 
  Options from *.ini : 
  Options from Hw Platform : 

==========================================
new:  steps log generated by v++ for new launch 
timestamp: 11 Jun 2026 10:43:39

------------------------------------------
VITIS-RUN command line :
------------------------------------------
C:/2025.2/Vitis/bin/unwrapped/win64.o/vitis-run.exe --mode hls --package --config C:\Users\LAB2_PC10\Desktop\CHINNA\HLS_workspace\relu_ip\hls_config.cfg --work_dir relu 
  Options from -O    : 
  Options from *.ini : 
  Options from Hw Platform : 

==========================================
new:  steps log generated by v++ for new launch 
timestamp: 11 Jun 2026 11:26:55

------------------------------------------
VITIS-RUN command line :
------------------------------------------
C:/2025.2/Vitis/bin/unwrapped/win64.o/vitis-run.exe --mode hls --impl --config C:\Users\LAB2_PC10\Desktop\CHINNA\HLS_workspace\relu_ip\hls_config.cfg --work_dir relu 
  Options from -O    : 
  Options from *.ini : 
  Options from Hw Platform : 

==========================================
new:  steps log generated by v++ for new launch 
timestamp: 11 Jun 2026 11:28:09

------------------------------------------
VITIS-RUN command line :
------------------------------------------
C:/2025.2/Vitis/bin/unwrapped/win64.o/vitis-run.exe --mode hls --csim --config C:\Users\LAB2_PC10\Desktop\CHINNA\HLS_workspace\relu_ip\hls_config.cfg --work_dir relu 
  Options from -O    : 
  Options from *.ini : 
  Options from Hw Platform : 

==========================================
new:  steps log generated by v++ for new launch 
timestamp: 11 Jun 2026 16:06:58

------------------------------------------
V++ command line :
------------------------------------------
C:/2025.2/Vitis/bin/unwrapped/win64.o/v++.exe -c --mode hls --config C:\Users\LAB2_PC10\Desktop\CHINNA\HLS_workspace\relu_ip\hls_config.cfg --work_dir relu 
  Options from -O    : 
  Options from *.ini : 
  Options from Hw Platform : 

==========================================
new:  steps log generated by v++ for new launch 
timestamp: 11 Jun 2026 16:08:12

------------------------------------------
VITIS-RUN command line :
------------------------------------------
C:/2025.2/Vitis/bin/unwrapped/win64.o/vitis-run.exe --mode hls --cosim --config C:\Users\LAB2_PC10\Desktop\CHINNA\HLS_workspace\relu_ip\hls_config.cfg --work_dir relu 
  Options from -O    : 
  Options from *.ini : 
  Options from Hw Platform : 

==========================================
new:  steps log generated by v++ for new launch 
timestamp: 11 Jun 2026 16:08:46

------------------------------------------
VITIS-RUN command line :
------------------------------------------
C:/2025.2/Vitis/bin/unwrapped/win64.o/vitis-run.exe --mode hls --package --config C:\Users\LAB2_PC10\Desktop\CHINNA\HLS_workspace\relu_ip\hls_config.cfg --work_dir relu 
  Options from -O    : 
  Options from *.ini : 
  Options from Hw Platform : 

==========================================
new:  steps log generated by v++ for new launch 
timestamp: 11 Jun 2026 16:09:51
