#-----------------------------------------------------------
# Vivado v2025.2 (64-bit)
# SW Build 6299465 on Fri Nov 14 19:35:11 GMT 2025
# IP Build 6300035 on Fri Nov 14 10:48:45 MST 2025
# SharedData Build 6298862 on Thu Nov 13 04:50:51 MST 2025
# Start of session at: Thu Jun 11 15:53:15 2026
# Process ID         : 14852
# Current directory  : C:/Users/LAB2_PC10/Desktop/CHINNA/HLS_workspace/conv_ip/conv2d/hls/impl/ip
# Command line       : vivado.exe -notrace -mode batch -source run_ippack.tcl
# Log file           : C:/Users/LAB2_PC10/Desktop/CHINNA/HLS_workspace/conv_ip/conv2d/hls/impl/ip/vivado.log
# Journal file       : C:/Users/LAB2_PC10/Desktop/CHINNA/HLS_workspace/conv_ip/conv2d/hls/impl/ip\vivado.jou
# Running On         : DESKTOP-1HEQ2M2
# Platform           : Windows Server 2016 or Windows 10
# Operating System   : 26200
# Processor Detail   : Intel(R) Core(TM) i7-14700
# CPU Frequency      : 2112 MHz
# CPU Physical cores : 20
# CPU Logical cores  : 28
# Host memory        : 16938 MB
# Swap memory        : 9142 MB
# Total Virtual      : 26080 MB
# Available Virtual  : 2821 MB
#-----------------------------------------------------------
source run_ippack.tcl -notrace
INFO: calling package_hls_ip ip_types=vitis sysgen json_file=C:/Users/LAB2_PC10/Desktop/CHINNA/HLS_workspace/conv_ip/conv2d/hls/hls_data.json outdir=C:/Users/LAB2_PC10/Desktop/CHINNA/HLS_workspace/conv_ip/conv2d/hls/impl/ip srcdir=C:/Users/LAB2_PC10/Desktop/CHINNA/HLS_workspace/conv_ip/conv2d/hls ippack_options_dict= ippack_options_dict=
INFO: Copied 1 ipmisc file(s) to C:/Users/LAB2_PC10/Desktop/CHINNA/HLS_workspace/conv_ip/conv2d/hls/impl/ip/misc
INFO: Copied 11 verilog file(s) to C:/Users/LAB2_PC10/Desktop/CHINNA/HLS_workspace/conv_ip/conv2d/hls/impl/ip/hdl/verilog
INFO: Copied 9 vhdl file(s) to C:/Users/LAB2_PC10/Desktop/CHINNA/HLS_workspace/conv_ip/conv2d/hls/impl/ip/hdl/vhdl
INFO: Import ports from HDL: C:/Users/LAB2_PC10/Desktop/CHINNA/HLS_workspace/conv_ip/conv2d/hls/impl/ip/hdl/vhdl/conv2d.vhd (conv2d)
INFO: Add clock interface ap_clk
INFO: Add reset interface ap_rst_n
INFO: Add ap_ctrl interface ap_ctrl
INFO: Add axi4stream interface in_stream
INFO: Add axi4stream interface weight_stream
INFO: Add data interface bias
INFO: Add axi4stream interface out_stream
INFO: [IP_Flow 19-234] Refreshing IP repositories
INFO: [IP_Flow 19-1704] No user IP repositories specified
INFO: [IP_Flow 19-2313] Loaded Vivado IP repository 'C:/2025.2/Vivado/data/ip'.
INFO: Calling post_process_vitis to specialize IP
INFO: Calling post_process_sysgen to specialize IP
Generating sysgen info xml from json file
INFO: Created IP C:/Users/LAB2_PC10/Desktop/CHINNA/HLS_workspace/conv_ip/conv2d/hls/impl/ip/component.xml
INFO: Created IP archive C:/Users/LAB2_PC10/Desktop/CHINNA/HLS_workspace/conv_ip/conv2d/hls/impl/ip/xilinx_com_hls_conv2d_1_0.zip
INFO: [Common 17-206] Exiting Vivado at Thu Jun 11 15:53:23 2026...
