  **** HLS Build v2025.2 6295257
INFO: [HLS 200-2005] Using work_dir C:/Users/LAB2_PC10/Desktop/CHINNA/HLS_workspace/conv_ip/conv2d 
INFO: [HLS 200-2176] Writing Vitis IDE component file C:/Users/LAB2_PC10/Desktop/CHINNA/HLS_workspace/conv_ip/conv2d/vitis-comp.json
INFO: [HLS 200-10] Creating and opening component 'C:/Users/LAB2_PC10/Desktop/CHINNA/HLS_workspace/conv_ip/conv2d'.
INFO: [HLS 200-1505] Using default flow_target 'vivado'
Resolution: For help on HLS 200-1505 see docs.amd.com/access/sources/dita/topic?Doc_Version=2025.2%20English&url=ug1448-hls-guidance&resourceid=200-1505.html
INFO: [HLS 200-2174] Applying component config ini file hls_config.cfg
INFO: [HLS 200-1465] Applying config ini 'syn.file=C:/Users/LAB2_PC10/Desktop/CHINNA/files/conv2d.cpp' from hls_config.cfg(8)
INFO: [HLS 200-10] Adding design file 'C:/Users/LAB2_PC10/Desktop/CHINNA/files/conv2d.cpp' to the project
INFO: [HLS 200-1465] Applying config ini 'syn.file=C:/Users/LAB2_PC10/Desktop/CHINNA/files/conv2d.h' from hls_config.cfg(9)
INFO: [HLS 200-10] Adding design file 'C:/Users/LAB2_PC10/Desktop/CHINNA/files/conv2d.h' to the project
INFO: [HLS 200-1465] Applying config ini 'tb.file=C:/Users/LAB2_PC10/Desktop/CHINNA/files/conv2d_tb.cpp' from hls_config.cfg(10)
INFO: [HLS 200-10] Adding test bench file 'C:/Users/LAB2_PC10/Desktop/CHINNA/files/conv2d_tb.cpp' to the project
INFO: [HLS 200-1465] Applying config ini 'syn.top=conv2d' from hls_config.cfg(7)
INFO: [HLS 200-1465] Applying config ini 'flow_target=vivado' from hls_config.cfg(4)
INFO: [HLS 200-1505] Using flow_target 'vivado'
Resolution: For help on HLS 200-1505 see docs.amd.com/access/sources/dita/topic?Doc_Version=2025.2%20English&url=ug1448-hls-guidance&resourceid=200-1505.html
INFO: [HLS 200-1465] Applying config ini 'part=xck26-sfvc784-2LV-c' from hls_config.cfg(1)
INFO: [HLS 200-1611] Setting target device to 'xck26-sfvc784-2LV-c'
INFO: [HLS 200-1465] Applying config ini 'clock=5ns' from hls_config.cfg(11)
INFO: [SYN 201-201] Setting up clock 'default' with a period of 5ns.
INFO: [HLS 200-1465] Applying config ini 'package.output.format=ip_catalog' from hls_config.cfg(5)
INFO: [HLS 200-1465] Applying config ini 'vivado.clock=5ns' from hls_config.cfg(12)
INFO: [HLS 200-2176] Writing Vitis IDE component file C:/Users/LAB2_PC10/Desktop/CHINNA/HLS_workspace/conv_ip/conv2d/vitis-comp.json
INFO: [HLS 200-111] Finished File checks and directory preparation: CPU user time: 2 seconds. CPU system time: 2 seconds. Elapsed time: 4.438 seconds; current allocated memory: 533.812 MB.
INFO: [HLS 200-2191] C-Synthesis will use clang-16 as the compiler
INFO: [HLS 200-10] Analyzing design file 'C:/Users/LAB2_PC10/Desktop/CHINNA/files/conv2d.cpp' ... 
WARNING: [HLS 207-7023] missing argument for 'port' (C:/Users/LAB2_PC10/Desktop/CHINNA/files/conv2d.cpp:42:1)
INFO: [HLS 200-111] Finished Source Code Analysis and Preprocessing: CPU user time: 0 seconds. CPU system time: 0 seconds. Elapsed time: 4.992 seconds; current allocated memory: 536.531 MB.
INFO: [HLS 200-777] Using interface defaults for 'Vivado' flow target.
INFO: [HLS 200-1995] There were 1,316 instructions in the design after the 'Compile/Link' phase of compilation. See the Design Size Report for more details (C:/Users/LAB2_PC10/Desktop/CHINNA/HLS_workspace/conv_ip/conv2d/hls/syn/report/csynth_design_size.rpt:2)
INFO: [HLS 200-1995] There were 606 instructions in the design after the 'Unroll/Inline (step 1)' phase of compilation. See the Design Size Report for more details (C:/Users/LAB2_PC10/Desktop/CHINNA/HLS_workspace/conv_ip/conv2d/hls/syn/report/csynth_design_size.rpt:2)
INFO: [HLS 200-1995] There were 332 instructions in the design after the 'Unroll/Inline (step 2)' phase of compilation. See the Design Size Report for more details (C:/Users/LAB2_PC10/Desktop/CHINNA/HLS_workspace/conv_ip/conv2d/hls/syn/report/csynth_design_size.rpt:2)
INFO: [HLS 200-1995] There were 315 instructions in the design after the 'Unroll/Inline (step 3)' phase of compilation. See the Design Size Report for more details (C:/Users/LAB2_PC10/Desktop/CHINNA/HLS_workspace/conv_ip/conv2d/hls/syn/report/csynth_design_size.rpt:2)
INFO: [HLS 200-1995] There were 268 instructions in the design after the 'Unroll/Inline (step 4)' phase of compilation. See the Design Size Report for more details (C:/Users/LAB2_PC10/Desktop/CHINNA/HLS_workspace/conv_ip/conv2d/hls/syn/report/csynth_design_size.rpt:2)
INFO: [HLS 200-1995] There were 566 instructions in the design after the 'Array/Struct (step 1)' phase of compilation. See the Design Size Report for more details (C:/Users/LAB2_PC10/Desktop/CHINNA/HLS_workspace/conv_ip/conv2d/hls/syn/report/csynth_design_size.rpt:2)
INFO: [HLS 200-1995] There were 409 instructions in the design after the 'Array/Struct (step 2)' phase of compilation. See the Design Size Report for more details (C:/Users/LAB2_PC10/Desktop/CHINNA/HLS_workspace/conv_ip/conv2d/hls/syn/report/csynth_design_size.rpt:2)
INFO: [HLS 200-1995] There were 409 instructions in the design after the 'Array/Struct (step 3)' phase of compilation. See the Design Size Report for more details (C:/Users/LAB2_PC10/Desktop/CHINNA/HLS_workspace/conv_ip/conv2d/hls/syn/report/csynth_design_size.rpt:2)
INFO: [HLS 200-1995] There were 409 instructions in the design after the 'Array/Struct (step 4)' phase of compilation. See the Design Size Report for more details (C:/Users/LAB2_PC10/Desktop/CHINNA/HLS_workspace/conv_ip/conv2d/hls/syn/report/csynth_design_size.rpt:2)
INFO: [HLS 200-1995] There were 515 instructions in the design after the 'Array/Struct (step 5)' phase of compilation. See the Design Size Report for more details (C:/Users/LAB2_PC10/Desktop/CHINNA/HLS_workspace/conv_ip/conv2d/hls/syn/report/csynth_design_size.rpt:2)
INFO: [HLS 200-1995] There were 513 instructions in the design after the 'Performance (step 1)' phase of compilation. See the Design Size Report for more details (C:/Users/LAB2_PC10/Desktop/CHINNA/HLS_workspace/conv_ip/conv2d/hls/syn/report/csynth_design_size.rpt:2)
INFO: [HLS 200-1995] There were 444 instructions in the design after the 'Performance (step 2)' phase of compilation. See the Design Size Report for more details (C:/Users/LAB2_PC10/Desktop/CHINNA/HLS_workspace/conv_ip/conv2d/hls/syn/report/csynth_design_size.rpt:2)
INFO: [HLS 200-1995] There were 413 instructions in the design after the 'Performance (step 3)' phase of compilation. See the Design Size Report for more details (C:/Users/LAB2_PC10/Desktop/CHINNA/HLS_workspace/conv_ip/conv2d/hls/syn/report/csynth_design_size.rpt:2)
INFO: [HLS 200-1995] There were 413 instructions in the design after the 'Performance (step 4)' phase of compilation. See the Design Size Report for more details (C:/Users/LAB2_PC10/Desktop/CHINNA/HLS_workspace/conv_ip/conv2d/hls/syn/report/csynth_design_size.rpt:2)
INFO: [HLS 200-1995] There were 398 instructions in the design after the 'HW Transforms (step 1)' phase of compilation. See the Design Size Report for more details (C:/Users/LAB2_PC10/Desktop/CHINNA/HLS_workspace/conv_ip/conv2d/hls/syn/report/csynth_design_size.rpt:2)
INFO: [HLS 200-1995] There were 378 instructions in the design after the 'HW Transforms (step 2)' phase of compilation. See the Design Size Report for more details (C:/Users/LAB2_PC10/Desktop/CHINNA/HLS_workspace/conv_ip/conv2d/hls/syn/report/csynth_design_size.rpt:2)
INFO: [HLS 214-291] Loop 'CONV_IC' is marked as complete unroll implied by the pipeline pragma (C:/Users/LAB2_PC10/Desktop/CHINNA/files/conv2d.cpp:93:26)
INFO: [HLS 214-291] Loop 'CONV_KR' is marked as complete unroll implied by the pipeline pragma (C:/Users/LAB2_PC10/Desktop/CHINNA/files/conv2d.cpp:94:30)
INFO: [HLS 214-291] Loop 'CONV_KC' is marked as complete unroll implied by the pipeline pragma (C:/Users/LAB2_PC10/Desktop/CHINNA/files/conv2d.cpp:95:34)
INFO: [HLS 214-186] Unrolling loop 'CONV_IC' (C:/Users/LAB2_PC10/Desktop/CHINNA/files/conv2d.cpp:93:26) in function 'conv2d' completely with a factor of 1 (C:/Users/LAB2_PC10/Desktop/CHINNA/files/conv2d.cpp:29:0)
INFO: [HLS 214-186] Unrolling loop 'CONV_KR' (C:/Users/LAB2_PC10/Desktop/CHINNA/files/conv2d.cpp:94:30) in function 'conv2d' completely with a factor of 3 (C:/Users/LAB2_PC10/Desktop/CHINNA/files/conv2d.cpp:29:0)
INFO: [HLS 214-186] Unrolling loop 'CONV_KC' (C:/Users/LAB2_PC10/Desktop/CHINNA/files/conv2d.cpp:95:34) in function 'conv2d' completely with a factor of 3 (C:/Users/LAB2_PC10/Desktop/CHINNA/files/conv2d.cpp:29:0)
INFO: [HLS 214-178] Inlining function 'hls::axis<ap_uint<16>, 0ul, 0ul, 0ul, (unsigned char)56, false>::axis()' into 'conv2d(hls::stream<hls::axis<ap_uint<16>, 0ul, 0ul, 0ul, (unsigned char)56, false>, 0>&, hls::stream<hls::axis<ap_uint<16>, 0ul, 0ul, 0ul, (unsigned char)56, false>, 0>&, ap_fixed<16, 8, (ap_q_mode)5, (ap_o_mode)3, 0>, hls::stream<hls::axis<ap_uint<16>, 0ul, 0ul, 0ul, (unsigned char)56, false>, 0>&)' (C:/Users/LAB2_PC10/Desktop/CHINNA/files/conv2d.cpp:29:0)
INFO: [HLS 214-248] Applying array_partition to 'input': Complete partitioning on dimension 1. Complete partitioning on dimension 2. Complete partitioning on dimension 3. (C:/Users/LAB2_PC10/Desktop/CHINNA/files/conv2d.cpp:47:13)
INFO: [HLS 214-248] Applying array_partition to 'weights': Complete partitioning on dimension 1. Complete partitioning on dimension 2. Complete partitioning on dimension 3. Complete partitioning on dimension 4. (C:/Users/LAB2_PC10/Desktop/CHINNA/files/conv2d.cpp:48:13)
INFO: [HLS 214-248] Applying array_partition to 'output': Complete partitioning on dimension 1. Complete partitioning on dimension 2. Complete partitioning on dimension 3. (C:/Users/LAB2_PC10/Desktop/CHINNA/files/conv2d.cpp:49:13)
INFO: [HLS 200-111] Finished Compiling Optimization and Transform: CPU user time: 1 seconds. CPU system time: 0 seconds. Elapsed time: 8.766 seconds; current allocated memory: 538.785 MB.
INFO: [HLS 200-111] Finished Checking Pragmas: CPU user time: 0 seconds. CPU system time: 0 seconds. Elapsed time: 0.001 seconds; current allocated memory: 538.785 MB.
INFO: [HLS 200-10] Starting code transformations ...
INFO: [HLS 200-111] Finished Standard Transforms: CPU user time: 0 seconds. CPU system time: 0 seconds. Elapsed time: 0.084 seconds; current allocated memory: 544.012 MB.
INFO: [HLS 200-10] Checking synthesizability ...
INFO: [HLS 200-111] Finished Checking Synthesizability: CPU user time: 0 seconds. CPU system time: 0 seconds. Elapsed time: 0.039 seconds; current allocated memory: 546.172 MB.
INFO: [HLS 200-111] Finished Loop, function and other optimizations: CPU user time: 0 seconds. CPU system time: 0 seconds. Elapsed time: 0.117 seconds; current allocated memory: 568.914 MB.
INFO: [HLS 200-2061] Successfully converted nested loops 'CONV_OR'(C:/Users/LAB2_PC10/Desktop/CHINNA/files/conv2d.cpp:89:18) and 'CONV_OC2'(C:/Users/LAB2_PC10/Desktop/CHINNA/files/conv2d.cpp:90:23) in function 'conv2d' into perfectly nested loops.
INFO: [XFORM 203-541] Flattening a loop nest 'CONV_OR' (C:/Users/LAB2_PC10/Desktop/CHINNA/files/conv2d.cpp:89:18) in function 'conv2d'.
INFO: [HLS 200-111] Finished Architecture Synthesis: CPU user time: 0 seconds. CPU system time: 0 seconds. Elapsed time: 0.145 seconds; current allocated memory: 598.684 MB.
INFO: [HLS 200-10] Starting hardware synthesis ...
INFO: [HLS 200-10] Synthesizing 'conv2d' ...
INFO: [HLS 200-10] ----------------------------------------------------------------
INFO: [HLS 200-42] -- Implementing module 'conv2d_Pipeline_READ_INPUT' 
INFO: [HLS 200-10] ----------------------------------------------------------------
INFO: [SCHED 204-11] Starting scheduling ...
INFO: [SCHED 204-61] Pipelining loop 'READ_INPUT'.
INFO: [HLS 200-1470] Pipelining result : Target II = 1, Final II = 1, Depth = 2, loop 'READ_INPUT'
INFO: [SCHED 204-11] Finished scheduling.
INFO: [HLS 200-111] Finished Scheduling: CPU user time: 0 seconds. CPU system time: 0 seconds. Elapsed time: 1.626 seconds; current allocated memory: 602.496 MB.
INFO: [BIND 205-100] Starting micro-architecture generation ...
INFO: [BIND 205-101] Performing variable lifetime analysis.
INFO: [BIND 205-101] Exploring resource sharing.
INFO: [BIND 205-101] Binding ...
INFO: [BIND 205-100] Finished micro-architecture generation.
INFO: [HLS 200-111] Finished Binding: CPU user time: 0 seconds. CPU system time: 0 seconds. Elapsed time: 0.049 seconds; current allocated memory: 603.535 MB.
INFO: [HLS 200-10] ----------------------------------------------------------------
INFO: [HLS 200-42] -- Implementing module 'conv2d_Pipeline_READ_WEIGHTS' 
INFO: [HLS 200-10] ----------------------------------------------------------------
INFO: [SCHED 204-11] Starting scheduling ...
INFO: [SCHED 204-61] Pipelining loop 'READ_WEIGHTS'.
INFO: [HLS 200-1470] Pipelining result : Target II = 1, Final II = 1, Depth = 2, loop 'READ_WEIGHTS'
INFO: [SCHED 204-11] Finished scheduling.
INFO: [HLS 200-111] Finished Scheduling: CPU user time: 0 seconds. CPU system time: 0 seconds. Elapsed time: 0.053 seconds; current allocated memory: 603.648 MB.
INFO: [BIND 205-100] Starting micro-architecture generation ...
INFO: [BIND 205-101] Performing variable lifetime analysis.
INFO: [BIND 205-101] Exploring resource sharing.
INFO: [BIND 205-101] Binding ...
INFO: [BIND 205-100] Finished micro-architecture generation.
INFO: [HLS 200-111] Finished Binding: CPU user time: 0 seconds. CPU system time: 0 seconds. Elapsed time: 0.027 seconds; current allocated memory: 603.652 MB.
INFO: [HLS 200-10] ----------------------------------------------------------------
INFO: [HLS 200-42] -- Implementing module 'conv2d_Pipeline_CONV_OR_CONV_OC2' 
INFO: [HLS 200-10] ----------------------------------------------------------------
INFO: [SCHED 204-11] Starting scheduling ...
INFO: [HLS 200-486] Changing DSP latency (root=add_ln96_10) to 3 in order to utilize available DSP registers.
INFO: [HLS 200-486] Changing DSP latency (root=add_ln96_9) to 3 in order to utilize available DSP registers.
INFO: [HLS 200-486] Changing DSP latency (root=add_ln96_8) to 3 in order to utilize available DSP registers.
INFO: [HLS 200-486] Changing DSP latency (root=add_ln96_7) to 3 in order to utilize available DSP registers.
INFO: [HLS 200-486] Changing DSP latency (root=add_ln96_6) to 3 in order to utilize available DSP registers.
INFO: [HLS 200-486] Changing DSP latency (root=add_ln96_5) to 3 in order to utilize available DSP registers.
INFO: [HLS 200-486] Changing DSP latency (root=add_ln96_4) to 3 in order to utilize available DSP registers.
INFO: [HLS 200-486] Changing DSP latency (root=add_ln96_3) to 3 in order to utilize available DSP registers.
INFO: [HLS 200-486] Changing DSP latency (root=add_ln96_1) to 3 in order to utilize available DSP registers.
INFO: [SCHED 204-61] Pipelining loop 'CONV_OR_CONV_OC2'.
INFO: [HLS 200-1470] Pipelining result : Target II = 1, Final II = 1, Depth = 12, loop 'CONV_OR_CONV_OC2'
INFO: [SCHED 204-11] Finished scheduling.
INFO: [HLS 200-111] Finished Scheduling: CPU user time: 0 seconds. CPU system time: 0 seconds. Elapsed time: 0.075 seconds; current allocated memory: 605.105 MB.
INFO: [BIND 205-100] Starting micro-architecture generation ...
INFO: [BIND 205-101] Performing variable lifetime analysis.
INFO: [BIND 205-101] Exploring resource sharing.
INFO: [BIND 205-101] Binding ...
INFO: [BIND 205-100] Finished micro-architecture generation.
INFO: [HLS 200-111] Finished Binding: CPU user time: 0 seconds. CPU system time: 0 seconds. Elapsed time: 0.043 seconds; current allocated memory: 605.477 MB.
INFO: [HLS 200-10] ----------------------------------------------------------------
INFO: [HLS 200-42] -- Implementing module 'conv2d_Pipeline_WRITE_OUTPUT' 
INFO: [HLS 200-10] ----------------------------------------------------------------
INFO: [SCHED 204-11] Starting scheduling ...
INFO: [SCHED 204-61] Pipelining loop 'WRITE_OUTPUT'.
INFO: [HLS 200-1470] Pipelining result : Target II = 1, Final II = 1, Depth = 2, loop 'WRITE_OUTPUT'
INFO: [SCHED 204-11] Finished scheduling.
INFO: [HLS 200-111] Finished Scheduling: CPU user time: 0 seconds. CPU system time: 0 seconds. Elapsed time: 1.678 seconds; current allocated memory: 605.750 MB.
INFO: [BIND 205-100] Starting micro-architecture generation ...
INFO: [BIND 205-101] Performing variable lifetime analysis.
INFO: [BIND 205-101] Exploring resource sharing.
INFO: [BIND 205-101] Binding ...
INFO: [BIND 205-100] Finished micro-architecture generation.
INFO: [HLS 200-111] Finished Binding: CPU user time: 0 seconds. CPU system time: 0 seconds. Elapsed time: 0.023 seconds; current allocated memory: 605.828 MB.
INFO: [HLS 200-10] ----------------------------------------------------------------
INFO: [HLS 200-42] -- Implementing module 'conv2d' 
INFO: [HLS 200-10] ----------------------------------------------------------------
INFO: [SCHED 204-11] Starting scheduling ...
INFO: [SCHED 204-11] Finished scheduling.
INFO: [HLS 200-111] Finished Scheduling: CPU user time: 0 seconds. CPU system time: 0 seconds. Elapsed time: 0.047 seconds; current allocated memory: 606.262 MB.
INFO: [BIND 205-100] Starting micro-architecture generation ...
INFO: [BIND 205-101] Performing variable lifetime analysis.
INFO: [BIND 205-101] Exploring resource sharing.
INFO: [BIND 205-101] Binding ...
INFO: [BIND 205-100] Finished micro-architecture generation.
INFO: [HLS 200-111] Finished Binding: CPU user time: 0 seconds. CPU system time: 0 seconds. Elapsed time: 0.026 seconds; current allocated memory: 606.570 MB.
INFO: [HLS 200-10] ----------------------------------------------------------------
INFO: [HLS 200-10] -- Generating RTL for module 'conv2d_Pipeline_READ_INPUT' 
INFO: [HLS 200-10] ----------------------------------------------------------------
INFO: [HLS 200-1030] Apply Unified Pipeline Control on module 'conv2d_Pipeline_READ_INPUT' pipeline 'READ_INPUT' pipeline type 'loop pipeline'
INFO: [RTGEN 206-100] Finished creating RTL model for 'conv2d_Pipeline_READ_INPUT'.
INFO: [HLS 200-111] Finished Creating RTL model: CPU user time: 0 seconds. CPU system time: 0 seconds. Elapsed time: 0.069 seconds; current allocated memory: 608.879 MB.
INFO: [HLS 200-10] ----------------------------------------------------------------
INFO: [HLS 200-10] -- Generating RTL for module 'conv2d_Pipeline_READ_WEIGHTS' 
INFO: [HLS 200-10] ----------------------------------------------------------------
INFO: [HLS 200-1030] Apply Unified Pipeline Control on module 'conv2d_Pipeline_READ_WEIGHTS' pipeline 'READ_WEIGHTS' pipeline type 'loop pipeline'
INFO: [RTGEN 206-100] Finished creating RTL model for 'conv2d_Pipeline_READ_WEIGHTS'.
INFO: [HLS 200-111] Finished Creating RTL model: CPU user time: 0 seconds. CPU system time: 0 seconds. Elapsed time: 0.121 seconds; current allocated memory: 613.008 MB.
INFO: [HLS 200-10] ----------------------------------------------------------------
INFO: [HLS 200-10] -- Generating RTL for module 'conv2d_Pipeline_CONV_OR_CONV_OC2' 
INFO: [HLS 200-10] ----------------------------------------------------------------
INFO: [HLS 200-1030] Apply Unified Pipeline Control on module 'conv2d_Pipeline_CONV_OR_CONV_OC2' pipeline 'CONV_OR_CONV_OC2' pipeline type 'loop pipeline'
INFO: [RTGEN 206-100] Generating core module 'mac_muladd_16s_16s_24s_24_4_1': 9 instance(s).
INFO: [RTGEN 206-100] Generating core module 'sparsemux_7_2_16_1_1': 24 instance(s).
INFO: [RTGEN 206-100] Finished creating RTL model for 'conv2d_Pipeline_CONV_OR_CONV_OC2'.
INFO: [HLS 200-111] Finished Creating RTL model: CPU user time: 0 seconds. CPU system time: 0 seconds. Elapsed time: 0.167 seconds; current allocated memory: 616.332 MB.
INFO: [HLS 200-10] ----------------------------------------------------------------
INFO: [HLS 200-10] -- Generating RTL for module 'conv2d_Pipeline_WRITE_OUTPUT' 
INFO: [HLS 200-10] ----------------------------------------------------------------
INFO: [HLS 200-1030] Apply Unified Pipeline Control on module 'conv2d_Pipeline_WRITE_OUTPUT' pipeline 'WRITE_OUTPUT' pipeline type 'loop pipeline'
INFO: [RTGEN 206-100] Generating core module 'sparsemux_7_2_16_1_1': 4 instance(s).
INFO: [RTGEN 206-100] Finished creating RTL model for 'conv2d_Pipeline_WRITE_OUTPUT'.
INFO: [HLS 200-111] Finished Creating RTL model: CPU user time: 0 seconds. CPU system time: 0 seconds. Elapsed time: 1.552 seconds; current allocated memory: 620.535 MB.
INFO: [HLS 200-10] ----------------------------------------------------------------
INFO: [HLS 200-10] -- Generating RTL for module 'conv2d' 
INFO: [HLS 200-10] ----------------------------------------------------------------
WARNING: [RTGEN 206-101] Design contains AXI ports. Reset is fixed to synchronous and active low.
INFO: [RTGEN 206-500] Setting interface mode on port 'conv2d/in_stream_V_data_V' to 'axis' (register, both mode).
INFO: [RTGEN 206-500] Setting interface mode on port 'conv2d/in_stream_V_keep_V' to 'axis' (register, both mode).
INFO: [RTGEN 206-500] Setting interface mode on port 'conv2d/in_stream_V_strb_V' to 'axis' (register, both mode).
INFO: [RTGEN 206-500] Setting interface mode on port 'conv2d/in_stream_V_last_V' to 'axis' (register, both mode).
INFO: [RTGEN 206-500] Setting interface mode on port 'conv2d/weight_stream_V_data_V' to 'axis' (register, both mode).
INFO: [RTGEN 206-500] Setting interface mode on port 'conv2d/weight_stream_V_keep_V' to 'axis' (register, both mode).
INFO: [RTGEN 206-500] Setting interface mode on port 'conv2d/weight_stream_V_strb_V' to 'axis' (register, both mode).
INFO: [RTGEN 206-500] Setting interface mode on port 'conv2d/weight_stream_V_last_V' to 'axis' (register, both mode).
INFO: [RTGEN 206-500] Setting interface mode on port 'conv2d/bias' to 'ap_none'.
INFO: [RTGEN 206-500] Setting interface mode on port 'conv2d/out_stream_V_data_V' to 'axis' (register, both mode).
INFO: [RTGEN 206-500] Setting interface mode on port 'conv2d/out_stream_V_keep_V' to 'axis' (register, both mode).
INFO: [RTGEN 206-500] Setting interface mode on port 'conv2d/out_stream_V_strb_V' to 'axis' (register, both mode).
INFO: [RTGEN 206-500] Setting interface mode on port 'conv2d/out_stream_V_last_V' to 'axis' (register, both mode).
INFO: [RTGEN 206-500] Setting interface mode on function 'conv2d' to 'ap_ctrl_hs'.
INFO: [RTGEN 206-100] Finished creating RTL model for 'conv2d'.
INFO: [HLS 200-111] Finished Creating RTL model: CPU user time: 0 seconds. CPU system time: 0 seconds. Elapsed time: 0.124 seconds; current allocated memory: 621.875 MB.
INFO: [HLS 200-111] Finished Generating all RTL models: CPU user time: 1 seconds. CPU system time: 0 seconds. Elapsed time: 0.356 seconds; current allocated memory: 626.523 MB.
INFO: [HLS 200-2225] Wrote inferred directives to file C:/Users/LAB2_PC10/Desktop/CHINNA/HLS_workspace/conv_ip/conv2d/hls/syn/inferred_directives.ini
INFO: [HLS 200-111] Finished Updating report files: CPU user time: 0 seconds. CPU system time: 1 seconds. Elapsed time: 0.705 seconds; current allocated memory: 630.340 MB.
INFO: [VHDL 208-304] Generating VHDL RTL for conv2d.
INFO: [VLOG 209-307] Generating Verilog RTL for conv2d.
INFO: [HLS 200-790] **** Loop Constraint Status: All loop constraints were satisfied.
INFO: [HLS 200-789] **** Estimated Fmax: 332.89 MHz
INFO: [HLS 200-112] Total CPU user time: 4 seconds. Total CPU system time: 3 seconds. Total elapsed time: 25.351 seconds; peak allocated memory: 630.398 MB.
INFO: [v++ 60-791] Total elapsed time: 0h 0m 29s
