06/11/26 10:14:30: Running xcd server. This server was built by gradle.
06/11/26 10:14:30: Server was asked to start on port: '63147'
06/11/26 10:14:30: Server is using token UUID: '04151630-91b3-41a0-9757-fdfe61637371'
06/11/26 10:14:30: SESSION_MGR: creating session with session uuid: '6d04a3e9-ade5-4ab9-8d63-1f78fcd2ec76' and name 'default'
06/11/26 10:14:30: Attempting to start server on port '63147'
06/11/26 10:14:30: Running Dispatch Server
06/11/26 10:14:30: Version 2.2.0
06/11/26 10:14:33: Dispatch Server: Accepted socket connection from client
06/11/26 10:14:33: Starting Socket connection
06/11/26 10:14:33: EXCHANGE_TOKEN received, server token: 04151630-91b3-41a0-9757-fdfe61637371, passed token: 04151630-91b3-41a0-9757-fdfe61637371
06/11/26 10:14:33: DISPATCH_HANDLER: Adding handler from function makeHandler in library xv_system_diagram
06/11/26 10:14:33: SESSION_MGR: creating session with session uuid: '360bba28-f37f-40fd-88a4-ebfe147029ee' and name 'vitis-run_compile_conv2d'
06/11/26 10:14:33: KERNEL_SVC: creating session with uuid: '360bba28-f37f-40fd-88a4-ebfe147029ee' and name 'vitis-run_compile_conv2d'
06/11/26 10:14:33: GUIDANCE_SMGR: creating guidance session with uuid: '360bba28-f37f-40fd-88a4-ebfe147029ee' and name 'vitis-run_compile_conv2d'
06/11/26 10:14:33: SYSTEM_DIAGRAM: creating session with uuid: '360bba28-f37f-40fd-88a4-ebfe147029ee' and name 'vitis-run_compile_conv2d'
06/11/26 10:14:42: Dispatch Server: Accepted socket connection from client
06/11/26 10:14:42: Starting Socket connection
06/11/26 10:14:47: SESSION_MGR: closing session for UUID '360bba28-f37f-40fd-88a4-ebfe147029ee' with name 'vitis-run_compile_conv2d'
06/11/26 10:14:47: KERNEL_SVC: closing session for UUID '360bba28-f37f-40fd-88a4-ebfe147029ee' with name 'vitis-run_compile_conv2d'
06/11/26 10:14:47: GUIDANCE_SMGR: closing session for UUID '360bba28-f37f-40fd-88a4-ebfe147029ee' with name 'vitis-run_compile_conv2d'
06/11/26 10:14:47: SYSTEM_DIAGRAM: closing session for UUID '360bba28-f37f-40fd-88a4-ebfe147029ee' with name 'vitis-run_compile_conv2d'
06/11/26 10:14:47: STOP_SERVER received, server token: 04151630-91b3-41a0-9757-fdfe61637371, passed token: 04151630-91b3-41a0-9757-fdfe61637371
06/11/26 10:14:47: Socket received request to stop server.
06/11/26 10:14:47: Dispatch Server: do_await_stop
06/11/26 10:14:47: SERVER: destructor for server bound to port 63147
06/11/26 10:14:57: Running xcd server. This server was built by gradle.
06/11/26 10:14:57: Server was asked to start on port: '63178'
06/11/26 10:14:57: Server is using token UUID: 'bd4aba93-26e1-400a-b7f9-415b5c070820'
06/11/26 10:14:57: SESSION_MGR: creating session with session uuid: '6d04a3e9-ade5-4ab9-8d63-1f78fcd2ec76' and name 'default'
06/11/26 10:14:57: Attempting to start server on port '63178'
06/11/26 10:14:57: Running Dispatch Server
06/11/26 10:14:57: Version 2.2.0
06/11/26 10:14:59: Dispatch Server: Accepted socket connection from client
06/11/26 10:14:59: Starting Socket connection
06/11/26 10:14:59: EXCHANGE_TOKEN received, server token: bd4aba93-26e1-400a-b7f9-415b5c070820, passed token: bd4aba93-26e1-400a-b7f9-415b5c070820
06/11/26 10:14:59: DISPATCH_HANDLER: Adding handler from function makeHandler in library xv_system_diagram
06/11/26 10:14:59: SESSION_MGR: creating session with session uuid: '4fa28d8e-2653-483d-9a31-6c2d5ec42ceb' and name 'v++_compile_conv2d'
06/11/26 10:14:59: KERNEL_SVC: creating session with uuid: '4fa28d8e-2653-483d-9a31-6c2d5ec42ceb' and name 'v++_compile_conv2d'
06/11/26 10:14:59: GUIDANCE_SMGR: creating guidance session with uuid: '4fa28d8e-2653-483d-9a31-6c2d5ec42ceb' and name 'v++_compile_conv2d'
06/11/26 10:14:59: SYSTEM_DIAGRAM: creating session with uuid: '4fa28d8e-2653-483d-9a31-6c2d5ec42ceb' and name 'v++_compile_conv2d'
06/11/26 10:15:04: Dispatch Server: Accepted socket connection from client
06/11/26 10:15:04: Starting Socket connection
06/11/26 10:15:26: SESSION_MGR: closing session for UUID '4fa28d8e-2653-483d-9a31-6c2d5ec42ceb' with name 'v++_compile_conv2d'
06/11/26 10:15:26: KERNEL_SVC: closing session for UUID '4fa28d8e-2653-483d-9a31-6c2d5ec42ceb' with name 'v++_compile_conv2d'
06/11/26 10:15:26: GUIDANCE_SMGR: closing session for UUID '4fa28d8e-2653-483d-9a31-6c2d5ec42ceb' with name 'v++_compile_conv2d'
06/11/26 10:15:26: SYSTEM_DIAGRAM: closing session for UUID '4fa28d8e-2653-483d-9a31-6c2d5ec42ceb' with name 'v++_compile_conv2d'
06/11/26 10:15:26: STOP_SERVER received, server token: bd4aba93-26e1-400a-b7f9-415b5c070820, passed token: bd4aba93-26e1-400a-b7f9-415b5c070820
06/11/26 10:15:26: Socket received request to stop server.
06/11/26 10:15:26: Dispatch Server: do_await_stop
06/11/26 10:15:26: SERVER: destructor for server bound to port 63178
06/11/26 10:15:55: Running xcd server. This server was built by gradle.
06/11/26 10:15:55: Server was asked to start on port: '63264'
06/11/26 10:15:55: Server is using token UUID: 'bff96847-f08e-4e09-ba29-c72277b707d1'
06/11/26 10:15:55: SESSION_MGR: creating session with session uuid: '6d04a3e9-ade5-4ab9-8d63-1f78fcd2ec76' and name 'default'
06/11/26 10:15:55: Attempting to start server on port '63264'
06/11/26 10:15:55: Running Dispatch Server
06/11/26 10:15:55: Version 2.2.0
06/11/26 10:15:58: Dispatch Server: Accepted socket connection from client
06/11/26 10:15:58: Starting Socket connection
06/11/26 10:15:58: EXCHANGE_TOKEN received, server token: bff96847-f08e-4e09-ba29-c72277b707d1, passed token: bff96847-f08e-4e09-ba29-c72277b707d1
06/11/26 10:15:58: DISPATCH_HANDLER: Adding handler from function makeHandler in library xv_system_diagram
06/11/26 10:15:58: SESSION_MGR: creating session with session uuid: 'd07bf30a-f7fc-4299-945b-c1548260613d' and name 'vitis-run_compile_conv2d'
06/11/26 10:15:58: KERNEL_SVC: creating session with uuid: 'd07bf30a-f7fc-4299-945b-c1548260613d' and name 'vitis-run_compile_conv2d'
06/11/26 10:15:58: GUIDANCE_SMGR: creating guidance session with uuid: 'd07bf30a-f7fc-4299-945b-c1548260613d' and name 'vitis-run_compile_conv2d'
06/11/26 10:15:58: SYSTEM_DIAGRAM: creating session with uuid: 'd07bf30a-f7fc-4299-945b-c1548260613d' and name 'vitis-run_compile_conv2d'
06/11/26 10:16:04: Dispatch Server: Accepted socket connection from client
06/11/26 10:16:04: Starting Socket connection
06/11/26 10:17:05: SESSION_MGR: closing session for UUID 'd07bf30a-f7fc-4299-945b-c1548260613d' with name 'vitis-run_compile_conv2d'
06/11/26 10:17:05: KERNEL_SVC: closing session for UUID 'd07bf30a-f7fc-4299-945b-c1548260613d' with name 'vitis-run_compile_conv2d'
06/11/26 10:17:05: GUIDANCE_SMGR: closing session for UUID 'd07bf30a-f7fc-4299-945b-c1548260613d' with name 'vitis-run_compile_conv2d'
06/11/26 10:17:05: SYSTEM_DIAGRAM: closing session for UUID 'd07bf30a-f7fc-4299-945b-c1548260613d' with name 'vitis-run_compile_conv2d'
06/11/26 10:17:05: STOP_SERVER received, server token: bff96847-f08e-4e09-ba29-c72277b707d1, passed token: bff96847-f08e-4e09-ba29-c72277b707d1
06/11/26 10:17:05: Socket received request to stop server.
06/11/26 10:17:05: Dispatch Server: do_await_stop
06/11/26 10:17:05: SERVER: destructor for server bound to port 63264
06/11/26 10:18:27: Running xcd server. This server was built by gradle.
06/11/26 10:18:27: Server was asked to start on port: '52247'
06/11/26 10:18:27: Server is using token UUID: '37564f72-c6cd-4fb9-902a-99d1f228310b'
06/11/26 10:18:27: SESSION_MGR: creating session with session uuid: '6d04a3e9-ade5-4ab9-8d63-1f78fcd2ec76' and name 'default'
06/11/26 10:18:27: Attempting to start server on port '52247'
06/11/26 10:18:27: Running Dispatch Server
06/11/26 10:18:27: Version 2.2.0
06/11/26 10:18:29: Dispatch Server: Accepted socket connection from client
06/11/26 10:18:29: Starting Socket connection
06/11/26 10:18:29: EXCHANGE_TOKEN received, server token: 37564f72-c6cd-4fb9-902a-99d1f228310b, passed token: 37564f72-c6cd-4fb9-902a-99d1f228310b
06/11/26 10:18:29: DISPATCH_HANDLER: Adding handler from function makeHandler in library xv_system_diagram
06/11/26 10:18:29: SESSION_MGR: creating session with session uuid: 'cf23fb20-7b2b-4947-bcc4-671f273b854c' and name 'vitis-run_compile_conv2d'
06/11/26 10:18:29: KERNEL_SVC: creating session with uuid: 'cf23fb20-7b2b-4947-bcc4-671f273b854c' and name 'vitis-run_compile_conv2d'
06/11/26 10:18:29: GUIDANCE_SMGR: creating guidance session with uuid: 'cf23fb20-7b2b-4947-bcc4-671f273b854c' and name 'vitis-run_compile_conv2d'
06/11/26 10:18:29: SYSTEM_DIAGRAM: creating session with uuid: 'cf23fb20-7b2b-4947-bcc4-671f273b854c' and name 'vitis-run_compile_conv2d'
06/11/26 10:18:34: Dispatch Server: Accepted socket connection from client
06/11/26 10:18:34: Starting Socket connection
06/11/26 10:18:52: SESSION_MGR: closing session for UUID 'cf23fb20-7b2b-4947-bcc4-671f273b854c' with name 'vitis-run_compile_conv2d'
06/11/26 10:18:52: KERNEL_SVC: closing session for UUID 'cf23fb20-7b2b-4947-bcc4-671f273b854c' with name 'vitis-run_compile_conv2d'
06/11/26 10:18:52: GUIDANCE_SMGR: closing session for UUID 'cf23fb20-7b2b-4947-bcc4-671f273b854c' with name 'vitis-run_compile_conv2d'
06/11/26 10:18:52: SYSTEM_DIAGRAM: closing session for UUID 'cf23fb20-7b2b-4947-bcc4-671f273b854c' with name 'vitis-run_compile_conv2d'
06/11/26 10:18:52: STOP_SERVER received, server token: 37564f72-c6cd-4fb9-902a-99d1f228310b, passed token: 37564f72-c6cd-4fb9-902a-99d1f228310b
06/11/26 10:18:52: Socket received request to stop server.
06/11/26 10:18:52: Dispatch Server: do_await_stop
06/11/26 10:18:52: SERVER: destructor for server bound to port 52247
06/11/26 10:23:28: Running xcd server. This server was built by gradle.
06/11/26 10:23:28: Server was asked to start on port: '53221'
06/11/26 10:23:28: Server is using token UUID: 'b6d0de1d-ae11-4aaf-80bc-4032d3a6494d'
06/11/26 10:23:28: SESSION_MGR: creating session with session uuid: '6d04a3e9-ade5-4ab9-8d63-1f78fcd2ec76' and name 'default'
06/11/26 10:23:28: Attempting to start server on port '53221'
06/11/26 10:23:28: Running Dispatch Server
06/11/26 10:23:28: Version 2.2.0
06/11/26 10:23:31: Dispatch Server: Accepted socket connection from client
06/11/26 10:23:31: Starting Socket connection
06/11/26 10:23:31: EXCHANGE_TOKEN received, server token: b6d0de1d-ae11-4aaf-80bc-4032d3a6494d, passed token: b6d0de1d-ae11-4aaf-80bc-4032d3a6494d
06/11/26 10:23:31: DISPATCH_HANDLER: Adding handler from function makeHandler in library xv_system_diagram
06/11/26 10:23:31: SESSION_MGR: creating session with session uuid: 'b876fab0-ee80-4784-ae76-2923d6fc21bd' and name 'vitis-run_compile_conv2d'
06/11/26 10:23:31: KERNEL_SVC: creating session with uuid: 'b876fab0-ee80-4784-ae76-2923d6fc21bd' and name 'vitis-run_compile_conv2d'
06/11/26 10:23:31: GUIDANCE_SMGR: creating guidance session with uuid: 'b876fab0-ee80-4784-ae76-2923d6fc21bd' and name 'vitis-run_compile_conv2d'
06/11/26 10:23:31: SYSTEM_DIAGRAM: creating session with uuid: 'b876fab0-ee80-4784-ae76-2923d6fc21bd' and name 'vitis-run_compile_conv2d'
06/11/26 10:23:35: Dispatch Server: Accepted socket connection from client
06/11/26 10:23:35: Starting Socket connection
06/11/26 10:24:46: Dispatch Server: Accepted socket connection from client
06/11/26 10:24:46: Starting Socket connection
06/11/26 10:26:24: Dispatch Server: Accepted socket connection from client
06/11/26 10:26:24: Starting Socket connection
06/11/26 10:29:04: Dispatch Server: Accepted socket connection from client
06/11/26 10:29:04: Starting Socket connection
06/11/26 10:32:57: SESSION_MGR: closing session for UUID 'b876fab0-ee80-4784-ae76-2923d6fc21bd' with name 'vitis-run_compile_conv2d'
06/11/26 10:32:57: KERNEL_SVC: closing session for UUID 'b876fab0-ee80-4784-ae76-2923d6fc21bd' with name 'vitis-run_compile_conv2d'
06/11/26 10:32:57: GUIDANCE_SMGR: closing session for UUID 'b876fab0-ee80-4784-ae76-2923d6fc21bd' with name 'vitis-run_compile_conv2d'
06/11/26 10:32:57: SYSTEM_DIAGRAM: closing session for UUID 'b876fab0-ee80-4784-ae76-2923d6fc21bd' with name 'vitis-run_compile_conv2d'
06/11/26 10:32:57: STOP_SERVER received, server token: b6d0de1d-ae11-4aaf-80bc-4032d3a6494d, passed token: b6d0de1d-ae11-4aaf-80bc-4032d3a6494d
06/11/26 10:32:57: Socket received request to stop server.
06/11/26 10:32:57: Dispatch Server: do_await_stop
06/11/26 10:32:57: SERVER: destructor for server bound to port 53221
06/11/26 15:50:13: Running xcd server. This server was built by gradle.
06/11/26 15:50:13: Server was asked to start on port: '62459'
06/11/26 15:50:13: Server is using token UUID: 'e8dfb3f5-8605-406d-945d-ff10020731a6'
06/11/26 15:50:13: SESSION_MGR: creating session with session uuid: '6d04a3e9-ade5-4ab9-8d63-1f78fcd2ec76' and name 'default'
06/11/26 15:50:13: Attempting to start server on port '62459'
06/11/26 15:50:13: Running Dispatch Server
06/11/26 15:50:13: Version 2.2.0
06/11/26 15:50:16: Dispatch Server: Accepted socket connection from client
06/11/26 15:50:16: Starting Socket connection
06/11/26 15:50:16: EXCHANGE_TOKEN received, server token: e8dfb3f5-8605-406d-945d-ff10020731a6, passed token: e8dfb3f5-8605-406d-945d-ff10020731a6
06/11/26 15:50:16: DISPATCH_HANDLER: Adding handler from function makeHandler in library xv_system_diagram
06/11/26 15:50:16: SESSION_MGR: creating session with session uuid: '6cc6c4ff-e5a8-4609-a1ee-6fdbf18233e7' and name 'vitis-run_compile_conv2d'
06/11/26 15:50:16: KERNEL_SVC: creating session with uuid: '6cc6c4ff-e5a8-4609-a1ee-6fdbf18233e7' and name 'vitis-run_compile_conv2d'
06/11/26 15:50:16: GUIDANCE_SMGR: creating guidance session with uuid: '6cc6c4ff-e5a8-4609-a1ee-6fdbf18233e7' and name 'vitis-run_compile_conv2d'
06/11/26 15:50:16: SYSTEM_DIAGRAM: creating session with uuid: '6cc6c4ff-e5a8-4609-a1ee-6fdbf18233e7' and name 'vitis-run_compile_conv2d'
06/11/26 15:50:22: Dispatch Server: Accepted socket connection from client
06/11/26 15:50:22: Starting Socket connection
06/11/26 15:50:31: SESSION_MGR: closing session for UUID '6cc6c4ff-e5a8-4609-a1ee-6fdbf18233e7' with name 'vitis-run_compile_conv2d'
06/11/26 15:50:31: KERNEL_SVC: closing session for UUID '6cc6c4ff-e5a8-4609-a1ee-6fdbf18233e7' with name 'vitis-run_compile_conv2d'
06/11/26 15:50:31: GUIDANCE_SMGR: closing session for UUID '6cc6c4ff-e5a8-4609-a1ee-6fdbf18233e7' with name 'vitis-run_compile_conv2d'
06/11/26 15:50:31: SYSTEM_DIAGRAM: closing session for UUID '6cc6c4ff-e5a8-4609-a1ee-6fdbf18233e7' with name 'vitis-run_compile_conv2d'
06/11/26 15:50:31: STOP_SERVER received, server token: e8dfb3f5-8605-406d-945d-ff10020731a6, passed token: e8dfb3f5-8605-406d-945d-ff10020731a6
06/11/26 15:50:31: Socket received request to stop server.
06/11/26 15:50:31: Dispatch Server: do_await_stop
06/11/26 15:50:31: SERVER: destructor for server bound to port 62459
06/11/26 15:50:48: Running xcd server. This server was built by gradle.
06/11/26 15:50:48: Server was asked to start on port: '64667'
06/11/26 15:50:48: Server is using token UUID: '87a6e84f-8ba2-4043-b0c9-0938e8c982f5'
06/11/26 15:50:48: SESSION_MGR: creating session with session uuid: '6d04a3e9-ade5-4ab9-8d63-1f78fcd2ec76' and name 'default'
06/11/26 15:50:48: Attempting to start server on port '64667'
06/11/26 15:50:48: Running Dispatch Server
06/11/26 15:50:48: Version 2.2.0
06/11/26 15:50:50: Dispatch Server: Accepted socket connection from client
06/11/26 15:50:50: Starting Socket connection
06/11/26 15:50:50: EXCHANGE_TOKEN received, server token: 87a6e84f-8ba2-4043-b0c9-0938e8c982f5, passed token: 87a6e84f-8ba2-4043-b0c9-0938e8c982f5
06/11/26 15:50:50: DISPATCH_HANDLER: Adding handler from function makeHandler in library xv_system_diagram
06/11/26 15:50:50: SESSION_MGR: creating session with session uuid: '818d7e5b-4ef0-4b40-8290-52ae36f2518e' and name 'v++_compile_conv2d'
06/11/26 15:50:50: KERNEL_SVC: creating session with uuid: '818d7e5b-4ef0-4b40-8290-52ae36f2518e' and name 'v++_compile_conv2d'
06/11/26 15:50:50: GUIDANCE_SMGR: creating guidance session with uuid: '818d7e5b-4ef0-4b40-8290-52ae36f2518e' and name 'v++_compile_conv2d'
06/11/26 15:50:50: SYSTEM_DIAGRAM: creating session with uuid: '818d7e5b-4ef0-4b40-8290-52ae36f2518e' and name 'v++_compile_conv2d'
06/11/26 15:50:55: Dispatch Server: Accepted socket connection from client
06/11/26 15:50:55: Starting Socket connection
06/11/26 15:51:17: SESSION_MGR: closing session for UUID '818d7e5b-4ef0-4b40-8290-52ae36f2518e' with name 'v++_compile_conv2d'
06/11/26 15:51:17: KERNEL_SVC: closing session for UUID '818d7e5b-4ef0-4b40-8290-52ae36f2518e' with name 'v++_compile_conv2d'
06/11/26 15:51:17: GUIDANCE_SMGR: closing session for UUID '818d7e5b-4ef0-4b40-8290-52ae36f2518e' with name 'v++_compile_conv2d'
06/11/26 15:51:17: SYSTEM_DIAGRAM: closing session for UUID '818d7e5b-4ef0-4b40-8290-52ae36f2518e' with name 'v++_compile_conv2d'
06/11/26 15:51:17: STOP_SERVER received, server token: 87a6e84f-8ba2-4043-b0c9-0938e8c982f5, passed token: 87a6e84f-8ba2-4043-b0c9-0938e8c982f5
06/11/26 15:51:17: Socket received request to stop server.
06/11/26 15:51:17: Dispatch Server: do_await_stop
06/11/26 15:51:17: SERVER: destructor for server bound to port 64667
06/11/26 15:51:58: Running xcd server. This server was built by gradle.
06/11/26 15:51:58: Server was asked to start on port: '53547'
06/11/26 15:51:58: Server is using token UUID: '411f45a1-17eb-46c7-b5f0-7a51c8050320'
06/11/26 15:51:58: SESSION_MGR: creating session with session uuid: '6d04a3e9-ade5-4ab9-8d63-1f78fcd2ec76' and name 'default'
06/11/26 15:51:58: Attempting to start server on port '53547'
06/11/26 15:51:58: Running Dispatch Server
06/11/26 15:51:58: Version 2.2.0
06/11/26 15:52:01: Dispatch Server: Accepted socket connection from client
06/11/26 15:52:01: Starting Socket connection
06/11/26 15:52:01: EXCHANGE_TOKEN received, server token: 411f45a1-17eb-46c7-b5f0-7a51c8050320, passed token: 411f45a1-17eb-46c7-b5f0-7a51c8050320
06/11/26 15:52:01: DISPATCH_HANDLER: Adding handler from function makeHandler in library xv_system_diagram
06/11/26 15:52:01: SESSION_MGR: creating session with session uuid: '8f2d1a28-742b-4e2f-ba70-b7a33576d4b2' and name 'vitis-run_compile_conv2d'
06/11/26 15:52:01: KERNEL_SVC: creating session with uuid: '8f2d1a28-742b-4e2f-ba70-b7a33576d4b2' and name 'vitis-run_compile_conv2d'
06/11/26 15:52:01: GUIDANCE_SMGR: creating guidance session with uuid: '8f2d1a28-742b-4e2f-ba70-b7a33576d4b2' and name 'vitis-run_compile_conv2d'
06/11/26 15:52:01: SYSTEM_DIAGRAM: creating session with uuid: '8f2d1a28-742b-4e2f-ba70-b7a33576d4b2' and name 'vitis-run_compile_conv2d'
06/11/26 15:52:05: Dispatch Server: Accepted socket connection from client
06/11/26 15:52:05: Starting Socket connection
06/11/26 15:52:46: SESSION_MGR: closing session for UUID '8f2d1a28-742b-4e2f-ba70-b7a33576d4b2' with name 'vitis-run_compile_conv2d'
06/11/26 15:52:46: KERNEL_SVC: closing session for UUID '8f2d1a28-742b-4e2f-ba70-b7a33576d4b2' with name 'vitis-run_compile_conv2d'
06/11/26 15:52:46: GUIDANCE_SMGR: closing session for UUID '8f2d1a28-742b-4e2f-ba70-b7a33576d4b2' with name 'vitis-run_compile_conv2d'
06/11/26 15:52:46: SYSTEM_DIAGRAM: closing session for UUID '8f2d1a28-742b-4e2f-ba70-b7a33576d4b2' with name 'vitis-run_compile_conv2d'
06/11/26 15:52:46: STOP_SERVER received, server token: 411f45a1-17eb-46c7-b5f0-7a51c8050320, passed token: 411f45a1-17eb-46c7-b5f0-7a51c8050320
06/11/26 15:52:46: Socket received request to stop server.
06/11/26 15:52:46: Dispatch Server: do_await_stop
06/11/26 15:52:46: SERVER: destructor for server bound to port 53547
06/11/26 15:53:06: Running xcd server. This server was built by gradle.
06/11/26 15:53:06: Server was asked to start on port: '61924'
06/11/26 15:53:06: Server is using token UUID: '31e09f1f-a0c9-40fa-ab3e-cbe9e59d787c'
06/11/26 15:53:06: SESSION_MGR: creating session with session uuid: '6d04a3e9-ade5-4ab9-8d63-1f78fcd2ec76' and name 'default'
06/11/26 15:53:06: Attempting to start server on port '61924'
06/11/26 15:53:06: Running Dispatch Server
06/11/26 15:53:06: Version 2.2.0
06/11/26 15:53:09: Dispatch Server: Accepted socket connection from client
06/11/26 15:53:09: Starting Socket connection
06/11/26 15:53:09: EXCHANGE_TOKEN received, server token: 31e09f1f-a0c9-40fa-ab3e-cbe9e59d787c, passed token: 31e09f1f-a0c9-40fa-ab3e-cbe9e59d787c
06/11/26 15:53:09: DISPATCH_HANDLER: Adding handler from function makeHandler in library xv_system_diagram
06/11/26 15:53:09: SESSION_MGR: creating session with session uuid: 'bc529604-5b71-47b4-9bf7-b5b7fba7751f' and name 'vitis-run_compile_conv2d'
06/11/26 15:53:09: KERNEL_SVC: creating session with uuid: 'bc529604-5b71-47b4-9bf7-b5b7fba7751f' and name 'vitis-run_compile_conv2d'
06/11/26 15:53:09: GUIDANCE_SMGR: creating guidance session with uuid: 'bc529604-5b71-47b4-9bf7-b5b7fba7751f' and name 'vitis-run_compile_conv2d'
06/11/26 15:53:09: SYSTEM_DIAGRAM: creating session with uuid: 'bc529604-5b71-47b4-9bf7-b5b7fba7751f' and name 'vitis-run_compile_conv2d'
06/11/26 15:53:13: Dispatch Server: Accepted socket connection from client
06/11/26 15:53:13: Starting Socket connection
06/11/26 15:53:23: SESSION_MGR: closing session for UUID 'bc529604-5b71-47b4-9bf7-b5b7fba7751f' with name 'vitis-run_compile_conv2d'
06/11/26 15:53:23: KERNEL_SVC: closing session for UUID 'bc529604-5b71-47b4-9bf7-b5b7fba7751f' with name 'vitis-run_compile_conv2d'
06/11/26 15:53:23: GUIDANCE_SMGR: closing session for UUID 'bc529604-5b71-47b4-9bf7-b5b7fba7751f' with name 'vitis-run_compile_conv2d'
06/11/26 15:53:23: SYSTEM_DIAGRAM: closing session for UUID 'bc529604-5b71-47b4-9bf7-b5b7fba7751f' with name 'vitis-run_compile_conv2d'
06/11/26 15:53:23: STOP_SERVER received, server token: 31e09f1f-a0c9-40fa-ab3e-cbe9e59d787c, passed token: 31e09f1f-a0c9-40fa-ab3e-cbe9e59d787c
06/11/26 15:53:23: Socket received request to stop server.
06/11/26 15:53:23: Dispatch Server: do_await_stop
06/11/26 15:53:23: SERVER: destructor for server bound to port 61924
