

================================================================
== Vitis HLS Report for 'conv2d_Pipeline_READ_INPUT'
================================================================
* Date:           Thu Jun 11 15:51:14 2026

* Version:        2025.2 (Build 6295257 on Nov 14 2025)
* Project:        conv2d
* Solution:       hls (Vivado IP Flow Target)
* Product family: zynquplus
* Target device:  xck26-sfvc784-2LV-c


================================================================
== Performance Estimates
================================================================
+ Timing: 
    * Summary: 
    +--------+---------+----------+------------+
    |  Clock |  Target | Estimated| Uncertainty|
    +--------+---------+----------+------------+
    |ap_clk  |  5.00 ns|  2.057 ns|     1.35 ns|
    +--------+---------+----------+------------+

+ Latency: 
    * Summary: 
    +---------+---------+----------+----------+-----+-----+-------------------+
    |  Latency (cycles) |  Latency (absolute) |  Interval |      Pipeline     |
    |   min   |   max   |    min   |    max   | min | max |        Type       |
    +---------+---------+----------+----------+-----+-----+-------------------+
    |       27|       27|  0.135 us|  0.135 us|    0|    0|  loop pipeline stp|
    +---------+---------+----------+----------+-----+-----+-------------------+

    + Detail: 
        * Instance: 
        N/A

        * Loop: 
        +--------------+---------+---------+----------+-----------+-----------+------+----------+
        |              |  Latency (cycles) | Iteration|  Initiation Interval  | Trip |          |
        |   Loop Name  |   min   |   max   |  Latency |  achieved |   target  | Count| Pipelined|
        +--------------+---------+---------+----------+-----------+-----------+------+----------+
        |- READ_INPUT  |       25|       25|         2|          1|          1|    25|       yes|
        +--------------+---------+---------+----------+-----------+-----------+------+----------+



================================================================
== Utilization Estimates
================================================================
* Summary: 
+-----------------+---------+------+--------+--------+-----+
|       Name      | BRAM_18K|  DSP |   FF   |   LUT  | URAM|
+-----------------+---------+------+--------+--------+-----+
|DSP              |        -|     -|       -|       -|    -|
|Expression       |        -|     -|       0|      75|    -|
|FIFO             |        -|     -|       -|       -|    -|
|Instance         |        -|     -|       -|       -|    -|
|Memory           |        -|     -|       -|       -|    -|
|Multiplexer      |        -|     -|       0|      81|    -|
|Register         |        -|     -|     430|       -|    -|
+-----------------+---------+------+--------+--------+-----+
|Total            |        0|     0|     430|     156|    0|
+-----------------+---------+------+--------+--------+-----+
|Available        |      288|  1248|  234240|  117120|   64|
+-----------------+---------+------+--------+--------+-----+
|Utilization (%)  |        0|     0|      ~0|      ~0|    0|
+-----------------+---------+------+--------+--------+-----+

+ Detail: 
    * Instance: 
    N/A

    * DSP: 
    N/A

    * Memory: 
    N/A

    * FIFO: 
    N/A

    * Expression: 
    +--------------------------------+----------+----+---+----+------------+------------+
    |          Variable Name         | Operation| DSP| FF| LUT| Bitwidth P0| Bitwidth P1|
    +--------------------------------+----------+----+---+----+------------+------------+
    |add_ln47_fu_497_p2              |         +|   0|  0|  12|           5|           1|
    |add_ln66_fu_464_p2              |         +|   0|  0|  18|          11|           6|
    |i_fu_455_p2                     |         +|   0|  0|  12|           5|           1|
    |ap_block_pp0_stage0_01001_grp1  |       and|   0|  0|   2|           1|           1|
    |icmp_ln47_fu_503_p2             |      icmp|   0|  0|  12|           5|           3|
    |icmp_ln57_fu_449_p2             |      icmp|   0|  0|  12|           5|           4|
    |select_ln47_fu_509_p3           |    select|   0|  0|   5|           1|           1|
    |ap_enable_pp0                   |       xor|   0|  0|   2|           1|           2|
    +--------------------------------+----------+----+---+----+------------+------------+
    |Total                           |          |   0|  0|  75|          34|          19|
    +--------------------------------+----------+----+---+----+------------+------------+

    * Multiplexer: 
    +--------------------------------+----+-----------+-----+-----------+
    |              Name              | LUT| Input Size| Bits| Total Bits|
    +--------------------------------+----+-----------+-----+-----------+
    |ap_done_int                     |   9|          2|    1|          2|
    |ap_enable_reg_pp0_iter1         |   9|          2|    1|          2|
    |ap_sig_allocacmp_i_3            |   9|          2|    5|         10|
    |ap_sig_allocacmp_phi_mul_load   |   9|          2|   11|         22|
    |ap_sig_allocacmp_phi_urem_load  |   9|          2|    5|         10|
    |in_stream_TDATA_blk_n           |   9|          2|    1|          2|
    |phi_mul_fu_122                  |   9|          2|   11|         22|
    |phi_urem_fu_118                 |   9|          2|    5|         10|
    |rem_fu_126                      |   9|          2|    5|         10|
    +--------------------------------+----+-----------+-----+-----------+
    |Total                           |  81|         18|   45|         90|
    +--------------------------------+----+-----------+-----+-----------+

    * Register: 
    +-------------------------+----+----+-----+-----------+
    |           Name          | FF | LUT| Bits| Const Bits|
    +-------------------------+----+----+-----+-----------+
    |ap_CS_fsm                |   1|   0|    1|          0|
    |ap_done_reg              |   1|   0|    1|          0|
    |ap_enable_reg_pp0_iter1  |   1|   0|    1|          0|
    |input_10_fu_170          |  16|   0|   16|          0|
    |input_11_fu_174          |  16|   0|   16|          0|
    |input_12_fu_178          |  16|   0|   16|          0|
    |input_13_fu_182          |  16|   0|   16|          0|
    |input_14_fu_186          |  16|   0|   16|          0|
    |input_15_fu_190          |  16|   0|   16|          0|
    |input_16_fu_194          |  16|   0|   16|          0|
    |input_17_fu_198          |  16|   0|   16|          0|
    |input_18_fu_202          |  16|   0|   16|          0|
    |input_19_fu_206          |  16|   0|   16|          0|
    |input_1_fu_134           |  16|   0|   16|          0|
    |input_20_fu_210          |  16|   0|   16|          0|
    |input_21_fu_214          |  16|   0|   16|          0|
    |input_22_fu_218          |  16|   0|   16|          0|
    |input_23_fu_222          |  16|   0|   16|          0|
    |input_24_fu_226          |  16|   0|   16|          0|
    |input_2_fu_138           |  16|   0|   16|          0|
    |input_3_fu_142           |  16|   0|   16|          0|
    |input_4_fu_146           |  16|   0|   16|          0|
    |input_5_fu_150           |  16|   0|   16|          0|
    |input_6_fu_154           |  16|   0|   16|          0|
    |input_7_fu_158           |  16|   0|   16|          0|
    |input_8_fu_162           |  16|   0|   16|          0|
    |input_9_fu_166           |  16|   0|   16|          0|
    |input_fu_130             |  16|   0|   16|          0|
    |phi_mul_fu_122           |  11|   0|   11|          0|
    |phi_urem_fu_118          |   5|   0|    5|          0|
    |rem_fu_126               |   5|   0|    5|          0|
    |trunc_ln1_reg_935        |   3|   0|    3|          0|
    |trunc_ln68_reg_939       |   3|   0|    3|          0|
    +-------------------------+----+----+-----+-----------+
    |Total                    | 430|   0|  430|          0|
    +-------------------------+----+----+-----+-----------+



================================================================
== Interface
================================================================
* Summary: 
+---------------------+-----+-----+------------+----------------------------+--------------+
|      RTL Ports      | Dir | Bits|  Protocol  |        Source Object       |    C Type    |
+---------------------+-----+-----+------------+----------------------------+--------------+
|ap_clk               |   in|    1|  ap_ctrl_hs|  conv2d_Pipeline_READ_INPUT|  return value|
|ap_rst               |   in|    1|  ap_ctrl_hs|  conv2d_Pipeline_READ_INPUT|  return value|
|ap_start             |   in|    1|  ap_ctrl_hs|  conv2d_Pipeline_READ_INPUT|  return value|
|ap_done              |  out|    1|  ap_ctrl_hs|  conv2d_Pipeline_READ_INPUT|  return value|
|ap_idle              |  out|    1|  ap_ctrl_hs|  conv2d_Pipeline_READ_INPUT|  return value|
|ap_ready             |  out|    1|  ap_ctrl_hs|  conv2d_Pipeline_READ_INPUT|  return value|
|in_stream_TVALID     |   in|    1|        axis|          in_stream_V_data_V|       pointer|
|in_stream_TDATA      |   in|   16|        axis|          in_stream_V_data_V|       pointer|
|in_stream_TREADY     |  out|    1|        axis|          in_stream_V_last_V|       pointer|
|in_stream_TLAST      |   in|    1|        axis|          in_stream_V_last_V|       pointer|
|in_stream_TKEEP      |   in|    2|        axis|          in_stream_V_keep_V|       pointer|
|in_stream_TSTRB      |   in|    2|        axis|          in_stream_V_strb_V|       pointer|
|input_24_out         |  out|   16|      ap_vld|                input_24_out|       pointer|
|input_24_out_ap_vld  |  out|    1|      ap_vld|                input_24_out|       pointer|
|input_23_out         |  out|   16|      ap_vld|                input_23_out|       pointer|
|input_23_out_ap_vld  |  out|    1|      ap_vld|                input_23_out|       pointer|
|input_22_out         |  out|   16|      ap_vld|                input_22_out|       pointer|
|input_22_out_ap_vld  |  out|    1|      ap_vld|                input_22_out|       pointer|
|input_21_out         |  out|   16|      ap_vld|                input_21_out|       pointer|
|input_21_out_ap_vld  |  out|    1|      ap_vld|                input_21_out|       pointer|
|input_20_out         |  out|   16|      ap_vld|                input_20_out|       pointer|
|input_20_out_ap_vld  |  out|    1|      ap_vld|                input_20_out|       pointer|
|input_19_out         |  out|   16|      ap_vld|                input_19_out|       pointer|
|input_19_out_ap_vld  |  out|    1|      ap_vld|                input_19_out|       pointer|
|input_18_out         |  out|   16|      ap_vld|                input_18_out|       pointer|
|input_18_out_ap_vld  |  out|    1|      ap_vld|                input_18_out|       pointer|
|input_17_out         |  out|   16|      ap_vld|                input_17_out|       pointer|
|input_17_out_ap_vld  |  out|    1|      ap_vld|                input_17_out|       pointer|
|input_16_out         |  out|   16|      ap_vld|                input_16_out|       pointer|
|input_16_out_ap_vld  |  out|    1|      ap_vld|                input_16_out|       pointer|
|input_15_out         |  out|   16|      ap_vld|                input_15_out|       pointer|
|input_15_out_ap_vld  |  out|    1|      ap_vld|                input_15_out|       pointer|
|input_14_out         |  out|   16|      ap_vld|                input_14_out|       pointer|
|input_14_out_ap_vld  |  out|    1|      ap_vld|                input_14_out|       pointer|
|input_13_out         |  out|   16|      ap_vld|                input_13_out|       pointer|
|input_13_out_ap_vld  |  out|    1|      ap_vld|                input_13_out|       pointer|
|input_12_out         |  out|   16|      ap_vld|                input_12_out|       pointer|
|input_12_out_ap_vld  |  out|    1|      ap_vld|                input_12_out|       pointer|
|input_11_out         |  out|   16|      ap_vld|                input_11_out|       pointer|
|input_11_out_ap_vld  |  out|    1|      ap_vld|                input_11_out|       pointer|
|input_10_out         |  out|   16|      ap_vld|                input_10_out|       pointer|
|input_10_out_ap_vld  |  out|    1|      ap_vld|                input_10_out|       pointer|
|input_9_out          |  out|   16|      ap_vld|                 input_9_out|       pointer|
|input_9_out_ap_vld   |  out|    1|      ap_vld|                 input_9_out|       pointer|
|input_8_out          |  out|   16|      ap_vld|                 input_8_out|       pointer|
|input_8_out_ap_vld   |  out|    1|      ap_vld|                 input_8_out|       pointer|
|input_7_out          |  out|   16|      ap_vld|                 input_7_out|       pointer|
|input_7_out_ap_vld   |  out|    1|      ap_vld|                 input_7_out|       pointer|
|input_6_out          |  out|   16|      ap_vld|                 input_6_out|       pointer|
|input_6_out_ap_vld   |  out|    1|      ap_vld|                 input_6_out|       pointer|
|input_5_out          |  out|   16|      ap_vld|                 input_5_out|       pointer|
|input_5_out_ap_vld   |  out|    1|      ap_vld|                 input_5_out|       pointer|
|input_4_out          |  out|   16|      ap_vld|                 input_4_out|       pointer|
|input_4_out_ap_vld   |  out|    1|      ap_vld|                 input_4_out|       pointer|
|input_3_out          |  out|   16|      ap_vld|                 input_3_out|       pointer|
|input_3_out_ap_vld   |  out|    1|      ap_vld|                 input_3_out|       pointer|
|input_2_out          |  out|   16|      ap_vld|                 input_2_out|       pointer|
|input_2_out_ap_vld   |  out|    1|      ap_vld|                 input_2_out|       pointer|
|input_1_out          |  out|   16|      ap_vld|                 input_1_out|       pointer|
|input_1_out_ap_vld   |  out|    1|      ap_vld|                 input_1_out|       pointer|
|input_out            |  out|   16|      ap_vld|                   input_out|       pointer|
|input_out_ap_vld     |  out|    1|      ap_vld|                   input_out|       pointer|
+---------------------+-----+-----+------------+----------------------------+--------------+

