

================================================================
== Synthesis Summary Report of 'maxpool'
================================================================
+ General Information: 
    * Date:           Thu Jun 11 16:03:30 2026
    * Version:        2025.2 (Build 6295257 on Nov 14 2025)
    * Project:        maxpool
    * Solution:       hls (Vivado IP Flow Target)
    * Product family: zynquplus
    * Target device:  xck26-sfvc784-2LV-c
    

* Performance & Resource Estimates: 
+-------------------------------------+------+---------------+----------+---------+------+----------+---------+---------+------+------+----+-----------+-----------+-----+
|               Modules               | Issue|               | Iteration|         | Trip |          |      Latency      |      |      |    |           |           |     |
|               & Loops               | Type | Violation Type|  Latency | Interval| Count| Pipelined| (cycles)|   (ns)  | Slack| BRAM | DSP|     FF    |    LUT    | URAM|
+-------------------------------------+------+---------------+----------+---------+------+----------+---------+---------+------+------+----+-----------+-----------+-----+
|+ maxpool                            |     -|              -|         -|       38|     -|        no|       37|  185.000|  0.38|     -|   -|  447 (~0%)|  882 (~0%)|    -|
| + maxpool_Pipeline_READ_INPUT       |     -|              -|         -|        -|     -|       yes|       18|   90.000|  2.01|     -|   -|  268 (~0%)|   74 (~0%)|    -|
|  o READ_INPUT                       |     -|              -|         2|        1|    16|       yes|       16|   80.000|  3.65|     -|   -|          -|          -|    -|
| + maxpool_Pipeline_POOL_OR_POOL_OC  |     -|              -|         -|        -|     -|       yes|        6|   30.000|  0.38|     -|   -|  124 (~0%)|  583 (~0%)|    -|
|  o POOL_OR_POOL_OC                  |     -|              -|         2|        1|     4|       yes|        4|   20.000|  3.65|     -|   -|          -|          -|    -|
| + maxpool_Pipeline_WRITE_OUTPUT     |     -|              -|         -|        -|     -|       yes|        6|   30.000|  2.12|     -|   -|   23 (~0%)|  129 (~0%)|    -|
|  o WRITE_OUTPUT                     |     -|              -|         2|        1|     4|       yes|        4|   20.000|  3.65|     -|   -|          -|          -|    -|
+-------------------------------------+------+---------------+----------+---------+------+----------+---------+---------+------+------+----+-----------+-----------+-----+
    Name Prefix: '+' for module, 'o' for loop, '*' for dataflow


================================================================
== HW Interfaces
================================================================
* AXIS
+------------+-----------+---------------+-------+-------+-------+--------+-------+--------+
| Interface  | Direction | Register Mode | TDATA | TKEEP | TLAST | TREADY | TSTRB | TVALID |
+------------+-----------+---------------+-------+-------+-------+--------+-------+--------+
| in_stream  | in        | both          | 16    | 2     | 1     | 1      | 2     | 1      |
| out_stream | out       | both          | 16    | 2     | 1     | 1      | 2     | 1      |
+------------+-----------+---------------+-------+-------+-------+--------+-------+--------+

* TOP LEVEL CONTROL
+-----------+------------+-----------------------------------+
| Interface | Type       | Ports                             |
+-----------+------------+-----------------------------------+
| ap_clk    | clock      | ap_clk                            |
| ap_rst_n  | reset      | ap_rst_n                          |
| ap_ctrl   | ap_ctrl_hs | ap_done ap_idle ap_ready ap_start |
+-----------+------------+-----------------------------------+


================================================================
== SW I/O Information
================================================================
* Top Function Arguments
+------------+-----------+------------------------------------------------------------------------------+
| Argument   | Direction | Datatype                                                                     |
+------------+-----------+------------------------------------------------------------------------------+
| in_stream  | in        | stream<hls::axis<ap_uint<16>, 0UL, 0UL, 0UL, (unsigned char)'8', false>, 0>& |
| out_stream | out       | stream<hls::axis<ap_uint<16>, 0UL, 0UL, 0UL, (unsigned char)'8', false>, 0>& |
+------------+-----------+------------------------------------------------------------------------------+

* SW-to-HW Mapping
+------------+--------------+-----------+
| Argument   | HW Interface | HW Type   |
+------------+--------------+-----------+
| in_stream  | in_stream    | interface |
| out_stream | out_stream   | interface |
+------------+--------------+-----------+


================================================================
== Bind Op Report
================================================================
+-------------------------------------+-----+--------+---------------+--------+----------+---------+
| Name                                | DSP | Pragma | Variable      | Op     | Impl     | Latency |
+-------------------------------------+-----+--------+---------------+--------+----------+---------+
| + maxpool                           | 0   |        |               |        |          |         |
|  + maxpool_Pipeline_READ_INPUT      | 0   |        |               |        |          |         |
|    icmp_ln34_fu_301_p2              |     |        | icmp_ln34     | seteq  | auto     | 0       |
|    i_4_fu_307_p2                    |     |        | i_4           | add    | fabric   | 0       |
|  + maxpool_Pipeline_POOL_OR_POOL_OC | 0   |        |               |        |          |         |
|    icmp_ln45_fu_246_p2              |     |        | icmp_ln45     | seteq  | auto     | 0       |
|    add_ln45_fu_252_p2               |     |        | add_ln45      | add    | fabric   | 0       |
|    icmp_ln46_fu_268_p2              |     |        | icmp_ln46     | seteq  | auto     | 0       |
|    xor_ln30_fu_274_p2               |     |        | xor_ln30      | xor    | auto     | 0       |
|    and_ln30_fu_280_p2               |     |        | and_ln30      | and    | auto     | 0       |
|    add_ln45_1_fu_286_p2             |     |        | add_ln45_1    | add    | fabric   | 0       |
|    select_ln45_fu_292_p3            |     |        | select_ln45   | select | auto_sel | 0       |
|    oc_cast_not_fu_300_p2            |     |        | oc_cast_not   | xor    | auto     | 0       |
|    first_iter_0_fu_306_p2           |     |        | first_iter_0  | or     | auto     | 0       |
|    icmp_ln58_fu_312_p2              |     |        | icmp_ln58     | seteq  | auto     | 0       |
|    select_ln48_fu_318_p3            |     |        | select_ln48   | select | auto_sel | 0       |
|    select_ln48_1_fu_326_p3          |     |        | select_ln48_1 | select | auto_sel | 0       |
|    icmp_ln48_fu_334_p2              |     |        | icmp_ln48     | seteq  | auto     | 0       |
|    max_val_5_fu_340_p3              |     |        | max_val_5     | select | auto_sel | 0       |
|    select_ln53_fu_348_p3            |     |        | select_ln53   | select | auto_sel | 0       |
|    select_ln53_1_fu_356_p3          |     |        | select_ln53_1 | select | auto_sel | 0       |
|    v_fu_364_p3                      |     |        | v             | select | auto_sel | 0       |
|    icmp_ln55_fu_372_p2              |     |        | icmp_ln55     | setgt  | auto     | 0       |
|    max_val_fu_378_p3                |     |        | max_val       | select | auto_sel | 0       |
|    select_ln53_3_fu_386_p3          |     |        | select_ln53_3 | select | auto_sel | 0       |
|    select_ln53_4_fu_394_p3          |     |        | select_ln53_4 | select | auto_sel | 0       |
|    v_4_fu_402_p3                    |     |        | v_4           | select | auto_sel | 0       |
|    icmp_ln55_1_fu_469_p2            |     |        | icmp_ln55_1   | setgt  | auto     | 0       |
|    max_val_3_fu_473_p3              |     |        | max_val_3     | select | auto_sel | 0       |
|    select_ln53_6_fu_410_p3          |     |        | select_ln53_6 | select | auto_sel | 0       |
|    select_ln53_7_fu_418_p3          |     |        | select_ln53_7 | select | auto_sel | 0       |
|    v_3_fu_426_p3                    |     |        | v_3           | select | auto_sel | 0       |
|    icmp_ln55_2_fu_479_p2            |     |        | icmp_ln55_2   | setgt  | auto     | 0       |
|    max_val_4_fu_484_p3              |     |        | max_val_4     | select | auto_sel | 0       |
|    select_ln58_fu_491_p3            |     |        | select_ln58   | select | auto_sel | 0       |
|    select_ln58_1_fu_498_p3          |     |        | select_ln58_1 | select | auto_sel | 0       |
|    select_ln58_2_fu_505_p3          |     |        | select_ln58_2 | select | auto_sel | 0       |
|    select_ln58_3_fu_512_p3          |     |        | select_ln58_3 | select | auto_sel | 0       |
|    output_7_fu_519_p3               |     |        | output_7      | select | auto_sel | 0       |
|    output_6_fu_526_p3               |     |        | output_6      | select | auto_sel | 0       |
|    output_5_fu_533_p3               |     |        | output_5      | select | auto_sel | 0       |
|    output_4_fu_540_p3               |     |        | output_4      | select | auto_sel | 0       |
|    select_ln46_fu_434_p3            |     |        | select_ln46   | select | auto_sel | 0       |
|  + maxpool_Pipeline_WRITE_OUTPUT    | 0   |        |               |        |          |         |
|    icmp_ln63_fu_116_p2              |     |        | icmp_ln63     | seteq  | auto     | 0       |
|    i_2_fu_122_p2                    |     |        | i_2           | add    | fabric   | 0       |
|    select_ln68_fu_132_p3            |     |        | select_ln68   | select | auto_sel | 0       |
|    select_ln68_1_fu_140_p3          |     |        | select_ln68_1 | select | auto_sel | 0       |
|    select_ln68_2_fu_156_p3          |     |        | select_ln68_2 | select | auto_sel | 0       |
|    icmp_ln70_fu_164_p2              |     |        | icmp_ln70     | seteq  | auto     | 0       |
+-------------------------------------+-----+--------+---------------+--------+----------+---------+


================================================================
== Storage Report
================================================================
  No bind storage info in design

================================================================
== Pragma Report
================================================================
* Ignored Pragmas
+-----------+-----------------------------+-----------------------------------------+-----------------------------+
| Type      | Options                     | Location                                | Messages                    |
+-----------+-----------------------------+-----------------------------------------+-----------------------------+
| INTERFACE | ap_ctrl_none bundle=control | in maxpool (../../files/maxpool.cpp:23) | missing argument for 'port' |
+-----------+-----------------------------+-----------------------------------------+-----------------------------+

* Inferred Pragmas
+--------------+---------+------------------------------------------------------------------------------------------------------------------+-------------------------------------+
| Type         | Options | Location                                                                                                         | Inferred From                       |
+--------------+---------+------------------------------------------------------------------------------------------------------------------+-------------------------------------+
| LOOP_FLATTEN |         | loop POOL_OR (C:/Users/LAB2_PC10/Desktop/CHINNA/files/maxpool.cpp:45:14) in maxpool (../../files/maxpool.cpp:45) | pipeline ../../files/maxpool.cpp:47 |
+--------------+---------+------------------------------------------------------------------------------------------------------------------+-------------------------------------+

* Valid Pragma Syntax
+-----------------+--------------------------------+-----------------------------------------+
| Type            | Options                        | Location                                |
+-----------------+--------------------------------+-----------------------------------------+
| INTERFACE       | axis port=in_stream register   | in maxpool (../../files/maxpool.cpp:21) |
| INTERFACE       | axis port=out_stream register  | in maxpool (../../files/maxpool.cpp:22) |
| ARRAY_PARTITION | variable=input complete dim=0  | in maxpool (../../files/maxpool.cpp:27) |
| ARRAY_PARTITION | variable=output complete dim=0 | in maxpool (../../files/maxpool.cpp:31) |
| PIPELINE        | ii=1                           | in maxpool (../../files/maxpool.cpp:35) |
| PIPELINE        | ii=1                           | in maxpool (../../files/maxpool.cpp:47) |
| UNROLL          |                                | in maxpool (../../files/maxpool.cpp:50) |
| UNROLL          |                                | in maxpool (../../files/maxpool.cpp:52) |
| PIPELINE        | ii=1                           | in maxpool (../../files/maxpool.cpp:64) |
+-----------------+--------------------------------+-----------------------------------------+


