==============================
Conv2D Testbench (AXI-Stream)
==============================
  output[0][0][0] =    42.5  expected=42.5  PASS
  output[0][0][1] =    48.5  expected=48.5  PASS
  output[0][0][2] =    54.5  expected=54.5  PASS
  output[0][1][0] =    72.5  expected=72.5  PASS
  output[0][1][1] =    78.5  expected=78.5  PASS
  output[0][1][2] =    84.5  expected=84.5  PASS
  output[0][2][0] =   102.5  expected=102.5  PASS
  output[0][2][1] =   108.5  expected=108.5  PASS
  output[0][2][2] =   114.5  expected=114.5  PASS
==============================
PASS: 9  FAIL: 0
RESULT: ALL TESTS PASSED
INFO [HLS SIM]: The maximum depth reached by any hls::stream() instance in the design is 25

C:\Users\LAB2_PC10\Desktop\CHINNA\HLS_workspace\conv_ip\conv2d\hls\sim\verilog>set PATH= 

C:\Users\LAB2_PC10\Desktop\CHINNA\HLS_workspace\conv_ip\conv2d\hls\sim\verilog>call C:/2025.2/Vivado/bin/xelab xil_defaultlib.apatb_conv2d_top xil_defaultlib.glbl -Oenable_linking_all_libraries -prj conv2d.prj -L smartconnect_v1_0 -L axi_protocol_checker_v1_1_12 -L axi_protocol_checker_v1_1_13 -L axis_protocol_checker_v1_1_11 -L axis_protocol_checker_v1_1_12 -L xil_defaultlib -L unisims_ver -L xpm  -L floating_point_v7_1_21 -L floating_point_v7_0_26 --lib "ieee_proposed=./ieee_proposed" -L uvm -relax -i ./svr -i ./axivip -i ./svtb -i ./file_agent -i ./conv2d_subsystem  -s conv2d  
Vivado Simulator v2025.2
Copyright 1986-2022 Xilinx, Inc. All Rights Reserved.
Copyright 2022-2025 Advanced Micro Devices, Inc. All Rights Reserved.
Running: C:/2025.2/Vivado/bin/unwrapped/win64.o/xelab.exe xil_defaultlib.apatb_conv2d_top xil_defaultlib.glbl -Oenable_linking_all_libraries -prj conv2d.prj -L smartconnect_v1_0 -L axi_protocol_checker_v1_1_12 -L axi_protocol_checker_v1_1_13 -L axis_protocol_checker_v1_1_11 -L axis_protocol_checker_v1_1_12 -L xil_defaultlib -L unisims_ver -L xpm -L floating_point_v7_1_21 -L floating_point_v7_0_26 --lib ieee_proposed=./ieee_proposed -L uvm -relax -i ./svr -i ./axivip -i ./svtb -i ./file_agent -i ./conv2d_subsystem -s conv2d 
Multi-threading is on. Using 26 slave threads.
INFO: [VRFC 10-2263] Analyzing SystemVerilog file "C:/Users/LAB2_PC10/Desktop/CHINNA/HLS_workspace/conv_ip/conv2d/hls/sim/verilog/glbl.v" into library xil_defaultlib
INFO: [VRFC 10-311] analyzing module glbl
INFO: [VRFC 10-2263] Analyzing SystemVerilog file "C:/Users/LAB2_PC10/Desktop/CHINNA/HLS_workspace/conv_ip/conv2d/hls/sim/verilog/AESL_deadlock_idx0_monitor.v" into library xil_defaultlib
INFO: [VRFC 10-311] analyzing module AESL_deadlock_idx0_monitor
INFO: [VRFC 10-2263] Analyzing SystemVerilog file "C:/Users/LAB2_PC10/Desktop/CHINNA/HLS_workspace/conv_ip/conv2d/hls/sim/verilog/AESL_deadlock_kernel_monitor_top.v" into library xil_defaultlib
INFO: [VRFC 10-311] analyzing module AESL_deadlock_kernel_monitor_top
INFO: [VRFC 10-2263] Analyzing SystemVerilog file "C:/Users/LAB2_PC10/Desktop/CHINNA/HLS_workspace/conv_ip/conv2d/hls/sim/verilog/conv2d.autotb.v" into library xil_defaultlib
INFO: [VRFC 10-311] analyzing module apatb_conv2d_top
INFO: [VRFC 10-2263] Analyzing SystemVerilog file "C:/Users/LAB2_PC10/Desktop/CHINNA/HLS_workspace/conv_ip/conv2d/hls/sim/verilog/conv2d.v" into library xil_defaultlib
INFO: [VRFC 10-311] analyzing module conv2d
INFO: [VRFC 10-2263] Analyzing SystemVerilog file "C:/Users/LAB2_PC10/Desktop/CHINNA/HLS_workspace/conv_ip/conv2d/hls/sim/verilog/conv2d_conv2d_Pipeline_CONV_OR_CONV_OC2.v" into library xil_defaultlib
INFO: [VRFC 10-311] analyzing module conv2d_conv2d_Pipeline_CONV_OR_CONV_OC2
INFO: [VRFC 10-2263] Analyzing SystemVerilog file "C:/Users/LAB2_PC10/Desktop/CHINNA/HLS_workspace/conv_ip/conv2d/hls/sim/verilog/conv2d_conv2d_Pipeline_READ_INPUT.v" into library xil_defaultlib
INFO: [VRFC 10-311] analyzing module conv2d_conv2d_Pipeline_READ_INPUT
INFO: [VRFC 10-2263] Analyzing SystemVerilog file "C:/Users/LAB2_PC10/Desktop/CHINNA/HLS_workspace/conv_ip/conv2d/hls/sim/verilog/conv2d_conv2d_Pipeline_READ_WEIGHTS.v" into library xil_defaultlib
INFO: [VRFC 10-311] analyzing module conv2d_conv2d_Pipeline_READ_WEIGHTS
INFO: [VRFC 10-2263] Analyzing SystemVerilog file "C:/Users/LAB2_PC10/Desktop/CHINNA/HLS_workspace/conv_ip/conv2d/hls/sim/verilog/conv2d_conv2d_Pipeline_WRITE_OUTPUT.v" into library xil_defaultlib
INFO: [VRFC 10-311] analyzing module conv2d_conv2d_Pipeline_WRITE_OUTPUT
INFO: [VRFC 10-2263] Analyzing SystemVerilog file "C:/Users/LAB2_PC10/Desktop/CHINNA/HLS_workspace/conv_ip/conv2d/hls/sim/verilog/conv2d_flow_control_loop_pipe_sequential_init.v" into library xil_defaultlib
INFO: [VRFC 10-311] analyzing module conv2d_flow_control_loop_pipe_sequential_init
INFO: [VRFC 10-2263] Analyzing SystemVerilog file "C:/Users/LAB2_PC10/Desktop/CHINNA/HLS_workspace/conv_ip/conv2d/hls/sim/verilog/conv2d_mac_muladd_16s_16s_24s_24_4_1.v" into library xil_defaultlib
INFO: [VRFC 10-311] analyzing module conv2d_mac_muladd_16s_16s_24s_24_4_1_DSP48_0
INFO: [VRFC 10-311] analyzing module conv2d_mac_muladd_16s_16s_24s_24_4_1
INFO: [VRFC 10-2263] Analyzing SystemVerilog file "C:/Users/LAB2_PC10/Desktop/CHINNA/HLS_workspace/conv_ip/conv2d/hls/sim/verilog/conv2d_regslice_both.v" into library xil_defaultlib
INFO: [VRFC 10-311] analyzing module conv2d_regslice_both
INFO: [VRFC 10-2263] Analyzing SystemVerilog file "C:/Users/LAB2_PC10/Desktop/CHINNA/HLS_workspace/conv_ip/conv2d/hls/sim/verilog/conv2d_sparsemux_7_2_16_1_1.v" into library xil_defaultlib
INFO: [VRFC 10-311] analyzing module conv2d_sparsemux_7_2_16_1_1
INFO: [VRFC 10-2263] Analyzing SystemVerilog file "C:/Users/LAB2_PC10/Desktop/CHINNA/HLS_workspace/conv_ip/conv2d/hls/sim/verilog/dataflow_monitor.sv" into library xil_defaultlib
INFO: [VRFC 10-311] analyzing module dataflow_monitor
INFO: [VRFC 10-2263] Analyzing SystemVerilog file "C:/Users/LAB2_PC10/Desktop/CHINNA/HLS_workspace/conv_ip/conv2d/hls/sim/verilog/file_agent/file_agent_pkg.sv" into library xil_defaultlib
INFO: [VRFC 10-2263] Analyzing SystemVerilog file "C:/Users/LAB2_PC10/Desktop/CHINNA/HLS_workspace/conv_ip/conv2d/hls/sim/verilog/svr/svr_pkg.sv" into library xil_defaultlib
INFO: [VRFC 10-2263] Analyzing SystemVerilog file "C:/Users/LAB2_PC10/Desktop/CHINNA/HLS_workspace/conv_ip/conv2d/hls/sim/verilog/svr/svr_if.sv" into library xil_defaultlib
INFO: [VRFC 10-2263] Analyzing SystemVerilog file "C:/Users/LAB2_PC10/Desktop/CHINNA/HLS_workspace/conv_ip/conv2d/hls/sim/verilog/conv2d_subsystem/conv2d_subsystem_pkg.sv" into library xil_defaultlib
INFO: [VRFC 10-2263] Analyzing SystemVerilog file "C:/Users/LAB2_PC10/Desktop/CHINNA/HLS_workspace/conv_ip/conv2d/hls/sim/verilog/svtb/misc_interface.sv" into library xil_defaultlib
INFO: [VRFC 10-2263] Analyzing SystemVerilog file "C:/Users/LAB2_PC10/Desktop/CHINNA/HLS_workspace/conv_ip/conv2d/hls/sim/verilog/svtb/sv_module_top.sv" into library xil_defaultlib
INFO: [VRFC 10-311] analyzing module sv_module_top
Starting static elaboration
Pass Through NonSizing Optimizer
Completed static elaboration
Starting simulation data flow analysis
WARNING: [XSIM 43-4099] "/proj/primebuilds/9999.0_PRIME_0428_0031/installs/data/system_verilog/uvm_1.2/xlnx_uvm_package.sv" Line 4356. Module uvm_pkg doesn't have a timescale but at least one module in design has a timescale.
Completed simulation data flow analysis
Time Resolution for simulation is 1ps
Compiling package xil_defaultlib.$unit_sv_module_top_sv
Compiling package uvm.uvm_pkg
Compiling package std.std
Compiling package xil_defaultlib.svr_pkg
Compiling package xil_defaultlib.file_agent_pkg
Compiling package xil_defaultlib.conv2d_subsystem_pkg
Compiling package xil_defaultlib.$unit_dataflow_monitor_sv
Compiling module xil_defaultlib.conv2d_flow_control_loop_pipe_se...
Compiling module xil_defaultlib.conv2d_conv2d_Pipeline_READ_INPU...
Compiling module xil_defaultlib.conv2d_conv2d_Pipeline_READ_WEIG...
Compiling module xil_defaultlib.conv2d_sparsemux_7_2_16_1_1(din0...
Compiling module xil_defaultlib.conv2d_mac_muladd_16s_16s_24s_24...
Compiling module xil_defaultlib.conv2d_mac_muladd_16s_16s_24s_24...
Compiling module xil_defaultlib.conv2d_conv2d_Pipeline_CONV_OR_C...
Compiling module xil_defaultlib.conv2d_conv2d_Pipeline_WRITE_OUT...
Compiling module xil_defaultlib.conv2d_regslice_both(DataWidth=1...
Compiling module xil_defaultlib.conv2d_regslice_both(DataWidth=2...
Compiling module xil_defaultlib.conv2d_regslice_both(DataWidth=1...
Compiling module xil_defaultlib.conv2d
Compiling module xil_defaultlib.misc_interface_default
Compiling module xil_defaultlib.svr_if(DATA_WIDTH=16)
Compiling module xil_defaultlib.svr_if(DATA_WIDTH=21)
Compiling module xil_defaultlib.sv_module_top
Compiling module xil_defaultlib.AESL_deadlock_idx0_monitor
Compiling module xil_defaultlib.AESL_deadlock_kernel_monitor_top...
Compiling module xil_defaultlib.nodf_module_intf_default
Compiling module xil_defaultlib.upc_loop_intf(FSM_WIDTH=1)
Compiling module xil_defaultlib.dataflow_monitor_1
Compiling module xil_defaultlib.apatb_conv2d_top
Compiling module xil_defaultlib.glbl
Built simulation snapshot conv2d

****** xsim v2025.2 (64-bit)
  **** SW Build 6299465 on Fri Nov 14 19:35:11 GMT 2025
  **** IP Build 6300035 on Fri Nov 14 10:48:45 MST 2025
  **** SharedData Build 6298862 on Thu Nov 13 04:50:51 MST 2025
  **** Start of session at: Thu Jun 11 15:52:39 2026
    ** Copyright 1986-2022 Xilinx, Inc. All Rights Reserved.
    ** Copyright 2022-2025 Advanced Micro Devices, Inc. All Rights Reserved.

source xsim.dir/conv2d/xsim_script.tcl
# xsim {conv2d} -testplusarg UVM_VERBOSITY=UVM_NONE -testplusarg UVM_TESTNAME=conv2d_test_lib -testplusarg UVM_TIMEOUT=20000000000000 -autoloadwcfg -tclbatch {conv2d.tcl}
Time resolution is 1 ps
source conv2d.tcl
## run all
UVM_INFO C:/2025.2/Vivado/data/system_verilog/uvm_1.2/xlnx_uvm_package.sv(18601) @ 0: reporter [UVM/RELNOTES] 
----------------------------------------------------------------
UVM-1.2
(C) 2007-2014 Mentor Graphics Corporation
(C) 2007-2014 Cadence Design Systems, Inc.
(C) 2006-2014 Synopsys, Inc.
(C) 2011-2013 Cypress Semiconductor Corp.
(C) 2013-2014 NVIDIA Corporation
----------------------------------------------------------------

  ***********       IMPORTANT RELEASE NOTES         ************

  You are using a version of the UVM library that has been compiled
  with `UVM_NO_DEPRECATED undefined.

  You are using a version of the UVM library that has been compiled
  with `UVM_OBJECT_DO_NOT_NEED_CONSTRUCTOR undefined.

      (Specify +UVM_NO_RELNOTES to turn off this notice)

UVM_INFO C:/2025.2/Vivado/data/system_verilog/uvm_1.2/xlnx_uvm_package.sv(18648) @ 0: reporter [NO_DPI_TSTNAME] UVM_NO_DPI defined--getting UVM_TESTNAME directly, without DPI
UVM_INFO C:/2025.2/Vivado/data/system_verilog/uvm_1.2/xlnx_uvm_package.sv(18752) @ 0: reporter [UVMTOP] UVM testbench topology:
------------------------------------------------------------------------------------------------------------------------
Name                                                    Type                                       Size  Value          
------------------------------------------------------------------------------------------------------------------------
uvm_test_top                                            conv2d_test_lib                            -     @354           
  top_env                                               conv2d_env                                 -     @365           
    conv2d_virtual_sqr                                  conv2d_virtual_sequencer                   -     @493           
      rsp_export                                        uvm_analysis_export                        -     @502           
      seq_item_export                                   uvm_seq_item_pull_imp                      -     @620           
      arbitration_queue                                 array                                      0     -              
      lock_queue                                        array                                      0     -              
      num_last_reqs                                     integral                                   32    'd1            
      num_last_rsps                                     integral                                   32    'd1            
    env_master_svr_bias                                 uvm_env                                    -     @388           
      m_agt                                             uvm_agent                                  -     @636           
        drv                                             uvm_driver #(REQ,RSP)                      -     @784           
          rsp_port                                      uvm_analysis_port                          -     @803           
          seq_item_port                                 uvm_seq_item_pull_port                     -     @793           
        mon                                             uvm_monitor                                -     @813           
          item_collect_port                             uvm_analysis_port                          -     @824           
        sqr                                             uvm_sequencer                              -     @647           
          rsp_export                                    uvm_analysis_export                        -     @656           
          seq_item_export                               uvm_seq_item_pull_imp                      -     @774           
          arbitration_queue                             array                                      0     -              
          lock_queue                                    array                                      0     -              
          num_last_reqs                                 integral                                   32    'd1            
          num_last_rsps                                 integral                                   32    'd1            
    env_master_svr_in_stream                            uvm_env                                    -     @401           
      m_agt                                             uvm_agent                                  -     @842           
        drv                                             uvm_driver #(REQ,RSP)                      -     @990           
          rsp_port                                      uvm_analysis_port                          -     @1009          
          seq_item_port                                 uvm_seq_item_pull_port                     -     @999           
        mon                                             uvm_monitor                                -     @1019          
          item_collect_port                             uvm_analysis_port                          -     @1030          
        sqr                                             uvm_sequencer                              -     @853           
          rsp_export                                    uvm_analysis_export                        -     @862           
          seq_item_export                               uvm_seq_item_pull_imp                      -     @980           
          arbitration_queue                             array                                      0     -              
          lock_queue                                    array                                      0     -              
          num_last_reqs                                 integral                                   32    'd1            
          num_last_rsps                                 integral                                   32    'd1            
    env_master_svr_weight_stream                        uvm_env                                    -     @411           
      m_agt                                             uvm_agent                                  -     @1048          
        drv                                             uvm_driver #(REQ,RSP)                      -     @1196          
          rsp_port                                      uvm_analysis_port                          -     @1215          
          seq_item_port                                 uvm_seq_item_pull_port                     -     @1205          
        mon                                             uvm_monitor                                -     @1225          
          item_collect_port                             uvm_analysis_port                          -     @1236          
        sqr                                             uvm_sequencer                              -     @1059          
          rsp_export                                    uvm_analysis_export                        -     @1068          
          seq_item_export                               uvm_seq_item_pull_imp                      -     @1186          
          arbitration_queue                             array                                      0     -              
          lock_queue                                    array                                      0     -              
          num_last_reqs                                 integral                                   32    'd1            
          num_last_rsps                                 integral                                   32    'd1            
    env_slave_svr_out_stream                            uvm_env                                    -     @421           
      s_agt                                             uvm_agent                                  -     @1254          
        drv                                             uvm_driver #(REQ,RSP)                      -     @1402          
          rsp_port                                      uvm_analysis_port                          -     @1421          
          seq_item_port                                 uvm_seq_item_pull_port                     -     @1411          
        mon                                             uvm_monitor                                -     @1431          
          item_collect_port                             uvm_analysis_port                          -     @1442          
        sqr                                             uvm_sequencer                              -     @1265          
          rsp_export                                    uvm_analysis_export                        -     @1274          
          seq_item_export                               uvm_seq_item_pull_imp                      -     @1392          
          arbitration_queue                             array                                      0     -              
          lock_queue                                    array                                      0     -              
          num_last_reqs                                 integral                                   32    'd1            
          num_last_rsps                                 integral                                   32    'd1            
    refm                                                conv2d_reference_model                     -     @431           
      trans_num_idx                                     integral                                   32    'h0            
    subsys_mon                                          conv2d_subsystem_monitor                   -     @444           
      scbd                                              conv2d_scoreboard                          -     @1464          
        refm                                            conv2d_reference_model                     -     @431           
          trans_num_idx                                 integral                                   32    'h0            
        file_rd_TVOUT_transaction_size                  <unknown>                                  -     @1474          
          TV_FILE                                       string                                     0     ""             
          fp                                            integral                                   32    'hxxxxxxxx     
          TV_FILE_num                                   integral                                   32    'h0            
          HEX_read                                      integral                                   32    'h0            
          DEC_read                                      integral                                   32    'h0            
          is_binary                                     integral                                   32    'h0            
          TV_FILE_COMPARE                               string                                     0     ""             
          fp_compare                                    integral                                   32    'hxxxxxxxx     
        TVOUT_transaction_size_queue                    da(integral)                               0     -              
        file_wr_port_out_stream_out_stream_TDATA        <unknown>                                  -     @1475          
          TV_FILE                                       string                                     0     ""             
          fp                                            integral                                   32    'hxxxxxxxx     
          file_open                                     integral                                   32    'h0            
          write_file_done                               integral                                   32    'h0            
          write_section_done                            integral                                   32    'h0            
          TRANSACTION_NUM                               integral                                   32    'h0            
          transaction_num_idx                           integral                                   32    'h0            
          TRANSACTION_DEPTH                             integral                                   32    'h0            
          TRANSACTION_DEPTH_queue                       da(integral)                               0     -              
          TRANSACTION_DEPTH_queue_for_depth_check       da(integral)                               0     -              
          transaction_depth_idx                         integral                                   32    'h0            
          ap_done_num_idx                               integral                                   32    'h0            
          is_binary                                     integral                                   32    'h0            
        write_file_done_out_stream_out_stream_TDATA     integral                                   32    'h0            
        write_section_done_out_stream_out_stream_TDATA  integral                                   32    'h0            
        file_wr_port_out_stream_out_stream_TKEEP        <unknown>                                  -     @1476          
          TV_FILE                                       string                                     0     ""             
          fp                                            integral                                   32    'hxxxxxxxx     
          file_open                                     integral                                   32    'h0            
          write_file_done                               integral                                   32    'h0            
          write_section_done                            integral                                   32    'h0            
          TRANSACTION_NUM                               integral                                   32    'h0            
          transaction_num_idx                           integral                                   32    'h0            
          TRANSACTION_DEPTH                             integral                                   32    'h0            
          TRANSACTION_DEPTH_queue                       da(integral)                               0     -              
          TRANSACTION_DEPTH_queue_for_depth_check       da(integral)                               0     -              
          transaction_depth_idx                         integral                                   32    'h0            
          ap_done_num_idx                               integral                                   32    'h0            
          is_binary                                     integral                                   32    'h0            
        write_file_done_out_stream_out_stream_TKEEP     integral                                   32    'h0            
        write_section_done_out_stream_out_stream_TKEEP  integral                                   32    'h0            
        file_wr_port_out_stream_out_stream_TSTRB        <unknown>                                  -     @1477          
          TV_FILE                                       string                                     0     ""             
          fp                                            integral                                   32    'hxxxxxxxx     
          file_open                                     integral                                   32    'h0            
          write_file_done                               integral                                   32    'h0            
          write_section_done                            integral                                   32    'h0            
          TRANSACTION_NUM                               integral                                   32    'h0            
          transaction_num_idx                           integral                                   32    'h0            
          TRANSACTION_DEPTH                             integral                                   32    'h0            
          TRANSACTION_DEPTH_queue                       da(integral)                               0     -              
          TRANSACTION_DEPTH_queue_for_depth_check       da(integral)                               0     -              
          transaction_depth_idx                         integral                                   32    'h0            
          ap_done_num_idx                               integral                                   32    'h0            
          is_binary                                     integral                                   32    'h0            
        write_file_done_out_stream_out_stream_TSTRB     integral                                   32    'h0            
        write_section_done_out_stream_out_stream_TSTRB  integral                                   32    'h0            
        file_wr_port_out_stream_out_stream_TLAST        <unknown>                                  -     @1478          
          TV_FILE                                       string                                     0     ""             
          fp                                            integral                                   32    'hxxxxxxxx     
          file_open                                     integral                                   32    'h0            
          write_file_done                               integral                                   32    'h0            
          write_section_done                            integral                                   32    'h0            
          TRANSACTION_NUM                               integral                                   32    'h0            
          transaction_num_idx                           integral                                   32    'h0            
          TRANSACTION_DEPTH                             integral                                   32    'h0            
          TRANSACTION_DEPTH_queue                       da(integral)                               0     -              
          TRANSACTION_DEPTH_queue_for_depth_check       da(integral)                               0     -              
          transaction_depth_idx                         integral                                   32    'h0            
          ap_done_num_idx                               integral                                   32    'h0            
          is_binary                                     integral                                   32    'h0            
        write_file_done_out_stream_out_stream_TLAST     integral                                   32    'h0            
        write_section_done_out_stream_out_stream_TLAST  integral                                   32    'h0            
      svr_master_bias_imp                               uvm_analysis_imp_svr_master_bias           -     @453           
      svr_master_in_stream_imp                          uvm_analysis_imp_svr_master_in_stream      -     @463           
      svr_master_weight_stream_imp                      uvm_analysis_imp_svr_master_weight_stream  -     @473           
      svr_slave_out_stream_imp                          uvm_analysis_imp_svr_slave_out_stream      -     @483           
    env_master_svr_bias                                 uvm_env                                    -     @388           
    env_master_svr_in_stream                            uvm_env                                    -     @401           
    env_master_svr_weight_stream                        uvm_env                                    -     @411           
    env_slave_svr_out_stream                            uvm_env                                    -     @421           
    refm                                                conv2d_reference_model                     -     @431           
    conv2d_virtual_sqr                                  conv2d_virtual_sequencer                   -     @493           
    conv2d_cfg                                          conv2d_config                              -     @379           
      port_bias_cfg                                     svr_config                                 -     @380           
        svr_type                                        svr_inst_type                              32    SVR_MASTER     
        prt_type                                        svr_protocol_type                          32    AP_NONE        
        is_active                                       svr_active_passive_enum                    1     SVR_ACTIVE     
        reset_level                                     svr_reset_level_enum                       1     RESET_LEVEL_LOW
        spec_cfg                                        svr_spec_cfg_enum                          32    NORMAL         
        clatency                                        svr_latency                                -     @381           
          transfer_latency                              integral                                   32    'h0            
      port_in_stream_cfg                                svr_config                                 -     @382           
        svr_type                                        svr_inst_type                              32    SVR_MASTER     
        prt_type                                        svr_protocol_type                          32    AXIS           
        is_active                                       svr_active_passive_enum                    1     SVR_ACTIVE     
        reset_level                                     svr_reset_level_enum                       1     RESET_LEVEL_LOW
        spec_cfg                                        svr_spec_cfg_enum                          32    NORMAL         
        clatency                                        svr_latency                                -     @383           
          transfer_latency                              integral                                   32    'h0            
      port_weight_stream_cfg                            svr_config                                 -     @384           
        svr_type                                        svr_inst_type                              32    SVR_MASTER     
        prt_type                                        svr_protocol_type                          32    AXIS           
        is_active                                       svr_active_passive_enum                    1     SVR_ACTIVE     
        reset_level                                     svr_reset_level_enum                       1     RESET_LEVEL_LOW
        spec_cfg                                        svr_spec_cfg_enum                          32    NORMAL         
        clatency                                        svr_latency                                -     @385           
          transfer_latency                              integral                                   32    'h0            
      port_out_stream_cfg                               svr_config                                 -     @386           
        svr_type                                        svr_inst_type                              32    SVR_SLAVE      
        prt_type                                        svr_protocol_type                          32    AXIS           
        is_active                                       svr_active_passive_enum                    1     SVR_ACTIVE     
        reset_level                                     svr_reset_level_enum                       1     RESET_LEVEL_LOW
        spec_cfg                                        svr_spec_cfg_enum                          32    NORMAL         
        clatency                                        svr_latency                                -     @387           
          transfer_latency                              integral                                   32    'h0            
      check_ena                                         integral                                   32    'h0            
      cover_ena                                         integral                                   32    'h0            
------------------------------------------------------------------------------------------------------------------------

UVM_INFO C:/2025.2/Vivado/data/system_verilog/uvm_1.2/xlnx_uvm_package.sv(20867) @ 0: reporter [UVM/COMP/NAMECHECK] This implementation of the component name checks requires DPI to be enabled
////////////////////////////////////////////////////////////////////////////////////
// Inter-Transaction Progress: Completed Transaction / Total Transaction
// Intra-Transaction Progress: Measured Latency / Latency Estimation * 100%
//
// RTL Simulation : "Inter-Transaction Progress" ["Intra-Transaction Progress"] @ "Simulation Time"
////////////////////////////////////////////////////////////////////////////////////
// RTL Simulation : 0 / 1 [0.00%] @ "113000"
// RTL Simulation : 1 / 1 [100.00%] @ "433000"
////////////////////////////////////////////////////////////////////////////////////
$finish called at time : 467500 ps : File "C:/2025.2/Vivado/data/system_verilog/uvm_1.2/xlnx_uvm_package.sv" Line 18699
## quit
INFO: [Common 17-206] Exiting xsim at Thu Jun 11 15:52:44 2026...
==============================
Conv2D Testbench (AXI-Stream)
==============================
  output[0][0][0] =    42.5  expected=42.5  PASS
  output[0][0][1] =    48.5  expected=48.5  PASS
  output[0][0][2] =    54.5  expected=54.5  PASS
  output[0][1][0] =    72.5  expected=72.5  PASS
  output[0][1][1] =    78.5  expected=78.5  PASS
  output[0][1][2] =    84.5  expected=84.5  PASS
  output[0][2][0] =   102.5  expected=102.5  PASS
  output[0][2][1] =   108.5  expected=108.5  PASS
  output[0][2][2] =   114.5  expected=114.5  PASS
==============================
PASS: 9  FAIL: 0
RESULT: ALL TESTS PASSED
INFO [HLS SIM]: The maximum depth reached by any hls::stream() instance in the design is 25
