

================================================================
== Vitis HLS Report for 'conv2d'
================================================================
* Date:           Thu Jun 11 15:51:16 2026

* Version:        2025.2 (Build 6295257 on Nov 14 2025)
* Project:        conv2d
* Solution:       hls (Vivado IP Flow Target)
* Product family: zynquplus
* Target device:  xck26-sfvc784-2LV-c


================================================================
== Performance Estimates
================================================================
+ Timing: 
    * Summary: 
    +--------+---------+----------+------------+
    |  Clock |  Target | Estimated| Uncertainty|
    +--------+---------+----------+------------+
    |ap_clk  |  5.00 ns|  3.004 ns|     1.35 ns|
    +--------+---------+----------+------------+

+ Latency: 
    * Summary: 
    +---------+---------+----------+----------+-----+-----+---------+
    |  Latency (cycles) |  Latency (absolute) |  Interval | Pipeline|
    |   min   |   max   |    min   |    max   | min | max |   Type  |
    +---------+---------+----------+----------+-----+-----+---------+
    |       66|       66|  0.330 us|  0.330 us|   67|   67|       no|
    +---------+---------+----------+----------+-----+-----+---------+

    + Detail: 
        * Instance: 
        +---------------------------------------------+----------------------------------+---------+---------+-----------+-----------+-----+-----+-------------------+
        |                                             |                                  |  Latency (cycles) |   Latency (absolute)  |  Interval |      Pipeline     |
        |                   Instance                  |              Module              |   min   |   max   |    min    |    max    | min | max |        Type       |
        +---------------------------------------------+----------------------------------+---------+---------+-----------+-----------+-----+-----+-------------------+
        |grp_conv2d_Pipeline_READ_INPUT_fu_252        |conv2d_Pipeline_READ_INPUT        |       27|       27|   0.135 us|   0.135 us|    0|    0|  loop pipeline stp|
        |grp_conv2d_Pipeline_READ_WEIGHTS_fu_289      |conv2d_Pipeline_READ_WEIGHTS      |       11|       11|  55.000 ns|  55.000 ns|    0|    0|  loop pipeline stp|
        |grp_conv2d_Pipeline_CONV_OR_CONV_OC2_fu_310  |conv2d_Pipeline_CONV_OR_CONV_OC2  |       21|       21|   0.105 us|   0.105 us|    0|    0|  loop pipeline stp|
        |grp_conv2d_Pipeline_WRITE_OUTPUT_fu_358      |conv2d_Pipeline_WRITE_OUTPUT      |       11|       11|  55.000 ns|  55.000 ns|    0|    0|  loop pipeline stp|
        +---------------------------------------------+----------------------------------+---------+---------+-----------+-----------+-----+-----+-------------------+

        * Loop: 
        N/A



================================================================
== Utilization Estimates
================================================================
* Summary: 
+-----------------+---------+------+--------+--------+-----+
|       Name      | BRAM_18K|  DSP |   FF   |   LUT  | URAM|
+-----------------+---------+------+--------+--------+-----+
|DSP              |        -|     -|       -|       -|    -|
|Expression       |        -|     -|       0|       4|    -|
|FIFO             |        -|     -|       -|       -|    -|
|Instance         |        -|     9|    1677|    1141|    -|
|Memory           |        -|     -|       -|       -|    -|
|Multiplexer      |        -|     -|       0|     103|    -|
|Register         |        -|     -|      49|       -|    -|
+-----------------+---------+------+--------+--------+-----+
|Total            |        0|     9|    1726|    1248|    0|
+-----------------+---------+------+--------+--------+-----+
|Available        |      288|  1248|  234240|  117120|   64|
+-----------------+---------+------+--------+--------+-----+
|Utilization (%)  |        0|    ~0|      ~0|       1|    0|
+-----------------+---------+------+--------+--------+-----+

+ Detail: 
    * Instance: 
    +---------------------------------------------+----------------------------------+---------+----+------+-----+-----+
    |                   Instance                  |              Module              | BRAM_18K| DSP|  FF  | LUT | URAM|
    +---------------------------------------------+----------------------------------+---------+----+------+-----+-----+
    |grp_conv2d_Pipeline_CONV_OR_CONV_OC2_fu_310  |conv2d_Pipeline_CONV_OR_CONV_OC2  |        0|   9|  1044|  633|    0|
    |grp_conv2d_Pipeline_READ_INPUT_fu_252        |conv2d_Pipeline_READ_INPUT        |        0|   0|   430|  156|    0|
    |grp_conv2d_Pipeline_READ_WEIGHTS_fu_289      |conv2d_Pipeline_READ_WEIGHTS      |        0|   0|   167|  152|    0|
    |grp_conv2d_Pipeline_WRITE_OUTPUT_fu_358      |conv2d_Pipeline_WRITE_OUTPUT      |        0|   0|    36|  200|    0|
    +---------------------------------------------+----------------------------------+---------+----+------+-----+-----+
    |Total                                        |                                  |        0|   9|  1677| 1141|    0|
    +---------------------------------------------+----------------------------------+---------+----+------+-----+-----+

    * DSP: 
    N/A

    * Memory: 
    N/A

    * FIFO: 
    N/A

    * Expression: 
    +-----------------------------------------------------------+----------+----+---+----+------------+------------+
    |                       Variable Name                       | Operation| DSP| FF| LUT| Bitwidth P0| Bitwidth P1|
    +-----------------------------------------------------------+----------+----+---+----+------------+------------+
    |grp_conv2d_Pipeline_WRITE_OUTPUT_fu_358_out_stream_TREADY  |       and|   0|  0|   2|           1|           1|
    |ap_block_state3_on_subcall_done                            |        or|   0|  0|   2|           1|           1|
    +-----------------------------------------------------------+----------+----+---+----+------------+------------+
    |Total                                                      |          |   0|  0|   4|           2|           2|
    +-----------------------------------------------------------+----------+----+---+----+------------+------------+

    * Multiplexer: 
    +-----------------------------------+----+-----------+-----+-----------+
    |                Name               | LUT| Input Size| Bits| Total Bits|
    +-----------------------------------+----+-----------+-----+-----------+
    |ap_NS_fsm                          |  49|          9|    1|          9|
    |in_stream_TREADY_int_regslice      |   9|          2|    1|          2|
    |out_stream_TDATA_int_regslice      |   9|          2|   16|         32|
    |out_stream_TKEEP_int_regslice      |   9|          2|    2|          4|
    |out_stream_TLAST_int_regslice      |   9|          2|    1|          2|
    |out_stream_TSTRB_int_regslice      |   9|          2|    2|          4|
    |weight_stream_TREADY_int_regslice  |   9|          2|    1|          2|
    +-----------------------------------+----+-----------+-----+-----------+
    |Total                              | 103|         21|   24|         55|
    +-----------------------------------+----+-----------+-----+-----------+

    * Register: 
    +----------------------------------------------------------+----+----+-----+-----------+
    |                           Name                           | FF | LUT| Bits| Const Bits|
    +----------------------------------------------------------+----+----+-----+-----------+
    |ap_CS_fsm                                                 |   8|   0|    8|          0|
    |grp_conv2d_Pipeline_CONV_OR_CONV_OC2_fu_310_ap_start_reg  |   1|   0|    1|          0|
    |grp_conv2d_Pipeline_READ_INPUT_fu_252_ap_start_reg        |   1|   0|    1|          0|
    |grp_conv2d_Pipeline_READ_WEIGHTS_fu_289_ap_start_reg      |   1|   0|    1|          0|
    |grp_conv2d_Pipeline_WRITE_OUTPUT_fu_358_ap_start_reg      |   1|   0|    1|          0|
    |out_stream_TDATA_reg                                      |  16|   0|   16|          0|
    |out_stream_TKEEP_reg                                      |   2|   0|    2|          0|
    |out_stream_TLAST_reg                                      |   1|   0|    1|          0|
    |out_stream_TSTRB_reg                                      |   2|   0|    2|          0|
    |shl_ln_reg_920                                            |  16|   0|   24|          8|
    +----------------------------------------------------------+----+----+-----+-----------+
    |Total                                                     |  49|   0|   57|          8|
    +----------------------------------------------------------+----+----+-----+-----------+



================================================================
== Interface
================================================================
* Summary: 
+----------------------+-----+-----+------------+------------------------+--------------+
|       RTL Ports      | Dir | Bits|  Protocol  |      Source Object     |    C Type    |
+----------------------+-----+-----+------------+------------------------+--------------+
|ap_clk                |   in|    1|  ap_ctrl_hs|                  conv2d|  return value|
|ap_rst_n              |   in|    1|  ap_ctrl_hs|                  conv2d|  return value|
|ap_start              |   in|    1|  ap_ctrl_hs|                  conv2d|  return value|
|ap_done               |  out|    1|  ap_ctrl_hs|                  conv2d|  return value|
|ap_idle               |  out|    1|  ap_ctrl_hs|                  conv2d|  return value|
|ap_ready              |  out|    1|  ap_ctrl_hs|                  conv2d|  return value|
|in_stream_TDATA       |   in|   16|        axis|      in_stream_V_data_V|       pointer|
|in_stream_TVALID      |   in|    1|        axis|      in_stream_V_last_V|       pointer|
|in_stream_TREADY      |  out|    1|        axis|      in_stream_V_last_V|       pointer|
|in_stream_TLAST       |   in|    1|        axis|      in_stream_V_last_V|       pointer|
|in_stream_TKEEP       |   in|    2|        axis|      in_stream_V_keep_V|       pointer|
|in_stream_TSTRB       |   in|    2|        axis|      in_stream_V_strb_V|       pointer|
|weight_stream_TDATA   |   in|   16|        axis|  weight_stream_V_data_V|       pointer|
|weight_stream_TVALID  |   in|    1|        axis|  weight_stream_V_last_V|       pointer|
|weight_stream_TREADY  |  out|    1|        axis|  weight_stream_V_last_V|       pointer|
|weight_stream_TLAST   |   in|    1|        axis|  weight_stream_V_last_V|       pointer|
|weight_stream_TKEEP   |   in|    2|        axis|  weight_stream_V_keep_V|       pointer|
|weight_stream_TSTRB   |   in|    2|        axis|  weight_stream_V_strb_V|       pointer|
|bias                  |   in|   16|     ap_none|                    bias|        scalar|
|out_stream_TDATA      |  out|   16|        axis|     out_stream_V_data_V|       pointer|
|out_stream_TVALID     |  out|    1|        axis|     out_stream_V_last_V|       pointer|
|out_stream_TREADY     |   in|    1|        axis|     out_stream_V_last_V|       pointer|
|out_stream_TLAST      |  out|    1|        axis|     out_stream_V_last_V|       pointer|
|out_stream_TKEEP      |  out|    2|        axis|     out_stream_V_keep_V|       pointer|
|out_stream_TSTRB      |  out|    2|        axis|     out_stream_V_strb_V|       pointer|
+----------------------+-----+-----+------------+------------------------+--------------+

