

================================================================
== Vitis HLS Report for 'conv2d_Pipeline_WRITE_OUTPUT'
================================================================
* Date:           Thu Jun 11 15:51:15 2026

* Version:        2025.2 (Build 6295257 on Nov 14 2025)
* Project:        conv2d
* Solution:       hls (Vivado IP Flow Target)
* Product family: zynquplus
* Target device:  xck26-sfvc784-2LV-c


================================================================
== Performance Estimates
================================================================
+ Timing: 
    * Summary: 
    +--------+---------+----------+------------+
    |  Clock |  Target | Estimated| Uncertainty|
    +--------+---------+----------+------------+
    |ap_clk  |  5.00 ns|  2.042 ns|     1.35 ns|
    +--------+---------+----------+------------+

+ Latency: 
    * Summary: 
    +---------+---------+-----------+-----------+-----+-----+-------------------+
    |  Latency (cycles) |   Latency (absolute)  |  Interval |      Pipeline     |
    |   min   |   max   |    min    |    max    | min | max |        Type       |
    +---------+---------+-----------+-----------+-----+-----+-------------------+
    |       11|       11|  55.000 ns|  55.000 ns|    0|    0|  loop pipeline stp|
    +---------+---------+-----------+-----------+-----+-----+-------------------+

    + Detail: 
        * Instance: 
        N/A

        * Loop: 
        +----------------+---------+---------+----------+-----------+-----------+------+----------+
        |                |  Latency (cycles) | Iteration|  Initiation Interval  | Trip |          |
        |    Loop Name   |   min   |   max   |  Latency |  achieved |   target  | Count| Pipelined|
        +----------------+---------+---------+----------+-----------+-----------+------+----------+
        |- WRITE_OUTPUT  |        9|        9|         2|          1|          1|     9|       yes|
        +----------------+---------+---------+----------+-----------+-----------+------+----------+



================================================================
== Utilization Estimates
================================================================
* Summary: 
+-----------------+---------+------+--------+--------+-----+
|       Name      | BRAM_18K|  DSP |   FF   |   LUT  | URAM|
+-----------------+---------+------+--------+--------+-----+
|DSP              |        -|     -|       -|       -|    -|
|Expression       |        -|     -|       0|      83|    -|
|FIFO             |        -|     -|       -|       -|    -|
|Instance         |        -|     -|       0|      36|    -|
|Memory           |        -|     -|       -|       -|    -|
|Multiplexer      |        -|     -|       0|      81|    -|
|Register         |        -|     -|      36|       -|    -|
+-----------------+---------+------+--------+--------+-----+
|Total            |        0|     0|      36|     200|    0|
+-----------------+---------+------+--------+--------+-----+
|Available        |      288|  1248|  234240|  117120|   64|
+-----------------+---------+------+--------+--------+-----+
|Utilization (%)  |        0|     0|      ~0|      ~0|    0|
+-----------------+---------+------+--------+--------+-----+

+ Detail: 
    * Instance: 
    +---------------------------+----------------------+---------+----+---+----+-----+
    |          Instance         |        Module        | BRAM_18K| DSP| FF| LUT| URAM|
    +---------------------------+----------------------+---------+----+---+----+-----+
    |sparsemux_7_2_16_1_1_U122  |sparsemux_7_2_16_1_1  |        0|   0|  0|   9|    0|
    |sparsemux_7_2_16_1_1_U123  |sparsemux_7_2_16_1_1  |        0|   0|  0|   9|    0|
    |sparsemux_7_2_16_1_1_U124  |sparsemux_7_2_16_1_1  |        0|   0|  0|   9|    0|
    |sparsemux_7_2_16_1_1_U125  |sparsemux_7_2_16_1_1  |        0|   0|  0|   9|    0|
    +---------------------------+----------------------+---------+----+---+----+-----+
    |Total                      |                      |        0|   0|  0|  36|    0|
    +---------------------------+----------------------+---------+----+---+----+-----+

    * DSP: 
    N/A

    * Memory: 
    N/A

    * FIFO: 
    N/A

    * Expression: 
    +--------------------------------+----------+----+---+----+------------+------------+
    |          Variable Name         | Operation| DSP| FF| LUT| Bitwidth P0| Bitwidth P1|
    +--------------------------------+----------+----+---+----+------------+------------+
    |add_ln110_fu_212_p2             |         +|   0|  0|  12|           4|           1|
    |add_ln113_fu_232_p2             |         +|   0|  0|  15|           8|           5|
    |i_fu_200_p2                     |         +|   0|  0|  12|           4|           1|
    |ap_block_pp0_stage0_01001_grp1  |       and|   0|  0|   2|           1|           1|
    |icmp_ln109_fu_194_p2            |      icmp|   0|  0|  12|           4|           4|
    |icmp_ln110_fu_218_p2            |      icmp|   0|  0|  12|           4|           2|
    |icmp_ln118_fu_332_p2            |      icmp|   0|  0|  12|           4|           5|
    |select_ln110_fu_224_p3          |    select|   0|  0|   4|           1|           1|
    |ap_enable_pp0                   |       xor|   0|  0|   2|           1|           2|
    +--------------------------------+----------+----+---+----+------------+------------+
    |Total                           |          |   0|  0|  83|          31|          22|
    +--------------------------------+----------+----+---+----+------------+------------+

    * Multiplexer: 
    +----------------------------------+----+-----------+-----+-----------+
    |               Name               | LUT| Input Size| Bits| Total Bits|
    +----------------------------------+----+-----------+-----+-----------+
    |ap_done_int                       |   9|          2|    1|          2|
    |ap_enable_reg_pp0_iter1           |   9|          2|    1|          2|
    |ap_sig_allocacmp_i_1              |   9|          2|    4|          8|
    |ap_sig_allocacmp_phi_mul22_load   |   9|          2|    8|         16|
    |ap_sig_allocacmp_phi_urem24_load  |   9|          2|    4|          8|
    |out_stream_TDATA_blk_n            |   9|          2|    1|          2|
    |phi_mul22_fu_96                   |   9|          2|    8|         16|
    |phi_urem24_fu_92                  |   9|          2|    4|          8|
    |rem_fu_100                        |   9|          2|    4|          8|
    +----------------------------------+----+-----------+-----+-----------+
    |Total                             |  81|         18|   35|         70|
    +----------------------------------+----+-----------+-----+-----------+

    * Register: 
    +-------------------------+----+----+-----+-----------+
    |           Name          | FF | LUT| Bits| Const Bits|
    +-------------------------+----+----+-----+-----------+
    |ap_CS_fsm                |   1|   0|    1|          0|
    |ap_done_reg              |   1|   0|    1|          0|
    |ap_enable_reg_pp0_iter1  |   1|   0|    1|          0|
    |icmp_ln118_reg_382       |   1|   0|    1|          0|
    |p_0_reg_377              |  16|   0|   16|          0|
    |phi_mul22_fu_96          |   8|   0|    8|          0|
    |phi_urem24_fu_92         |   4|   0|    4|          0|
    |rem_fu_100               |   4|   0|    4|          0|
    +-------------------------+----+----+-----+-----------+
    |Total                    |  36|   0|   36|          0|
    +-------------------------+----+----+-----+-----------+



================================================================
== Interface
================================================================
* Summary: 
+-------------------+-----+-----+------------+------------------------------+--------------+
|     RTL Ports     | Dir | Bits|  Protocol  |         Source Object        |    C Type    |
+-------------------+-----+-----+------------+------------------------------+--------------+
|ap_clk             |   in|    1|  ap_ctrl_hs|  conv2d_Pipeline_WRITE_OUTPUT|  return value|
|ap_rst             |   in|    1|  ap_ctrl_hs|  conv2d_Pipeline_WRITE_OUTPUT|  return value|
|ap_start           |   in|    1|  ap_ctrl_hs|  conv2d_Pipeline_WRITE_OUTPUT|  return value|
|ap_done            |  out|    1|  ap_ctrl_hs|  conv2d_Pipeline_WRITE_OUTPUT|  return value|
|ap_idle            |  out|    1|  ap_ctrl_hs|  conv2d_Pipeline_WRITE_OUTPUT|  return value|
|ap_ready           |  out|    1|  ap_ctrl_hs|  conv2d_Pipeline_WRITE_OUTPUT|  return value|
|out_stream_TREADY  |   in|    1|        axis|           out_stream_V_data_V|       pointer|
|out_stream_TDATA   |  out|   16|        axis|           out_stream_V_data_V|       pointer|
|output_reload      |   in|   16|     ap_none|                 output_reload|        scalar|
|output_1_reload    |   in|   16|     ap_none|               output_1_reload|        scalar|
|output_2_reload    |   in|   16|     ap_none|               output_2_reload|        scalar|
|output_3_reload    |   in|   16|     ap_none|               output_3_reload|        scalar|
|output_4_reload    |   in|   16|     ap_none|               output_4_reload|        scalar|
|output_5_reload    |   in|   16|     ap_none|               output_5_reload|        scalar|
|output_6_reload    |   in|   16|     ap_none|               output_6_reload|        scalar|
|output_7_reload    |   in|   16|     ap_none|               output_7_reload|        scalar|
|output_8_reload    |   in|   16|     ap_none|               output_8_reload|        scalar|
|out_stream_TVALID  |  out|    1|        axis|           out_stream_V_last_V|       pointer|
|out_stream_TLAST   |  out|    1|        axis|           out_stream_V_last_V|       pointer|
|out_stream_TKEEP   |  out|    2|        axis|           out_stream_V_keep_V|       pointer|
|out_stream_TSTRB   |  out|    2|        axis|           out_stream_V_strb_V|       pointer|
+-------------------+-----+-----+------------+------------------------------+--------------+

