

================================================================
== Vitis HLS Report for 'maxpool_Pipeline_WRITE_OUTPUT'
================================================================
* Date:           Thu Jun 11 16:03:28 2026

* Version:        2025.2 (Build 6295257 on Nov 14 2025)
* Project:        maxpool
* Solution:       hls (Vivado IP Flow Target)
* Product family: zynquplus
* Target device:  xck26-sfvc784-2LV-c


================================================================
== Performance Estimates
================================================================
+ Timing: 
    * Summary: 
    +--------+---------+----------+------------+
    |  Clock |  Target | Estimated| Uncertainty|
    +--------+---------+----------+------------+
    |ap_clk  |  5.00 ns|  1.527 ns|     1.35 ns|
    +--------+---------+----------+------------+

+ Latency: 
    * Summary: 
    +---------+---------+-----------+-----------+-----+-----+-------------------+
    |  Latency (cycles) |   Latency (absolute)  |  Interval |      Pipeline     |
    |   min   |   max   |    min    |    max    | min | max |        Type       |
    +---------+---------+-----------+-----------+-----+-----+-------------------+
    |        6|        6|  30.000 ns|  30.000 ns|    0|    0|  loop pipeline stp|
    +---------+---------+-----------+-----------+-----+-----+-------------------+

    + Detail: 
        * Instance: 
        N/A

        * Loop: 
        +----------------+---------+---------+----------+-----------+-----------+------+----------+
        |                |  Latency (cycles) | Iteration|  Initiation Interval  | Trip |          |
        |    Loop Name   |   min   |   max   |  Latency |  achieved |   target  | Count| Pipelined|
        +----------------+---------+---------+----------+-----------+-----------+------+----------+
        |- WRITE_OUTPUT  |        4|        4|         2|          1|          1|     4|       yes|
        +----------------+---------+---------+----------+-----------+-----------+------+----------+

============================================================
+ Verbose Summary: Synthesis Manager
============================================================
InlineROM: 1
ExposeGlobal: 0
============================================================
+ Verbose Summary: CDFG Model
============================================================
IsTopModel: 0
ResetActiveHigh: 1
IsCombinational: 0
IsDatapathOnly: 0
HasWiredReturn: 1
HasMFsm: 2
HasVarLatency: 1
IsPipeline: 0
IsRtlPipelined: 0
IsInstanceOverlapped: 0
IsDontTouch: 0
HasImplIP: 0
IsGatedGlobalClock: 0

+ Individual pipeline summary: 
  * Pipeline-0: initiation interval (II) = 1, depth = 2


============================================================
+ Verbose Summary: Schedule
============================================================
* Number of FSM states : 2
* Pipeline : 1
  Pipeline-0 : II = 1, D = 2, States = { 1 2 }
* Dataflow Pipeline: 0

* FSM state transitions: 
1 --> 2 
2 --> 

* FSM state operations: 

State 1 <SV = 0> <Delay = 1.52>
ST_1 : Operation 5 [1/1] (0.00ns)   --->   "%i = alloca i32 1" [C:/Users/LAB2_PC10/Desktop/CHINNA/files/maxpool.cpp:63]   --->   Operation 5 'alloca' 'i' <Predicate = true> <Delay = 0.00>
ST_1 : Operation 6 [1/1] (0.00ns)   --->   "%specaxissidechannel_ln0 = specaxissidechannel void @_ssdm_op_SpecAXISSideChannel, i16 %out_stream_V_data_V, i2 %out_stream_V_keep_V, i2 %out_stream_V_strb_V, i1 0, i1 %out_stream_V_last_V, i1 0, i1 0, void @empty_2"   --->   Operation 6 'specaxissidechannel' 'specaxissidechannel_ln0' <Predicate = true> <Delay = 0.00>
ST_1 : Operation 7 [1/1] (0.00ns)   --->   "%specinterface_ln0 = specinterface void @_ssdm_op_SpecInterface, i1 %out_stream_V_last_V, i2 %out_stream_V_strb_V, i2 %out_stream_V_keep_V, i16 %out_stream_V_data_V, void @empty, i32 0, i32 0, void @empty_0, i32 0, i32 0, void @empty_1, void @empty_1, void @empty_1, i32 0, i32 0, i32 0, i32 0, void @empty_1, void @empty_1, i32 4294967295, i32 0, i32 0, i32 0"   --->   Operation 7 'specinterface' 'specinterface_ln0' <Predicate = true> <Delay = 0.00>
ST_1 : Operation 8 [1/1] (0.00ns)   --->   "%output_2_reload_read = read i16 @_ssdm_op_Read.ap_auto.i16, i16 %output_2_reload"   --->   Operation 8 'read' 'output_2_reload_read' <Predicate = true> <Delay = 0.00>
ST_1 : Operation 9 [1/1] (0.00ns)   --->   "%output_3_reload_read = read i16 @_ssdm_op_Read.ap_auto.i16, i16 %output_3_reload"   --->   Operation 9 'read' 'output_3_reload_read' <Predicate = true> <Delay = 0.00>
ST_1 : Operation 10 [1/1] (0.00ns)   --->   "%output_reload_read = read i16 @_ssdm_op_Read.ap_auto.i16, i16 %output_reload"   --->   Operation 10 'read' 'output_reload_read' <Predicate = true> <Delay = 0.00>
ST_1 : Operation 11 [1/1] (0.00ns)   --->   "%output_1_reload_read = read i16 @_ssdm_op_Read.ap_auto.i16, i16 %output_1_reload"   --->   Operation 11 'read' 'output_1_reload_read' <Predicate = true> <Delay = 0.00>
ST_1 : Operation 12 [1/1] (0.42ns)   --->   "%store_ln63 = store i3 0, i3 %i" [C:/Users/LAB2_PC10/Desktop/CHINNA/files/maxpool.cpp:63]   --->   Operation 12 'store' 'store_ln63' <Predicate = true> <Delay = 0.42>
ST_1 : Operation 13 [1/1] (0.00ns)   --->   "%br_ln0 = br void %for.inc70"   --->   Operation 13 'br' 'br_ln0' <Predicate = true> <Delay = 0.00>
ST_1 : Operation 14 [1/1] (0.00ns)   --->   "%i_1 = load i3 %i" [C:/Users/LAB2_PC10/Desktop/CHINNA/files/maxpool.cpp:63]   --->   Operation 14 'load' 'i_1' <Predicate = true> <Delay = 0.00>
ST_1 : Operation 15 [1/1] (0.67ns)   --->   "%icmp_ln63 = icmp_eq  i3 %i_1, i3 4" [C:/Users/LAB2_PC10/Desktop/CHINNA/files/maxpool.cpp:63]   --->   Operation 15 'icmp' 'icmp_ln63' <Predicate = true> <Delay = 0.67> <CoreInst = "Cmp">   --->   Core 9 'Cmp' <Latency = 0> <II = 1> <Delay = 0.67> <FuncUnit> <Opcode : 'seteq' 'setne' 'setle' 'setge' 'setlt' 'setgt'> <InPorts = 2> <OutPorts = 1>
ST_1 : Operation 16 [1/1] (0.67ns)   --->   "%i_2 = add i3 %i_1, i3 1" [C:/Users/LAB2_PC10/Desktop/CHINNA/files/maxpool.cpp:63]   --->   Operation 16 'add' 'i_2' <Predicate = true> <Delay = 0.67> <CoreInst = "Adder">   --->   Core 1 'Adder' <Latency = 0> <II = 1> <Delay = 0.67> <FuncUnit> <Opcode : 'add' 'sub'> <InPorts = 2> <OutPorts = 1>
ST_1 : Operation 17 [1/1] (0.00ns)   --->   "%br_ln63 = br i1 %icmp_ln63, void %for.inc70.split, void %for.end72.exitStub" [C:/Users/LAB2_PC10/Desktop/CHINNA/files/maxpool.cpp:63]   --->   Operation 17 'br' 'br_ln63' <Predicate = true> <Delay = 0.00>
ST_1 : Operation 18 [1/1] (0.00ns)   --->   "%trunc_ln63 = trunc i3 %i_1" [C:/Users/LAB2_PC10/Desktop/CHINNA/files/maxpool.cpp:63]   --->   Operation 18 'trunc' 'trunc_ln63' <Predicate = (!icmp_ln63)> <Delay = 0.00>
ST_1 : Operation 19 [1/1] (0.35ns) (out node of the LUT)   --->   "%select_ln68 = select i1 %trunc_ln63, i16 %output_1_reload_read, i16 %output_reload_read" [C:/Users/LAB2_PC10/Desktop/CHINNA/files/maxpool.cpp:68]   --->   Operation 19 'select' 'select_ln68' <Predicate = (!icmp_ln63)> <Delay = 0.35> <CoreInst = "Sel">   --->   Core 73 'Sel' <Latency = 0> <II = 1> <Delay = 0.35> <FuncUnit> <Opcode : 'select'> <InPorts = 3> <OutPorts = 1>
ST_1 : Operation 20 [1/1] (0.00ns) (grouped into LUT with out node select_ln68_2)   --->   "%select_ln68_1 = select i1 %trunc_ln63, i16 %output_3_reload_read, i16 %output_2_reload_read" [C:/Users/LAB2_PC10/Desktop/CHINNA/files/maxpool.cpp:68]   --->   Operation 20 'select' 'select_ln68_1' <Predicate = (!icmp_ln63)> <Delay = 0.00> <CoreInst = "Sel">   --->   Core 73 'Sel' <Latency = 0> <II = 1> <Delay = 0.35> <FuncUnit> <Opcode : 'select'> <InPorts = 3> <OutPorts = 1>
ST_1 : Operation 21 [1/1] (0.00ns) (grouped into LUT with out node select_ln68_2)   --->   "%tmp = bitselect i1 @_ssdm_op_BitSelect.i1.i3.i32, i3 %i_1, i32 1" [C:/Users/LAB2_PC10/Desktop/CHINNA/files/maxpool.cpp:68]   --->   Operation 21 'bitselect' 'tmp' <Predicate = (!icmp_ln63)> <Delay = 0.00>
ST_1 : Operation 22 [1/1] (0.35ns) (out node of the LUT)   --->   "%select_ln68_2 = select i1 %tmp, i16 %select_ln68_1, i16 %select_ln68" [C:/Users/LAB2_PC10/Desktop/CHINNA/files/maxpool.cpp:68]   --->   Operation 22 'select' 'select_ln68_2' <Predicate = (!icmp_ln63)> <Delay = 0.35> <CoreInst = "Sel">   --->   Core 73 'Sel' <Latency = 0> <II = 1> <Delay = 0.35> <FuncUnit> <Opcode : 'select'> <InPorts = 3> <OutPorts = 1>
ST_1 : Operation 23 [1/1] (0.67ns)   --->   "%icmp_ln70 = icmp_eq  i3 %i_1, i3 3" [C:/Users/LAB2_PC10/Desktop/CHINNA/files/maxpool.cpp:70]   --->   Operation 23 'icmp' 'icmp_ln70' <Predicate = (!icmp_ln63)> <Delay = 0.67> <CoreInst = "Cmp">   --->   Core 9 'Cmp' <Latency = 0> <II = 1> <Delay = 0.67> <FuncUnit> <Opcode : 'seteq' 'setne' 'setle' 'setge' 'setlt' 'setgt'> <InPorts = 2> <OutPorts = 1>
ST_1 : Operation 24 [1/1] (0.42ns)   --->   "%store_ln63 = store i3 %i_2, i3 %i" [C:/Users/LAB2_PC10/Desktop/CHINNA/files/maxpool.cpp:63]   --->   Operation 24 'store' 'store_ln63' <Predicate = (!icmp_ln63)> <Delay = 0.42>
ST_1 : Operation 30 [1/1] (0.42ns)   --->   "%ret_ln0 = ret"   --->   Operation 30 'ret' 'ret_ln0' <Predicate = (icmp_ln63)> <Delay = 0.42>

State 2 <SV = 1> <Delay = 0.45>
ST_2 : Operation 25 [1/1] (0.00ns)   --->   "%specpipeline_ln64 = specpipeline void @_ssdm_op_SpecPipeline, i32 1, i32 0, i32 0, i32 0, i32 4294967295, void @empty_1" [C:/Users/LAB2_PC10/Desktop/CHINNA/files/maxpool.cpp:64]   --->   Operation 25 'specpipeline' 'specpipeline_ln64' <Predicate = true> <Delay = 0.00>
ST_2 : Operation 26 [1/1] (0.00ns)   --->   "%speclooptripcount_ln63 = speclooptripcount void @_ssdm_op_SpecLoopTripCount, i64 4, i64 4, i64 4" [C:/Users/LAB2_PC10/Desktop/CHINNA/files/maxpool.cpp:63]   --->   Operation 26 'speclooptripcount' 'speclooptripcount_ln63' <Predicate = true> <Delay = 0.00>
ST_2 : Operation 27 [1/1] (0.00ns)   --->   "%specloopname_ln63 = specloopname void @_ssdm_op_SpecLoopName, void @empty_5" [C:/Users/LAB2_PC10/Desktop/CHINNA/files/maxpool.cpp:63]   --->   Operation 27 'specloopname' 'specloopname_ln63' <Predicate = true> <Delay = 0.00>
ST_2 : Operation 28 [1/1] ( I:0.45ns O:0.45ns )   --->   "%write_ln71 = write void @_ssdm_op_Write.axis.volatile.i16P0A.i2P0A.i2P0A.i1P0A, i16 %out_stream_V_data_V, i2 %out_stream_V_keep_V, i2 %out_stream_V_strb_V, i1 %out_stream_V_last_V, i16 %select_ln68_2, i2 3, i2 3, i1 %icmp_ln70" [C:/Users/LAB2_PC10/Desktop/CHINNA/files/maxpool.cpp:71]   --->   Operation 28 'write' 'write_ln71' <Predicate = true> <Delay = 0.45> <CoreInst = "regslice">   --->   Core 147 'regslice' <Latency = 0> <II = 1> <Delay = 0.59> <Adapter> <Opcode : 'read' 'write'>
ST_2 : Operation 29 [1/1] (0.00ns)   --->   "%br_ln63 = br void %for.inc70" [C:/Users/LAB2_PC10/Desktop/CHINNA/files/maxpool.cpp:63]   --->   Operation 29 'br' 'br_ln63' <Predicate = true> <Delay = 0.00>


============================================================
+ Verbose Summary: Binding
============================================================
STG Binding: 
---------------- STG Properties BEGIN ----------------
- Is combinational: 0
- Is one-state seq: 0
- Is datapath-only: 0
- Is pipelined: 0
- Is top level: 0
Port [ Return ] is wired: 1; IO mode=ap_ctrl_hs:ce=0
Port [ output_1_reload]:  wired=1; compound=0; hidden=0; nouse=0; global=0; static=0; extern=0; dir=0; type=0; pingpong=0; private_global=0; IO mode=ap_none:ce=0
Port [ output_reload]:  wired=1; compound=0; hidden=0; nouse=0; global=0; static=0; extern=0; dir=0; type=0; pingpong=0; private_global=0; IO mode=ap_none:ce=0
Port [ output_3_reload]:  wired=1; compound=0; hidden=0; nouse=0; global=0; static=0; extern=0; dir=0; type=0; pingpong=0; private_global=0; IO mode=ap_none:ce=0
Port [ output_2_reload]:  wired=1; compound=0; hidden=0; nouse=0; global=0; static=0; extern=0; dir=0; type=0; pingpong=0; private_global=0; IO mode=ap_none:ce=0
Port [ out_stream_V_data_V]:  wired=1; compound=1; hidden=0; nouse=0; global=0; static=0; extern=0; dir=1; type=0; pingpong=0; private_global=0; IO mode=axis:ce=0
Port [ out_stream_V_keep_V]:  wired=1; compound=1; hidden=0; nouse=0; global=0; static=0; extern=0; dir=1; type=0; pingpong=0; private_global=0; IO mode=axis:ce=0
Port [ out_stream_V_strb_V]:  wired=1; compound=1; hidden=0; nouse=0; global=0; static=0; extern=0; dir=1; type=0; pingpong=0; private_global=0; IO mode=axis:ce=0
Port [ out_stream_V_last_V]:  wired=1; compound=1; hidden=0; nouse=0; global=0; static=0; extern=0; dir=1; type=0; pingpong=0; private_global=0; IO mode=axis:ce=0
---------------- STG Properties END ------------------

---------------- Datapath Model BEGIN ----------------

<LifeTime>
<method=bitvector/>
i                       (alloca             ) [ 010]
specaxissidechannel_ln0 (specaxissidechannel) [ 000]
specinterface_ln0       (specinterface      ) [ 000]
output_2_reload_read    (read               ) [ 000]
output_3_reload_read    (read               ) [ 000]
output_reload_read      (read               ) [ 000]
output_1_reload_read    (read               ) [ 000]
store_ln63              (store              ) [ 000]
br_ln0                  (br                 ) [ 000]
i_1                     (load               ) [ 000]
icmp_ln63               (icmp               ) [ 010]
i_2                     (add                ) [ 000]
br_ln63                 (br                 ) [ 000]
trunc_ln63              (trunc              ) [ 000]
select_ln68             (select             ) [ 000]
select_ln68_1           (select             ) [ 000]
tmp                     (bitselect          ) [ 000]
select_ln68_2           (select             ) [ 011]
icmp_ln70               (icmp               ) [ 011]
store_ln63              (store              ) [ 000]
specpipeline_ln64       (specpipeline       ) [ 000]
speclooptripcount_ln63  (speclooptripcount  ) [ 000]
specloopname_ln63       (specloopname       ) [ 000]
write_ln71              (write              ) [ 000]
br_ln63                 (br                 ) [ 000]
ret_ln0                 (ret                ) [ 000]
</LifeTime>

<model>

<comp_list>
<comp id="0" class="1000" name="output_1_reload">
<pin_list>
<pin id="1" dir="1" index="0" bw="1" slack="0"/>
</pin_list>
<bind>
<StgValue><ssdm name="output_1_reload"/></StgValue>
</bind>
</comp>

<comp id="2" class="1000" name="output_reload">
<pin_list>
<pin id="3" dir="1" index="0" bw="1" slack="0"/>
</pin_list>
<bind>
<StgValue><ssdm name="output_reload"/></StgValue>
</bind>
</comp>

<comp id="4" class="1000" name="output_3_reload">
<pin_list>
<pin id="5" dir="1" index="0" bw="1" slack="0"/>
</pin_list>
<bind>
<StgValue><ssdm name="output_3_reload"/></StgValue>
</bind>
</comp>

<comp id="6" class="1000" name="output_2_reload">
<pin_list>
<pin id="7" dir="1" index="0" bw="1" slack="0"/>
</pin_list>
<bind>
<StgValue><ssdm name="output_2_reload"/></StgValue>
</bind>
</comp>

<comp id="8" class="1000" name="out_stream_V_data_V">
<pin_list>
<pin id="9" dir="1" index="0" bw="1" slack="0"/>
</pin_list>
<bind>
<StgValue><ssdm name="out_stream_V_data_V"/></StgValue>
</bind>
</comp>

<comp id="10" class="1000" name="out_stream_V_keep_V">
<pin_list>
<pin id="11" dir="1" index="0" bw="1" slack="0"/>
</pin_list>
<bind>
<StgValue><ssdm name="out_stream_V_keep_V"/></StgValue>
</bind>
</comp>

<comp id="12" class="1000" name="out_stream_V_strb_V">
<pin_list>
<pin id="13" dir="1" index="0" bw="1" slack="0"/>
</pin_list>
<bind>
<StgValue><ssdm name="out_stream_V_strb_V"/></StgValue>
</bind>
</comp>

<comp id="14" class="1000" name="out_stream_V_last_V">
<pin_list>
<pin id="15" dir="1" index="0" bw="1" slack="0"/>
</pin_list>
<bind>
<StgValue><ssdm name="out_stream_V_last_V"/></StgValue>
</bind>
</comp>

<comp id="16" class="1001" name="const_16">
<pin_list>
<pin id="17" dir="1" index="0" bw="1" slack="0"/>
</pin_list>
<bind>
<StgValue><ssdm name=""/></StgValue>
</bind>
</comp>

<comp id="18" class="1001" name="const_18">
<pin_list>
<pin id="19" dir="1" index="0" bw="1" slack="2147483647"/>
</pin_list>
<bind>
<StgValue><ssdm name="_ssdm_op_SpecAXISSideChannel"/></StgValue>
</bind>
</comp>

<comp id="20" class="1001" name="const_20">
<pin_list>
<pin id="21" dir="1" index="0" bw="1" slack="2147483647"/>
</pin_list>
<bind>
<StgValue><ssdm name=""/></StgValue>
</bind>
</comp>

<comp id="22" class="1001" name="const_22">
<pin_list>
<pin id="23" dir="1" index="0" bw="1" slack="2147483647"/>
</pin_list>
<bind>
<StgValue><ssdm name="empty_2"/></StgValue>
</bind>
</comp>

<comp id="24" class="1001" name="const_24">
<pin_list>
<pin id="25" dir="1" index="0" bw="1" slack="2147483647"/>
</pin_list>
<bind>
<StgValue><ssdm name="_ssdm_op_SpecInterface"/></StgValue>
</bind>
</comp>

<comp id="26" class="1001" name="const_26">
<pin_list>
<pin id="27" dir="1" index="0" bw="1" slack="2147483647"/>
</pin_list>
<bind>
<StgValue><ssdm name="empty"/></StgValue>
</bind>
</comp>

<comp id="28" class="1001" name="const_28">
<pin_list>
<pin id="29" dir="1" index="0" bw="1" slack="2147483647"/>
</pin_list>
<bind>
<StgValue><ssdm name=""/></StgValue>
</bind>
</comp>

<comp id="30" class="1001" name="const_30">
<pin_list>
<pin id="31" dir="1" index="0" bw="1" slack="2147483647"/>
</pin_list>
<bind>
<StgValue><ssdm name="empty_0"/></StgValue>
</bind>
</comp>

<comp id="32" class="1001" name="const_32">
<pin_list>
<pin id="33" dir="1" index="0" bw="1" slack="2147483647"/>
</pin_list>
<bind>
<StgValue><ssdm name="empty_1"/></StgValue>
</bind>
</comp>

<comp id="34" class="1001" name="const_34">
<pin_list>
<pin id="35" dir="1" index="0" bw="1" slack="2147483647"/>
</pin_list>
<bind>
<StgValue><ssdm name=""/></StgValue>
</bind>
</comp>

<comp id="36" class="1001" name="const_36">
<pin_list>
<pin id="37" dir="1" index="0" bw="1" slack="0"/>
</pin_list>
<bind>
<StgValue><ssdm name="_ssdm_op_Read.ap_auto.i16"/></StgValue>
</bind>
</comp>

<comp id="38" class="1001" name="const_38">
<pin_list>
<pin id="39" dir="1" index="0" bw="1" slack="0"/>
</pin_list>
<bind>
<StgValue><ssdm name=""/></StgValue>
</bind>
</comp>

<comp id="40" class="1001" name="const_40">
<pin_list>
<pin id="41" dir="1" index="0" bw="1" slack="0"/>
</pin_list>
<bind>
<StgValue><ssdm name=""/></StgValue>
</bind>
</comp>

<comp id="42" class="1001" name="const_42">
<pin_list>
<pin id="43" dir="1" index="0" bw="1" slack="0"/>
</pin_list>
<bind>
<StgValue><ssdm name=""/></StgValue>
</bind>
</comp>

<comp id="44" class="1001" name="const_44">
<pin_list>
<pin id="45" dir="1" index="0" bw="1" slack="0"/>
</pin_list>
<bind>
<StgValue><ssdm name="_ssdm_op_BitSelect.i1.i3.i32"/></StgValue>
</bind>
</comp>

<comp id="46" class="1001" name="const_46">
<pin_list>
<pin id="47" dir="1" index="0" bw="1" slack="0"/>
</pin_list>
<bind>
<StgValue><ssdm name=""/></StgValue>
</bind>
</comp>

<comp id="48" class="1001" name="const_48">
<pin_list>
<pin id="49" dir="1" index="0" bw="1" slack="2147483647"/>
</pin_list>
<bind>
<StgValue><ssdm name="_ssdm_op_SpecPipeline"/></StgValue>
</bind>
</comp>

<comp id="50" class="1001" name="const_50">
<pin_list>
<pin id="51" dir="1" index="0" bw="1" slack="2147483647"/>
</pin_list>
<bind>
<StgValue><ssdm name="_ssdm_op_SpecLoopTripCount"/></StgValue>
</bind>
</comp>

<comp id="52" class="1001" name="const_52">
<pin_list>
<pin id="53" dir="1" index="0" bw="1" slack="2147483647"/>
</pin_list>
<bind>
<StgValue><ssdm name=""/></StgValue>
</bind>
</comp>

<comp id="54" class="1001" name="const_54">
<pin_list>
<pin id="55" dir="1" index="0" bw="1" slack="2147483647"/>
</pin_list>
<bind>
<StgValue><ssdm name="_ssdm_op_SpecLoopName"/></StgValue>
</bind>
</comp>

<comp id="56" class="1001" name="const_56">
<pin_list>
<pin id="57" dir="1" index="0" bw="1" slack="2147483647"/>
</pin_list>
<bind>
<StgValue><ssdm name="empty_5"/></StgValue>
</bind>
</comp>

<comp id="58" class="1001" name="const_58">
<pin_list>
<pin id="59" dir="1" index="0" bw="1" slack="0"/>
</pin_list>
<bind>
<StgValue><ssdm name="_ssdm_op_Write.axis.volatile.i16P0A.i2P0A.i2P0A.i1P0A"/></StgValue>
</bind>
</comp>

<comp id="60" class="1001" name="const_60">
<pin_list>
<pin id="61" dir="1" index="0" bw="1" slack="0"/>
</pin_list>
<bind>
<StgValue><ssdm name=""/></StgValue>
</bind>
</comp>

<comp id="62" class="1004" name="i_fu_62">
<pin_list>
<pin id="63" dir="0" index="0" bw="1" slack="0"/>
<pin id="64" dir="1" index="1" bw="3" slack="0"/>
</pin_list>
<bind>
<opcode="alloca(26) " fcode="alloca"/>
<opset="i/1 "/>
</bind>
</comp>

<comp id="66" class="1004" name="output_2_reload_read_read_fu_66">
<pin_list>
<pin id="67" dir="0" index="0" bw="16" slack="0"/>
<pin id="68" dir="0" index="1" bw="16" slack="0"/>
<pin id="69" dir="1" index="2" bw="16" slack="0"/>
</pin_list>
<bind>
<opcode="read(1150) " fcode="read"/>
<opset="output_2_reload_read/1 "/>
</bind>
</comp>

<comp id="72" class="1004" name="output_3_reload_read_read_fu_72">
<pin_list>
<pin id="73" dir="0" index="0" bw="16" slack="0"/>
<pin id="74" dir="0" index="1" bw="16" slack="0"/>
<pin id="75" dir="1" index="2" bw="16" slack="0"/>
</pin_list>
<bind>
<opcode="read(1150) " fcode="read"/>
<opset="output_3_reload_read/1 "/>
</bind>
</comp>

<comp id="78" class="1004" name="output_reload_read_read_fu_78">
<pin_list>
<pin id="79" dir="0" index="0" bw="16" slack="0"/>
<pin id="80" dir="0" index="1" bw="16" slack="0"/>
<pin id="81" dir="1" index="2" bw="16" slack="0"/>
</pin_list>
<bind>
<opcode="read(1150) " fcode="read"/>
<opset="output_reload_read/1 "/>
</bind>
</comp>

<comp id="84" class="1004" name="output_1_reload_read_read_fu_84">
<pin_list>
<pin id="85" dir="0" index="0" bw="16" slack="0"/>
<pin id="86" dir="0" index="1" bw="16" slack="0"/>
<pin id="87" dir="1" index="2" bw="16" slack="0"/>
</pin_list>
<bind>
<opcode="read(1150) " fcode="read"/>
<opset="output_1_reload_read/1 "/>
</bind>
</comp>

<comp id="90" class="1004" name="write_ln71_write_fu_90">
<pin_list>
<pin id="91" dir="0" index="0" bw="0" slack="0"/>
<pin id="92" dir="0" index="1" bw="16" slack="0"/>
<pin id="93" dir="0" index="2" bw="2" slack="0"/>
<pin id="94" dir="0" index="3" bw="2" slack="0"/>
<pin id="95" dir="0" index="4" bw="1" slack="0"/>
<pin id="96" dir="0" index="5" bw="16" slack="1"/>
<pin id="97" dir="0" index="6" bw="1" slack="0"/>
<pin id="98" dir="0" index="7" bw="1" slack="0"/>
<pin id="99" dir="0" index="8" bw="1" slack="1"/>
<pin id="100" dir="1" index="9" bw="0" slack="2147483647"/>
</pin_list>
<bind>
<opcode="write(1151) " fcode="write"/>
<opset="write_ln71/2 "/>
</bind>
</comp>

<comp id="108" class="1004" name="store_ln63_store_fu_108">
<pin_list>
<pin id="109" dir="0" index="0" bw="1" slack="0"/>
<pin id="110" dir="0" index="1" bw="3" slack="0"/>
<pin id="111" dir="1" index="2" bw="0" slack="2147483647"/>
</pin_list>
<bind>
<opcode="store(28) " fcode="store"/>
<opset="store_ln63/1 "/>
</bind>
</comp>

<comp id="113" class="1004" name="i_1_load_fu_113">
<pin_list>
<pin id="114" dir="0" index="0" bw="3" slack="0"/>
<pin id="115" dir="1" index="1" bw="3" slack="0"/>
</pin_list>
<bind>
<opcode="load(27) " fcode="load"/>
<opset="i_1/1 "/>
</bind>
</comp>

<comp id="116" class="1004" name="icmp_ln63_fu_116">
<pin_list>
<pin id="117" dir="0" index="0" bw="3" slack="0"/>
<pin id="118" dir="0" index="1" bw="3" slack="0"/>
<pin id="119" dir="1" index="2" bw="1" slack="2147483647"/>
</pin_list>
<bind>
<opcode="icmp(45) " fcode="icmp"/>
<opset="icmp_ln63/1 "/>
</bind>
</comp>

<comp id="122" class="1004" name="i_2_fu_122">
<pin_list>
<pin id="123" dir="0" index="0" bw="3" slack="0"/>
<pin id="124" dir="0" index="1" bw="1" slack="0"/>
<pin id="125" dir="1" index="2" bw="3" slack="0"/>
</pin_list>
<bind>
<opcode="add(8) " fcode="add"/>
<opset="i_2/1 "/>
</bind>
</comp>

<comp id="128" class="1004" name="trunc_ln63_fu_128">
<pin_list>
<pin id="129" dir="0" index="0" bw="3" slack="0"/>
<pin id="130" dir="1" index="1" bw="1" slack="0"/>
</pin_list>
<bind>
<opcode="trunc(33) " fcode="trunc"/>
<opset="trunc_ln63/1 "/>
</bind>
</comp>

<comp id="132" class="1004" name="select_ln68_fu_132">
<pin_list>
<pin id="133" dir="0" index="0" bw="1" slack="0"/>
<pin id="134" dir="0" index="1" bw="16" slack="0"/>
<pin id="135" dir="0" index="2" bw="16" slack="0"/>
<pin id="136" dir="1" index="3" bw="16" slack="0"/>
</pin_list>
<bind>
<opcode="select(49) " fcode="select"/>
<opset="select_ln68/1 "/>
</bind>
</comp>

<comp id="140" class="1004" name="select_ln68_1_fu_140">
<pin_list>
<pin id="141" dir="0" index="0" bw="1" slack="0"/>
<pin id="142" dir="0" index="1" bw="16" slack="0"/>
<pin id="143" dir="0" index="2" bw="16" slack="0"/>
<pin id="144" dir="1" index="3" bw="16" slack="0"/>
</pin_list>
<bind>
<opcode="select(49) " fcode="select"/>
<opset="select_ln68_1/1 "/>
</bind>
</comp>

<comp id="148" class="1004" name="tmp_fu_148">
<pin_list>
<pin id="149" dir="0" index="0" bw="1" slack="0"/>
<pin id="150" dir="0" index="1" bw="3" slack="0"/>
<pin id="151" dir="0" index="2" bw="1" slack="0"/>
<pin id="152" dir="1" index="3" bw="1" slack="0"/>
</pin_list>
<bind>
<opcode="bitselect(1000) " fcode="bitselect"/>
<opset="tmp/1 "/>
</bind>
</comp>

<comp id="156" class="1004" name="select_ln68_2_fu_156">
<pin_list>
<pin id="157" dir="0" index="0" bw="1" slack="0"/>
<pin id="158" dir="0" index="1" bw="16" slack="0"/>
<pin id="159" dir="0" index="2" bw="16" slack="0"/>
<pin id="160" dir="1" index="3" bw="16" slack="1"/>
</pin_list>
<bind>
<opcode="select(49) " fcode="select"/>
<opset="select_ln68_2/1 "/>
</bind>
</comp>

<comp id="164" class="1004" name="icmp_ln70_fu_164">
<pin_list>
<pin id="165" dir="0" index="0" bw="3" slack="0"/>
<pin id="166" dir="0" index="1" bw="3" slack="0"/>
<pin id="167" dir="1" index="2" bw="1" slack="1"/>
</pin_list>
<bind>
<opcode="icmp(45) " fcode="icmp"/>
<opset="icmp_ln70/1 "/>
</bind>
</comp>

<comp id="170" class="1004" name="store_ln63_store_fu_170">
<pin_list>
<pin id="171" dir="0" index="0" bw="3" slack="0"/>
<pin id="172" dir="0" index="1" bw="3" slack="0"/>
<pin id="173" dir="1" index="2" bw="0" slack="2147483647"/>
</pin_list>
<bind>
<opcode="store(28) " fcode="store"/>
<opset="store_ln63/1 "/>
</bind>
</comp>

<comp id="175" class="1005" name="i_reg_175">
<pin_list>
<pin id="176" dir="0" index="0" bw="3" slack="0"/>
<pin id="177" dir="1" index="1" bw="3" slack="0"/>
</pin_list>
<bind>
<opset="i "/>
</bind>
</comp>

<comp id="185" class="1005" name="select_ln68_2_reg_185">
<pin_list>
<pin id="186" dir="0" index="0" bw="16" slack="1"/>
<pin id="187" dir="1" index="1" bw="16" slack="1"/>
</pin_list>
<bind>
<opset="select_ln68_2 "/>
</bind>
</comp>

<comp id="190" class="1005" name="icmp_ln70_reg_190">
<pin_list>
<pin id="191" dir="0" index="0" bw="1" slack="1"/>
<pin id="192" dir="1" index="1" bw="1" slack="1"/>
</pin_list>
<bind>
<opset="icmp_ln70 "/>
</bind>
</comp>

</comp_list>

<net_list>
<net id="65"><net_src comp="16" pin="0"/><net_sink comp="62" pin=0"/></net>

<net id="70"><net_src comp="36" pin="0"/><net_sink comp="66" pin=0"/></net>

<net id="71"><net_src comp="6" pin="0"/><net_sink comp="66" pin=1"/></net>

<net id="76"><net_src comp="36" pin="0"/><net_sink comp="72" pin=0"/></net>

<net id="77"><net_src comp="4" pin="0"/><net_sink comp="72" pin=1"/></net>

<net id="82"><net_src comp="36" pin="0"/><net_sink comp="78" pin=0"/></net>

<net id="83"><net_src comp="2" pin="0"/><net_sink comp="78" pin=1"/></net>

<net id="88"><net_src comp="36" pin="0"/><net_sink comp="84" pin=0"/></net>

<net id="89"><net_src comp="0" pin="0"/><net_sink comp="84" pin=1"/></net>

<net id="101"><net_src comp="58" pin="0"/><net_sink comp="90" pin=0"/></net>

<net id="102"><net_src comp="8" pin="0"/><net_sink comp="90" pin=1"/></net>

<net id="103"><net_src comp="10" pin="0"/><net_sink comp="90" pin=2"/></net>

<net id="104"><net_src comp="12" pin="0"/><net_sink comp="90" pin=3"/></net>

<net id="105"><net_src comp="14" pin="0"/><net_sink comp="90" pin=4"/></net>

<net id="106"><net_src comp="60" pin="0"/><net_sink comp="90" pin=6"/></net>

<net id="107"><net_src comp="60" pin="0"/><net_sink comp="90" pin=7"/></net>

<net id="112"><net_src comp="38" pin="0"/><net_sink comp="108" pin=0"/></net>

<net id="120"><net_src comp="113" pin="1"/><net_sink comp="116" pin=0"/></net>

<net id="121"><net_src comp="40" pin="0"/><net_sink comp="116" pin=1"/></net>

<net id="126"><net_src comp="113" pin="1"/><net_sink comp="122" pin=0"/></net>

<net id="127"><net_src comp="42" pin="0"/><net_sink comp="122" pin=1"/></net>

<net id="131"><net_src comp="113" pin="1"/><net_sink comp="128" pin=0"/></net>

<net id="137"><net_src comp="128" pin="1"/><net_sink comp="132" pin=0"/></net>

<net id="138"><net_src comp="84" pin="2"/><net_sink comp="132" pin=1"/></net>

<net id="139"><net_src comp="78" pin="2"/><net_sink comp="132" pin=2"/></net>

<net id="145"><net_src comp="128" pin="1"/><net_sink comp="140" pin=0"/></net>

<net id="146"><net_src comp="72" pin="2"/><net_sink comp="140" pin=1"/></net>

<net id="147"><net_src comp="66" pin="2"/><net_sink comp="140" pin=2"/></net>

<net id="153"><net_src comp="44" pin="0"/><net_sink comp="148" pin=0"/></net>

<net id="154"><net_src comp="113" pin="1"/><net_sink comp="148" pin=1"/></net>

<net id="155"><net_src comp="16" pin="0"/><net_sink comp="148" pin=2"/></net>

<net id="161"><net_src comp="148" pin="3"/><net_sink comp="156" pin=0"/></net>

<net id="162"><net_src comp="140" pin="3"/><net_sink comp="156" pin=1"/></net>

<net id="163"><net_src comp="132" pin="3"/><net_sink comp="156" pin=2"/></net>

<net id="168"><net_src comp="113" pin="1"/><net_sink comp="164" pin=0"/></net>

<net id="169"><net_src comp="46" pin="0"/><net_sink comp="164" pin=1"/></net>

<net id="174"><net_src comp="122" pin="2"/><net_sink comp="170" pin=0"/></net>

<net id="178"><net_src comp="62" pin="1"/><net_sink comp="175" pin=0"/></net>

<net id="179"><net_src comp="175" pin="1"/><net_sink comp="108" pin=1"/></net>

<net id="180"><net_src comp="175" pin="1"/><net_sink comp="113" pin=0"/></net>

<net id="181"><net_src comp="175" pin="1"/><net_sink comp="170" pin=1"/></net>

<net id="188"><net_src comp="156" pin="3"/><net_sink comp="185" pin=0"/></net>

<net id="189"><net_src comp="185" pin="1"/><net_sink comp="90" pin=5"/></net>

<net id="193"><net_src comp="164" pin="2"/><net_sink comp="190" pin=0"/></net>

<net id="194"><net_src comp="190" pin="1"/><net_sink comp="90" pin=8"/></net>

</net_list>

</model> 
---------------- Datapath Model END ------------------

* FSMD analyzer results:
  - Output states:
	Port: out_stream_V_data_V | {2 }
	Port: out_stream_V_keep_V | {2 }
	Port: out_stream_V_strb_V | {2 }
	Port: out_stream_V_last_V | {2 }
 - Input state : 
	Port: maxpool_Pipeline_WRITE_OUTPUT : output_1_reload | {1 }
	Port: maxpool_Pipeline_WRITE_OUTPUT : output_reload | {1 }
	Port: maxpool_Pipeline_WRITE_OUTPUT : output_3_reload | {1 }
	Port: maxpool_Pipeline_WRITE_OUTPUT : output_2_reload | {1 }
  - Chain level:
	State 1
		store_ln63 : 1
		i_1 : 1
		icmp_ln63 : 2
		i_2 : 2
		br_ln63 : 3
		trunc_ln63 : 2
		select_ln68 : 3
		select_ln68_1 : 3
		tmp : 2
		select_ln68_2 : 4
		icmp_ln70 : 2
		store_ln63 : 3
	State 2


============================================================
+ Verbose Summary: Datapath Resource usage 
============================================================

* Functional unit list:
|----------|---------------------------------|---------|---------|
| Operation|         Functional Unit         |    FF   |   LUT   |
|----------|---------------------------------|---------|---------|
|          |        select_ln68_fu_132       |    0    |    16   |
|  select  |       select_ln68_1_fu_140      |    0    |    16   |
|          |       select_ln68_2_fu_156      |    0    |    16   |
|----------|---------------------------------|---------|---------|
|   icmp   |         icmp_ln63_fu_116        |    0    |    10   |
|          |         icmp_ln70_fu_164        |    0    |    10   |
|----------|---------------------------------|---------|---------|
|    add   |            i_2_fu_122           |    0    |    10   |
|----------|---------------------------------|---------|---------|
|          | output_2_reload_read_read_fu_66 |    0    |    0    |
|   read   | output_3_reload_read_read_fu_72 |    0    |    0    |
|          |  output_reload_read_read_fu_78  |    0    |    0    |
|          | output_1_reload_read_read_fu_84 |    0    |    0    |
|----------|---------------------------------|---------|---------|
|   write  |      write_ln71_write_fu_90     |    0    |    0    |
|----------|---------------------------------|---------|---------|
|   trunc  |        trunc_ln63_fu_128        |    0    |    0    |
|----------|---------------------------------|---------|---------|
| bitselect|            tmp_fu_148           |    0    |    0    |
|----------|---------------------------------|---------|---------|
|   Total  |                                 |    0    |    78   |
|----------|---------------------------------|---------|---------|

Memories:
N/A

* Register list:
+---------------------+--------+
|                     |   FF   |
+---------------------+--------+
|      i_reg_175      |    3   |
|  icmp_ln70_reg_190  |    1   |
|select_ln68_2_reg_185|   16   |
+---------------------+--------+
|        Total        |   20   |
+---------------------+--------+

* Multiplexer (MUX) list: 
|--------|------|------|------|--------|
|  Comp  |  Pin | Size |  BW  | S x BW |
|--------|------|------|------|--------|
|  Total |      |      |      |    0   |
|--------|------|------|------|--------|



* Summary:
+-----------+--------+--------+
|           |   FF   |   LUT  |
+-----------+--------+--------+
|  Function |    0   |   78   |
|   Memory  |    -   |    -   |
|Multiplexer|    -   |    -   |
|  Register |   20   |    -   |
+-----------+--------+--------+
|   Total   |   20   |   78   |
+-----------+--------+--------+
