

================================================================
== Vitis HLS Report for 'maxpool_Pipeline_WRITE_OUTPUT'
================================================================
* Date:           Thu Jun 11 16:03:28 2026

* Version:        2025.2 (Build 6295257 on Nov 14 2025)
* Project:        maxpool
* Solution:       hls (Vivado IP Flow Target)
* Product family: zynquplus
* Target device:  xck26-sfvc784-2LV-c


================================================================
== Performance Estimates
================================================================
+ Timing: 
    * Summary: 
    +--------+---------+----------+------------+
    |  Clock |  Target | Estimated| Uncertainty|
    +--------+---------+----------+------------+
    |ap_clk  |  5.00 ns|  1.527 ns|     1.35 ns|
    +--------+---------+----------+------------+

+ Latency: 
    * Summary: 
    +---------+---------+-----------+-----------+-----+-----+-------------------+
    |  Latency (cycles) |   Latency (absolute)  |  Interval |      Pipeline     |
    |   min   |   max   |    min    |    max    | min | max |        Type       |
    +---------+---------+-----------+-----------+-----+-----+-------------------+
    |        6|        6|  30.000 ns|  30.000 ns|    0|    0|  loop pipeline stp|
    +---------+---------+-----------+-----------+-----+-----+-------------------+

    + Detail: 
        * Instance: 
        N/A

        * Loop: 
        +----------------+---------+---------+----------+-----------+-----------+------+----------+
        |                |  Latency (cycles) | Iteration|  Initiation Interval  | Trip |          |
        |    Loop Name   |   min   |   max   |  Latency |  achieved |   target  | Count| Pipelined|
        +----------------+---------+---------+----------+-----------+-----------+------+----------+
        |- WRITE_OUTPUT  |        4|        4|         2|          1|          1|     4|       yes|
        +----------------+---------+---------+----------+-----------+-----------+------+----------+

============================================================
+ Verbose Summary: Synthesis Manager
============================================================
InlineROM: 1
ExposeGlobal: 0
============================================================
+ Verbose Summary: CDFG Model
============================================================
IsTopModel: 0
ResetActiveHigh: 1
IsCombinational: 0
IsDatapathOnly: 0
HasWiredReturn: 1
HasMFsm: 2
HasVarLatency: 1
IsPipeline: 0
IsRtlPipelined: 0
IsInstanceOverlapped: 0
IsDontTouch: 0
HasImplIP: 0
IsGatedGlobalClock: 0

+ Individual pipeline summary: 
  * Pipeline-0: initiation interval (II) = 1, depth = 2


============================================================
+ Verbose Summary: Schedule
============================================================
* Number of FSM states : 2
* Pipeline : 1
  Pipeline-0 : II = 1, D = 2, States = { 1 2 }
* Dataflow Pipeline: 0

* FSM state transitions: 
1 --> 2 
2 --> 

* FSM state operations: 

State 1 <SV = 0> <Delay = 1.52>
ST_1 : Operation 5 [1/1] (0.00ns)   --->   "%i = alloca i32 1" [C:/Users/LAB2_PC10/Desktop/CHINNA/files/maxpool.cpp:63]   --->   Operation 5 'alloca' 'i' <Predicate = true> <Delay = 0.00>
ST_1 : Operation 6 [1/1] (0.00ns)   --->   "%specaxissidechannel_ln0 = specaxissidechannel void @_ssdm_op_SpecAXISSideChannel, i16 %out_stream_V_data_V, i2 %out_stream_V_keep_V, i2 %out_stream_V_strb_V, i1 0, i1 %out_stream_V_last_V, i1 0, i1 0, void @empty_2"   --->   Operation 6 'specaxissidechannel' 'specaxissidechannel_ln0' <Predicate = true> <Delay = 0.00>
ST_1 : Operation 7 [1/1] (0.00ns)   --->   "%specinterface_ln0 = specinterface void @_ssdm_op_SpecInterface, i1 %out_stream_V_last_V, i2 %out_stream_V_strb_V, i2 %out_stream_V_keep_V, i16 %out_stream_V_data_V, void @empty, i32 0, i32 0, void @empty_0, i32 0, i32 0, void @empty_1, void @empty_1, void @empty_1, i32 0, i32 0, i32 0, i32 0, void @empty_1, void @empty_1, i32 4294967295, i32 0, i32 0, i32 0"   --->   Operation 7 'specinterface' 'specinterface_ln0' <Predicate = true> <Delay = 0.00>
ST_1 : Operation 8 [1/1] (0.00ns)   --->   "%output_2_reload_read = read i16 @_ssdm_op_Read.ap_auto.i16, i16 %output_2_reload"   --->   Operation 8 'read' 'output_2_reload_read' <Predicate = true> <Delay = 0.00>
ST_1 : Operation 9 [1/1] (0.00ns)   --->   "%output_3_reload_read = read i16 @_ssdm_op_Read.ap_auto.i16, i16 %output_3_reload"   --->   Operation 9 'read' 'output_3_reload_read' <Predicate = true> <Delay = 0.00>
ST_1 : Operation 10 [1/1] (0.00ns)   --->   "%output_reload_read = read i16 @_ssdm_op_Read.ap_auto.i16, i16 %output_reload"   --->   Operation 10 'read' 'output_reload_read' <Predicate = true> <Delay = 0.00>
ST_1 : Operation 11 [1/1] (0.00ns)   --->   "%output_1_reload_read = read i16 @_ssdm_op_Read.ap_auto.i16, i16 %output_1_reload"   --->   Operation 11 'read' 'output_1_reload_read' <Predicate = true> <Delay = 0.00>
ST_1 : Operation 12 [1/1] (0.42ns)   --->   "%store_ln63 = store i3 0, i3 %i" [C:/Users/LAB2_PC10/Desktop/CHINNA/files/maxpool.cpp:63]   --->   Operation 12 'store' 'store_ln63' <Predicate = true> <Delay = 0.42>
ST_1 : Operation 13 [1/1] (0.00ns)   --->   "%br_ln0 = br void %for.inc70"   --->   Operation 13 'br' 'br_ln0' <Predicate = true> <Delay = 0.00>
ST_1 : Operation 14 [1/1] (0.00ns)   --->   "%i_1 = load i3 %i" [C:/Users/LAB2_PC10/Desktop/CHINNA/files/maxpool.cpp:63]   --->   Operation 14 'load' 'i_1' <Predicate = true> <Delay = 0.00>
ST_1 : Operation 15 [1/1] (0.67ns)   --->   "%icmp_ln63 = icmp_eq  i3 %i_1, i3 4" [C:/Users/LAB2_PC10/Desktop/CHINNA/files/maxpool.cpp:63]   --->   Operation 15 'icmp' 'icmp_ln63' <Predicate = true> <Delay = 0.67> <CoreInst = "Cmp">   --->   Core 9 'Cmp' <Latency = 0> <II = 1> <Delay = 0.67> <FuncUnit> <Opcode : 'seteq' 'setne' 'setle' 'setge' 'setlt' 'setgt'> <InPorts = 2> <OutPorts = 1>
ST_1 : Operation 16 [1/1] (0.67ns)   --->   "%i_2 = add i3 %i_1, i3 1" [C:/Users/LAB2_PC10/Desktop/CHINNA/files/maxpool.cpp:63]   --->   Operation 16 'add' 'i_2' <Predicate = true> <Delay = 0.67> <CoreInst = "Adder">   --->   Core 1 'Adder' <Latency = 0> <II = 1> <Delay = 0.67> <FuncUnit> <Opcode : 'add' 'sub'> <InPorts = 2> <OutPorts = 1>
ST_1 : Operation 17 [1/1] (0.00ns)   --->   "%br_ln63 = br i1 %icmp_ln63, void %for.inc70.split, void %for.end72.exitStub" [C:/Users/LAB2_PC10/Desktop/CHINNA/files/maxpool.cpp:63]   --->   Operation 17 'br' 'br_ln63' <Predicate = true> <Delay = 0.00>
ST_1 : Operation 18 [1/1] (0.00ns)   --->   "%trunc_ln63 = trunc i3 %i_1" [C:/Users/LAB2_PC10/Desktop/CHINNA/files/maxpool.cpp:63]   --->   Operation 18 'trunc' 'trunc_ln63' <Predicate = (!icmp_ln63)> <Delay = 0.00>
ST_1 : Operation 19 [1/1] (0.35ns) (out node of the LUT)   --->   "%select_ln68 = select i1 %trunc_ln63, i16 %output_1_reload_read, i16 %output_reload_read" [C:/Users/LAB2_PC10/Desktop/CHINNA/files/maxpool.cpp:68]   --->   Operation 19 'select' 'select_ln68' <Predicate = (!icmp_ln63)> <Delay = 0.35> <CoreInst = "Sel">   --->   Core 73 'Sel' <Latency = 0> <II = 1> <Delay = 0.35> <FuncUnit> <Opcode : 'select'> <InPorts = 3> <OutPorts = 1>
ST_1 : Operation 20 [1/1] (0.00ns) (grouped into LUT with out node select_ln68_2)   --->   "%select_ln68_1 = select i1 %trunc_ln63, i16 %output_3_reload_read, i16 %output_2_reload_read" [C:/Users/LAB2_PC10/Desktop/CHINNA/files/maxpool.cpp:68]   --->   Operation 20 'select' 'select_ln68_1' <Predicate = (!icmp_ln63)> <Delay = 0.00> <CoreInst = "Sel">   --->   Core 73 'Sel' <Latency = 0> <II = 1> <Delay = 0.35> <FuncUnit> <Opcode : 'select'> <InPorts = 3> <OutPorts = 1>
ST_1 : Operation 21 [1/1] (0.00ns) (grouped into LUT with out node select_ln68_2)   --->   "%tmp = bitselect i1 @_ssdm_op_BitSelect.i1.i3.i32, i3 %i_1, i32 1" [C:/Users/LAB2_PC10/Desktop/CHINNA/files/maxpool.cpp:68]   --->   Operation 21 'bitselect' 'tmp' <Predicate = (!icmp_ln63)> <Delay = 0.00>
ST_1 : Operation 22 [1/1] (0.35ns) (out node of the LUT)   --->   "%select_ln68_2 = select i1 %tmp, i16 %select_ln68_1, i16 %select_ln68" [C:/Users/LAB2_PC10/Desktop/CHINNA/files/maxpool.cpp:68]   --->   Operation 22 'select' 'select_ln68_2' <Predicate = (!icmp_ln63)> <Delay = 0.35> <CoreInst = "Sel">   --->   Core 73 'Sel' <Latency = 0> <II = 1> <Delay = 0.35> <FuncUnit> <Opcode : 'select'> <InPorts = 3> <OutPorts = 1>
ST_1 : Operation 23 [1/1] (0.67ns)   --->   "%icmp_ln70 = icmp_eq  i3 %i_1, i3 3" [C:/Users/LAB2_PC10/Desktop/CHINNA/files/maxpool.cpp:70]   --->   Operation 23 'icmp' 'icmp_ln70' <Predicate = (!icmp_ln63)> <Delay = 0.67> <CoreInst = "Cmp">   --->   Core 9 'Cmp' <Latency = 0> <II = 1> <Delay = 0.67> <FuncUnit> <Opcode : 'seteq' 'setne' 'setle' 'setge' 'setlt' 'setgt'> <InPorts = 2> <OutPorts = 1>
ST_1 : Operation 24 [1/1] (0.42ns)   --->   "%store_ln63 = store i3 %i_2, i3 %i" [C:/Users/LAB2_PC10/Desktop/CHINNA/files/maxpool.cpp:63]   --->   Operation 24 'store' 'store_ln63' <Predicate = (!icmp_ln63)> <Delay = 0.42>
ST_1 : Operation 30 [1/1] (0.42ns)   --->   "%ret_ln0 = ret"   --->   Operation 30 'ret' 'ret_ln0' <Predicate = (icmp_ln63)> <Delay = 0.42>

State 2 <SV = 1> <Delay = 0.45>
ST_2 : Operation 25 [1/1] (0.00ns)   --->   "%specpipeline_ln64 = specpipeline void @_ssdm_op_SpecPipeline, i32 1, i32 0, i32 0, i32 0, i32 4294967295, void @empty_1" [C:/Users/LAB2_PC10/Desktop/CHINNA/files/maxpool.cpp:64]   --->   Operation 25 'specpipeline' 'specpipeline_ln64' <Predicate = true> <Delay = 0.00>
ST_2 : Operation 26 [1/1] (0.00ns)   --->   "%speclooptripcount_ln63 = speclooptripcount void @_ssdm_op_SpecLoopTripCount, i64 4, i64 4, i64 4" [C:/Users/LAB2_PC10/Desktop/CHINNA/files/maxpool.cpp:63]   --->   Operation 26 'speclooptripcount' 'speclooptripcount_ln63' <Predicate = true> <Delay = 0.00>
ST_2 : Operation 27 [1/1] (0.00ns)   --->   "%specloopname_ln63 = specloopname void @_ssdm_op_SpecLoopName, void @empty_5" [C:/Users/LAB2_PC10/Desktop/CHINNA/files/maxpool.cpp:63]   --->   Operation 27 'specloopname' 'specloopname_ln63' <Predicate = true> <Delay = 0.00>
ST_2 : Operation 28 [1/1] ( I:0.45ns O:0.45ns )   --->   "%write_ln71 = write void @_ssdm_op_Write.axis.volatile.i16P0A.i2P0A.i2P0A.i1P0A, i16 %out_stream_V_data_V, i2 %out_stream_V_keep_V, i2 %out_stream_V_strb_V, i1 %out_stream_V_last_V, i16 %select_ln68_2, i2 3, i2 3, i1 %icmp_ln70" [C:/Users/LAB2_PC10/Desktop/CHINNA/files/maxpool.cpp:71]   --->   Operation 28 'write' 'write_ln71' <Predicate = true> <Delay = 0.45> <CoreInst = "regslice">   --->   Core 147 'regslice' <Latency = 0> <II = 1> <Delay = 0.59> <Adapter> <Opcode : 'read' 'write'>
ST_2 : Operation 29 [1/1] (0.00ns)   --->   "%br_ln63 = br void %for.inc70" [C:/Users/LAB2_PC10/Desktop/CHINNA/files/maxpool.cpp:63]   --->   Operation 29 'br' 'br_ln63' <Predicate = true> <Delay = 0.00>


============================================================
+ Verbose Summary: Timing violations
============================================================
Target clock period: 5.000ns, clock uncertainty: 1.350ns.

 <State 1>: 1.527ns
The critical path consists of the following:
	'store' operation ('store_ln63', C:/Users/LAB2_PC10/Desktop/CHINNA/files/maxpool.cpp:63) of constant 0 3 bit on local variable 'i', C:/Users/LAB2_PC10/Desktop/CHINNA/files/maxpool.cpp:63 [16]  (0.427 ns)
	'load' operation 3 bit ('i', C:/Users/LAB2_PC10/Desktop/CHINNA/files/maxpool.cpp:63) on local variable 'i', C:/Users/LAB2_PC10/Desktop/CHINNA/files/maxpool.cpp:63 [19]  (0.000 ns)
	'add' operation 3 bit ('i', C:/Users/LAB2_PC10/Desktop/CHINNA/files/maxpool.cpp:63) [21]  (0.673 ns)
	'store' operation ('store_ln63', C:/Users/LAB2_PC10/Desktop/CHINNA/files/maxpool.cpp:63) of variable 'i', C:/Users/LAB2_PC10/Desktop/CHINNA/files/maxpool.cpp:63 3 bit on local variable 'i', C:/Users/LAB2_PC10/Desktop/CHINNA/files/maxpool.cpp:63 [34]  (0.427 ns)

 <State 2>: 0.453ns
The critical path consists of the following:
	axis write operation ('write_ln71', C:/Users/LAB2_PC10/Desktop/CHINNA/files/maxpool.cpp:71) on port 'out_stream_V_data_V' (C:/Users/LAB2_PC10/Desktop/CHINNA/files/maxpool.cpp:71) [33]  (0.453 ns)


============================================================
+ Verbose Summary: Binding
============================================================
N/A
* FSMD analyzer results:
  - Output states:
 - Input state : 
  - Chain level:
	State 1
	State 2


============================================================
+ Verbose Summary: Datapath Resource usage 
============================================================
N/A
