

================================================================
== Vitis HLS Report for 'maxpool_Pipeline_READ_INPUT'
================================================================
* Date:           Thu Jun 11 16:03:27 2026

* Version:        2025.2 (Build 6295257 on Nov 14 2025)
* Project:        maxpool
* Solution:       hls (Vivado IP Flow Target)
* Product family: zynquplus
* Target device:  xck26-sfvc784-2LV-c


================================================================
== Performance Estimates
================================================================
+ Timing: 
    * Summary: 
    +--------+---------+----------+------------+
    |  Clock |  Target | Estimated| Uncertainty|
    +--------+---------+----------+------------+
    |ap_clk  |  5.00 ns|  1.643 ns|     1.35 ns|
    +--------+---------+----------+------------+

+ Latency: 
    * Summary: 
    +---------+---------+-----------+-----------+-----+-----+-------------------+
    |  Latency (cycles) |   Latency (absolute)  |  Interval |      Pipeline     |
    |   min   |   max   |    min    |    max    | min | max |        Type       |
    +---------+---------+-----------+-----------+-----+-----+-------------------+
    |       18|       18|  90.000 ns|  90.000 ns|    0|    0|  loop pipeline stp|
    +---------+---------+-----------+-----------+-----+-----+-------------------+

    + Detail: 
        * Instance: 
        N/A

        * Loop: 
        +--------------+---------+---------+----------+-----------+-----------+------+----------+
        |              |  Latency (cycles) | Iteration|  Initiation Interval  | Trip |          |
        |   Loop Name  |   min   |   max   |  Latency |  achieved |   target  | Count| Pipelined|
        +--------------+---------+---------+----------+-----------+-----------+------+----------+
        |- READ_INPUT  |       16|       16|         2|          1|          1|    16|       yes|
        +--------------+---------+---------+----------+-----------+-----------+------+----------+

============================================================
+ Verbose Summary: Synthesis Manager
============================================================
InlineROM: 1
ExposeGlobal: 0
============================================================
+ Verbose Summary: CDFG Model
============================================================
IsTopModel: 0
ResetActiveHigh: 1
IsCombinational: 0
IsDatapathOnly: 0
HasWiredReturn: 1
HasMFsm: 2
HasVarLatency: 1
IsPipeline: 0
IsRtlPipelined: 0
IsInstanceOverlapped: 0
IsDontTouch: 0
HasImplIP: 0
IsGatedGlobalClock: 0

+ Individual pipeline summary: 
  * Pipeline-0: initiation interval (II) = 1, depth = 2


============================================================
+ Verbose Summary: Schedule
============================================================
* Number of FSM states : 2
* Pipeline : 1
  Pipeline-0 : II = 1, D = 2, States = { 1 2 }
* Dataflow Pipeline: 0

* FSM state transitions: 
1 --> 2 
2 --> 

* FSM state operations: 

State 1 <SV = 0> <Delay = 1.64>
ST_1 : Operation 5 [1/1] (0.00ns)   --->   "%i = alloca i32 1" [C:/Users/LAB2_PC10/Desktop/CHINNA/files/maxpool.cpp:34]   --->   Operation 5 'alloca' 'i' <Predicate = true> <Delay = 0.00>
ST_1 : Operation 6 [1/1] (0.00ns)   --->   "%input = alloca i32 1" [C:/Users/LAB2_PC10/Desktop/CHINNA/files/maxpool.cpp:26]   --->   Operation 6 'alloca' 'input' <Predicate = true> <Delay = 0.00>
ST_1 : Operation 7 [1/1] (0.00ns)   --->   "%input_1 = alloca i32 1" [C:/Users/LAB2_PC10/Desktop/CHINNA/files/maxpool.cpp:26]   --->   Operation 7 'alloca' 'input_1' <Predicate = true> <Delay = 0.00>
ST_1 : Operation 8 [1/1] (0.00ns)   --->   "%input_2 = alloca i32 1" [C:/Users/LAB2_PC10/Desktop/CHINNA/files/maxpool.cpp:26]   --->   Operation 8 'alloca' 'input_2' <Predicate = true> <Delay = 0.00>
ST_1 : Operation 9 [1/1] (0.00ns)   --->   "%input_3 = alloca i32 1" [C:/Users/LAB2_PC10/Desktop/CHINNA/files/maxpool.cpp:26]   --->   Operation 9 'alloca' 'input_3' <Predicate = true> <Delay = 0.00>
ST_1 : Operation 10 [1/1] (0.00ns)   --->   "%input_4 = alloca i32 1" [C:/Users/LAB2_PC10/Desktop/CHINNA/files/maxpool.cpp:26]   --->   Operation 10 'alloca' 'input_4' <Predicate = true> <Delay = 0.00>
ST_1 : Operation 11 [1/1] (0.00ns)   --->   "%input_5 = alloca i32 1" [C:/Users/LAB2_PC10/Desktop/CHINNA/files/maxpool.cpp:26]   --->   Operation 11 'alloca' 'input_5' <Predicate = true> <Delay = 0.00>
ST_1 : Operation 12 [1/1] (0.00ns)   --->   "%input_6 = alloca i32 1" [C:/Users/LAB2_PC10/Desktop/CHINNA/files/maxpool.cpp:26]   --->   Operation 12 'alloca' 'input_6' <Predicate = true> <Delay = 0.00>
ST_1 : Operation 13 [1/1] (0.00ns)   --->   "%input_7 = alloca i32 1" [C:/Users/LAB2_PC10/Desktop/CHINNA/files/maxpool.cpp:26]   --->   Operation 13 'alloca' 'input_7' <Predicate = true> <Delay = 0.00>
ST_1 : Operation 14 [1/1] (0.00ns)   --->   "%input_8 = alloca i32 1" [C:/Users/LAB2_PC10/Desktop/CHINNA/files/maxpool.cpp:26]   --->   Operation 14 'alloca' 'input_8' <Predicate = true> <Delay = 0.00>
ST_1 : Operation 15 [1/1] (0.00ns)   --->   "%input_9 = alloca i32 1" [C:/Users/LAB2_PC10/Desktop/CHINNA/files/maxpool.cpp:26]   --->   Operation 15 'alloca' 'input_9' <Predicate = true> <Delay = 0.00>
ST_1 : Operation 16 [1/1] (0.00ns)   --->   "%input_10 = alloca i32 1" [C:/Users/LAB2_PC10/Desktop/CHINNA/files/maxpool.cpp:26]   --->   Operation 16 'alloca' 'input_10' <Predicate = true> <Delay = 0.00>
ST_1 : Operation 17 [1/1] (0.00ns)   --->   "%input_11 = alloca i32 1" [C:/Users/LAB2_PC10/Desktop/CHINNA/files/maxpool.cpp:26]   --->   Operation 17 'alloca' 'input_11' <Predicate = true> <Delay = 0.00>
ST_1 : Operation 18 [1/1] (0.00ns)   --->   "%input_12 = alloca i32 1" [C:/Users/LAB2_PC10/Desktop/CHINNA/files/maxpool.cpp:26]   --->   Operation 18 'alloca' 'input_12' <Predicate = true> <Delay = 0.00>
ST_1 : Operation 19 [1/1] (0.00ns)   --->   "%input_13 = alloca i32 1" [C:/Users/LAB2_PC10/Desktop/CHINNA/files/maxpool.cpp:26]   --->   Operation 19 'alloca' 'input_13' <Predicate = true> <Delay = 0.00>
ST_1 : Operation 20 [1/1] (0.00ns)   --->   "%input_14 = alloca i32 1" [C:/Users/LAB2_PC10/Desktop/CHINNA/files/maxpool.cpp:26]   --->   Operation 20 'alloca' 'input_14' <Predicate = true> <Delay = 0.00>
ST_1 : Operation 21 [1/1] (0.00ns)   --->   "%input_15 = alloca i32 1" [C:/Users/LAB2_PC10/Desktop/CHINNA/files/maxpool.cpp:26]   --->   Operation 21 'alloca' 'input_15' <Predicate = true> <Delay = 0.00>
ST_1 : Operation 22 [1/1] (0.00ns)   --->   "%specaxissidechannel_ln0 = specaxissidechannel void @_ssdm_op_SpecAXISSideChannel, i16 %in_stream_V_data_V, i2 %in_stream_V_keep_V, i2 %in_stream_V_strb_V, i1 0, i1 %in_stream_V_last_V, i1 0, i1 0, void @empty_3"   --->   Operation 22 'specaxissidechannel' 'specaxissidechannel_ln0' <Predicate = true> <Delay = 0.00>
ST_1 : Operation 23 [1/1] (0.00ns)   --->   "%specinterface_ln0 = specinterface void @_ssdm_op_SpecInterface, i1 %in_stream_V_last_V, i2 %in_stream_V_strb_V, i2 %in_stream_V_keep_V, i16 %in_stream_V_data_V, void @empty, i32 0, i32 0, void @empty_0, i32 0, i32 0, void @empty_1, void @empty_1, void @empty_1, i32 0, i32 0, i32 0, i32 0, void @empty_1, void @empty_1, i32 4294967295, i32 0, i32 0, i32 0"   --->   Operation 23 'specinterface' 'specinterface_ln0' <Predicate = true> <Delay = 0.00>
ST_1 : Operation 24 [1/1] (0.42ns)   --->   "%store_ln34 = store i5 0, i5 %i" [C:/Users/LAB2_PC10/Desktop/CHINNA/files/maxpool.cpp:34]   --->   Operation 24 'store' 'store_ln34' <Predicate = true> <Delay = 0.42>
ST_1 : Operation 25 [1/1] (0.00ns)   --->   "%br_ln34 = br void %for.inc" [C:/Users/LAB2_PC10/Desktop/CHINNA/files/maxpool.cpp:34]   --->   Operation 25 'br' 'br_ln34' <Predicate = true> <Delay = 0.00>
ST_1 : Operation 26 [1/1] (0.00ns)   --->   "%i_3 = load i5 %i" [C:/Users/LAB2_PC10/Desktop/CHINNA/files/maxpool.cpp:34]   --->   Operation 26 'load' 'i_3' <Predicate = true> <Delay = 0.00>
ST_1 : Operation 27 [1/1] (0.78ns)   --->   "%icmp_ln34 = icmp_eq  i5 %i_3, i5 16" [C:/Users/LAB2_PC10/Desktop/CHINNA/files/maxpool.cpp:34]   --->   Operation 27 'icmp' 'icmp_ln34' <Predicate = true> <Delay = 0.78> <CoreInst = "Cmp">   --->   Core 9 'Cmp' <Latency = 0> <II = 1> <Delay = 0.78> <FuncUnit> <Opcode : 'seteq' 'setne' 'setle' 'setge' 'setlt' 'setgt'> <InPorts = 2> <OutPorts = 1>
ST_1 : Operation 28 [1/1] (0.78ns)   --->   "%i_4 = add i5 %i_3, i5 1" [C:/Users/LAB2_PC10/Desktop/CHINNA/files/maxpool.cpp:34]   --->   Operation 28 'add' 'i_4' <Predicate = true> <Delay = 0.78> <CoreInst = "Adder">   --->   Core 1 'Adder' <Latency = 0> <II = 1> <Delay = 0.78> <FuncUnit> <Opcode : 'add' 'sub'> <InPorts = 2> <OutPorts = 1>
ST_1 : Operation 29 [1/1] (0.00ns)   --->   "%br_ln34 = br i1 %icmp_ln34, void %for.inc.split, void %POOL_KR.preheader.exitStub" [C:/Users/LAB2_PC10/Desktop/CHINNA/files/maxpool.cpp:34]   --->   Operation 29 'br' 'br_ln34' <Predicate = true> <Delay = 0.00>
ST_1 : Operation 30 [1/1] (0.00ns)   --->   "%trunc_ln34 = trunc i5 %i_3" [C:/Users/LAB2_PC10/Desktop/CHINNA/files/maxpool.cpp:34]   --->   Operation 30 'trunc' 'trunc_ln34' <Predicate = (!icmp_ln34)> <Delay = 0.00>
ST_1 : Operation 31 [1/1] (0.00ns)   --->   "%trunc_ln = partselect i2 @_ssdm_op_PartSelect.i2.i5.i32.i32, i5 %i_3, i32 2, i32 3" [C:/Users/LAB2_PC10/Desktop/CHINNA/files/maxpool.cpp:39]   --->   Operation 31 'partselect' 'trunc_ln' <Predicate = (!icmp_ln34)> <Delay = 0.00>
ST_1 : Operation 32 [1/1] (0.54ns)   --->   "%switch_ln41 = switch i2 %trunc_ln, void %arrayidx35.case.3, i2 0, void %arrayidx35.case.0, i2 1, void %arrayidx35.case.1, i2 2, void %arrayidx35.case.2" [C:/Users/LAB2_PC10/Desktop/CHINNA/files/maxpool.cpp:41]   --->   Operation 32 'switch' 'switch_ln41' <Predicate = (!icmp_ln34)> <Delay = 0.54>
ST_1 : Operation 33 [1/1] (0.54ns)   --->   "%switch_ln41 = switch i2 %trunc_ln34, void %arrayidx35.case.3206, i2 0, void %arrayidx35.case.0203, i2 1, void %arrayidx35.case.1204, i2 2, void %arrayidx35.case.2.arrayidx35.exit_crit_edge" [C:/Users/LAB2_PC10/Desktop/CHINNA/files/maxpool.cpp:41]   --->   Operation 33 'switch' 'switch_ln41' <Predicate = (!icmp_ln34 & trunc_ln == 2)> <Delay = 0.54>
ST_1 : Operation 34 [1/1] (0.54ns)   --->   "%switch_ln41 = switch i2 %trunc_ln34, void %arrayidx35.case.3200, i2 0, void %arrayidx35.case.0197, i2 1, void %arrayidx35.case.1198, i2 2, void %arrayidx35.case.1.arrayidx35.exit_crit_edge" [C:/Users/LAB2_PC10/Desktop/CHINNA/files/maxpool.cpp:41]   --->   Operation 34 'switch' 'switch_ln41' <Predicate = (!icmp_ln34 & trunc_ln == 1)> <Delay = 0.54>
ST_1 : Operation 35 [1/1] (0.54ns)   --->   "%switch_ln41 = switch i2 %trunc_ln34, void %arrayidx35.case.3194, i2 0, void %arrayidx35.case.0191, i2 1, void %arrayidx35.case.1192, i2 2, void %arrayidx35.case.0.arrayidx35.exit_crit_edge" [C:/Users/LAB2_PC10/Desktop/CHINNA/files/maxpool.cpp:41]   --->   Operation 35 'switch' 'switch_ln41' <Predicate = (!icmp_ln34 & trunc_ln == 0)> <Delay = 0.54>
ST_1 : Operation 36 [1/1] (0.54ns)   --->   "%switch_ln41 = switch i2 %trunc_ln34, void %arrayidx35.case.3212, i2 0, void %arrayidx35.case.0209, i2 1, void %arrayidx35.case.1210, i2 2, void %arrayidx35.case.3.arrayidx35.exit_crit_edge" [C:/Users/LAB2_PC10/Desktop/CHINNA/files/maxpool.cpp:41]   --->   Operation 36 'switch' 'switch_ln41' <Predicate = (!icmp_ln34 & trunc_ln == 3)> <Delay = 0.54>
ST_1 : Operation 37 [1/1] (0.42ns)   --->   "%store_ln34 = store i5 %i_4, i5 %i" [C:/Users/LAB2_PC10/Desktop/CHINNA/files/maxpool.cpp:34]   --->   Operation 37 'store' 'store_ln34' <Predicate = (!icmp_ln34)> <Delay = 0.42>
ST_1 : Operation 38 [1/1] (0.00ns)   --->   "%br_ln34 = br void %for.inc" [C:/Users/LAB2_PC10/Desktop/CHINNA/files/maxpool.cpp:34]   --->   Operation 38 'br' 'br_ln34' <Predicate = (!icmp_ln34)> <Delay = 0.00>
ST_1 : Operation 76 [1/1] (0.00ns)   --->   "%input_load = load i16 %input"   --->   Operation 76 'load' 'input_load' <Predicate = (icmp_ln34)> <Delay = 0.00>
ST_1 : Operation 77 [1/1] (0.00ns)   --->   "%input_1_load = load i16 %input_1"   --->   Operation 77 'load' 'input_1_load' <Predicate = (icmp_ln34)> <Delay = 0.00>
ST_1 : Operation 78 [1/1] (0.00ns)   --->   "%input_2_load = load i16 %input_2"   --->   Operation 78 'load' 'input_2_load' <Predicate = (icmp_ln34)> <Delay = 0.00>
ST_1 : Operation 79 [1/1] (0.00ns)   --->   "%input_3_load = load i16 %input_3"   --->   Operation 79 'load' 'input_3_load' <Predicate = (icmp_ln34)> <Delay = 0.00>
ST_1 : Operation 80 [1/1] (0.00ns)   --->   "%input_4_load = load i16 %input_4"   --->   Operation 80 'load' 'input_4_load' <Predicate = (icmp_ln34)> <Delay = 0.00>
ST_1 : Operation 81 [1/1] (0.00ns)   --->   "%input_5_load = load i16 %input_5"   --->   Operation 81 'load' 'input_5_load' <Predicate = (icmp_ln34)> <Delay = 0.00>
ST_1 : Operation 82 [1/1] (0.00ns)   --->   "%input_6_load = load i16 %input_6"   --->   Operation 82 'load' 'input_6_load' <Predicate = (icmp_ln34)> <Delay = 0.00>
ST_1 : Operation 83 [1/1] (0.00ns)   --->   "%input_7_load = load i16 %input_7"   --->   Operation 83 'load' 'input_7_load' <Predicate = (icmp_ln34)> <Delay = 0.00>
ST_1 : Operation 84 [1/1] (0.00ns)   --->   "%input_8_load = load i16 %input_8"   --->   Operation 84 'load' 'input_8_load' <Predicate = (icmp_ln34)> <Delay = 0.00>
ST_1 : Operation 85 [1/1] (0.00ns)   --->   "%input_9_load = load i16 %input_9"   --->   Operation 85 'load' 'input_9_load' <Predicate = (icmp_ln34)> <Delay = 0.00>
ST_1 : Operation 86 [1/1] (0.00ns)   --->   "%input_10_load = load i16 %input_10"   --->   Operation 86 'load' 'input_10_load' <Predicate = (icmp_ln34)> <Delay = 0.00>
ST_1 : Operation 87 [1/1] (0.00ns)   --->   "%input_11_load = load i16 %input_11"   --->   Operation 87 'load' 'input_11_load' <Predicate = (icmp_ln34)> <Delay = 0.00>
ST_1 : Operation 88 [1/1] (0.00ns)   --->   "%input_12_load = load i16 %input_12"   --->   Operation 88 'load' 'input_12_load' <Predicate = (icmp_ln34)> <Delay = 0.00>
ST_1 : Operation 89 [1/1] (0.00ns)   --->   "%input_13_load = load i16 %input_13"   --->   Operation 89 'load' 'input_13_load' <Predicate = (icmp_ln34)> <Delay = 0.00>
ST_1 : Operation 90 [1/1] (0.00ns)   --->   "%input_14_load = load i16 %input_14"   --->   Operation 90 'load' 'input_14_load' <Predicate = (icmp_ln34)> <Delay = 0.00>
ST_1 : Operation 91 [1/1] (0.00ns)   --->   "%input_15_load = load i16 %input_15"   --->   Operation 91 'load' 'input_15_load' <Predicate = (icmp_ln34)> <Delay = 0.00>
ST_1 : Operation 92 [1/1] (0.00ns)   --->   "%write_ln0 = write void @_ssdm_op_Write.ap_auto.i16P0A, i16 %input_15_out, i16 %input_15_load"   --->   Operation 92 'write' 'write_ln0' <Predicate = (icmp_ln34)> <Delay = 0.00>
ST_1 : Operation 93 [1/1] (0.00ns)   --->   "%write_ln0 = write void @_ssdm_op_Write.ap_auto.i16P0A, i16 %input_14_out, i16 %input_14_load"   --->   Operation 93 'write' 'write_ln0' <Predicate = (icmp_ln34)> <Delay = 0.00>
ST_1 : Operation 94 [1/1] (0.00ns)   --->   "%write_ln0 = write void @_ssdm_op_Write.ap_auto.i16P0A, i16 %input_13_out, i16 %input_13_load"   --->   Operation 94 'write' 'write_ln0' <Predicate = (icmp_ln34)> <Delay = 0.00>
ST_1 : Operation 95 [1/1] (0.00ns)   --->   "%write_ln0 = write void @_ssdm_op_Write.ap_auto.i16P0A, i16 %input_12_out, i16 %input_12_load"   --->   Operation 95 'write' 'write_ln0' <Predicate = (icmp_ln34)> <Delay = 0.00>
ST_1 : Operation 96 [1/1] (0.00ns)   --->   "%write_ln0 = write void @_ssdm_op_Write.ap_auto.i16P0A, i16 %input_11_out, i16 %input_11_load"   --->   Operation 96 'write' 'write_ln0' <Predicate = (icmp_ln34)> <Delay = 0.00>
ST_1 : Operation 97 [1/1] (0.00ns)   --->   "%write_ln0 = write void @_ssdm_op_Write.ap_auto.i16P0A, i16 %input_10_out, i16 %input_10_load"   --->   Operation 97 'write' 'write_ln0' <Predicate = (icmp_ln34)> <Delay = 0.00>
ST_1 : Operation 98 [1/1] (0.00ns)   --->   "%write_ln0 = write void @_ssdm_op_Write.ap_auto.i16P0A, i16 %input_9_out, i16 %input_9_load"   --->   Operation 98 'write' 'write_ln0' <Predicate = (icmp_ln34)> <Delay = 0.00>
ST_1 : Operation 99 [1/1] (0.00ns)   --->   "%write_ln0 = write void @_ssdm_op_Write.ap_auto.i16P0A, i16 %input_8_out, i16 %input_8_load"   --->   Operation 99 'write' 'write_ln0' <Predicate = (icmp_ln34)> <Delay = 0.00>
ST_1 : Operation 100 [1/1] (0.00ns)   --->   "%write_ln0 = write void @_ssdm_op_Write.ap_auto.i16P0A, i16 %input_7_out, i16 %input_7_load"   --->   Operation 100 'write' 'write_ln0' <Predicate = (icmp_ln34)> <Delay = 0.00>
ST_1 : Operation 101 [1/1] (0.00ns)   --->   "%write_ln0 = write void @_ssdm_op_Write.ap_auto.i16P0A, i16 %input_6_out, i16 %input_6_load"   --->   Operation 101 'write' 'write_ln0' <Predicate = (icmp_ln34)> <Delay = 0.00>
ST_1 : Operation 102 [1/1] (0.00ns)   --->   "%write_ln0 = write void @_ssdm_op_Write.ap_auto.i16P0A, i16 %input_5_out, i16 %input_5_load"   --->   Operation 102 'write' 'write_ln0' <Predicate = (icmp_ln34)> <Delay = 0.00>
ST_1 : Operation 103 [1/1] (0.00ns)   --->   "%write_ln0 = write void @_ssdm_op_Write.ap_auto.i16P0A, i16 %input_4_out, i16 %input_4_load"   --->   Operation 103 'write' 'write_ln0' <Predicate = (icmp_ln34)> <Delay = 0.00>
ST_1 : Operation 104 [1/1] (0.00ns)   --->   "%write_ln0 = write void @_ssdm_op_Write.ap_auto.i16P0A, i16 %input_3_out, i16 %input_3_load"   --->   Operation 104 'write' 'write_ln0' <Predicate = (icmp_ln34)> <Delay = 0.00>
ST_1 : Operation 105 [1/1] (0.00ns)   --->   "%write_ln0 = write void @_ssdm_op_Write.ap_auto.i16P0A, i16 %input_2_out, i16 %input_2_load"   --->   Operation 105 'write' 'write_ln0' <Predicate = (icmp_ln34)> <Delay = 0.00>
ST_1 : Operation 106 [1/1] (0.00ns)   --->   "%write_ln0 = write void @_ssdm_op_Write.ap_auto.i16P0A, i16 %input_1_out, i16 %input_1_load"   --->   Operation 106 'write' 'write_ln0' <Predicate = (icmp_ln34)> <Delay = 0.00>
ST_1 : Operation 107 [1/1] (0.00ns)   --->   "%write_ln0 = write void @_ssdm_op_Write.ap_auto.i16P0A, i16 %input_out, i16 %input_load"   --->   Operation 107 'write' 'write_ln0' <Predicate = (icmp_ln34)> <Delay = 0.00>
ST_1 : Operation 108 [1/1] (0.42ns)   --->   "%ret_ln0 = ret"   --->   Operation 108 'ret' 'ret_ln0' <Predicate = (icmp_ln34)> <Delay = 0.42>

State 2 <SV = 1> <Delay = 0.07>
ST_2 : Operation 39 [1/1] (0.00ns)   --->   "%specpipeline_ln35 = specpipeline void @_ssdm_op_SpecPipeline, i32 1, i32 0, i32 0, i32 0, i32 4294967295, void @empty_1" [C:/Users/LAB2_PC10/Desktop/CHINNA/files/maxpool.cpp:35]   --->   Operation 39 'specpipeline' 'specpipeline_ln35' <Predicate = true> <Delay = 0.00>
ST_2 : Operation 40 [1/1] (0.00ns)   --->   "%speclooptripcount_ln26 = speclooptripcount void @_ssdm_op_SpecLoopTripCount, i64 16, i64 16, i64 16" [C:/Users/LAB2_PC10/Desktop/CHINNA/files/maxpool.cpp:26]   --->   Operation 40 'speclooptripcount' 'speclooptripcount_ln26' <Predicate = true> <Delay = 0.00>
ST_2 : Operation 41 [1/1] (0.00ns)   --->   "%specloopname_ln34 = specloopname void @_ssdm_op_SpecLoopName, void @empty_6" [C:/Users/LAB2_PC10/Desktop/CHINNA/files/maxpool.cpp:34]   --->   Operation 41 'specloopname' 'specloopname_ln34' <Predicate = true> <Delay = 0.00>
ST_2 : Operation 42 [1/1] ( I:0.07ns O:0.07ns )   --->   "%empty = read i21 @_ssdm_op_Read.axis.volatile.i16P0A.i2P0A.i2P0A.i1P0A, i16 %in_stream_V_data_V, i2 %in_stream_V_keep_V, i2 %in_stream_V_strb_V, i1 %in_stream_V_last_V" [C:/Users/LAB2_PC10/Desktop/CHINNA/files/maxpool.cpp:36]   --->   Operation 42 'read' 'empty' <Predicate = true> <Delay = 0.07> <CoreInst = "regslice">   --->   Core 147 'regslice' <Latency = 0> <II = 1> <Delay = 0.59> <Adapter> <Opcode : 'read' 'write'>
ST_2 : Operation 43 [1/1] (0.00ns)   --->   "%pkt_data = extractvalue i21 %empty" [C:/Users/LAB2_PC10/Desktop/CHINNA/files/maxpool.cpp:36]   --->   Operation 43 'extractvalue' 'pkt_data' <Predicate = true> <Delay = 0.00>
ST_2 : Operation 44 [1/1] (0.00ns)   --->   "%store_ln26 = store i16 %pkt_data, i16 %input_10" [C:/Users/LAB2_PC10/Desktop/CHINNA/files/maxpool.cpp:26]   --->   Operation 44 'store' 'store_ln26' <Predicate = (trunc_ln == 2 & trunc_ln34 == 2)> <Delay = 0.00>
ST_2 : Operation 45 [1/1] (0.00ns)   --->   "%br_ln41 = br void %arrayidx35.exit" [C:/Users/LAB2_PC10/Desktop/CHINNA/files/maxpool.cpp:41]   --->   Operation 45 'br' 'br_ln41' <Predicate = (trunc_ln == 2 & trunc_ln34 == 2)> <Delay = 0.00>
ST_2 : Operation 46 [1/1] (0.00ns)   --->   "%store_ln26 = store i16 %pkt_data, i16 %input_9" [C:/Users/LAB2_PC10/Desktop/CHINNA/files/maxpool.cpp:26]   --->   Operation 46 'store' 'store_ln26' <Predicate = (trunc_ln == 2 & trunc_ln34 == 1)> <Delay = 0.00>
ST_2 : Operation 47 [1/1] (0.00ns)   --->   "%br_ln41 = br void %arrayidx35.exit" [C:/Users/LAB2_PC10/Desktop/CHINNA/files/maxpool.cpp:41]   --->   Operation 47 'br' 'br_ln41' <Predicate = (trunc_ln == 2 & trunc_ln34 == 1)> <Delay = 0.00>
ST_2 : Operation 48 [1/1] (0.00ns)   --->   "%store_ln26 = store i16 %pkt_data, i16 %input_8" [C:/Users/LAB2_PC10/Desktop/CHINNA/files/maxpool.cpp:26]   --->   Operation 48 'store' 'store_ln26' <Predicate = (trunc_ln == 2 & trunc_ln34 == 0)> <Delay = 0.00>
ST_2 : Operation 49 [1/1] (0.00ns)   --->   "%br_ln41 = br void %arrayidx35.exit" [C:/Users/LAB2_PC10/Desktop/CHINNA/files/maxpool.cpp:41]   --->   Operation 49 'br' 'br_ln41' <Predicate = (trunc_ln == 2 & trunc_ln34 == 0)> <Delay = 0.00>
ST_2 : Operation 50 [1/1] (0.00ns)   --->   "%store_ln26 = store i16 %pkt_data, i16 %input_11" [C:/Users/LAB2_PC10/Desktop/CHINNA/files/maxpool.cpp:26]   --->   Operation 50 'store' 'store_ln26' <Predicate = (trunc_ln == 2 & trunc_ln34 == 3)> <Delay = 0.00>
ST_2 : Operation 51 [1/1] (0.00ns)   --->   "%br_ln41 = br void %arrayidx35.exit" [C:/Users/LAB2_PC10/Desktop/CHINNA/files/maxpool.cpp:41]   --->   Operation 51 'br' 'br_ln41' <Predicate = (trunc_ln == 2 & trunc_ln34 == 3)> <Delay = 0.00>
ST_2 : Operation 52 [1/1] (0.00ns)   --->   "%store_ln26 = store i16 %pkt_data, i16 %input_6" [C:/Users/LAB2_PC10/Desktop/CHINNA/files/maxpool.cpp:26]   --->   Operation 52 'store' 'store_ln26' <Predicate = (trunc_ln == 1 & trunc_ln34 == 2)> <Delay = 0.00>
ST_2 : Operation 53 [1/1] (0.00ns)   --->   "%br_ln41 = br void %arrayidx35.exit" [C:/Users/LAB2_PC10/Desktop/CHINNA/files/maxpool.cpp:41]   --->   Operation 53 'br' 'br_ln41' <Predicate = (trunc_ln == 1 & trunc_ln34 == 2)> <Delay = 0.00>
ST_2 : Operation 54 [1/1] (0.00ns)   --->   "%store_ln26 = store i16 %pkt_data, i16 %input_5" [C:/Users/LAB2_PC10/Desktop/CHINNA/files/maxpool.cpp:26]   --->   Operation 54 'store' 'store_ln26' <Predicate = (trunc_ln == 1 & trunc_ln34 == 1)> <Delay = 0.00>
ST_2 : Operation 55 [1/1] (0.00ns)   --->   "%br_ln41 = br void %arrayidx35.exit" [C:/Users/LAB2_PC10/Desktop/CHINNA/files/maxpool.cpp:41]   --->   Operation 55 'br' 'br_ln41' <Predicate = (trunc_ln == 1 & trunc_ln34 == 1)> <Delay = 0.00>
ST_2 : Operation 56 [1/1] (0.00ns)   --->   "%store_ln26 = store i16 %pkt_data, i16 %input_4" [C:/Users/LAB2_PC10/Desktop/CHINNA/files/maxpool.cpp:26]   --->   Operation 56 'store' 'store_ln26' <Predicate = (trunc_ln == 1 & trunc_ln34 == 0)> <Delay = 0.00>
ST_2 : Operation 57 [1/1] (0.00ns)   --->   "%br_ln41 = br void %arrayidx35.exit" [C:/Users/LAB2_PC10/Desktop/CHINNA/files/maxpool.cpp:41]   --->   Operation 57 'br' 'br_ln41' <Predicate = (trunc_ln == 1 & trunc_ln34 == 0)> <Delay = 0.00>
ST_2 : Operation 58 [1/1] (0.00ns)   --->   "%store_ln26 = store i16 %pkt_data, i16 %input_7" [C:/Users/LAB2_PC10/Desktop/CHINNA/files/maxpool.cpp:26]   --->   Operation 58 'store' 'store_ln26' <Predicate = (trunc_ln == 1 & trunc_ln34 == 3)> <Delay = 0.00>
ST_2 : Operation 59 [1/1] (0.00ns)   --->   "%br_ln41 = br void %arrayidx35.exit" [C:/Users/LAB2_PC10/Desktop/CHINNA/files/maxpool.cpp:41]   --->   Operation 59 'br' 'br_ln41' <Predicate = (trunc_ln == 1 & trunc_ln34 == 3)> <Delay = 0.00>
ST_2 : Operation 60 [1/1] (0.00ns)   --->   "%store_ln26 = store i16 %pkt_data, i16 %input_2" [C:/Users/LAB2_PC10/Desktop/CHINNA/files/maxpool.cpp:26]   --->   Operation 60 'store' 'store_ln26' <Predicate = (trunc_ln == 0 & trunc_ln34 == 2)> <Delay = 0.00>
ST_2 : Operation 61 [1/1] (0.00ns)   --->   "%br_ln41 = br void %arrayidx35.exit" [C:/Users/LAB2_PC10/Desktop/CHINNA/files/maxpool.cpp:41]   --->   Operation 61 'br' 'br_ln41' <Predicate = (trunc_ln == 0 & trunc_ln34 == 2)> <Delay = 0.00>
ST_2 : Operation 62 [1/1] (0.00ns)   --->   "%store_ln26 = store i16 %pkt_data, i16 %input_1" [C:/Users/LAB2_PC10/Desktop/CHINNA/files/maxpool.cpp:26]   --->   Operation 62 'store' 'store_ln26' <Predicate = (trunc_ln == 0 & trunc_ln34 == 1)> <Delay = 0.00>
ST_2 : Operation 63 [1/1] (0.00ns)   --->   "%br_ln41 = br void %arrayidx35.exit" [C:/Users/LAB2_PC10/Desktop/CHINNA/files/maxpool.cpp:41]   --->   Operation 63 'br' 'br_ln41' <Predicate = (trunc_ln == 0 & trunc_ln34 == 1)> <Delay = 0.00>
ST_2 : Operation 64 [1/1] (0.00ns)   --->   "%store_ln26 = store i16 %pkt_data, i16 %input" [C:/Users/LAB2_PC10/Desktop/CHINNA/files/maxpool.cpp:26]   --->   Operation 64 'store' 'store_ln26' <Predicate = (trunc_ln == 0 & trunc_ln34 == 0)> <Delay = 0.00>
ST_2 : Operation 65 [1/1] (0.00ns)   --->   "%br_ln41 = br void %arrayidx35.exit" [C:/Users/LAB2_PC10/Desktop/CHINNA/files/maxpool.cpp:41]   --->   Operation 65 'br' 'br_ln41' <Predicate = (trunc_ln == 0 & trunc_ln34 == 0)> <Delay = 0.00>
ST_2 : Operation 66 [1/1] (0.00ns)   --->   "%store_ln26 = store i16 %pkt_data, i16 %input_3" [C:/Users/LAB2_PC10/Desktop/CHINNA/files/maxpool.cpp:26]   --->   Operation 66 'store' 'store_ln26' <Predicate = (trunc_ln == 0 & trunc_ln34 == 3)> <Delay = 0.00>
ST_2 : Operation 67 [1/1] (0.00ns)   --->   "%br_ln41 = br void %arrayidx35.exit" [C:/Users/LAB2_PC10/Desktop/CHINNA/files/maxpool.cpp:41]   --->   Operation 67 'br' 'br_ln41' <Predicate = (trunc_ln == 0 & trunc_ln34 == 3)> <Delay = 0.00>
ST_2 : Operation 68 [1/1] (0.00ns)   --->   "%store_ln26 = store i16 %pkt_data, i16 %input_14" [C:/Users/LAB2_PC10/Desktop/CHINNA/files/maxpool.cpp:26]   --->   Operation 68 'store' 'store_ln26' <Predicate = (trunc_ln == 3 & trunc_ln34 == 2)> <Delay = 0.00>
ST_2 : Operation 69 [1/1] (0.00ns)   --->   "%br_ln41 = br void %arrayidx35.exit" [C:/Users/LAB2_PC10/Desktop/CHINNA/files/maxpool.cpp:41]   --->   Operation 69 'br' 'br_ln41' <Predicate = (trunc_ln == 3 & trunc_ln34 == 2)> <Delay = 0.00>
ST_2 : Operation 70 [1/1] (0.00ns)   --->   "%store_ln26 = store i16 %pkt_data, i16 %input_13" [C:/Users/LAB2_PC10/Desktop/CHINNA/files/maxpool.cpp:26]   --->   Operation 70 'store' 'store_ln26' <Predicate = (trunc_ln == 3 & trunc_ln34 == 1)> <Delay = 0.00>
ST_2 : Operation 71 [1/1] (0.00ns)   --->   "%br_ln41 = br void %arrayidx35.exit" [C:/Users/LAB2_PC10/Desktop/CHINNA/files/maxpool.cpp:41]   --->   Operation 71 'br' 'br_ln41' <Predicate = (trunc_ln == 3 & trunc_ln34 == 1)> <Delay = 0.00>
ST_2 : Operation 72 [1/1] (0.00ns)   --->   "%store_ln26 = store i16 %pkt_data, i16 %input_12" [C:/Users/LAB2_PC10/Desktop/CHINNA/files/maxpool.cpp:26]   --->   Operation 72 'store' 'store_ln26' <Predicate = (trunc_ln == 3 & trunc_ln34 == 0)> <Delay = 0.00>
ST_2 : Operation 73 [1/1] (0.00ns)   --->   "%br_ln41 = br void %arrayidx35.exit" [C:/Users/LAB2_PC10/Desktop/CHINNA/files/maxpool.cpp:41]   --->   Operation 73 'br' 'br_ln41' <Predicate = (trunc_ln == 3 & trunc_ln34 == 0)> <Delay = 0.00>
ST_2 : Operation 74 [1/1] (0.00ns)   --->   "%store_ln26 = store i16 %pkt_data, i16 %input_15" [C:/Users/LAB2_PC10/Desktop/CHINNA/files/maxpool.cpp:26]   --->   Operation 74 'store' 'store_ln26' <Predicate = (trunc_ln == 3 & trunc_ln34 == 3)> <Delay = 0.00>
ST_2 : Operation 75 [1/1] (0.00ns)   --->   "%br_ln41 = br void %arrayidx35.exit" [C:/Users/LAB2_PC10/Desktop/CHINNA/files/maxpool.cpp:41]   --->   Operation 75 'br' 'br_ln41' <Predicate = (trunc_ln == 3 & trunc_ln34 == 3)> <Delay = 0.00>


============================================================
+ Verbose Summary: Binding
============================================================
STG Binding: 
---------------- STG Properties BEGIN ----------------
- Is combinational: 0
- Is one-state seq: 0
- Is datapath-only: 0
- Is pipelined: 0
- Is top level: 0
Port [ Return ] is wired: 1; IO mode=ap_ctrl_hs:ce=0
Port [ in_stream_V_data_V]:  wired=1; compound=1; hidden=0; nouse=0; global=0; static=0; extern=0; dir=0; type=0; pingpong=0; private_global=0; IO mode=axis:ce=0
Port [ in_stream_V_keep_V]:  wired=1; compound=1; hidden=0; nouse=0; global=0; static=0; extern=0; dir=0; type=0; pingpong=0; private_global=0; IO mode=axis:ce=0
Port [ in_stream_V_strb_V]:  wired=1; compound=1; hidden=0; nouse=0; global=0; static=0; extern=0; dir=0; type=0; pingpong=0; private_global=0; IO mode=axis:ce=0
Port [ in_stream_V_last_V]:  wired=1; compound=1; hidden=0; nouse=0; global=0; static=0; extern=0; dir=0; type=0; pingpong=0; private_global=0; IO mode=axis:ce=0
Port [ input_15_out]:  wired=1; compound=0; hidden=0; nouse=0; global=0; static=0; extern=0; dir=1; type=0; pingpong=0; private_global=0; IO mode=ap_vld:ce=0
Port [ input_14_out]:  wired=1; compound=0; hidden=0; nouse=0; global=0; static=0; extern=0; dir=1; type=0; pingpong=0; private_global=0; IO mode=ap_vld:ce=0
Port [ input_13_out]:  wired=1; compound=0; hidden=0; nouse=0; global=0; static=0; extern=0; dir=1; type=0; pingpong=0; private_global=0; IO mode=ap_vld:ce=0
Port [ input_12_out]:  wired=1; compound=0; hidden=0; nouse=0; global=0; static=0; extern=0; dir=1; type=0; pingpong=0; private_global=0; IO mode=ap_vld:ce=0
Port [ input_11_out]:  wired=1; compound=0; hidden=0; nouse=0; global=0; static=0; extern=0; dir=1; type=0; pingpong=0; private_global=0; IO mode=ap_vld:ce=0
Port [ input_10_out]:  wired=1; compound=0; hidden=0; nouse=0; global=0; static=0; extern=0; dir=1; type=0; pingpong=0; private_global=0; IO mode=ap_vld:ce=0
Port [ input_9_out]:  wired=1; compound=0; hidden=0; nouse=0; global=0; static=0; extern=0; dir=1; type=0; pingpong=0; private_global=0; IO mode=ap_vld:ce=0
Port [ input_8_out]:  wired=1; compound=0; hidden=0; nouse=0; global=0; static=0; extern=0; dir=1; type=0; pingpong=0; private_global=0; IO mode=ap_vld:ce=0
Port [ input_7_out]:  wired=1; compound=0; hidden=0; nouse=0; global=0; static=0; extern=0; dir=1; type=0; pingpong=0; private_global=0; IO mode=ap_vld:ce=0
Port [ input_6_out]:  wired=1; compound=0; hidden=0; nouse=0; global=0; static=0; extern=0; dir=1; type=0; pingpong=0; private_global=0; IO mode=ap_vld:ce=0
Port [ input_5_out]:  wired=1; compound=0; hidden=0; nouse=0; global=0; static=0; extern=0; dir=1; type=0; pingpong=0; private_global=0; IO mode=ap_vld:ce=0
Port [ input_4_out]:  wired=1; compound=0; hidden=0; nouse=0; global=0; static=0; extern=0; dir=1; type=0; pingpong=0; private_global=0; IO mode=ap_vld:ce=0
Port [ input_3_out]:  wired=1; compound=0; hidden=0; nouse=0; global=0; static=0; extern=0; dir=1; type=0; pingpong=0; private_global=0; IO mode=ap_vld:ce=0
Port [ input_2_out]:  wired=1; compound=0; hidden=0; nouse=0; global=0; static=0; extern=0; dir=1; type=0; pingpong=0; private_global=0; IO mode=ap_vld:ce=0
Port [ input_1_out]:  wired=1; compound=0; hidden=0; nouse=0; global=0; static=0; extern=0; dir=1; type=0; pingpong=0; private_global=0; IO mode=ap_vld:ce=0
Port [ input_out]:  wired=1; compound=0; hidden=0; nouse=0; global=0; static=0; extern=0; dir=1; type=0; pingpong=0; private_global=0; IO mode=ap_vld:ce=0
---------------- STG Properties END ------------------

---------------- Datapath Model BEGIN ----------------

<LifeTime>
<method=bitvector/>
i                       (alloca             ) [ 010]
input                   (alloca             ) [ 011]
input_1                 (alloca             ) [ 011]
input_2                 (alloca             ) [ 011]
input_3                 (alloca             ) [ 011]
input_4                 (alloca             ) [ 011]
input_5                 (alloca             ) [ 011]
input_6                 (alloca             ) [ 011]
input_7                 (alloca             ) [ 011]
input_8                 (alloca             ) [ 011]
input_9                 (alloca             ) [ 011]
input_10                (alloca             ) [ 011]
input_11                (alloca             ) [ 011]
input_12                (alloca             ) [ 011]
input_13                (alloca             ) [ 011]
input_14                (alloca             ) [ 011]
input_15                (alloca             ) [ 011]
specaxissidechannel_ln0 (specaxissidechannel) [ 000]
specinterface_ln0       (specinterface      ) [ 000]
store_ln34              (store              ) [ 000]
br_ln34                 (br                 ) [ 000]
i_3                     (load               ) [ 000]
icmp_ln34               (icmp               ) [ 010]
i_4                     (add                ) [ 000]
br_ln34                 (br                 ) [ 000]
trunc_ln34              (trunc              ) [ 011]
trunc_ln                (partselect         ) [ 011]
switch_ln41             (switch             ) [ 000]
switch_ln41             (switch             ) [ 000]
switch_ln41             (switch             ) [ 000]
switch_ln41             (switch             ) [ 000]
switch_ln41             (switch             ) [ 000]
store_ln34              (store              ) [ 000]
br_ln34                 (br                 ) [ 000]
specpipeline_ln35       (specpipeline       ) [ 000]
speclooptripcount_ln26  (speclooptripcount  ) [ 000]
specloopname_ln34       (specloopname       ) [ 000]
empty                   (read               ) [ 000]
pkt_data                (extractvalue       ) [ 000]
store_ln26              (store              ) [ 000]
br_ln41                 (br                 ) [ 000]
store_ln26              (store              ) [ 000]
br_ln41                 (br                 ) [ 000]
store_ln26              (store              ) [ 000]
br_ln41                 (br                 ) [ 000]
store_ln26              (store              ) [ 000]
br_ln41                 (br                 ) [ 000]
store_ln26              (store              ) [ 000]
br_ln41                 (br                 ) [ 000]
store_ln26              (store              ) [ 000]
br_ln41                 (br                 ) [ 000]
store_ln26              (store              ) [ 000]
br_ln41                 (br                 ) [ 000]
store_ln26              (store              ) [ 000]
br_ln41                 (br                 ) [ 000]
store_ln26              (store              ) [ 000]
br_ln41                 (br                 ) [ 000]
store_ln26              (store              ) [ 000]
br_ln41                 (br                 ) [ 000]
store_ln26              (store              ) [ 000]
br_ln41                 (br                 ) [ 000]
store_ln26              (store              ) [ 000]
br_ln41                 (br                 ) [ 000]
store_ln26              (store              ) [ 000]
br_ln41                 (br                 ) [ 000]
store_ln26              (store              ) [ 000]
br_ln41                 (br                 ) [ 000]
store_ln26              (store              ) [ 000]
br_ln41                 (br                 ) [ 000]
store_ln26              (store              ) [ 000]
br_ln41                 (br                 ) [ 000]
input_load              (load               ) [ 000]
input_1_load            (load               ) [ 000]
input_2_load            (load               ) [ 000]
input_3_load            (load               ) [ 000]
input_4_load            (load               ) [ 000]
input_5_load            (load               ) [ 000]
input_6_load            (load               ) [ 000]
input_7_load            (load               ) [ 000]
input_8_load            (load               ) [ 000]
input_9_load            (load               ) [ 000]
input_10_load           (load               ) [ 000]
input_11_load           (load               ) [ 000]
input_12_load           (load               ) [ 000]
input_13_load           (load               ) [ 000]
input_14_load           (load               ) [ 000]
input_15_load           (load               ) [ 000]
write_ln0               (write              ) [ 000]
write_ln0               (write              ) [ 000]
write_ln0               (write              ) [ 000]
write_ln0               (write              ) [ 000]
write_ln0               (write              ) [ 000]
write_ln0               (write              ) [ 000]
write_ln0               (write              ) [ 000]
write_ln0               (write              ) [ 000]
write_ln0               (write              ) [ 000]
write_ln0               (write              ) [ 000]
write_ln0               (write              ) [ 000]
write_ln0               (write              ) [ 000]
write_ln0               (write              ) [ 000]
write_ln0               (write              ) [ 000]
write_ln0               (write              ) [ 000]
write_ln0               (write              ) [ 000]
ret_ln0                 (ret                ) [ 000]
</LifeTime>

<model>

<comp_list>
<comp id="0" class="1000" name="in_stream_V_data_V">
<pin_list>
<pin id="1" dir="1" index="0" bw="1" slack="0"/>
</pin_list>
<bind>
<StgValue><ssdm name="in_stream_V_data_V"/></StgValue>
</bind>
</comp>

<comp id="2" class="1000" name="in_stream_V_keep_V">
<pin_list>
<pin id="3" dir="1" index="0" bw="1" slack="0"/>
</pin_list>
<bind>
<StgValue><ssdm name="in_stream_V_keep_V"/></StgValue>
</bind>
</comp>

<comp id="4" class="1000" name="in_stream_V_strb_V">
<pin_list>
<pin id="5" dir="1" index="0" bw="1" slack="0"/>
</pin_list>
<bind>
<StgValue><ssdm name="in_stream_V_strb_V"/></StgValue>
</bind>
</comp>

<comp id="6" class="1000" name="in_stream_V_last_V">
<pin_list>
<pin id="7" dir="1" index="0" bw="1" slack="0"/>
</pin_list>
<bind>
<StgValue><ssdm name="in_stream_V_last_V"/></StgValue>
</bind>
</comp>

<comp id="8" class="1000" name="input_15_out">
<pin_list>
<pin id="9" dir="1" index="0" bw="1" slack="0"/>
</pin_list>
<bind>
<StgValue><ssdm name="input_15_out"/></StgValue>
</bind>
</comp>

<comp id="10" class="1000" name="input_14_out">
<pin_list>
<pin id="11" dir="1" index="0" bw="1" slack="0"/>
</pin_list>
<bind>
<StgValue><ssdm name="input_14_out"/></StgValue>
</bind>
</comp>

<comp id="12" class="1000" name="input_13_out">
<pin_list>
<pin id="13" dir="1" index="0" bw="1" slack="0"/>
</pin_list>
<bind>
<StgValue><ssdm name="input_13_out"/></StgValue>
</bind>
</comp>

<comp id="14" class="1000" name="input_12_out">
<pin_list>
<pin id="15" dir="1" index="0" bw="1" slack="0"/>
</pin_list>
<bind>
<StgValue><ssdm name="input_12_out"/></StgValue>
</bind>
</comp>

<comp id="16" class="1000" name="input_11_out">
<pin_list>
<pin id="17" dir="1" index="0" bw="1" slack="0"/>
</pin_list>
<bind>
<StgValue><ssdm name="input_11_out"/></StgValue>
</bind>
</comp>

<comp id="18" class="1000" name="input_10_out">
<pin_list>
<pin id="19" dir="1" index="0" bw="1" slack="0"/>
</pin_list>
<bind>
<StgValue><ssdm name="input_10_out"/></StgValue>
</bind>
</comp>

<comp id="20" class="1000" name="input_9_out">
<pin_list>
<pin id="21" dir="1" index="0" bw="1" slack="0"/>
</pin_list>
<bind>
<StgValue><ssdm name="input_9_out"/></StgValue>
</bind>
</comp>

<comp id="22" class="1000" name="input_8_out">
<pin_list>
<pin id="23" dir="1" index="0" bw="1" slack="0"/>
</pin_list>
<bind>
<StgValue><ssdm name="input_8_out"/></StgValue>
</bind>
</comp>

<comp id="24" class="1000" name="input_7_out">
<pin_list>
<pin id="25" dir="1" index="0" bw="1" slack="0"/>
</pin_list>
<bind>
<StgValue><ssdm name="input_7_out"/></StgValue>
</bind>
</comp>

<comp id="26" class="1000" name="input_6_out">
<pin_list>
<pin id="27" dir="1" index="0" bw="1" slack="0"/>
</pin_list>
<bind>
<StgValue><ssdm name="input_6_out"/></StgValue>
</bind>
</comp>

<comp id="28" class="1000" name="input_5_out">
<pin_list>
<pin id="29" dir="1" index="0" bw="1" slack="0"/>
</pin_list>
<bind>
<StgValue><ssdm name="input_5_out"/></StgValue>
</bind>
</comp>

<comp id="30" class="1000" name="input_4_out">
<pin_list>
<pin id="31" dir="1" index="0" bw="1" slack="0"/>
</pin_list>
<bind>
<StgValue><ssdm name="input_4_out"/></StgValue>
</bind>
</comp>

<comp id="32" class="1000" name="input_3_out">
<pin_list>
<pin id="33" dir="1" index="0" bw="1" slack="0"/>
</pin_list>
<bind>
<StgValue><ssdm name="input_3_out"/></StgValue>
</bind>
</comp>

<comp id="34" class="1000" name="input_2_out">
<pin_list>
<pin id="35" dir="1" index="0" bw="1" slack="0"/>
</pin_list>
<bind>
<StgValue><ssdm name="input_2_out"/></StgValue>
</bind>
</comp>

<comp id="36" class="1000" name="input_1_out">
<pin_list>
<pin id="37" dir="1" index="0" bw="1" slack="0"/>
</pin_list>
<bind>
<StgValue><ssdm name="input_1_out"/></StgValue>
</bind>
</comp>

<comp id="38" class="1000" name="input_out">
<pin_list>
<pin id="39" dir="1" index="0" bw="1" slack="0"/>
</pin_list>
<bind>
<StgValue><ssdm name="input_out"/></StgValue>
</bind>
</comp>

<comp id="40" class="1001" name="const_40">
<pin_list>
<pin id="41" dir="1" index="0" bw="1" slack="0"/>
</pin_list>
<bind>
<StgValue><ssdm name=""/></StgValue>
</bind>
</comp>

<comp id="42" class="1001" name="const_42">
<pin_list>
<pin id="43" dir="1" index="0" bw="1" slack="2147483647"/>
</pin_list>
<bind>
<StgValue><ssdm name="_ssdm_op_SpecAXISSideChannel"/></StgValue>
</bind>
</comp>

<comp id="44" class="1001" name="const_44">
<pin_list>
<pin id="45" dir="1" index="0" bw="1" slack="2147483647"/>
</pin_list>
<bind>
<StgValue><ssdm name=""/></StgValue>
</bind>
</comp>

<comp id="46" class="1001" name="const_46">
<pin_list>
<pin id="47" dir="1" index="0" bw="1" slack="2147483647"/>
</pin_list>
<bind>
<StgValue><ssdm name="empty_3"/></StgValue>
</bind>
</comp>

<comp id="48" class="1001" name="const_48">
<pin_list>
<pin id="49" dir="1" index="0" bw="1" slack="2147483647"/>
</pin_list>
<bind>
<StgValue><ssdm name="_ssdm_op_SpecInterface"/></StgValue>
</bind>
</comp>

<comp id="50" class="1001" name="const_50">
<pin_list>
<pin id="51" dir="1" index="0" bw="1" slack="2147483647"/>
</pin_list>
<bind>
<StgValue><ssdm name="empty"/></StgValue>
</bind>
</comp>

<comp id="52" class="1001" name="const_52">
<pin_list>
<pin id="53" dir="1" index="0" bw="1" slack="2147483647"/>
</pin_list>
<bind>
<StgValue><ssdm name=""/></StgValue>
</bind>
</comp>

<comp id="54" class="1001" name="const_54">
<pin_list>
<pin id="55" dir="1" index="0" bw="1" slack="2147483647"/>
</pin_list>
<bind>
<StgValue><ssdm name="empty_0"/></StgValue>
</bind>
</comp>

<comp id="56" class="1001" name="const_56">
<pin_list>
<pin id="57" dir="1" index="0" bw="1" slack="2147483647"/>
</pin_list>
<bind>
<StgValue><ssdm name="empty_1"/></StgValue>
</bind>
</comp>

<comp id="58" class="1001" name="const_58">
<pin_list>
<pin id="59" dir="1" index="0" bw="1" slack="2147483647"/>
</pin_list>
<bind>
<StgValue><ssdm name=""/></StgValue>
</bind>
</comp>

<comp id="60" class="1001" name="const_60">
<pin_list>
<pin id="61" dir="1" index="0" bw="1" slack="0"/>
</pin_list>
<bind>
<StgValue><ssdm name=""/></StgValue>
</bind>
</comp>

<comp id="62" class="1001" name="const_62">
<pin_list>
<pin id="63" dir="1" index="0" bw="1" slack="0"/>
</pin_list>
<bind>
<StgValue><ssdm name=""/></StgValue>
</bind>
</comp>

<comp id="64" class="1001" name="const_64">
<pin_list>
<pin id="65" dir="1" index="0" bw="1" slack="0"/>
</pin_list>
<bind>
<StgValue><ssdm name=""/></StgValue>
</bind>
</comp>

<comp id="66" class="1001" name="const_66">
<pin_list>
<pin id="67" dir="1" index="0" bw="1" slack="0"/>
</pin_list>
<bind>
<StgValue><ssdm name="_ssdm_op_PartSelect.i2.i5.i32.i32"/></StgValue>
</bind>
</comp>

<comp id="68" class="1001" name="const_68">
<pin_list>
<pin id="69" dir="1" index="0" bw="1" slack="0"/>
</pin_list>
<bind>
<StgValue><ssdm name=""/></StgValue>
</bind>
</comp>

<comp id="70" class="1001" name="const_70">
<pin_list>
<pin id="71" dir="1" index="0" bw="1" slack="0"/>
</pin_list>
<bind>
<StgValue><ssdm name=""/></StgValue>
</bind>
</comp>

<comp id="72" class="1001" name="const_72">
<pin_list>
<pin id="73" dir="1" index="0" bw="1" slack="0"/>
</pin_list>
<bind>
<StgValue><ssdm name=""/></StgValue>
</bind>
</comp>

<comp id="74" class="1001" name="const_74">
<pin_list>
<pin id="75" dir="1" index="0" bw="1" slack="0"/>
</pin_list>
<bind>
<StgValue><ssdm name=""/></StgValue>
</bind>
</comp>

<comp id="76" class="1001" name="const_76">
<pin_list>
<pin id="77" dir="1" index="0" bw="1" slack="0"/>
</pin_list>
<bind>
<StgValue><ssdm name=""/></StgValue>
</bind>
</comp>

<comp id="78" class="1001" name="const_78">
<pin_list>
<pin id="79" dir="1" index="0" bw="1" slack="2147483647"/>
</pin_list>
<bind>
<StgValue><ssdm name="_ssdm_op_SpecPipeline"/></StgValue>
</bind>
</comp>

<comp id="80" class="1001" name="const_80">
<pin_list>
<pin id="81" dir="1" index="0" bw="1" slack="2147483647"/>
</pin_list>
<bind>
<StgValue><ssdm name="_ssdm_op_SpecLoopTripCount"/></StgValue>
</bind>
</comp>

<comp id="82" class="1001" name="const_82">
<pin_list>
<pin id="83" dir="1" index="0" bw="1" slack="2147483647"/>
</pin_list>
<bind>
<StgValue><ssdm name=""/></StgValue>
</bind>
</comp>

<comp id="84" class="1001" name="const_84">
<pin_list>
<pin id="85" dir="1" index="0" bw="1" slack="2147483647"/>
</pin_list>
<bind>
<StgValue><ssdm name="_ssdm_op_SpecLoopName"/></StgValue>
</bind>
</comp>

<comp id="86" class="1001" name="const_86">
<pin_list>
<pin id="87" dir="1" index="0" bw="1" slack="2147483647"/>
</pin_list>
<bind>
<StgValue><ssdm name="empty_6"/></StgValue>
</bind>
</comp>

<comp id="88" class="1001" name="const_88">
<pin_list>
<pin id="89" dir="1" index="0" bw="1" slack="0"/>
</pin_list>
<bind>
<StgValue><ssdm name="_ssdm_op_Read.axis.volatile.i16P0A.i2P0A.i2P0A.i1P0A"/></StgValue>
</bind>
</comp>

<comp id="90" class="1001" name="const_90">
<pin_list>
<pin id="91" dir="1" index="0" bw="1" slack="0"/>
</pin_list>
<bind>
<StgValue><ssdm name="_ssdm_op_Write.ap_auto.i16P0A"/></StgValue>
</bind>
</comp>

<comp id="92" class="1004" name="i_fu_92">
<pin_list>
<pin id="93" dir="0" index="0" bw="1" slack="0"/>
<pin id="94" dir="1" index="1" bw="5" slack="0"/>
</pin_list>
<bind>
<opcode="alloca(26) " fcode="alloca"/>
<opset="i/1 "/>
</bind>
</comp>

<comp id="96" class="1004" name="input_fu_96">
<pin_list>
<pin id="97" dir="0" index="0" bw="1" slack="0"/>
<pin id="98" dir="1" index="1" bw="16" slack="0"/>
</pin_list>
<bind>
<opcode="alloca(26) " fcode="alloca"/>
<opset="input/1 "/>
</bind>
</comp>

<comp id="100" class="1004" name="input_1_fu_100">
<pin_list>
<pin id="101" dir="0" index="0" bw="1" slack="0"/>
<pin id="102" dir="1" index="1" bw="16" slack="0"/>
</pin_list>
<bind>
<opcode="alloca(26) " fcode="alloca"/>
<opset="input_1/1 "/>
</bind>
</comp>

<comp id="104" class="1004" name="input_2_fu_104">
<pin_list>
<pin id="105" dir="0" index="0" bw="1" slack="0"/>
<pin id="106" dir="1" index="1" bw="16" slack="0"/>
</pin_list>
<bind>
<opcode="alloca(26) " fcode="alloca"/>
<opset="input_2/1 "/>
</bind>
</comp>

<comp id="108" class="1004" name="input_3_fu_108">
<pin_list>
<pin id="109" dir="0" index="0" bw="1" slack="0"/>
<pin id="110" dir="1" index="1" bw="16" slack="0"/>
</pin_list>
<bind>
<opcode="alloca(26) " fcode="alloca"/>
<opset="input_3/1 "/>
</bind>
</comp>

<comp id="112" class="1004" name="input_4_fu_112">
<pin_list>
<pin id="113" dir="0" index="0" bw="1" slack="0"/>
<pin id="114" dir="1" index="1" bw="16" slack="0"/>
</pin_list>
<bind>
<opcode="alloca(26) " fcode="alloca"/>
<opset="input_4/1 "/>
</bind>
</comp>

<comp id="116" class="1004" name="input_5_fu_116">
<pin_list>
<pin id="117" dir="0" index="0" bw="1" slack="0"/>
<pin id="118" dir="1" index="1" bw="16" slack="0"/>
</pin_list>
<bind>
<opcode="alloca(26) " fcode="alloca"/>
<opset="input_5/1 "/>
</bind>
</comp>

<comp id="120" class="1004" name="input_6_fu_120">
<pin_list>
<pin id="121" dir="0" index="0" bw="1" slack="0"/>
<pin id="122" dir="1" index="1" bw="16" slack="0"/>
</pin_list>
<bind>
<opcode="alloca(26) " fcode="alloca"/>
<opset="input_6/1 "/>
</bind>
</comp>

<comp id="124" class="1004" name="input_7_fu_124">
<pin_list>
<pin id="125" dir="0" index="0" bw="1" slack="0"/>
<pin id="126" dir="1" index="1" bw="16" slack="0"/>
</pin_list>
<bind>
<opcode="alloca(26) " fcode="alloca"/>
<opset="input_7/1 "/>
</bind>
</comp>

<comp id="128" class="1004" name="input_8_fu_128">
<pin_list>
<pin id="129" dir="0" index="0" bw="1" slack="0"/>
<pin id="130" dir="1" index="1" bw="16" slack="0"/>
</pin_list>
<bind>
<opcode="alloca(26) " fcode="alloca"/>
<opset="input_8/1 "/>
</bind>
</comp>

<comp id="132" class="1004" name="input_9_fu_132">
<pin_list>
<pin id="133" dir="0" index="0" bw="1" slack="0"/>
<pin id="134" dir="1" index="1" bw="16" slack="0"/>
</pin_list>
<bind>
<opcode="alloca(26) " fcode="alloca"/>
<opset="input_9/1 "/>
</bind>
</comp>

<comp id="136" class="1004" name="input_10_fu_136">
<pin_list>
<pin id="137" dir="0" index="0" bw="1" slack="0"/>
<pin id="138" dir="1" index="1" bw="16" slack="0"/>
</pin_list>
<bind>
<opcode="alloca(26) " fcode="alloca"/>
<opset="input_10/1 "/>
</bind>
</comp>

<comp id="140" class="1004" name="input_11_fu_140">
<pin_list>
<pin id="141" dir="0" index="0" bw="1" slack="0"/>
<pin id="142" dir="1" index="1" bw="16" slack="0"/>
</pin_list>
<bind>
<opcode="alloca(26) " fcode="alloca"/>
<opset="input_11/1 "/>
</bind>
</comp>

<comp id="144" class="1004" name="input_12_fu_144">
<pin_list>
<pin id="145" dir="0" index="0" bw="1" slack="0"/>
<pin id="146" dir="1" index="1" bw="16" slack="0"/>
</pin_list>
<bind>
<opcode="alloca(26) " fcode="alloca"/>
<opset="input_12/1 "/>
</bind>
</comp>

<comp id="148" class="1004" name="input_13_fu_148">
<pin_list>
<pin id="149" dir="0" index="0" bw="1" slack="0"/>
<pin id="150" dir="1" index="1" bw="16" slack="0"/>
</pin_list>
<bind>
<opcode="alloca(26) " fcode="alloca"/>
<opset="input_13/1 "/>
</bind>
</comp>

<comp id="152" class="1004" name="input_14_fu_152">
<pin_list>
<pin id="153" dir="0" index="0" bw="1" slack="0"/>
<pin id="154" dir="1" index="1" bw="16" slack="0"/>
</pin_list>
<bind>
<opcode="alloca(26) " fcode="alloca"/>
<opset="input_14/1 "/>
</bind>
</comp>

<comp id="156" class="1004" name="input_15_fu_156">
<pin_list>
<pin id="157" dir="0" index="0" bw="1" slack="0"/>
<pin id="158" dir="1" index="1" bw="16" slack="0"/>
</pin_list>
<bind>
<opcode="alloca(26) " fcode="alloca"/>
<opset="input_15/1 "/>
</bind>
</comp>

<comp id="160" class="1004" name="empty_read_fu_160">
<pin_list>
<pin id="161" dir="0" index="0" bw="21" slack="0"/>
<pin id="162" dir="0" index="1" bw="16" slack="0"/>
<pin id="163" dir="0" index="2" bw="2" slack="0"/>
<pin id="164" dir="0" index="3" bw="2" slack="0"/>
<pin id="165" dir="0" index="4" bw="1" slack="0"/>
<pin id="166" dir="1" index="5" bw="21" slack="0"/>
</pin_list>
<bind>
<opcode="read(1150) " fcode="read"/>
<opset="empty/2 "/>
</bind>
</comp>

<comp id="172" class="1004" name="write_ln0_write_fu_172">
<pin_list>
<pin id="173" dir="0" index="0" bw="0" slack="0"/>
<pin id="174" dir="0" index="1" bw="16" slack="0"/>
<pin id="175" dir="0" index="2" bw="16" slack="0"/>
<pin id="176" dir="1" index="3" bw="0" slack="2147483647"/>
</pin_list>
<bind>
<opcode="write(1151) " fcode="write"/>
<opset="write_ln0/1 "/>
</bind>
</comp>

<comp id="179" class="1004" name="write_ln0_write_fu_179">
<pin_list>
<pin id="180" dir="0" index="0" bw="0" slack="0"/>
<pin id="181" dir="0" index="1" bw="16" slack="0"/>
<pin id="182" dir="0" index="2" bw="16" slack="0"/>
<pin id="183" dir="1" index="3" bw="0" slack="2147483647"/>
</pin_list>
<bind>
<opcode="write(1151) " fcode="write"/>
<opset="write_ln0/1 "/>
</bind>
</comp>

<comp id="186" class="1004" name="write_ln0_write_fu_186">
<pin_list>
<pin id="187" dir="0" index="0" bw="0" slack="0"/>
<pin id="188" dir="0" index="1" bw="16" slack="0"/>
<pin id="189" dir="0" index="2" bw="16" slack="0"/>
<pin id="190" dir="1" index="3" bw="0" slack="2147483647"/>
</pin_list>
<bind>
<opcode="write(1151) " fcode="write"/>
<opset="write_ln0/1 "/>
</bind>
</comp>

<comp id="193" class="1004" name="write_ln0_write_fu_193">
<pin_list>
<pin id="194" dir="0" index="0" bw="0" slack="0"/>
<pin id="195" dir="0" index="1" bw="16" slack="0"/>
<pin id="196" dir="0" index="2" bw="16" slack="0"/>
<pin id="197" dir="1" index="3" bw="0" slack="2147483647"/>
</pin_list>
<bind>
<opcode="write(1151) " fcode="write"/>
<opset="write_ln0/1 "/>
</bind>
</comp>

<comp id="200" class="1004" name="write_ln0_write_fu_200">
<pin_list>
<pin id="201" dir="0" index="0" bw="0" slack="0"/>
<pin id="202" dir="0" index="1" bw="16" slack="0"/>
<pin id="203" dir="0" index="2" bw="16" slack="0"/>
<pin id="204" dir="1" index="3" bw="0" slack="2147483647"/>
</pin_list>
<bind>
<opcode="write(1151) " fcode="write"/>
<opset="write_ln0/1 "/>
</bind>
</comp>

<comp id="207" class="1004" name="write_ln0_write_fu_207">
<pin_list>
<pin id="208" dir="0" index="0" bw="0" slack="0"/>
<pin id="209" dir="0" index="1" bw="16" slack="0"/>
<pin id="210" dir="0" index="2" bw="16" slack="0"/>
<pin id="211" dir="1" index="3" bw="0" slack="2147483647"/>
</pin_list>
<bind>
<opcode="write(1151) " fcode="write"/>
<opset="write_ln0/1 "/>
</bind>
</comp>

<comp id="214" class="1004" name="write_ln0_write_fu_214">
<pin_list>
<pin id="215" dir="0" index="0" bw="0" slack="0"/>
<pin id="216" dir="0" index="1" bw="16" slack="0"/>
<pin id="217" dir="0" index="2" bw="16" slack="0"/>
<pin id="218" dir="1" index="3" bw="0" slack="2147483647"/>
</pin_list>
<bind>
<opcode="write(1151) " fcode="write"/>
<opset="write_ln0/1 "/>
</bind>
</comp>

<comp id="221" class="1004" name="write_ln0_write_fu_221">
<pin_list>
<pin id="222" dir="0" index="0" bw="0" slack="0"/>
<pin id="223" dir="0" index="1" bw="16" slack="0"/>
<pin id="224" dir="0" index="2" bw="16" slack="0"/>
<pin id="225" dir="1" index="3" bw="0" slack="2147483647"/>
</pin_list>
<bind>
<opcode="write(1151) " fcode="write"/>
<opset="write_ln0/1 "/>
</bind>
</comp>

<comp id="228" class="1004" name="write_ln0_write_fu_228">
<pin_list>
<pin id="229" dir="0" index="0" bw="0" slack="0"/>
<pin id="230" dir="0" index="1" bw="16" slack="0"/>
<pin id="231" dir="0" index="2" bw="16" slack="0"/>
<pin id="232" dir="1" index="3" bw="0" slack="2147483647"/>
</pin_list>
<bind>
<opcode="write(1151) " fcode="write"/>
<opset="write_ln0/1 "/>
</bind>
</comp>

<comp id="235" class="1004" name="write_ln0_write_fu_235">
<pin_list>
<pin id="236" dir="0" index="0" bw="0" slack="0"/>
<pin id="237" dir="0" index="1" bw="16" slack="0"/>
<pin id="238" dir="0" index="2" bw="16" slack="0"/>
<pin id="239" dir="1" index="3" bw="0" slack="2147483647"/>
</pin_list>
<bind>
<opcode="write(1151) " fcode="write"/>
<opset="write_ln0/1 "/>
</bind>
</comp>

<comp id="242" class="1004" name="write_ln0_write_fu_242">
<pin_list>
<pin id="243" dir="0" index="0" bw="0" slack="0"/>
<pin id="244" dir="0" index="1" bw="16" slack="0"/>
<pin id="245" dir="0" index="2" bw="16" slack="0"/>
<pin id="246" dir="1" index="3" bw="0" slack="2147483647"/>
</pin_list>
<bind>
<opcode="write(1151) " fcode="write"/>
<opset="write_ln0/1 "/>
</bind>
</comp>

<comp id="249" class="1004" name="write_ln0_write_fu_249">
<pin_list>
<pin id="250" dir="0" index="0" bw="0" slack="0"/>
<pin id="251" dir="0" index="1" bw="16" slack="0"/>
<pin id="252" dir="0" index="2" bw="16" slack="0"/>
<pin id="253" dir="1" index="3" bw="0" slack="2147483647"/>
</pin_list>
<bind>
<opcode="write(1151) " fcode="write"/>
<opset="write_ln0/1 "/>
</bind>
</comp>

<comp id="256" class="1004" name="write_ln0_write_fu_256">
<pin_list>
<pin id="257" dir="0" index="0" bw="0" slack="0"/>
<pin id="258" dir="0" index="1" bw="16" slack="0"/>
<pin id="259" dir="0" index="2" bw="16" slack="0"/>
<pin id="260" dir="1" index="3" bw="0" slack="2147483647"/>
</pin_list>
<bind>
<opcode="write(1151) " fcode="write"/>
<opset="write_ln0/1 "/>
</bind>
</comp>

<comp id="263" class="1004" name="write_ln0_write_fu_263">
<pin_list>
<pin id="264" dir="0" index="0" bw="0" slack="0"/>
<pin id="265" dir="0" index="1" bw="16" slack="0"/>
<pin id="266" dir="0" index="2" bw="16" slack="0"/>
<pin id="267" dir="1" index="3" bw="0" slack="2147483647"/>
</pin_list>
<bind>
<opcode="write(1151) " fcode="write"/>
<opset="write_ln0/1 "/>
</bind>
</comp>

<comp id="270" class="1004" name="write_ln0_write_fu_270">
<pin_list>
<pin id="271" dir="0" index="0" bw="0" slack="0"/>
<pin id="272" dir="0" index="1" bw="16" slack="0"/>
<pin id="273" dir="0" index="2" bw="16" slack="0"/>
<pin id="274" dir="1" index="3" bw="0" slack="2147483647"/>
</pin_list>
<bind>
<opcode="write(1151) " fcode="write"/>
<opset="write_ln0/1 "/>
</bind>
</comp>

<comp id="277" class="1004" name="write_ln0_write_fu_277">
<pin_list>
<pin id="278" dir="0" index="0" bw="0" slack="0"/>
<pin id="279" dir="0" index="1" bw="16" slack="0"/>
<pin id="280" dir="0" index="2" bw="16" slack="0"/>
<pin id="281" dir="1" index="3" bw="0" slack="2147483647"/>
</pin_list>
<bind>
<opcode="write(1151) " fcode="write"/>
<opset="write_ln0/1 "/>
</bind>
</comp>

<comp id="284" class="1004" name="grp_fu_284">
<pin_list>
<pin id="285" dir="0" index="0" bw="2" slack="0"/>
<pin id="286" dir="0" index="1" bw="1" slack="0"/>
<pin id="287" dir="0" index="2" bw="1" slack="0"/>
<pin id="288" dir="0" index="3" bw="2" slack="0"/>
<pin id="289" dir="1" index="4" bw="0" slack="2147483647"/>
</pin_list>
<bind>
<opcode="switch(3) " fcode="switch"/>
<opset="switch_ln41/1 switch_ln41/1 switch_ln41/1 switch_ln41/1 "/>
</bind>
</comp>

<comp id="293" class="1004" name="store_ln34_store_fu_293">
<pin_list>
<pin id="294" dir="0" index="0" bw="1" slack="0"/>
<pin id="295" dir="0" index="1" bw="5" slack="0"/>
<pin id="296" dir="1" index="2" bw="0" slack="2147483647"/>
</pin_list>
<bind>
<opcode="store(28) " fcode="store"/>
<opset="store_ln34/1 "/>
</bind>
</comp>

<comp id="298" class="1004" name="i_3_load_fu_298">
<pin_list>
<pin id="299" dir="0" index="0" bw="5" slack="0"/>
<pin id="300" dir="1" index="1" bw="5" slack="0"/>
</pin_list>
<bind>
<opcode="load(27) " fcode="load"/>
<opset="i_3/1 "/>
</bind>
</comp>

<comp id="301" class="1004" name="icmp_ln34_fu_301">
<pin_list>
<pin id="302" dir="0" index="0" bw="5" slack="0"/>
<pin id="303" dir="0" index="1" bw="5" slack="0"/>
<pin id="304" dir="1" index="2" bw="1" slack="2147483647"/>
</pin_list>
<bind>
<opcode="icmp(45) " fcode="icmp"/>
<opset="icmp_ln34/1 "/>
</bind>
</comp>

<comp id="307" class="1004" name="i_4_fu_307">
<pin_list>
<pin id="308" dir="0" index="0" bw="5" slack="0"/>
<pin id="309" dir="0" index="1" bw="1" slack="0"/>
<pin id="310" dir="1" index="2" bw="5" slack="0"/>
</pin_list>
<bind>
<opcode="add(8) " fcode="add"/>
<opset="i_4/1 "/>
</bind>
</comp>

<comp id="313" class="1004" name="trunc_ln34_fu_313">
<pin_list>
<pin id="314" dir="0" index="0" bw="5" slack="0"/>
<pin id="315" dir="1" index="1" bw="2" slack="0"/>
</pin_list>
<bind>
<opcode="trunc(33) " fcode="trunc"/>
<opset="trunc_ln34/1 "/>
</bind>
</comp>

<comp id="318" class="1004" name="trunc_ln_fu_318">
<pin_list>
<pin id="319" dir="0" index="0" bw="2" slack="0"/>
<pin id="320" dir="0" index="1" bw="5" slack="0"/>
<pin id="321" dir="0" index="2" bw="3" slack="0"/>
<pin id="322" dir="0" index="3" bw="3" slack="0"/>
<pin id="323" dir="1" index="4" bw="2" slack="0"/>
</pin_list>
<bind>
<opcode="partselect(1002) " fcode="partselect"/>
<opset="trunc_ln/1 "/>
</bind>
</comp>

<comp id="328" class="1004" name="switch_ln41_fu_328">
<pin_list>
<pin id="329" dir="0" index="0" bw="2" slack="0"/>
<pin id="330" dir="0" index="1" bw="1" slack="0"/>
<pin id="331" dir="0" index="2" bw="1" slack="0"/>
<pin id="332" dir="0" index="3" bw="2" slack="0"/>
<pin id="333" dir="1" index="4" bw="0" slack="2147483647"/>
</pin_list>
<bind>
<opcode="switch(3) " fcode="switch"/>
<opset="switch_ln41/1 "/>
</bind>
</comp>

<comp id="338" class="1004" name="store_ln34_store_fu_338">
<pin_list>
<pin id="339" dir="0" index="0" bw="5" slack="0"/>
<pin id="340" dir="0" index="1" bw="5" slack="0"/>
<pin id="341" dir="1" index="2" bw="0" slack="2147483647"/>
</pin_list>
<bind>
<opcode="store(28) " fcode="store"/>
<opset="store_ln34/1 "/>
</bind>
</comp>

<comp id="343" class="1004" name="pkt_data_fu_343">
<pin_list>
<pin id="344" dir="0" index="0" bw="21" slack="0"/>
<pin id="345" dir="1" index="1" bw="16" slack="0"/>
</pin_list>
<bind>
<opcode="extractvalue(56) " fcode="extractvalue"/>
<opset="pkt_data/2 "/>
</bind>
</comp>

<comp id="347" class="1004" name="store_ln26_store_fu_347">
<pin_list>
<pin id="348" dir="0" index="0" bw="16" slack="0"/>
<pin id="349" dir="0" index="1" bw="16" slack="1"/>
<pin id="350" dir="1" index="2" bw="0" slack="2147483647"/>
</pin_list>
<bind>
<opcode="store(28) " fcode="store"/>
<opset="store_ln26/2 "/>
</bind>
</comp>

<comp id="352" class="1004" name="store_ln26_store_fu_352">
<pin_list>
<pin id="353" dir="0" index="0" bw="16" slack="0"/>
<pin id="354" dir="0" index="1" bw="16" slack="1"/>
<pin id="355" dir="1" index="2" bw="0" slack="2147483647"/>
</pin_list>
<bind>
<opcode="store(28) " fcode="store"/>
<opset="store_ln26/2 "/>
</bind>
</comp>

<comp id="357" class="1004" name="store_ln26_store_fu_357">
<pin_list>
<pin id="358" dir="0" index="0" bw="16" slack="0"/>
<pin id="359" dir="0" index="1" bw="16" slack="1"/>
<pin id="360" dir="1" index="2" bw="0" slack="2147483647"/>
</pin_list>
<bind>
<opcode="store(28) " fcode="store"/>
<opset="store_ln26/2 "/>
</bind>
</comp>

<comp id="362" class="1004" name="store_ln26_store_fu_362">
<pin_list>
<pin id="363" dir="0" index="0" bw="16" slack="0"/>
<pin id="364" dir="0" index="1" bw="16" slack="1"/>
<pin id="365" dir="1" index="2" bw="0" slack="2147483647"/>
</pin_list>
<bind>
<opcode="store(28) " fcode="store"/>
<opset="store_ln26/2 "/>
</bind>
</comp>

<comp id="367" class="1004" name="store_ln26_store_fu_367">
<pin_list>
<pin id="368" dir="0" index="0" bw="16" slack="0"/>
<pin id="369" dir="0" index="1" bw="16" slack="1"/>
<pin id="370" dir="1" index="2" bw="0" slack="2147483647"/>
</pin_list>
<bind>
<opcode="store(28) " fcode="store"/>
<opset="store_ln26/2 "/>
</bind>
</comp>

<comp id="372" class="1004" name="store_ln26_store_fu_372">
<pin_list>
<pin id="373" dir="0" index="0" bw="16" slack="0"/>
<pin id="374" dir="0" index="1" bw="16" slack="1"/>
<pin id="375" dir="1" index="2" bw="0" slack="2147483647"/>
</pin_list>
<bind>
<opcode="store(28) " fcode="store"/>
<opset="store_ln26/2 "/>
</bind>
</comp>

<comp id="377" class="1004" name="store_ln26_store_fu_377">
<pin_list>
<pin id="378" dir="0" index="0" bw="16" slack="0"/>
<pin id="379" dir="0" index="1" bw="16" slack="1"/>
<pin id="380" dir="1" index="2" bw="0" slack="2147483647"/>
</pin_list>
<bind>
<opcode="store(28) " fcode="store"/>
<opset="store_ln26/2 "/>
</bind>
</comp>

<comp id="382" class="1004" name="store_ln26_store_fu_382">
<pin_list>
<pin id="383" dir="0" index="0" bw="16" slack="0"/>
<pin id="384" dir="0" index="1" bw="16" slack="1"/>
<pin id="385" dir="1" index="2" bw="0" slack="2147483647"/>
</pin_list>
<bind>
<opcode="store(28) " fcode="store"/>
<opset="store_ln26/2 "/>
</bind>
</comp>

<comp id="387" class="1004" name="store_ln26_store_fu_387">
<pin_list>
<pin id="388" dir="0" index="0" bw="16" slack="0"/>
<pin id="389" dir="0" index="1" bw="16" slack="1"/>
<pin id="390" dir="1" index="2" bw="0" slack="2147483647"/>
</pin_list>
<bind>
<opcode="store(28) " fcode="store"/>
<opset="store_ln26/2 "/>
</bind>
</comp>

<comp id="392" class="1004" name="store_ln26_store_fu_392">
<pin_list>
<pin id="393" dir="0" index="0" bw="16" slack="0"/>
<pin id="394" dir="0" index="1" bw="16" slack="1"/>
<pin id="395" dir="1" index="2" bw="0" slack="2147483647"/>
</pin_list>
<bind>
<opcode="store(28) " fcode="store"/>
<opset="store_ln26/2 "/>
</bind>
</comp>

<comp id="397" class="1004" name="store_ln26_store_fu_397">
<pin_list>
<pin id="398" dir="0" index="0" bw="16" slack="0"/>
<pin id="399" dir="0" index="1" bw="16" slack="1"/>
<pin id="400" dir="1" index="2" bw="0" slack="2147483647"/>
</pin_list>
<bind>
<opcode="store(28) " fcode="store"/>
<opset="store_ln26/2 "/>
</bind>
</comp>

<comp id="402" class="1004" name="store_ln26_store_fu_402">
<pin_list>
<pin id="403" dir="0" index="0" bw="16" slack="0"/>
<pin id="404" dir="0" index="1" bw="16" slack="1"/>
<pin id="405" dir="1" index="2" bw="0" slack="2147483647"/>
</pin_list>
<bind>
<opcode="store(28) " fcode="store"/>
<opset="store_ln26/2 "/>
</bind>
</comp>

<comp id="407" class="1004" name="store_ln26_store_fu_407">
<pin_list>
<pin id="408" dir="0" index="0" bw="16" slack="0"/>
<pin id="409" dir="0" index="1" bw="16" slack="1"/>
<pin id="410" dir="1" index="2" bw="0" slack="2147483647"/>
</pin_list>
<bind>
<opcode="store(28) " fcode="store"/>
<opset="store_ln26/2 "/>
</bind>
</comp>

<comp id="412" class="1004" name="store_ln26_store_fu_412">
<pin_list>
<pin id="413" dir="0" index="0" bw="16" slack="0"/>
<pin id="414" dir="0" index="1" bw="16" slack="1"/>
<pin id="415" dir="1" index="2" bw="0" slack="2147483647"/>
</pin_list>
<bind>
<opcode="store(28) " fcode="store"/>
<opset="store_ln26/2 "/>
</bind>
</comp>

<comp id="417" class="1004" name="store_ln26_store_fu_417">
<pin_list>
<pin id="418" dir="0" index="0" bw="16" slack="0"/>
<pin id="419" dir="0" index="1" bw="16" slack="1"/>
<pin id="420" dir="1" index="2" bw="0" slack="2147483647"/>
</pin_list>
<bind>
<opcode="store(28) " fcode="store"/>
<opset="store_ln26/2 "/>
</bind>
</comp>

<comp id="422" class="1004" name="store_ln26_store_fu_422">
<pin_list>
<pin id="423" dir="0" index="0" bw="16" slack="0"/>
<pin id="424" dir="0" index="1" bw="16" slack="1"/>
<pin id="425" dir="1" index="2" bw="0" slack="2147483647"/>
</pin_list>
<bind>
<opcode="store(28) " fcode="store"/>
<opset="store_ln26/2 "/>
</bind>
</comp>

<comp id="427" class="1004" name="input_load_load_fu_427">
<pin_list>
<pin id="428" dir="0" index="0" bw="16" slack="0"/>
<pin id="429" dir="1" index="1" bw="16" slack="0"/>
</pin_list>
<bind>
<opcode="load(27) " fcode="load"/>
<opset="input_load/1 "/>
</bind>
</comp>

<comp id="431" class="1004" name="input_1_load_load_fu_431">
<pin_list>
<pin id="432" dir="0" index="0" bw="16" slack="0"/>
<pin id="433" dir="1" index="1" bw="16" slack="0"/>
</pin_list>
<bind>
<opcode="load(27) " fcode="load"/>
<opset="input_1_load/1 "/>
</bind>
</comp>

<comp id="435" class="1004" name="input_2_load_load_fu_435">
<pin_list>
<pin id="436" dir="0" index="0" bw="16" slack="0"/>
<pin id="437" dir="1" index="1" bw="16" slack="0"/>
</pin_list>
<bind>
<opcode="load(27) " fcode="load"/>
<opset="input_2_load/1 "/>
</bind>
</comp>

<comp id="439" class="1004" name="input_3_load_load_fu_439">
<pin_list>
<pin id="440" dir="0" index="0" bw="16" slack="0"/>
<pin id="441" dir="1" index="1" bw="16" slack="0"/>
</pin_list>
<bind>
<opcode="load(27) " fcode="load"/>
<opset="input_3_load/1 "/>
</bind>
</comp>

<comp id="443" class="1004" name="input_4_load_load_fu_443">
<pin_list>
<pin id="444" dir="0" index="0" bw="16" slack="0"/>
<pin id="445" dir="1" index="1" bw="16" slack="0"/>
</pin_list>
<bind>
<opcode="load(27) " fcode="load"/>
<opset="input_4_load/1 "/>
</bind>
</comp>

<comp id="447" class="1004" name="input_5_load_load_fu_447">
<pin_list>
<pin id="448" dir="0" index="0" bw="16" slack="0"/>
<pin id="449" dir="1" index="1" bw="16" slack="0"/>
</pin_list>
<bind>
<opcode="load(27) " fcode="load"/>
<opset="input_5_load/1 "/>
</bind>
</comp>

<comp id="451" class="1004" name="input_6_load_load_fu_451">
<pin_list>
<pin id="452" dir="0" index="0" bw="16" slack="0"/>
<pin id="453" dir="1" index="1" bw="16" slack="0"/>
</pin_list>
<bind>
<opcode="load(27) " fcode="load"/>
<opset="input_6_load/1 "/>
</bind>
</comp>

<comp id="455" class="1004" name="input_7_load_load_fu_455">
<pin_list>
<pin id="456" dir="0" index="0" bw="16" slack="0"/>
<pin id="457" dir="1" index="1" bw="16" slack="0"/>
</pin_list>
<bind>
<opcode="load(27) " fcode="load"/>
<opset="input_7_load/1 "/>
</bind>
</comp>

<comp id="459" class="1004" name="input_8_load_load_fu_459">
<pin_list>
<pin id="460" dir="0" index="0" bw="16" slack="0"/>
<pin id="461" dir="1" index="1" bw="16" slack="0"/>
</pin_list>
<bind>
<opcode="load(27) " fcode="load"/>
<opset="input_8_load/1 "/>
</bind>
</comp>

<comp id="463" class="1004" name="input_9_load_load_fu_463">
<pin_list>
<pin id="464" dir="0" index="0" bw="16" slack="0"/>
<pin id="465" dir="1" index="1" bw="16" slack="0"/>
</pin_list>
<bind>
<opcode="load(27) " fcode="load"/>
<opset="input_9_load/1 "/>
</bind>
</comp>

<comp id="467" class="1004" name="input_10_load_load_fu_467">
<pin_list>
<pin id="468" dir="0" index="0" bw="16" slack="0"/>
<pin id="469" dir="1" index="1" bw="16" slack="0"/>
</pin_list>
<bind>
<opcode="load(27) " fcode="load"/>
<opset="input_10_load/1 "/>
</bind>
</comp>

<comp id="471" class="1004" name="input_11_load_load_fu_471">
<pin_list>
<pin id="472" dir="0" index="0" bw="16" slack="0"/>
<pin id="473" dir="1" index="1" bw="16" slack="0"/>
</pin_list>
<bind>
<opcode="load(27) " fcode="load"/>
<opset="input_11_load/1 "/>
</bind>
</comp>

<comp id="475" class="1004" name="input_12_load_load_fu_475">
<pin_list>
<pin id="476" dir="0" index="0" bw="16" slack="0"/>
<pin id="477" dir="1" index="1" bw="16" slack="0"/>
</pin_list>
<bind>
<opcode="load(27) " fcode="load"/>
<opset="input_12_load/1 "/>
</bind>
</comp>

<comp id="479" class="1004" name="input_13_load_load_fu_479">
<pin_list>
<pin id="480" dir="0" index="0" bw="16" slack="0"/>
<pin id="481" dir="1" index="1" bw="16" slack="0"/>
</pin_list>
<bind>
<opcode="load(27) " fcode="load"/>
<opset="input_13_load/1 "/>
</bind>
</comp>

<comp id="483" class="1004" name="input_14_load_load_fu_483">
<pin_list>
<pin id="484" dir="0" index="0" bw="16" slack="0"/>
<pin id="485" dir="1" index="1" bw="16" slack="0"/>
</pin_list>
<bind>
<opcode="load(27) " fcode="load"/>
<opset="input_14_load/1 "/>
</bind>
</comp>

<comp id="487" class="1004" name="input_15_load_load_fu_487">
<pin_list>
<pin id="488" dir="0" index="0" bw="16" slack="0"/>
<pin id="489" dir="1" index="1" bw="16" slack="0"/>
</pin_list>
<bind>
<opcode="load(27) " fcode="load"/>
<opset="input_15_load/1 "/>
</bind>
</comp>

<comp id="491" class="1005" name="i_reg_491">
<pin_list>
<pin id="492" dir="0" index="0" bw="5" slack="0"/>
<pin id="493" dir="1" index="1" bw="5" slack="0"/>
</pin_list>
<bind>
<opset="i "/>
</bind>
</comp>

<comp id="498" class="1005" name="input_reg_498">
<pin_list>
<pin id="499" dir="0" index="0" bw="16" slack="0"/>
<pin id="500" dir="1" index="1" bw="16" slack="0"/>
</pin_list>
<bind>
<opset="input "/>
</bind>
</comp>

<comp id="504" class="1005" name="input_1_reg_504">
<pin_list>
<pin id="505" dir="0" index="0" bw="16" slack="0"/>
<pin id="506" dir="1" index="1" bw="16" slack="0"/>
</pin_list>
<bind>
<opset="input_1 "/>
</bind>
</comp>

<comp id="510" class="1005" name="input_2_reg_510">
<pin_list>
<pin id="511" dir="0" index="0" bw="16" slack="0"/>
<pin id="512" dir="1" index="1" bw="16" slack="0"/>
</pin_list>
<bind>
<opset="input_2 "/>
</bind>
</comp>

<comp id="516" class="1005" name="input_3_reg_516">
<pin_list>
<pin id="517" dir="0" index="0" bw="16" slack="0"/>
<pin id="518" dir="1" index="1" bw="16" slack="0"/>
</pin_list>
<bind>
<opset="input_3 "/>
</bind>
</comp>

<comp id="522" class="1005" name="input_4_reg_522">
<pin_list>
<pin id="523" dir="0" index="0" bw="16" slack="0"/>
<pin id="524" dir="1" index="1" bw="16" slack="0"/>
</pin_list>
<bind>
<opset="input_4 "/>
</bind>
</comp>

<comp id="528" class="1005" name="input_5_reg_528">
<pin_list>
<pin id="529" dir="0" index="0" bw="16" slack="0"/>
<pin id="530" dir="1" index="1" bw="16" slack="0"/>
</pin_list>
<bind>
<opset="input_5 "/>
</bind>
</comp>

<comp id="534" class="1005" name="input_6_reg_534">
<pin_list>
<pin id="535" dir="0" index="0" bw="16" slack="0"/>
<pin id="536" dir="1" index="1" bw="16" slack="0"/>
</pin_list>
<bind>
<opset="input_6 "/>
</bind>
</comp>

<comp id="540" class="1005" name="input_7_reg_540">
<pin_list>
<pin id="541" dir="0" index="0" bw="16" slack="0"/>
<pin id="542" dir="1" index="1" bw="16" slack="0"/>
</pin_list>
<bind>
<opset="input_7 "/>
</bind>
</comp>

<comp id="546" class="1005" name="input_8_reg_546">
<pin_list>
<pin id="547" dir="0" index="0" bw="16" slack="0"/>
<pin id="548" dir="1" index="1" bw="16" slack="0"/>
</pin_list>
<bind>
<opset="input_8 "/>
</bind>
</comp>

<comp id="552" class="1005" name="input_9_reg_552">
<pin_list>
<pin id="553" dir="0" index="0" bw="16" slack="0"/>
<pin id="554" dir="1" index="1" bw="16" slack="0"/>
</pin_list>
<bind>
<opset="input_9 "/>
</bind>
</comp>

<comp id="558" class="1005" name="input_10_reg_558">
<pin_list>
<pin id="559" dir="0" index="0" bw="16" slack="0"/>
<pin id="560" dir="1" index="1" bw="16" slack="0"/>
</pin_list>
<bind>
<opset="input_10 "/>
</bind>
</comp>

<comp id="564" class="1005" name="input_11_reg_564">
<pin_list>
<pin id="565" dir="0" index="0" bw="16" slack="0"/>
<pin id="566" dir="1" index="1" bw="16" slack="0"/>
</pin_list>
<bind>
<opset="input_11 "/>
</bind>
</comp>

<comp id="570" class="1005" name="input_12_reg_570">
<pin_list>
<pin id="571" dir="0" index="0" bw="16" slack="0"/>
<pin id="572" dir="1" index="1" bw="16" slack="0"/>
</pin_list>
<bind>
<opset="input_12 "/>
</bind>
</comp>

<comp id="576" class="1005" name="input_13_reg_576">
<pin_list>
<pin id="577" dir="0" index="0" bw="16" slack="0"/>
<pin id="578" dir="1" index="1" bw="16" slack="0"/>
</pin_list>
<bind>
<opset="input_13 "/>
</bind>
</comp>

<comp id="582" class="1005" name="input_14_reg_582">
<pin_list>
<pin id="583" dir="0" index="0" bw="16" slack="0"/>
<pin id="584" dir="1" index="1" bw="16" slack="0"/>
</pin_list>
<bind>
<opset="input_14 "/>
</bind>
</comp>

<comp id="588" class="1005" name="input_15_reg_588">
<pin_list>
<pin id="589" dir="0" index="0" bw="16" slack="0"/>
<pin id="590" dir="1" index="1" bw="16" slack="0"/>
</pin_list>
<bind>
<opset="input_15 "/>
</bind>
</comp>

<comp id="597" class="1005" name="trunc_ln34_reg_597">
<pin_list>
<pin id="598" dir="0" index="0" bw="2" slack="1"/>
<pin id="599" dir="1" index="1" bw="2" slack="2147483647"/>
</pin_list>
<bind>
<opset="trunc_ln34 "/>
</bind>
</comp>

<comp id="601" class="1005" name="trunc_ln_reg_601">
<pin_list>
<pin id="602" dir="0" index="0" bw="2" slack="1"/>
<pin id="603" dir="1" index="1" bw="2" slack="2147483647"/>
</pin_list>
<bind>
<opset="trunc_ln "/>
</bind>
</comp>

</comp_list>

<net_list>
<net id="95"><net_src comp="40" pin="0"/><net_sink comp="92" pin=0"/></net>

<net id="99"><net_src comp="40" pin="0"/><net_sink comp="96" pin=0"/></net>

<net id="103"><net_src comp="40" pin="0"/><net_sink comp="100" pin=0"/></net>

<net id="107"><net_src comp="40" pin="0"/><net_sink comp="104" pin=0"/></net>

<net id="111"><net_src comp="40" pin="0"/><net_sink comp="108" pin=0"/></net>

<net id="115"><net_src comp="40" pin="0"/><net_sink comp="112" pin=0"/></net>

<net id="119"><net_src comp="40" pin="0"/><net_sink comp="116" pin=0"/></net>

<net id="123"><net_src comp="40" pin="0"/><net_sink comp="120" pin=0"/></net>

<net id="127"><net_src comp="40" pin="0"/><net_sink comp="124" pin=0"/></net>

<net id="131"><net_src comp="40" pin="0"/><net_sink comp="128" pin=0"/></net>

<net id="135"><net_src comp="40" pin="0"/><net_sink comp="132" pin=0"/></net>

<net id="139"><net_src comp="40" pin="0"/><net_sink comp="136" pin=0"/></net>

<net id="143"><net_src comp="40" pin="0"/><net_sink comp="140" pin=0"/></net>

<net id="147"><net_src comp="40" pin="0"/><net_sink comp="144" pin=0"/></net>

<net id="151"><net_src comp="40" pin="0"/><net_sink comp="148" pin=0"/></net>

<net id="155"><net_src comp="40" pin="0"/><net_sink comp="152" pin=0"/></net>

<net id="159"><net_src comp="40" pin="0"/><net_sink comp="156" pin=0"/></net>

<net id="167"><net_src comp="88" pin="0"/><net_sink comp="160" pin=0"/></net>

<net id="168"><net_src comp="0" pin="0"/><net_sink comp="160" pin=1"/></net>

<net id="169"><net_src comp="2" pin="0"/><net_sink comp="160" pin=2"/></net>

<net id="170"><net_src comp="4" pin="0"/><net_sink comp="160" pin=3"/></net>

<net id="171"><net_src comp="6" pin="0"/><net_sink comp="160" pin=4"/></net>

<net id="177"><net_src comp="90" pin="0"/><net_sink comp="172" pin=0"/></net>

<net id="178"><net_src comp="8" pin="0"/><net_sink comp="172" pin=1"/></net>

<net id="184"><net_src comp="90" pin="0"/><net_sink comp="179" pin=0"/></net>

<net id="185"><net_src comp="10" pin="0"/><net_sink comp="179" pin=1"/></net>

<net id="191"><net_src comp="90" pin="0"/><net_sink comp="186" pin=0"/></net>

<net id="192"><net_src comp="12" pin="0"/><net_sink comp="186" pin=1"/></net>

<net id="198"><net_src comp="90" pin="0"/><net_sink comp="193" pin=0"/></net>

<net id="199"><net_src comp="14" pin="0"/><net_sink comp="193" pin=1"/></net>

<net id="205"><net_src comp="90" pin="0"/><net_sink comp="200" pin=0"/></net>

<net id="206"><net_src comp="16" pin="0"/><net_sink comp="200" pin=1"/></net>

<net id="212"><net_src comp="90" pin="0"/><net_sink comp="207" pin=0"/></net>

<net id="213"><net_src comp="18" pin="0"/><net_sink comp="207" pin=1"/></net>

<net id="219"><net_src comp="90" pin="0"/><net_sink comp="214" pin=0"/></net>

<net id="220"><net_src comp="20" pin="0"/><net_sink comp="214" pin=1"/></net>

<net id="226"><net_src comp="90" pin="0"/><net_sink comp="221" pin=0"/></net>

<net id="227"><net_src comp="22" pin="0"/><net_sink comp="221" pin=1"/></net>

<net id="233"><net_src comp="90" pin="0"/><net_sink comp="228" pin=0"/></net>

<net id="234"><net_src comp="24" pin="0"/><net_sink comp="228" pin=1"/></net>

<net id="240"><net_src comp="90" pin="0"/><net_sink comp="235" pin=0"/></net>

<net id="241"><net_src comp="26" pin="0"/><net_sink comp="235" pin=1"/></net>

<net id="247"><net_src comp="90" pin="0"/><net_sink comp="242" pin=0"/></net>

<net id="248"><net_src comp="28" pin="0"/><net_sink comp="242" pin=1"/></net>

<net id="254"><net_src comp="90" pin="0"/><net_sink comp="249" pin=0"/></net>

<net id="255"><net_src comp="30" pin="0"/><net_sink comp="249" pin=1"/></net>

<net id="261"><net_src comp="90" pin="0"/><net_sink comp="256" pin=0"/></net>

<net id="262"><net_src comp="32" pin="0"/><net_sink comp="256" pin=1"/></net>

<net id="268"><net_src comp="90" pin="0"/><net_sink comp="263" pin=0"/></net>

<net id="269"><net_src comp="34" pin="0"/><net_sink comp="263" pin=1"/></net>

<net id="275"><net_src comp="90" pin="0"/><net_sink comp="270" pin=0"/></net>

<net id="276"><net_src comp="36" pin="0"/><net_sink comp="270" pin=1"/></net>

<net id="282"><net_src comp="90" pin="0"/><net_sink comp="277" pin=0"/></net>

<net id="283"><net_src comp="38" pin="0"/><net_sink comp="277" pin=1"/></net>

<net id="290"><net_src comp="72" pin="0"/><net_sink comp="284" pin=1"/></net>

<net id="291"><net_src comp="74" pin="0"/><net_sink comp="284" pin=2"/></net>

<net id="292"><net_src comp="76" pin="0"/><net_sink comp="284" pin=3"/></net>

<net id="297"><net_src comp="60" pin="0"/><net_sink comp="293" pin=0"/></net>

<net id="305"><net_src comp="298" pin="1"/><net_sink comp="301" pin=0"/></net>

<net id="306"><net_src comp="62" pin="0"/><net_sink comp="301" pin=1"/></net>

<net id="311"><net_src comp="298" pin="1"/><net_sink comp="307" pin=0"/></net>

<net id="312"><net_src comp="64" pin="0"/><net_sink comp="307" pin=1"/></net>

<net id="316"><net_src comp="298" pin="1"/><net_sink comp="313" pin=0"/></net>

<net id="317"><net_src comp="313" pin="1"/><net_sink comp="284" pin=0"/></net>

<net id="324"><net_src comp="66" pin="0"/><net_sink comp="318" pin=0"/></net>

<net id="325"><net_src comp="298" pin="1"/><net_sink comp="318" pin=1"/></net>

<net id="326"><net_src comp="68" pin="0"/><net_sink comp="318" pin=2"/></net>

<net id="327"><net_src comp="70" pin="0"/><net_sink comp="318" pin=3"/></net>

<net id="334"><net_src comp="318" pin="4"/><net_sink comp="328" pin=0"/></net>

<net id="335"><net_src comp="72" pin="0"/><net_sink comp="328" pin=1"/></net>

<net id="336"><net_src comp="74" pin="0"/><net_sink comp="328" pin=2"/></net>

<net id="337"><net_src comp="76" pin="0"/><net_sink comp="328" pin=3"/></net>

<net id="342"><net_src comp="307" pin="2"/><net_sink comp="338" pin=0"/></net>

<net id="346"><net_src comp="160" pin="5"/><net_sink comp="343" pin=0"/></net>

<net id="351"><net_src comp="343" pin="1"/><net_sink comp="347" pin=0"/></net>

<net id="356"><net_src comp="343" pin="1"/><net_sink comp="352" pin=0"/></net>

<net id="361"><net_src comp="343" pin="1"/><net_sink comp="357" pin=0"/></net>

<net id="366"><net_src comp="343" pin="1"/><net_sink comp="362" pin=0"/></net>

<net id="371"><net_src comp="343" pin="1"/><net_sink comp="367" pin=0"/></net>

<net id="376"><net_src comp="343" pin="1"/><net_sink comp="372" pin=0"/></net>

<net id="381"><net_src comp="343" pin="1"/><net_sink comp="377" pin=0"/></net>

<net id="386"><net_src comp="343" pin="1"/><net_sink comp="382" pin=0"/></net>

<net id="391"><net_src comp="343" pin="1"/><net_sink comp="387" pin=0"/></net>

<net id="396"><net_src comp="343" pin="1"/><net_sink comp="392" pin=0"/></net>

<net id="401"><net_src comp="343" pin="1"/><net_sink comp="397" pin=0"/></net>

<net id="406"><net_src comp="343" pin="1"/><net_sink comp="402" pin=0"/></net>

<net id="411"><net_src comp="343" pin="1"/><net_sink comp="407" pin=0"/></net>

<net id="416"><net_src comp="343" pin="1"/><net_sink comp="412" pin=0"/></net>

<net id="421"><net_src comp="343" pin="1"/><net_sink comp="417" pin=0"/></net>

<net id="426"><net_src comp="343" pin="1"/><net_sink comp="422" pin=0"/></net>

<net id="430"><net_src comp="427" pin="1"/><net_sink comp="277" pin=2"/></net>

<net id="434"><net_src comp="431" pin="1"/><net_sink comp="270" pin=2"/></net>

<net id="438"><net_src comp="435" pin="1"/><net_sink comp="263" pin=2"/></net>

<net id="442"><net_src comp="439" pin="1"/><net_sink comp="256" pin=2"/></net>

<net id="446"><net_src comp="443" pin="1"/><net_sink comp="249" pin=2"/></net>

<net id="450"><net_src comp="447" pin="1"/><net_sink comp="242" pin=2"/></net>

<net id="454"><net_src comp="451" pin="1"/><net_sink comp="235" pin=2"/></net>

<net id="458"><net_src comp="455" pin="1"/><net_sink comp="228" pin=2"/></net>

<net id="462"><net_src comp="459" pin="1"/><net_sink comp="221" pin=2"/></net>

<net id="466"><net_src comp="463" pin="1"/><net_sink comp="214" pin=2"/></net>

<net id="470"><net_src comp="467" pin="1"/><net_sink comp="207" pin=2"/></net>

<net id="474"><net_src comp="471" pin="1"/><net_sink comp="200" pin=2"/></net>

<net id="478"><net_src comp="475" pin="1"/><net_sink comp="193" pin=2"/></net>

<net id="482"><net_src comp="479" pin="1"/><net_sink comp="186" pin=2"/></net>

<net id="486"><net_src comp="483" pin="1"/><net_sink comp="179" pin=2"/></net>

<net id="490"><net_src comp="487" pin="1"/><net_sink comp="172" pin=2"/></net>

<net id="494"><net_src comp="92" pin="1"/><net_sink comp="491" pin=0"/></net>

<net id="495"><net_src comp="491" pin="1"/><net_sink comp="293" pin=1"/></net>

<net id="496"><net_src comp="491" pin="1"/><net_sink comp="298" pin=0"/></net>

<net id="497"><net_src comp="491" pin="1"/><net_sink comp="338" pin=1"/></net>

<net id="501"><net_src comp="96" pin="1"/><net_sink comp="498" pin=0"/></net>

<net id="502"><net_src comp="498" pin="1"/><net_sink comp="397" pin=1"/></net>

<net id="503"><net_src comp="498" pin="1"/><net_sink comp="427" pin=0"/></net>

<net id="507"><net_src comp="100" pin="1"/><net_sink comp="504" pin=0"/></net>

<net id="508"><net_src comp="504" pin="1"/><net_sink comp="392" pin=1"/></net>

<net id="509"><net_src comp="504" pin="1"/><net_sink comp="431" pin=0"/></net>

<net id="513"><net_src comp="104" pin="1"/><net_sink comp="510" pin=0"/></net>

<net id="514"><net_src comp="510" pin="1"/><net_sink comp="387" pin=1"/></net>

<net id="515"><net_src comp="510" pin="1"/><net_sink comp="435" pin=0"/></net>

<net id="519"><net_src comp="108" pin="1"/><net_sink comp="516" pin=0"/></net>

<net id="520"><net_src comp="516" pin="1"/><net_sink comp="402" pin=1"/></net>

<net id="521"><net_src comp="516" pin="1"/><net_sink comp="439" pin=0"/></net>

<net id="525"><net_src comp="112" pin="1"/><net_sink comp="522" pin=0"/></net>

<net id="526"><net_src comp="522" pin="1"/><net_sink comp="377" pin=1"/></net>

<net id="527"><net_src comp="522" pin="1"/><net_sink comp="443" pin=0"/></net>

<net id="531"><net_src comp="116" pin="1"/><net_sink comp="528" pin=0"/></net>

<net id="532"><net_src comp="528" pin="1"/><net_sink comp="372" pin=1"/></net>

<net id="533"><net_src comp="528" pin="1"/><net_sink comp="447" pin=0"/></net>

<net id="537"><net_src comp="120" pin="1"/><net_sink comp="534" pin=0"/></net>

<net id="538"><net_src comp="534" pin="1"/><net_sink comp="367" pin=1"/></net>

<net id="539"><net_src comp="534" pin="1"/><net_sink comp="451" pin=0"/></net>

<net id="543"><net_src comp="124" pin="1"/><net_sink comp="540" pin=0"/></net>

<net id="544"><net_src comp="540" pin="1"/><net_sink comp="382" pin=1"/></net>

<net id="545"><net_src comp="540" pin="1"/><net_sink comp="455" pin=0"/></net>

<net id="549"><net_src comp="128" pin="1"/><net_sink comp="546" pin=0"/></net>

<net id="550"><net_src comp="546" pin="1"/><net_sink comp="357" pin=1"/></net>

<net id="551"><net_src comp="546" pin="1"/><net_sink comp="459" pin=0"/></net>

<net id="555"><net_src comp="132" pin="1"/><net_sink comp="552" pin=0"/></net>

<net id="556"><net_src comp="552" pin="1"/><net_sink comp="352" pin=1"/></net>

<net id="557"><net_src comp="552" pin="1"/><net_sink comp="463" pin=0"/></net>

<net id="561"><net_src comp="136" pin="1"/><net_sink comp="558" pin=0"/></net>

<net id="562"><net_src comp="558" pin="1"/><net_sink comp="347" pin=1"/></net>

<net id="563"><net_src comp="558" pin="1"/><net_sink comp="467" pin=0"/></net>

<net id="567"><net_src comp="140" pin="1"/><net_sink comp="564" pin=0"/></net>

<net id="568"><net_src comp="564" pin="1"/><net_sink comp="362" pin=1"/></net>

<net id="569"><net_src comp="564" pin="1"/><net_sink comp="471" pin=0"/></net>

<net id="573"><net_src comp="144" pin="1"/><net_sink comp="570" pin=0"/></net>

<net id="574"><net_src comp="570" pin="1"/><net_sink comp="417" pin=1"/></net>

<net id="575"><net_src comp="570" pin="1"/><net_sink comp="475" pin=0"/></net>

<net id="579"><net_src comp="148" pin="1"/><net_sink comp="576" pin=0"/></net>

<net id="580"><net_src comp="576" pin="1"/><net_sink comp="412" pin=1"/></net>

<net id="581"><net_src comp="576" pin="1"/><net_sink comp="479" pin=0"/></net>

<net id="585"><net_src comp="152" pin="1"/><net_sink comp="582" pin=0"/></net>

<net id="586"><net_src comp="582" pin="1"/><net_sink comp="407" pin=1"/></net>

<net id="587"><net_src comp="582" pin="1"/><net_sink comp="483" pin=0"/></net>

<net id="591"><net_src comp="156" pin="1"/><net_sink comp="588" pin=0"/></net>

<net id="592"><net_src comp="588" pin="1"/><net_sink comp="422" pin=1"/></net>

<net id="593"><net_src comp="588" pin="1"/><net_sink comp="487" pin=0"/></net>

<net id="600"><net_src comp="313" pin="1"/><net_sink comp="597" pin=0"/></net>

<net id="604"><net_src comp="318" pin="4"/><net_sink comp="601" pin=0"/></net>

</net_list>

</model> 
---------------- Datapath Model END ------------------

* FSMD analyzer results:
  - Output states:
	Port: input_15_out | {1 }
	Port: input_14_out | {1 }
	Port: input_13_out | {1 }
	Port: input_12_out | {1 }
	Port: input_11_out | {1 }
	Port: input_10_out | {1 }
	Port: input_9_out | {1 }
	Port: input_8_out | {1 }
	Port: input_7_out | {1 }
	Port: input_6_out | {1 }
	Port: input_5_out | {1 }
	Port: input_4_out | {1 }
	Port: input_3_out | {1 }
	Port: input_2_out | {1 }
	Port: input_1_out | {1 }
	Port: input_out | {1 }
 - Input state : 
	Port: maxpool_Pipeline_READ_INPUT : in_stream_V_data_V | {2 }
	Port: maxpool_Pipeline_READ_INPUT : in_stream_V_keep_V | {2 }
	Port: maxpool_Pipeline_READ_INPUT : in_stream_V_strb_V | {2 }
	Port: maxpool_Pipeline_READ_INPUT : in_stream_V_last_V | {2 }
  - Chain level:
	State 1
		store_ln34 : 1
		i_3 : 1
		icmp_ln34 : 2
		i_4 : 2
		br_ln34 : 3
		trunc_ln34 : 2
		trunc_ln : 2
		switch_ln41 : 3
		switch_ln41 : 3
		switch_ln41 : 3
		switch_ln41 : 3
		switch_ln41 : 3
		store_ln34 : 3
		input_load : 1
		input_1_load : 1
		input_2_load : 1
		input_3_load : 1
		input_4_load : 1
		input_5_load : 1
		input_6_load : 1
		input_7_load : 1
		input_8_load : 1
		input_9_load : 1
		input_10_load : 1
		input_11_load : 1
		input_12_load : 1
		input_13_load : 1
		input_14_load : 1
		input_15_load : 1
		write_ln0 : 2
		write_ln0 : 2
		write_ln0 : 2
		write_ln0 : 2
		write_ln0 : 2
		write_ln0 : 2
		write_ln0 : 2
		write_ln0 : 2
		write_ln0 : 2
		write_ln0 : 2
		write_ln0 : 2
		write_ln0 : 2
		write_ln0 : 2
		write_ln0 : 2
		write_ln0 : 2
		write_ln0 : 2
	State 2
		store_ln26 : 1
		store_ln26 : 1
		store_ln26 : 1
		store_ln26 : 1
		store_ln26 : 1
		store_ln26 : 1
		store_ln26 : 1
		store_ln26 : 1
		store_ln26 : 1
		store_ln26 : 1
		store_ln26 : 1
		store_ln26 : 1
		store_ln26 : 1
		store_ln26 : 1
		store_ln26 : 1
		store_ln26 : 1


============================================================
+ Verbose Summary: Datapath Resource usage 
============================================================

* Functional unit list:
|----------|------------------------|---------|---------|
| Operation|     Functional Unit    |    FF   |   LUT   |
|----------|------------------------|---------|---------|
|   icmp   |    icmp_ln34_fu_301    |    0    |    12   |
|----------|------------------------|---------|---------|
|    add   |       i_4_fu_307       |    0    |    12   |
|----------|------------------------|---------|---------|
|   read   |    empty_read_fu_160   |    0    |    0    |
|----------|------------------------|---------|---------|
|          | write_ln0_write_fu_172 |    0    |    0    |
|          | write_ln0_write_fu_179 |    0    |    0    |
|          | write_ln0_write_fu_186 |    0    |    0    |
|          | write_ln0_write_fu_193 |    0    |    0    |
|          | write_ln0_write_fu_200 |    0    |    0    |
|          | write_ln0_write_fu_207 |    0    |    0    |
|          | write_ln0_write_fu_214 |    0    |    0    |
|   write  | write_ln0_write_fu_221 |    0    |    0    |
|          | write_ln0_write_fu_228 |    0    |    0    |
|          | write_ln0_write_fu_235 |    0    |    0    |
|          | write_ln0_write_fu_242 |    0    |    0    |
|          | write_ln0_write_fu_249 |    0    |    0    |
|          | write_ln0_write_fu_256 |    0    |    0    |
|          | write_ln0_write_fu_263 |    0    |    0    |
|          | write_ln0_write_fu_270 |    0    |    0    |
|          | write_ln0_write_fu_277 |    0    |    0    |
|----------|------------------------|---------|---------|
|  switch  |       grp_fu_284       |    0    |    0    |
|          |   switch_ln41_fu_328   |    0    |    0    |
|----------|------------------------|---------|---------|
|   trunc  |    trunc_ln34_fu_313   |    0    |    0    |
|----------|------------------------|---------|---------|
|partselect|     trunc_ln_fu_318    |    0    |    0    |
|----------|------------------------|---------|---------|
|extractvalue|     pkt_data_fu_343    |    0    |    0    |
|----------|------------------------|---------|---------|
|   Total  |                        |    0    |    24   |
|----------|------------------------|---------|---------|

Memories:
N/A

* Register list:
+------------------+--------+
|                  |   FF   |
+------------------+--------+
|     i_reg_491    |    5   |
| input_10_reg_558 |   16   |
| input_11_reg_564 |   16   |
| input_12_reg_570 |   16   |
| input_13_reg_576 |   16   |
| input_14_reg_582 |   16   |
| input_15_reg_588 |   16   |
|  input_1_reg_504 |   16   |
|  input_2_reg_510 |   16   |
|  input_3_reg_516 |   16   |
|  input_4_reg_522 |   16   |
|  input_5_reg_528 |   16   |
|  input_6_reg_534 |   16   |
|  input_7_reg_540 |   16   |
|  input_8_reg_546 |   16   |
|  input_9_reg_552 |   16   |
|   input_reg_498  |   16   |
|trunc_ln34_reg_597|    2   |
| trunc_ln_reg_601 |    2   |
+------------------+--------+
|       Total      |   265  |
+------------------+--------+

* Multiplexer (MUX) list: 
|--------|------|------|------|--------|
|  Comp  |  Pin | Size |  BW  | S x BW |
|--------|------|------|------|--------|
|  Total |      |      |      |    0   |
|--------|------|------|------|--------|



* Summary:
+-----------+--------+--------+
|           |   FF   |   LUT  |
+-----------+--------+--------+
|  Function |    0   |   24   |
|   Memory  |    -   |    -   |
|Multiplexer|    -   |    -   |
|  Register |   265  |    -   |
+-----------+--------+--------+
|   Total   |   265  |   24   |
+-----------+--------+--------+
