

================================================================
== Vitis HLS Report for 'conv2d_Pipeline_CONV_OR_CONV_OC2'
================================================================
* Date:           Thu Jun 11 15:51:12 2026

* Version:        2025.2 (Build 6295257 on Nov 14 2025)
* Project:        conv2d
* Solution:       hls (Vivado IP Flow Target)
* Product family: zynquplus
* Target device:  xck26-sfvc784-2LV-c


================================================================
== Performance Estimates
================================================================
+ Timing: 
    * Summary: 
    +--------+---------+----------+------------+
    |  Clock |  Target | Estimated| Uncertainty|
    +--------+---------+----------+------------+
    |ap_clk  |  5.00 ns|  3.004 ns|     1.35 ns|
    +--------+---------+----------+------------+

+ Latency: 
    * Summary: 
    +---------+---------+----------+----------+-----+-----+-------------------+
    |  Latency (cycles) |  Latency (absolute) |  Interval |      Pipeline     |
    |   min   |   max   |    min   |    max   | min | max |        Type       |
    +---------+---------+----------+----------+-----+-----+-------------------+
    |       21|       21|  0.105 us|  0.105 us|    0|    0|  loop pipeline stp|
    +---------+---------+----------+----------+-----+-----+-------------------+

    + Detail: 
        * Instance: 
        N/A

        * Loop: 
        +--------------------+---------+---------+----------+-----------+-----------+------+----------+
        |                    |  Latency (cycles) | Iteration|  Initiation Interval  | Trip |          |
        |      Loop Name     |   min   |   max   |  Latency |  achieved |   target  | Count| Pipelined|
        +--------------------+---------+---------+----------+-----------+-----------+------+----------+
        |- CONV_OR_CONV_OC2  |       19|       19|        12|          1|          1|     9|       yes|
        +--------------------+---------+---------+----------+-----------+-----------+------+----------+

============================================================
+ Verbose Summary: Synthesis Manager
============================================================
InlineROM: 1
ExposeGlobal: 0
============================================================
+ Verbose Summary: CDFG Model
============================================================
IsTopModel: 0
ResetActiveHigh: 1
IsCombinational: 0
IsDatapathOnly: 0
HasWiredReturn: 1
HasMFsm: 2
HasVarLatency: 1
IsPipeline: 0
IsRtlPipelined: 0
IsInstanceOverlapped: 0
IsDontTouch: 0
HasImplIP: 0
IsGatedGlobalClock: 0

+ Individual pipeline summary: 
  * Pipeline-0: initiation interval (II) = 1, depth = 12


============================================================
+ Verbose Summary: Schedule
============================================================
* Number of FSM states : 12
* Pipeline : 1
  Pipeline-0 : II = 1, D = 12, States = { 1 2 3 4 5 6 7 8 9 10 11 12 }
* Dataflow Pipeline: 0

* FSM state transitions: 
1 --> 2 
2 --> 3 
3 --> 4 
4 --> 5 
5 --> 6 
6 --> 7 
7 --> 8 
8 --> 9 
9 --> 10 
10 --> 11 
11 --> 12 
12 --> 

* FSM state operations: 

State 1 <SV = 0> <Delay = 3.00>
ST_1 : Operation 15 [1/1] (0.00ns)   --->   "%oc_s = alloca i32 1" [C:/Users/LAB2_PC10/Desktop/CHINNA/files/conv2d.cpp:90]   --->   Operation 15 'alloca' 'oc_s' <Predicate = true> <Delay = 0.00>
ST_1 : Operation 16 [1/1] (0.00ns)   --->   "%or_s = alloca i32 1" [C:/Users/LAB2_PC10/Desktop/CHINNA/files/conv2d.cpp:89]   --->   Operation 16 'alloca' 'or_s' <Predicate = true> <Delay = 0.00>
ST_1 : Operation 17 [1/1] (0.00ns)   --->   "%indvar_flatten = alloca i32 1"   --->   Operation 17 'alloca' 'indvar_flatten' <Predicate = true> <Delay = 0.00>
ST_1 : Operation 18 [1/1] (0.00ns)   --->   "%output = alloca i32 1" [C:/Users/LAB2_PC10/Desktop/CHINNA/files/conv2d.cpp:49]   --->   Operation 18 'alloca' 'output' <Predicate = true> <Delay = 0.00>
ST_1 : Operation 19 [1/1] (0.00ns)   --->   "%output_1 = alloca i32 1" [C:/Users/LAB2_PC10/Desktop/CHINNA/files/conv2d.cpp:49]   --->   Operation 19 'alloca' 'output_1' <Predicate = true> <Delay = 0.00>
ST_1 : Operation 20 [1/1] (0.00ns)   --->   "%output_2 = alloca i32 1" [C:/Users/LAB2_PC10/Desktop/CHINNA/files/conv2d.cpp:49]   --->   Operation 20 'alloca' 'output_2' <Predicate = true> <Delay = 0.00>
ST_1 : Operation 21 [1/1] (0.00ns)   --->   "%output_3 = alloca i32 1" [C:/Users/LAB2_PC10/Desktop/CHINNA/files/conv2d.cpp:49]   --->   Operation 21 'alloca' 'output_3' <Predicate = true> <Delay = 0.00>
ST_1 : Operation 22 [1/1] (0.00ns)   --->   "%output_4 = alloca i32 1" [C:/Users/LAB2_PC10/Desktop/CHINNA/files/conv2d.cpp:49]   --->   Operation 22 'alloca' 'output_4' <Predicate = true> <Delay = 0.00>
ST_1 : Operation 23 [1/1] (0.00ns)   --->   "%output_5 = alloca i32 1" [C:/Users/LAB2_PC10/Desktop/CHINNA/files/conv2d.cpp:49]   --->   Operation 23 'alloca' 'output_5' <Predicate = true> <Delay = 0.00>
ST_1 : Operation 24 [1/1] (0.00ns)   --->   "%output_6 = alloca i32 1" [C:/Users/LAB2_PC10/Desktop/CHINNA/files/conv2d.cpp:49]   --->   Operation 24 'alloca' 'output_6' <Predicate = true> <Delay = 0.00>
ST_1 : Operation 25 [1/1] (0.00ns)   --->   "%output_7 = alloca i32 1" [C:/Users/LAB2_PC10/Desktop/CHINNA/files/conv2d.cpp:49]   --->   Operation 25 'alloca' 'output_7' <Predicate = true> <Delay = 0.00>
ST_1 : Operation 26 [1/1] (0.00ns)   --->   "%output_8 = alloca i32 1" [C:/Users/LAB2_PC10/Desktop/CHINNA/files/conv2d.cpp:49]   --->   Operation 26 'alloca' 'output_8' <Predicate = true> <Delay = 0.00>
ST_1 : Operation 27 [1/1] (0.00ns)   --->   "%sext_ln96_8_read = read i16 @_ssdm_op_Read.ap_auto.i16, i16 %sext_ln96_8"   --->   Operation 27 'read' 'sext_ln96_8_read' <Predicate = true> <Delay = 0.00>
ST_1 : Operation 28 [1/1] (0.00ns)   --->   "%input_24_reload_read = read i16 @_ssdm_op_Read.ap_auto.i16, i16 %input_24_reload"   --->   Operation 28 'read' 'input_24_reload_read' <Predicate = true> <Delay = 0.00>
ST_1 : Operation 29 [1/1] (0.00ns)   --->   "%sext_ln96_7_read = read i16 @_ssdm_op_Read.ap_auto.i16, i16 %sext_ln96_7"   --->   Operation 29 'read' 'sext_ln96_7_read' <Predicate = true> <Delay = 0.00>
ST_1 : Operation 30 [1/1] (0.00ns)   --->   "%input_23_reload_read = read i16 @_ssdm_op_Read.ap_auto.i16, i16 %input_23_reload"   --->   Operation 30 'read' 'input_23_reload_read' <Predicate = true> <Delay = 0.00>
ST_1 : Operation 31 [1/1] (0.00ns)   --->   "%sext_ln96_6_read = read i16 @_ssdm_op_Read.ap_auto.i16, i16 %sext_ln96_6"   --->   Operation 31 'read' 'sext_ln96_6_read' <Predicate = true> <Delay = 0.00>
ST_1 : Operation 32 [1/1] (0.00ns)   --->   "%input_22_reload_read = read i16 @_ssdm_op_Read.ap_auto.i16, i16 %input_22_reload"   --->   Operation 32 'read' 'input_22_reload_read' <Predicate = true> <Delay = 0.00>
ST_1 : Operation 33 [1/1] (0.00ns)   --->   "%input_21_reload_read = read i16 @_ssdm_op_Read.ap_auto.i16, i16 %input_21_reload"   --->   Operation 33 'read' 'input_21_reload_read' <Predicate = true> <Delay = 0.00>
ST_1 : Operation 34 [1/1] (0.00ns)   --->   "%input_20_reload_read = read i16 @_ssdm_op_Read.ap_auto.i16, i16 %input_20_reload"   --->   Operation 34 'read' 'input_20_reload_read' <Predicate = true> <Delay = 0.00>
ST_1 : Operation 35 [1/1] (0.00ns)   --->   "%sext_ln96_5_read = read i16 @_ssdm_op_Read.ap_auto.i16, i16 %sext_ln96_5"   --->   Operation 35 'read' 'sext_ln96_5_read' <Predicate = true> <Delay = 0.00>
ST_1 : Operation 36 [1/1] (0.00ns)   --->   "%input_19_reload_read = read i16 @_ssdm_op_Read.ap_auto.i16, i16 %input_19_reload"   --->   Operation 36 'read' 'input_19_reload_read' <Predicate = true> <Delay = 0.00>
ST_1 : Operation 37 [1/1] (0.00ns)   --->   "%sext_ln96_4_read = read i16 @_ssdm_op_Read.ap_auto.i16, i16 %sext_ln96_4"   --->   Operation 37 'read' 'sext_ln96_4_read' <Predicate = true> <Delay = 0.00>
ST_1 : Operation 38 [1/1] (0.00ns)   --->   "%input_18_reload_read = read i16 @_ssdm_op_Read.ap_auto.i16, i16 %input_18_reload"   --->   Operation 38 'read' 'input_18_reload_read' <Predicate = true> <Delay = 0.00>
ST_1 : Operation 39 [1/1] (0.00ns)   --->   "%sext_ln96_3_read = read i16 @_ssdm_op_Read.ap_auto.i16, i16 %sext_ln96_3"   --->   Operation 39 'read' 'sext_ln96_3_read' <Predicate = true> <Delay = 0.00>
ST_1 : Operation 40 [1/1] (0.00ns)   --->   "%input_17_reload_read = read i16 @_ssdm_op_Read.ap_auto.i16, i16 %input_17_reload"   --->   Operation 40 'read' 'input_17_reload_read' <Predicate = true> <Delay = 0.00>
ST_1 : Operation 41 [1/1] (0.00ns)   --->   "%input_16_reload_read = read i16 @_ssdm_op_Read.ap_auto.i16, i16 %input_16_reload"   --->   Operation 41 'read' 'input_16_reload_read' <Predicate = true> <Delay = 0.00>
ST_1 : Operation 42 [1/1] (0.00ns)   --->   "%input_15_reload_read = read i16 @_ssdm_op_Read.ap_auto.i16, i16 %input_15_reload"   --->   Operation 42 'read' 'input_15_reload_read' <Predicate = true> <Delay = 0.00>
ST_1 : Operation 43 [1/1] (0.00ns)   --->   "%sext_ln96_2_read = read i16 @_ssdm_op_Read.ap_auto.i16, i16 %sext_ln96_2"   --->   Operation 43 'read' 'sext_ln96_2_read' <Predicate = true> <Delay = 0.00>
ST_1 : Operation 44 [1/1] (0.00ns)   --->   "%input_14_reload_read = read i16 @_ssdm_op_Read.ap_auto.i16, i16 %input_14_reload"   --->   Operation 44 'read' 'input_14_reload_read' <Predicate = true> <Delay = 0.00>
ST_1 : Operation 45 [1/1] (0.00ns)   --->   "%input_9_reload_read = read i16 @_ssdm_op_Read.ap_auto.i16, i16 %input_9_reload"   --->   Operation 45 'read' 'input_9_reload_read' <Predicate = true> <Delay = 0.00>
ST_1 : Operation 46 [1/1] (0.00ns)   --->   "%input_4_reload_read = read i16 @_ssdm_op_Read.ap_auto.i16, i16 %input_4_reload"   --->   Operation 46 'read' 'input_4_reload_read' <Predicate = true> <Delay = 0.00>
ST_1 : Operation 47 [1/1] (0.00ns)   --->   "%sext_ln96_1_read = read i16 @_ssdm_op_Read.ap_auto.i16, i16 %sext_ln96_1"   --->   Operation 47 'read' 'sext_ln96_1_read' <Predicate = true> <Delay = 0.00>
ST_1 : Operation 48 [1/1] (0.00ns)   --->   "%input_13_reload_read = read i16 @_ssdm_op_Read.ap_auto.i16, i16 %input_13_reload"   --->   Operation 48 'read' 'input_13_reload_read' <Predicate = true> <Delay = 0.00>
ST_1 : Operation 49 [1/1] (0.00ns)   --->   "%input_8_reload_read = read i16 @_ssdm_op_Read.ap_auto.i16, i16 %input_8_reload"   --->   Operation 49 'read' 'input_8_reload_read' <Predicate = true> <Delay = 0.00>
ST_1 : Operation 50 [1/1] (0.00ns)   --->   "%input_3_reload_read = read i16 @_ssdm_op_Read.ap_auto.i16, i16 %input_3_reload"   --->   Operation 50 'read' 'input_3_reload_read' <Predicate = true> <Delay = 0.00>
ST_1 : Operation 51 [1/1] (0.00ns)   --->   "%shl_ln_read = read i24 @_ssdm_op_Read.ap_auto.i24, i24 %shl_ln"   --->   Operation 51 'read' 'shl_ln_read' <Predicate = true> <Delay = 0.00>
ST_1 : Operation 52 [1/1] (0.00ns)   --->   "%sext_ln96_read = read i16 @_ssdm_op_Read.ap_auto.i16, i16 %sext_ln96"   --->   Operation 52 'read' 'sext_ln96_read' <Predicate = true> <Delay = 0.00>
ST_1 : Operation 53 [1/1] (0.00ns)   --->   "%input_12_reload_read = read i16 @_ssdm_op_Read.ap_auto.i16, i16 %input_12_reload"   --->   Operation 53 'read' 'input_12_reload_read' <Predicate = true> <Delay = 0.00>
ST_1 : Operation 54 [1/1] (0.00ns)   --->   "%input_11_reload_read = read i16 @_ssdm_op_Read.ap_auto.i16, i16 %input_11_reload"   --->   Operation 54 'read' 'input_11_reload_read' <Predicate = true> <Delay = 0.00>
ST_1 : Operation 55 [1/1] (0.00ns)   --->   "%input_10_reload_read = read i16 @_ssdm_op_Read.ap_auto.i16, i16 %input_10_reload"   --->   Operation 55 'read' 'input_10_reload_read' <Predicate = true> <Delay = 0.00>
ST_1 : Operation 56 [1/1] (0.00ns)   --->   "%input_7_reload_read = read i16 @_ssdm_op_Read.ap_auto.i16, i16 %input_7_reload"   --->   Operation 56 'read' 'input_7_reload_read' <Predicate = true> <Delay = 0.00>
ST_1 : Operation 57 [1/1] (0.00ns)   --->   "%input_6_reload_read = read i16 @_ssdm_op_Read.ap_auto.i16, i16 %input_6_reload"   --->   Operation 57 'read' 'input_6_reload_read' <Predicate = true> <Delay = 0.00>
ST_1 : Operation 58 [1/1] (0.00ns)   --->   "%input_5_reload_read = read i16 @_ssdm_op_Read.ap_auto.i16, i16 %input_5_reload"   --->   Operation 58 'read' 'input_5_reload_read' <Predicate = true> <Delay = 0.00>
ST_1 : Operation 59 [1/1] (0.00ns)   --->   "%input_2_reload_read = read i16 @_ssdm_op_Read.ap_auto.i16, i16 %input_2_reload"   --->   Operation 59 'read' 'input_2_reload_read' <Predicate = true> <Delay = 0.00>
ST_1 : Operation 60 [1/1] (0.00ns)   --->   "%input_1_reload_read = read i16 @_ssdm_op_Read.ap_auto.i16, i16 %input_1_reload"   --->   Operation 60 'read' 'input_1_reload_read' <Predicate = true> <Delay = 0.00>
ST_1 : Operation 61 [1/1] (0.00ns)   --->   "%input_reload_read = read i16 @_ssdm_op_Read.ap_auto.i16, i16 %input_reload"   --->   Operation 61 'read' 'input_reload_read' <Predicate = true> <Delay = 0.00>
ST_1 : Operation 62 [1/1] (0.00ns)   --->   "%sext_ln96_8_cast = sext i16 %sext_ln96_8_read"   --->   Operation 62 'sext' 'sext_ln96_8_cast' <Predicate = true> <Delay = 0.00>
ST_1 : Operation 63 [1/1] (0.00ns)   --->   "%sext_ln96_7_cast = sext i16 %sext_ln96_7_read"   --->   Operation 63 'sext' 'sext_ln96_7_cast' <Predicate = true> <Delay = 0.00>
ST_1 : Operation 64 [1/1] (0.00ns)   --->   "%sext_ln96_6_cast = sext i16 %sext_ln96_6_read"   --->   Operation 64 'sext' 'sext_ln96_6_cast' <Predicate = true> <Delay = 0.00>
ST_1 : Operation 65 [1/1] (0.00ns)   --->   "%sext_ln96_5_cast = sext i16 %sext_ln96_5_read"   --->   Operation 65 'sext' 'sext_ln96_5_cast' <Predicate = true> <Delay = 0.00>
ST_1 : Operation 66 [1/1] (0.00ns)   --->   "%sext_ln96_4_cast = sext i16 %sext_ln96_4_read"   --->   Operation 66 'sext' 'sext_ln96_4_cast' <Predicate = true> <Delay = 0.00>
ST_1 : Operation 67 [1/1] (0.00ns)   --->   "%sext_ln96_3_cast = sext i16 %sext_ln96_3_read"   --->   Operation 67 'sext' 'sext_ln96_3_cast' <Predicate = true> <Delay = 0.00>
ST_1 : Operation 68 [1/1] (0.00ns)   --->   "%sext_ln96_2_cast = sext i16 %sext_ln96_2_read"   --->   Operation 68 'sext' 'sext_ln96_2_cast' <Predicate = true> <Delay = 0.00>
ST_1 : Operation 69 [1/1] (0.00ns)   --->   "%sext_ln96_1_cast = sext i16 %sext_ln96_1_read"   --->   Operation 69 'sext' 'sext_ln96_1_cast' <Predicate = true> <Delay = 0.00>
ST_1 : Operation 70 [1/1] (0.00ns)   --->   "%sext_ln96_cast = sext i16 %sext_ln96_read"   --->   Operation 70 'sext' 'sext_ln96_cast' <Predicate = true> <Delay = 0.00>
ST_1 : Operation 71 [1/1] (0.42ns)   --->   "%store_ln0 = store i4 0, i4 %indvar_flatten"   --->   Operation 71 'store' 'store_ln0' <Predicate = true> <Delay = 0.42>
ST_1 : Operation 72 [1/1] (0.42ns)   --->   "%store_ln89 = store i2 0, i2 %or_s" [C:/Users/LAB2_PC10/Desktop/CHINNA/files/conv2d.cpp:89]   --->   Operation 72 'store' 'store_ln89' <Predicate = true> <Delay = 0.42>
ST_1 : Operation 73 [1/1] (0.42ns)   --->   "%store_ln90 = store i2 0, i2 %oc_s" [C:/Users/LAB2_PC10/Desktop/CHINNA/files/conv2d.cpp:90]   --->   Operation 73 'store' 'store_ln90' <Predicate = true> <Delay = 0.42>
ST_1 : Operation 74 [1/1] (0.00ns)   --->   "%br_ln0 = br void %CONV_IC"   --->   Operation 74 'br' 'br_ln0' <Predicate = true> <Delay = 0.00>
ST_1 : Operation 75 [1/1] (0.00ns)   --->   "%indvar_flatten_load = load i4 %indvar_flatten" [C:/Users/LAB2_PC10/Desktop/CHINNA/files/conv2d.cpp:89]   --->   Operation 75 'load' 'indvar_flatten_load' <Predicate = true> <Delay = 0.00>
ST_1 : Operation 76 [1/1] (0.79ns)   --->   "%icmp_ln89 = icmp_eq  i4 %indvar_flatten_load, i4 9" [C:/Users/LAB2_PC10/Desktop/CHINNA/files/conv2d.cpp:89]   --->   Operation 76 'icmp' 'icmp_ln89' <Predicate = true> <Delay = 0.79> <CoreInst = "Cmp">   --->   Core 9 'Cmp' <Latency = 0> <II = 1> <Delay = 0.79> <FuncUnit> <Opcode : 'seteq' 'setne' 'setle' 'setge' 'setlt' 'setgt'> <InPorts = 2> <OutPorts = 1>
ST_1 : Operation 77 [1/1] (0.79ns)   --->   "%add_ln89 = add i4 %indvar_flatten_load, i4 1" [C:/Users/LAB2_PC10/Desktop/CHINNA/files/conv2d.cpp:89]   --->   Operation 77 'add' 'add_ln89' <Predicate = true> <Delay = 0.79> <CoreInst = "Adder">   --->   Core 1 'Adder' <Latency = 0> <II = 1> <Delay = 0.79> <FuncUnit> <Opcode : 'add' 'sub'> <InPorts = 2> <OutPorts = 1>
ST_1 : Operation 78 [1/1] (0.00ns)   --->   "%br_ln89 = br i1 %icmp_ln89, void %for.inc104, void %for.inc137.preheader.exitStub" [C:/Users/LAB2_PC10/Desktop/CHINNA/files/conv2d.cpp:89]   --->   Operation 78 'br' 'br_ln89' <Predicate = true> <Delay = 0.00>
ST_1 : Operation 79 [1/1] (0.00ns)   --->   "%oc_load = load i2 %oc_s" [C:/Users/LAB2_PC10/Desktop/CHINNA/files/conv2d.cpp:90]   --->   Operation 79 'load' 'oc_load' <Predicate = (!icmp_ln89)> <Delay = 0.00>
ST_1 : Operation 80 [1/1] (0.00ns)   --->   "%or_load = load i2 %or_s" [C:/Users/LAB2_PC10/Desktop/CHINNA/files/conv2d.cpp:96]   --->   Operation 80 'load' 'or_load' <Predicate = (!icmp_ln89)> <Delay = 0.00>
ST_1 : Operation 81 [1/1] (0.54ns)   --->   "%icmp_ln90 = icmp_eq  i2 %oc_load, i2 3" [C:/Users/LAB2_PC10/Desktop/CHINNA/files/conv2d.cpp:90]   --->   Operation 81 'icmp' 'icmp_ln90' <Predicate = (!icmp_ln89)> <Delay = 0.54> <CoreInst = "Cmp">   --->   Core 9 'Cmp' <Latency = 0> <II = 1> <Delay = 0.54> <FuncUnit> <Opcode : 'seteq' 'setne' 'setle' 'setge' 'setlt' 'setgt'> <InPorts = 2> <OutPorts = 1>
ST_1 : Operation 82 [1/1] (0.17ns)   --->   "%select_ln49 = select i1 %icmp_ln90, i2 0, i2 %oc_load" [C:/Users/LAB2_PC10/Desktop/CHINNA/files/conv2d.cpp:49]   --->   Operation 82 'select' 'select_ln49' <Predicate = (!icmp_ln89)> <Delay = 0.17> <CoreInst = "Sel">   --->   Core 73 'Sel' <Latency = 0> <II = 1> <Delay = 0.17> <FuncUnit> <Opcode : 'select'> <InPorts = 3> <OutPorts = 1>
ST_1 : Operation 83 [1/1] (0.54ns)   --->   "%add_ln96 = add i2 %or_load, i2 1" [C:/Users/LAB2_PC10/Desktop/CHINNA/files/conv2d.cpp:96]   --->   Operation 83 'add' 'add_ln96' <Predicate = (!icmp_ln89)> <Delay = 0.54> <CoreInst = "Adder">   --->   Core 1 'Adder' <Latency = 0> <II = 1> <Delay = 0.54> <FuncUnit> <Opcode : 'add' 'sub'> <InPorts = 2> <OutPorts = 1>
ST_1 : Operation 84 [1/1] (0.17ns)   --->   "%select_ln89 = select i1 %icmp_ln90, i2 %add_ln96, i2 %or_load" [C:/Users/LAB2_PC10/Desktop/CHINNA/files/conv2d.cpp:89]   --->   Operation 84 'select' 'select_ln89' <Predicate = (!icmp_ln89)> <Delay = 0.17> <CoreInst = "Sel">   --->   Core 73 'Sel' <Latency = 0> <II = 1> <Delay = 0.17> <FuncUnit> <Opcode : 'select'> <InPorts = 3> <OutPorts = 1>
ST_1 : Operation 85 [1/1] (0.42ns)   --->   "%tmp_5 = sparsemux i16 @_ssdm_op_SparseMux.ap_auto.3i16.i16.i2, i2 0, i16 %input_reload_read, i2 1, i16 %input_1_reload_read, i2 2, i16 %input_2_reload_read, i16 0, i2 %select_ln49" [C:/Users/LAB2_PC10/Desktop/CHINNA/files/conv2d.cpp:97]   --->   Operation 85 'sparsemux' 'tmp_5' <Predicate = (!icmp_ln89)> <Delay = 0.42> <CoreInst = "OneHotSparseMux_HasDef">   --->   Core 152 'OneHotSparseMux_HasDef' <Latency = 0> <II = 1> <Delay = 0.42> <FuncUnit> <Opcode : 'sparsemux'> <InPorts = 2> <OutPorts = 1>
ST_1 : Operation 86 [1/1] (0.42ns)   --->   "%tmp_6 = sparsemux i16 @_ssdm_op_SparseMux.ap_auto.3i16.i16.i2, i2 0, i16 %input_5_reload_read, i2 1, i16 %input_6_reload_read, i2 2, i16 %input_7_reload_read, i16 0, i2 %select_ln49" [C:/Users/LAB2_PC10/Desktop/CHINNA/files/conv2d.cpp:97]   --->   Operation 86 'sparsemux' 'tmp_6' <Predicate = (!icmp_ln89)> <Delay = 0.42> <CoreInst = "OneHotSparseMux_HasDef">   --->   Core 152 'OneHotSparseMux_HasDef' <Latency = 0> <II = 1> <Delay = 0.42> <FuncUnit> <Opcode : 'sparsemux'> <InPorts = 2> <OutPorts = 1>
ST_1 : Operation 87 [1/1] (0.42ns)   --->   "%tmp_7 = sparsemux i16 @_ssdm_op_SparseMux.ap_auto.3i16.i16.i2, i2 0, i16 %input_10_reload_read, i2 1, i16 %input_11_reload_read, i2 2, i16 %input_12_reload_read, i16 0, i2 %select_ln49" [C:/Users/LAB2_PC10/Desktop/CHINNA/files/conv2d.cpp:97]   --->   Operation 87 'sparsemux' 'tmp_7' <Predicate = (!icmp_ln89)> <Delay = 0.42> <CoreInst = "OneHotSparseMux_HasDef">   --->   Core 152 'OneHotSparseMux_HasDef' <Latency = 0> <II = 1> <Delay = 0.42> <FuncUnit> <Opcode : 'sparsemux'> <InPorts = 2> <OutPorts = 1>
ST_1 : Operation 88 [1/1] (0.42ns)   --->   "%tmp_8 = sparsemux i16 @_ssdm_op_SparseMux.ap_auto.3i16.i16.i2, i2 0, i16 %tmp_5, i2 1, i16 %tmp_6, i2 2, i16 %tmp_7, i16 0, i2 %select_ln89" [C:/Users/LAB2_PC10/Desktop/CHINNA/files/conv2d.cpp:97]   --->   Operation 88 'sparsemux' 'tmp_8' <Predicate = (!icmp_ln89)> <Delay = 0.42> <CoreInst = "OneHotSparseMux_HasDef">   --->   Core 152 'OneHotSparseMux_HasDef' <Latency = 0> <II = 1> <Delay = 0.42> <FuncUnit> <Opcode : 'sparsemux'> <InPorts = 2> <OutPorts = 1>
ST_1 : Operation 89 [1/1] (0.00ns)   --->   "%sext_ln96_9 = sext i16 %tmp_8" [C:/Users/LAB2_PC10/Desktop/CHINNA/files/conv2d.cpp:96]   --->   Operation 89 'sext' 'sext_ln96_9' <Predicate = (!icmp_ln89)> <Delay = 0.00>
ST_1 : Operation 90 [3/3] (0.99ns) (grouped into DSP with root node add_ln96_1)   --->   "%mul_ln96 = mul i24 %sext_ln96_9, i24 %sext_ln96_cast" [C:/Users/LAB2_PC10/Desktop/CHINNA/files/conv2d.cpp:96]   --->   Operation 90 'mul' 'mul_ln96' <Predicate = (!icmp_ln89)> <Delay = 0.99> <CoreInst = "DSP48">   --->   Core 124 'DSP48' <Latency = 3> <II = 1> <Delay = 0.53> <IPBlock> <Opcode : 'add' 'sub' 'mul' 'select'> <InPorts = 0> <OutPorts = 1> <Sync> <CReg>
ST_1 : Operation 91 [1/1] (0.54ns)   --->   "%add_ln96_2 = add i2 %select_ln49, i2 1" [C:/Users/LAB2_PC10/Desktop/CHINNA/files/conv2d.cpp:96]   --->   Operation 91 'add' 'add_ln96_2' <Predicate = (!icmp_ln89)> <Delay = 0.54> <CoreInst = "Adder">   --->   Core 1 'Adder' <Latency = 0> <II = 1> <Delay = 0.54> <FuncUnit> <Opcode : 'add' 'sub'> <InPorts = 2> <OutPorts = 1>
ST_1 : Operation 92 [1/1] (0.42ns)   --->   "%tmp_14 = sparsemux i16 @_ssdm_op_SparseMux.ap_auto.3i16.i16.i2, i2 0, i16 %input_15_reload_read, i2 1, i16 %input_16_reload_read, i2 2, i16 %input_17_reload_read, i16 0, i2 %select_ln49" [C:/Users/LAB2_PC10/Desktop/CHINNA/files/conv2d.cpp:97]   --->   Operation 92 'sparsemux' 'tmp_14' <Predicate = (!icmp_ln89)> <Delay = 0.42> <CoreInst = "OneHotSparseMux_HasDef">   --->   Core 152 'OneHotSparseMux_HasDef' <Latency = 0> <II = 1> <Delay = 0.42> <FuncUnit> <Opcode : 'sparsemux'> <InPorts = 2> <OutPorts = 1>
ST_1 : Operation 93 [1/1] (0.42ns)   --->   "%tmp_15 = sparsemux i16 @_ssdm_op_SparseMux.ap_auto.3i16.i16.i2, i2 0, i16 %tmp_6, i2 1, i16 %tmp_7, i2 2, i16 %tmp_14, i16 0, i2 %select_ln89" [C:/Users/LAB2_PC10/Desktop/CHINNA/files/conv2d.cpp:97]   --->   Operation 93 'sparsemux' 'tmp_15' <Predicate = (!icmp_ln89)> <Delay = 0.42> <CoreInst = "OneHotSparseMux_HasDef">   --->   Core 152 'OneHotSparseMux_HasDef' <Latency = 0> <II = 1> <Delay = 0.42> <FuncUnit> <Opcode : 'sparsemux'> <InPorts = 2> <OutPorts = 1>
ST_1 : Operation 94 [1/1] (0.42ns)   --->   "%tmp_21 = sparsemux i16 @_ssdm_op_SparseMux.ap_auto.3i16.i16.i2, i2 0, i16 %input_20_reload_read, i2 1, i16 %input_21_reload_read, i2 2, i16 %input_22_reload_read, i16 0, i2 %select_ln49" [C:/Users/LAB2_PC10/Desktop/CHINNA/files/conv2d.cpp:97]   --->   Operation 94 'sparsemux' 'tmp_21' <Predicate = (!icmp_ln89)> <Delay = 0.42> <CoreInst = "OneHotSparseMux_HasDef">   --->   Core 152 'OneHotSparseMux_HasDef' <Latency = 0> <II = 1> <Delay = 0.42> <FuncUnit> <Opcode : 'sparsemux'> <InPorts = 2> <OutPorts = 1>
ST_1 : Operation 95 [1/1] (0.42ns)   --->   "%tmp_22 = sparsemux i16 @_ssdm_op_SparseMux.ap_auto.3i16.i16.i2, i2 0, i16 %tmp_7, i2 1, i16 %tmp_14, i2 2, i16 %tmp_21, i16 0, i2 %select_ln89" [C:/Users/LAB2_PC10/Desktop/CHINNA/files/conv2d.cpp:97]   --->   Operation 95 'sparsemux' 'tmp_22' <Predicate = (!icmp_ln89)> <Delay = 0.42> <CoreInst = "OneHotSparseMux_HasDef">   --->   Core 152 'OneHotSparseMux_HasDef' <Latency = 0> <II = 1> <Delay = 0.42> <FuncUnit> <Opcode : 'sparsemux'> <InPorts = 2> <OutPorts = 1>
ST_1 : Operation 96 [1/1] (0.54ns)   --->   "%switch_ln101 = switch i2 %select_ln89, void %.case.2533, i2 0, void %.case.0531, i2 1, void %.case.1532" [C:/Users/LAB2_PC10/Desktop/CHINNA/files/conv2d.cpp:101]   --->   Operation 96 'switch' 'switch_ln101' <Predicate = (!icmp_ln89)> <Delay = 0.54>
ST_1 : Operation 97 [1/1] (0.54ns)   --->   "%switch_ln101 = switch i2 %select_ln49, void %.case.2543, i2 0, void %.case.0541, i2 1, void %.case.1532..exit530_crit_edge" [C:/Users/LAB2_PC10/Desktop/CHINNA/files/conv2d.cpp:101]   --->   Operation 97 'switch' 'switch_ln101' <Predicate = (!icmp_ln89 & select_ln89 == 1)> <Delay = 0.54>
ST_1 : Operation 98 [1/1] (0.54ns)   --->   "%switch_ln101 = switch i2 %select_ln49, void %.case.2538, i2 0, void %.case.0536, i2 1, void %.case.0531..exit530_crit_edge" [C:/Users/LAB2_PC10/Desktop/CHINNA/files/conv2d.cpp:101]   --->   Operation 98 'switch' 'switch_ln101' <Predicate = (!icmp_ln89 & select_ln89 == 0)> <Delay = 0.54>
ST_1 : Operation 99 [1/1] (0.54ns)   --->   "%switch_ln101 = switch i2 %select_ln49, void %.case.2548, i2 0, void %.case.0546, i2 1, void %.case.2533..exit530_crit_edge" [C:/Users/LAB2_PC10/Desktop/CHINNA/files/conv2d.cpp:101]   --->   Operation 99 'switch' 'switch_ln101' <Predicate = (!icmp_ln89 & select_ln89 != 0 & select_ln89 != 1)> <Delay = 0.54>
ST_1 : Operation 100 [1/1] (0.42ns)   --->   "%store_ln89 = store i4 %add_ln89, i4 %indvar_flatten" [C:/Users/LAB2_PC10/Desktop/CHINNA/files/conv2d.cpp:89]   --->   Operation 100 'store' 'store_ln89' <Predicate = (!icmp_ln89)> <Delay = 0.42>
ST_1 : Operation 101 [1/1] (0.42ns)   --->   "%store_ln89 = store i2 %select_ln89, i2 %or_s" [C:/Users/LAB2_PC10/Desktop/CHINNA/files/conv2d.cpp:89]   --->   Operation 101 'store' 'store_ln89' <Predicate = (!icmp_ln89)> <Delay = 0.42>
ST_1 : Operation 102 [1/1] (0.42ns)   --->   "%store_ln90 = store i2 %add_ln96_2, i2 %oc_s" [C:/Users/LAB2_PC10/Desktop/CHINNA/files/conv2d.cpp:90]   --->   Operation 102 'store' 'store_ln90' <Predicate = (!icmp_ln89)> <Delay = 0.42>
ST_1 : Operation 103 [1/1] (0.00ns)   --->   "%br_ln90 = br void %CONV_IC" [C:/Users/LAB2_PC10/Desktop/CHINNA/files/conv2d.cpp:90]   --->   Operation 103 'br' 'br_ln90' <Predicate = (!icmp_ln89)> <Delay = 0.00>

State 2 <SV = 1> <Delay = 1.85>
ST_2 : Operation 104 [2/3] (0.99ns) (grouped into DSP with root node add_ln96_1)   --->   "%mul_ln96 = mul i24 %sext_ln96_9, i24 %sext_ln96_cast" [C:/Users/LAB2_PC10/Desktop/CHINNA/files/conv2d.cpp:96]   --->   Operation 104 'mul' 'mul_ln96' <Predicate = true> <Delay = 0.99> <CoreInst = "DSP48">   --->   Core 124 'DSP48' <Latency = 3> <II = 1> <Delay = 0.53> <IPBlock> <Opcode : 'add' 'sub' 'mul' 'select'> <InPorts = 0> <OutPorts = 1> <Sync> <CReg>
ST_2 : Operation 105 [1/1] (0.42ns)   --->   "%tmp_9 = sparsemux i16 @_ssdm_op_SparseMux.ap_auto.3i16.i16.i2, i2 0, i16 %input_1_reload_read, i2 1, i16 %input_2_reload_read, i2 2, i16 %input_3_reload_read, i16 0, i2 %select_ln49" [C:/Users/LAB2_PC10/Desktop/CHINNA/files/conv2d.cpp:97]   --->   Operation 105 'sparsemux' 'tmp_9' <Predicate = (select_ln89 == 0)> <Delay = 0.42> <CoreInst = "OneHotSparseMux_HasDef">   --->   Core 152 'OneHotSparseMux_HasDef' <Latency = 0> <II = 1> <Delay = 0.42> <FuncUnit> <Opcode : 'sparsemux'> <InPorts = 2> <OutPorts = 1>
ST_2 : Operation 106 [1/1] (0.42ns)   --->   "%tmp_s = sparsemux i16 @_ssdm_op_SparseMux.ap_auto.3i16.i16.i2, i2 0, i16 %input_6_reload_read, i2 1, i16 %input_7_reload_read, i2 2, i16 %input_8_reload_read, i16 0, i2 %select_ln49" [C:/Users/LAB2_PC10/Desktop/CHINNA/files/conv2d.cpp:97]   --->   Operation 106 'sparsemux' 'tmp_s' <Predicate = true> <Delay = 0.42> <CoreInst = "OneHotSparseMux_HasDef">   --->   Core 152 'OneHotSparseMux_HasDef' <Latency = 0> <II = 1> <Delay = 0.42> <FuncUnit> <Opcode : 'sparsemux'> <InPorts = 2> <OutPorts = 1>
ST_2 : Operation 107 [1/1] (0.42ns)   --->   "%tmp_4 = sparsemux i16 @_ssdm_op_SparseMux.ap_auto.3i16.i16.i2, i2 0, i16 %input_11_reload_read, i2 1, i16 %input_12_reload_read, i2 2, i16 %input_13_reload_read, i16 0, i2 %select_ln49" [C:/Users/LAB2_PC10/Desktop/CHINNA/files/conv2d.cpp:97]   --->   Operation 107 'sparsemux' 'tmp_4' <Predicate = true> <Delay = 0.42> <CoreInst = "OneHotSparseMux_HasDef">   --->   Core 152 'OneHotSparseMux_HasDef' <Latency = 0> <II = 1> <Delay = 0.42> <FuncUnit> <Opcode : 'sparsemux'> <InPorts = 2> <OutPorts = 1>
ST_2 : Operation 108 [1/1] (0.42ns)   --->   "%tmp_1 = sparsemux i16 @_ssdm_op_SparseMux.ap_auto.3i16.i16.i2, i2 0, i16 %tmp_9, i2 1, i16 %tmp_s, i2 2, i16 %tmp_4, i16 0, i2 %select_ln89" [C:/Users/LAB2_PC10/Desktop/CHINNA/files/conv2d.cpp:97]   --->   Operation 108 'sparsemux' 'tmp_1' <Predicate = true> <Delay = 0.42> <CoreInst = "OneHotSparseMux_HasDef">   --->   Core 152 'OneHotSparseMux_HasDef' <Latency = 0> <II = 1> <Delay = 0.42> <FuncUnit> <Opcode : 'sparsemux'> <InPorts = 2> <OutPorts = 1>
ST_2 : Operation 109 [1/1] (0.00ns)   --->   "%sext_ln96_10 = sext i16 %tmp_1" [C:/Users/LAB2_PC10/Desktop/CHINNA/files/conv2d.cpp:96]   --->   Operation 109 'sext' 'sext_ln96_10' <Predicate = true> <Delay = 0.00>
ST_2 : Operation 110 [3/3] (0.99ns) (grouped into DSP with root node add_ln96_3)   --->   "%mul_ln96_1 = mul i24 %sext_ln96_10, i24 %sext_ln96_1_cast" [C:/Users/LAB2_PC10/Desktop/CHINNA/files/conv2d.cpp:96]   --->   Operation 110 'mul' 'mul_ln96_1' <Predicate = true> <Delay = 0.99> <CoreInst = "DSP48">   --->   Core 124 'DSP48' <Latency = 3> <II = 1> <Delay = 0.53> <IPBlock> <Opcode : 'add' 'sub' 'mul' 'select'> <InPorts = 0> <OutPorts = 1> <Sync> <CReg>
ST_2 : Operation 111 [1/1] (0.42ns)   --->   "%tmp_17 = sparsemux i16 @_ssdm_op_SparseMux.ap_auto.3i16.i16.i2, i2 0, i16 %input_16_reload_read, i2 1, i16 %input_17_reload_read, i2 2, i16 %input_18_reload_read, i16 0, i2 %select_ln49" [C:/Users/LAB2_PC10/Desktop/CHINNA/files/conv2d.cpp:97]   --->   Operation 111 'sparsemux' 'tmp_17' <Predicate = true> <Delay = 0.42> <CoreInst = "OneHotSparseMux_HasDef">   --->   Core 152 'OneHotSparseMux_HasDef' <Latency = 0> <II = 1> <Delay = 0.42> <FuncUnit> <Opcode : 'sparsemux'> <InPorts = 2> <OutPorts = 1>
ST_2 : Operation 112 [1/1] (0.42ns)   --->   "%tmp_18 = sparsemux i16 @_ssdm_op_SparseMux.ap_auto.3i16.i16.i2, i2 0, i16 %tmp_s, i2 1, i16 %tmp_4, i2 2, i16 %tmp_17, i16 0, i2 %select_ln89" [C:/Users/LAB2_PC10/Desktop/CHINNA/files/conv2d.cpp:97]   --->   Operation 112 'sparsemux' 'tmp_18' <Predicate = true> <Delay = 0.42> <CoreInst = "OneHotSparseMux_HasDef">   --->   Core 152 'OneHotSparseMux_HasDef' <Latency = 0> <II = 1> <Delay = 0.42> <FuncUnit> <Opcode : 'sparsemux'> <InPorts = 2> <OutPorts = 1>
ST_2 : Operation 113 [1/1] (0.42ns)   --->   "%tmp_23 = sparsemux i16 @_ssdm_op_SparseMux.ap_auto.3i16.i16.i2, i2 0, i16 %input_21_reload_read, i2 1, i16 %input_22_reload_read, i2 2, i16 %input_23_reload_read, i16 0, i2 %select_ln49" [C:/Users/LAB2_PC10/Desktop/CHINNA/files/conv2d.cpp:97]   --->   Operation 113 'sparsemux' 'tmp_23' <Predicate = (select_ln89 == 2)> <Delay = 0.42> <CoreInst = "OneHotSparseMux_HasDef">   --->   Core 152 'OneHotSparseMux_HasDef' <Latency = 0> <II = 1> <Delay = 0.42> <FuncUnit> <Opcode : 'sparsemux'> <InPorts = 2> <OutPorts = 1>
ST_2 : Operation 114 [1/1] (0.42ns)   --->   "%tmp_24 = sparsemux i16 @_ssdm_op_SparseMux.ap_auto.3i16.i16.i2, i2 0, i16 %tmp_4, i2 1, i16 %tmp_17, i2 2, i16 %tmp_23, i16 0, i2 %select_ln89" [C:/Users/LAB2_PC10/Desktop/CHINNA/files/conv2d.cpp:97]   --->   Operation 114 'sparsemux' 'tmp_24' <Predicate = true> <Delay = 0.42> <CoreInst = "OneHotSparseMux_HasDef">   --->   Core 152 'OneHotSparseMux_HasDef' <Latency = 0> <II = 1> <Delay = 0.42> <FuncUnit> <Opcode : 'sparsemux'> <InPorts = 2> <OutPorts = 1>

State 3 <SV = 2> <Delay = 1.85>
ST_3 : Operation 115 [1/3] (0.00ns) (grouped into DSP with root node add_ln96_1)   --->   "%mul_ln96 = mul i24 %sext_ln96_9, i24 %sext_ln96_cast" [C:/Users/LAB2_PC10/Desktop/CHINNA/files/conv2d.cpp:96]   --->   Operation 115 'mul' 'mul_ln96' <Predicate = true> <Delay = 0.00> <CoreInst = "DSP48">   --->   Core 124 'DSP48' <Latency = 3> <II = 1> <Delay = 0.53> <IPBlock> <Opcode : 'add' 'sub' 'mul' 'select'> <InPorts = 0> <OutPorts = 1> <Sync> <CReg>
ST_3 : Operation 116 [2/2] (0.64ns) (root node of the DSP)   --->   "%add_ln96_1 = add i24 %shl_ln_read, i24 %mul_ln96" [C:/Users/LAB2_PC10/Desktop/CHINNA/files/conv2d.cpp:96]   --->   Operation 116 'add' 'add_ln96_1' <Predicate = true> <Delay = 0.64> <CoreInst = "DSP48">   --->   Core 124 'DSP48' <Latency = 3> <II = 1> <Delay = 0.53> <IPBlock> <Opcode : 'add' 'sub' 'mul' 'select'> <InPorts = 0> <OutPorts = 1> <Sync> <CReg>
ST_3 : Operation 117 [2/3] (0.99ns) (grouped into DSP with root node add_ln96_3)   --->   "%mul_ln96_1 = mul i24 %sext_ln96_10, i24 %sext_ln96_1_cast" [C:/Users/LAB2_PC10/Desktop/CHINNA/files/conv2d.cpp:96]   --->   Operation 117 'mul' 'mul_ln96_1' <Predicate = true> <Delay = 0.99> <CoreInst = "DSP48">   --->   Core 124 'DSP48' <Latency = 3> <II = 1> <Delay = 0.53> <IPBlock> <Opcode : 'add' 'sub' 'mul' 'select'> <InPorts = 0> <OutPorts = 1> <Sync> <CReg>
ST_3 : Operation 118 [1/1] (0.42ns)   --->   "%tmp_3 = sparsemux i16 @_ssdm_op_SparseMux.ap_auto.3i16.i16.i2, i2 0, i16 %input_2_reload_read, i2 1, i16 %input_3_reload_read, i2 2, i16 %input_4_reload_read, i16 0, i2 %select_ln49" [C:/Users/LAB2_PC10/Desktop/CHINNA/files/conv2d.cpp:97]   --->   Operation 118 'sparsemux' 'tmp_3' <Predicate = (select_ln89 == 0)> <Delay = 0.42> <CoreInst = "OneHotSparseMux_HasDef">   --->   Core 152 'OneHotSparseMux_HasDef' <Latency = 0> <II = 1> <Delay = 0.42> <FuncUnit> <Opcode : 'sparsemux'> <InPorts = 2> <OutPorts = 1>
ST_3 : Operation 119 [1/1] (0.42ns)   --->   "%tmp_10 = sparsemux i16 @_ssdm_op_SparseMux.ap_auto.3i16.i16.i2, i2 0, i16 %input_7_reload_read, i2 1, i16 %input_8_reload_read, i2 2, i16 %input_9_reload_read, i16 0, i2 %select_ln49" [C:/Users/LAB2_PC10/Desktop/CHINNA/files/conv2d.cpp:97]   --->   Operation 119 'sparsemux' 'tmp_10' <Predicate = true> <Delay = 0.42> <CoreInst = "OneHotSparseMux_HasDef">   --->   Core 152 'OneHotSparseMux_HasDef' <Latency = 0> <II = 1> <Delay = 0.42> <FuncUnit> <Opcode : 'sparsemux'> <InPorts = 2> <OutPorts = 1>
ST_3 : Operation 120 [1/1] (0.42ns)   --->   "%tmp_11 = sparsemux i16 @_ssdm_op_SparseMux.ap_auto.3i16.i16.i2, i2 0, i16 %input_12_reload_read, i2 1, i16 %input_13_reload_read, i2 2, i16 %input_14_reload_read, i16 0, i2 %select_ln49" [C:/Users/LAB2_PC10/Desktop/CHINNA/files/conv2d.cpp:97]   --->   Operation 120 'sparsemux' 'tmp_11' <Predicate = true> <Delay = 0.42> <CoreInst = "OneHotSparseMux_HasDef">   --->   Core 152 'OneHotSparseMux_HasDef' <Latency = 0> <II = 1> <Delay = 0.42> <FuncUnit> <Opcode : 'sparsemux'> <InPorts = 2> <OutPorts = 1>
ST_3 : Operation 121 [1/1] (0.42ns)   --->   "%tmp_12 = sparsemux i16 @_ssdm_op_SparseMux.ap_auto.3i16.i16.i2, i2 0, i16 %tmp_3, i2 1, i16 %tmp_10, i2 2, i16 %tmp_11, i16 0, i2 %select_ln89" [C:/Users/LAB2_PC10/Desktop/CHINNA/files/conv2d.cpp:97]   --->   Operation 121 'sparsemux' 'tmp_12' <Predicate = true> <Delay = 0.42> <CoreInst = "OneHotSparseMux_HasDef">   --->   Core 152 'OneHotSparseMux_HasDef' <Latency = 0> <II = 1> <Delay = 0.42> <FuncUnit> <Opcode : 'sparsemux'> <InPorts = 2> <OutPorts = 1>
ST_3 : Operation 122 [1/1] (0.00ns)   --->   "%sext_ln96_11 = sext i16 %tmp_12" [C:/Users/LAB2_PC10/Desktop/CHINNA/files/conv2d.cpp:96]   --->   Operation 122 'sext' 'sext_ln96_11' <Predicate = true> <Delay = 0.00>
ST_3 : Operation 123 [3/3] (0.99ns) (grouped into DSP with root node add_ln96_4)   --->   "%mul_ln96_2 = mul i24 %sext_ln96_11, i24 %sext_ln96_2_cast" [C:/Users/LAB2_PC10/Desktop/CHINNA/files/conv2d.cpp:96]   --->   Operation 123 'mul' 'mul_ln96_2' <Predicate = true> <Delay = 0.99> <CoreInst = "DSP48">   --->   Core 124 'DSP48' <Latency = 3> <II = 1> <Delay = 0.53> <IPBlock> <Opcode : 'add' 'sub' 'mul' 'select'> <InPorts = 0> <OutPorts = 1> <Sync> <CReg>
ST_3 : Operation 124 [1/1] (0.42ns)   --->   "%tmp_19 = sparsemux i16 @_ssdm_op_SparseMux.ap_auto.3i16.i16.i2, i2 0, i16 %input_17_reload_read, i2 1, i16 %input_18_reload_read, i2 2, i16 %input_19_reload_read, i16 0, i2 %select_ln49" [C:/Users/LAB2_PC10/Desktop/CHINNA/files/conv2d.cpp:97]   --->   Operation 124 'sparsemux' 'tmp_19' <Predicate = true> <Delay = 0.42> <CoreInst = "OneHotSparseMux_HasDef">   --->   Core 152 'OneHotSparseMux_HasDef' <Latency = 0> <II = 1> <Delay = 0.42> <FuncUnit> <Opcode : 'sparsemux'> <InPorts = 2> <OutPorts = 1>
ST_3 : Operation 125 [1/1] (0.42ns)   --->   "%tmp_20 = sparsemux i16 @_ssdm_op_SparseMux.ap_auto.3i16.i16.i2, i2 0, i16 %tmp_10, i2 1, i16 %tmp_11, i2 2, i16 %tmp_19, i16 0, i2 %select_ln89" [C:/Users/LAB2_PC10/Desktop/CHINNA/files/conv2d.cpp:97]   --->   Operation 125 'sparsemux' 'tmp_20' <Predicate = true> <Delay = 0.42> <CoreInst = "OneHotSparseMux_HasDef">   --->   Core 152 'OneHotSparseMux_HasDef' <Latency = 0> <II = 1> <Delay = 0.42> <FuncUnit> <Opcode : 'sparsemux'> <InPorts = 2> <OutPorts = 1>
ST_3 : Operation 126 [1/1] (0.42ns)   --->   "%tmp_25 = sparsemux i16 @_ssdm_op_SparseMux.ap_auto.3i16.i16.i2, i2 0, i16 %input_22_reload_read, i2 1, i16 %input_23_reload_read, i2 2, i16 %input_24_reload_read, i16 0, i2 %select_ln49" [C:/Users/LAB2_PC10/Desktop/CHINNA/files/conv2d.cpp:97]   --->   Operation 126 'sparsemux' 'tmp_25' <Predicate = (select_ln89 == 2)> <Delay = 0.42> <CoreInst = "OneHotSparseMux_HasDef">   --->   Core 152 'OneHotSparseMux_HasDef' <Latency = 0> <II = 1> <Delay = 0.42> <FuncUnit> <Opcode : 'sparsemux'> <InPorts = 2> <OutPorts = 1>
ST_3 : Operation 127 [1/1] (0.42ns)   --->   "%tmp_26 = sparsemux i16 @_ssdm_op_SparseMux.ap_auto.3i16.i16.i2, i2 0, i16 %tmp_11, i2 1, i16 %tmp_19, i2 2, i16 %tmp_25, i16 0, i2 %select_ln89" [C:/Users/LAB2_PC10/Desktop/CHINNA/files/conv2d.cpp:97]   --->   Operation 127 'sparsemux' 'tmp_26' <Predicate = true> <Delay = 0.42> <CoreInst = "OneHotSparseMux_HasDef">   --->   Core 152 'OneHotSparseMux_HasDef' <Latency = 0> <II = 1> <Delay = 0.42> <FuncUnit> <Opcode : 'sparsemux'> <InPorts = 2> <OutPorts = 1>

State 4 <SV = 3> <Delay = 1.29>
ST_4 : Operation 128 [1/2] (0.64ns) (root node of the DSP)   --->   "%add_ln96_1 = add i24 %shl_ln_read, i24 %mul_ln96" [C:/Users/LAB2_PC10/Desktop/CHINNA/files/conv2d.cpp:96]   --->   Operation 128 'add' 'add_ln96_1' <Predicate = true> <Delay = 0.64> <CoreInst = "DSP48">   --->   Core 124 'DSP48' <Latency = 3> <II = 1> <Delay = 0.53> <IPBlock> <Opcode : 'add' 'sub' 'mul' 'select'> <InPorts = 0> <OutPorts = 1> <Sync> <CReg>
ST_4 : Operation 129 [1/3] (0.00ns) (grouped into DSP with root node add_ln96_3)   --->   "%mul_ln96_1 = mul i24 %sext_ln96_10, i24 %sext_ln96_1_cast" [C:/Users/LAB2_PC10/Desktop/CHINNA/files/conv2d.cpp:96]   --->   Operation 129 'mul' 'mul_ln96_1' <Predicate = true> <Delay = 0.00> <CoreInst = "DSP48">   --->   Core 124 'DSP48' <Latency = 3> <II = 1> <Delay = 0.53> <IPBlock> <Opcode : 'add' 'sub' 'mul' 'select'> <InPorts = 0> <OutPorts = 1> <Sync> <CReg>
ST_4 : Operation 130 [1/1] (0.00ns)   --->   "%tmp_2 = partselect i16 @_ssdm_op_PartSelect.i16.i24.i32.i32, i24 %add_ln96_1, i32 8, i32 23" [C:/Users/LAB2_PC10/Desktop/CHINNA/files/conv2d.cpp:96]   --->   Operation 130 'partselect' 'tmp_2' <Predicate = true> <Delay = 0.00>
ST_4 : Operation 131 [1/1] (0.00ns)   --->   "%shl_ln96_1 = bitconcatenate i24 @_ssdm_op_BitConcatenate.i24.i16.i8, i16 %tmp_2, i8 0" [C:/Users/LAB2_PC10/Desktop/CHINNA/files/conv2d.cpp:96]   --->   Operation 131 'bitconcatenate' 'shl_ln96_1' <Predicate = true> <Delay = 0.00>
ST_4 : Operation 132 [2/2] (0.64ns) (root node of the DSP)   --->   "%add_ln96_3 = add i24 %shl_ln96_1, i24 %mul_ln96_1" [C:/Users/LAB2_PC10/Desktop/CHINNA/files/conv2d.cpp:96]   --->   Operation 132 'add' 'add_ln96_3' <Predicate = true> <Delay = 0.64> <CoreInst = "DSP48">   --->   Core 124 'DSP48' <Latency = 3> <II = 1> <Delay = 0.53> <IPBlock> <Opcode : 'add' 'sub' 'mul' 'select'> <InPorts = 0> <OutPorts = 1> <Sync> <CReg>
ST_4 : Operation 133 [2/3] (0.99ns) (grouped into DSP with root node add_ln96_4)   --->   "%mul_ln96_2 = mul i24 %sext_ln96_11, i24 %sext_ln96_2_cast" [C:/Users/LAB2_PC10/Desktop/CHINNA/files/conv2d.cpp:96]   --->   Operation 133 'mul' 'mul_ln96_2' <Predicate = true> <Delay = 0.99> <CoreInst = "DSP48">   --->   Core 124 'DSP48' <Latency = 3> <II = 1> <Delay = 0.53> <IPBlock> <Opcode : 'add' 'sub' 'mul' 'select'> <InPorts = 0> <OutPorts = 1> <Sync> <CReg>
ST_4 : Operation 134 [1/1] (0.00ns)   --->   "%sext_ln96_12 = sext i16 %tmp_15" [C:/Users/LAB2_PC10/Desktop/CHINNA/files/conv2d.cpp:96]   --->   Operation 134 'sext' 'sext_ln96_12' <Predicate = true> <Delay = 0.00>
ST_4 : Operation 135 [3/3] (0.99ns) (grouped into DSP with root node add_ln96_5)   --->   "%mul_ln96_3 = mul i24 %sext_ln96_12, i24 %sext_ln96_3_cast" [C:/Users/LAB2_PC10/Desktop/CHINNA/files/conv2d.cpp:96]   --->   Operation 135 'mul' 'mul_ln96_3' <Predicate = true> <Delay = 0.99> <CoreInst = "DSP48">   --->   Core 124 'DSP48' <Latency = 3> <II = 1> <Delay = 0.53> <IPBlock> <Opcode : 'add' 'sub' 'mul' 'select'> <InPorts = 0> <OutPorts = 1> <Sync> <CReg>

State 5 <SV = 4> <Delay = 1.29>
ST_5 : Operation 136 [1/2] (0.64ns) (root node of the DSP)   --->   "%add_ln96_3 = add i24 %shl_ln96_1, i24 %mul_ln96_1" [C:/Users/LAB2_PC10/Desktop/CHINNA/files/conv2d.cpp:96]   --->   Operation 136 'add' 'add_ln96_3' <Predicate = true> <Delay = 0.64> <CoreInst = "DSP48">   --->   Core 124 'DSP48' <Latency = 3> <II = 1> <Delay = 0.53> <IPBlock> <Opcode : 'add' 'sub' 'mul' 'select'> <InPorts = 0> <OutPorts = 1> <Sync> <CReg>
ST_5 : Operation 137 [1/3] (0.00ns) (grouped into DSP with root node add_ln96_4)   --->   "%mul_ln96_2 = mul i24 %sext_ln96_11, i24 %sext_ln96_2_cast" [C:/Users/LAB2_PC10/Desktop/CHINNA/files/conv2d.cpp:96]   --->   Operation 137 'mul' 'mul_ln96_2' <Predicate = true> <Delay = 0.00> <CoreInst = "DSP48">   --->   Core 124 'DSP48' <Latency = 3> <II = 1> <Delay = 0.53> <IPBlock> <Opcode : 'add' 'sub' 'mul' 'select'> <InPorts = 0> <OutPorts = 1> <Sync> <CReg>
ST_5 : Operation 138 [1/1] (0.00ns)   --->   "%tmp_13 = partselect i16 @_ssdm_op_PartSelect.i16.i24.i32.i32, i24 %add_ln96_3, i32 8, i32 23" [C:/Users/LAB2_PC10/Desktop/CHINNA/files/conv2d.cpp:96]   --->   Operation 138 'partselect' 'tmp_13' <Predicate = true> <Delay = 0.00>
ST_5 : Operation 139 [1/1] (0.00ns)   --->   "%shl_ln96_2 = bitconcatenate i24 @_ssdm_op_BitConcatenate.i24.i16.i8, i16 %tmp_13, i8 0" [C:/Users/LAB2_PC10/Desktop/CHINNA/files/conv2d.cpp:96]   --->   Operation 139 'bitconcatenate' 'shl_ln96_2' <Predicate = true> <Delay = 0.00>
ST_5 : Operation 140 [2/2] (0.64ns) (root node of the DSP)   --->   "%add_ln96_4 = add i24 %shl_ln96_2, i24 %mul_ln96_2" [C:/Users/LAB2_PC10/Desktop/CHINNA/files/conv2d.cpp:96]   --->   Operation 140 'add' 'add_ln96_4' <Predicate = true> <Delay = 0.64> <CoreInst = "DSP48">   --->   Core 124 'DSP48' <Latency = 3> <II = 1> <Delay = 0.53> <IPBlock> <Opcode : 'add' 'sub' 'mul' 'select'> <InPorts = 0> <OutPorts = 1> <Sync> <CReg>
ST_5 : Operation 141 [2/3] (0.99ns) (grouped into DSP with root node add_ln96_5)   --->   "%mul_ln96_3 = mul i24 %sext_ln96_12, i24 %sext_ln96_3_cast" [C:/Users/LAB2_PC10/Desktop/CHINNA/files/conv2d.cpp:96]   --->   Operation 141 'mul' 'mul_ln96_3' <Predicate = true> <Delay = 0.99> <CoreInst = "DSP48">   --->   Core 124 'DSP48' <Latency = 3> <II = 1> <Delay = 0.53> <IPBlock> <Opcode : 'add' 'sub' 'mul' 'select'> <InPorts = 0> <OutPorts = 1> <Sync> <CReg>
ST_5 : Operation 142 [1/1] (0.00ns)   --->   "%sext_ln96_13 = sext i16 %tmp_18" [C:/Users/LAB2_PC10/Desktop/CHINNA/files/conv2d.cpp:96]   --->   Operation 142 'sext' 'sext_ln96_13' <Predicate = true> <Delay = 0.00>
ST_5 : Operation 143 [3/3] (0.99ns) (grouped into DSP with root node add_ln96_6)   --->   "%mul_ln96_4 = mul i24 %sext_ln96_13, i24 %sext_ln96_4_cast" [C:/Users/LAB2_PC10/Desktop/CHINNA/files/conv2d.cpp:96]   --->   Operation 143 'mul' 'mul_ln96_4' <Predicate = true> <Delay = 0.99> <CoreInst = "DSP48">   --->   Core 124 'DSP48' <Latency = 3> <II = 1> <Delay = 0.53> <IPBlock> <Opcode : 'add' 'sub' 'mul' 'select'> <InPorts = 0> <OutPorts = 1> <Sync> <CReg>

State 6 <SV = 5> <Delay = 1.29>
ST_6 : Operation 144 [1/2] (0.64ns) (root node of the DSP)   --->   "%add_ln96_4 = add i24 %shl_ln96_2, i24 %mul_ln96_2" [C:/Users/LAB2_PC10/Desktop/CHINNA/files/conv2d.cpp:96]   --->   Operation 144 'add' 'add_ln96_4' <Predicate = true> <Delay = 0.64> <CoreInst = "DSP48">   --->   Core 124 'DSP48' <Latency = 3> <II = 1> <Delay = 0.53> <IPBlock> <Opcode : 'add' 'sub' 'mul' 'select'> <InPorts = 0> <OutPorts = 1> <Sync> <CReg>
ST_6 : Operation 145 [1/3] (0.00ns) (grouped into DSP with root node add_ln96_5)   --->   "%mul_ln96_3 = mul i24 %sext_ln96_12, i24 %sext_ln96_3_cast" [C:/Users/LAB2_PC10/Desktop/CHINNA/files/conv2d.cpp:96]   --->   Operation 145 'mul' 'mul_ln96_3' <Predicate = true> <Delay = 0.00> <CoreInst = "DSP48">   --->   Core 124 'DSP48' <Latency = 3> <II = 1> <Delay = 0.53> <IPBlock> <Opcode : 'add' 'sub' 'mul' 'select'> <InPorts = 0> <OutPorts = 1> <Sync> <CReg>
ST_6 : Operation 146 [1/1] (0.00ns)   --->   "%tmp_16 = partselect i16 @_ssdm_op_PartSelect.i16.i24.i32.i32, i24 %add_ln96_4, i32 8, i32 23" [C:/Users/LAB2_PC10/Desktop/CHINNA/files/conv2d.cpp:96]   --->   Operation 146 'partselect' 'tmp_16' <Predicate = true> <Delay = 0.00>
ST_6 : Operation 147 [1/1] (0.00ns)   --->   "%shl_ln96_3 = bitconcatenate i24 @_ssdm_op_BitConcatenate.i24.i16.i8, i16 %tmp_16, i8 0" [C:/Users/LAB2_PC10/Desktop/CHINNA/files/conv2d.cpp:96]   --->   Operation 147 'bitconcatenate' 'shl_ln96_3' <Predicate = true> <Delay = 0.00>
ST_6 : Operation 148 [2/2] (0.64ns) (root node of the DSP)   --->   "%add_ln96_5 = add i24 %shl_ln96_3, i24 %mul_ln96_3" [C:/Users/LAB2_PC10/Desktop/CHINNA/files/conv2d.cpp:96]   --->   Operation 148 'add' 'add_ln96_5' <Predicate = true> <Delay = 0.64> <CoreInst = "DSP48">   --->   Core 124 'DSP48' <Latency = 3> <II = 1> <Delay = 0.53> <IPBlock> <Opcode : 'add' 'sub' 'mul' 'select'> <InPorts = 0> <OutPorts = 1> <Sync> <CReg>
ST_6 : Operation 149 [2/3] (0.99ns) (grouped into DSP with root node add_ln96_6)   --->   "%mul_ln96_4 = mul i24 %sext_ln96_13, i24 %sext_ln96_4_cast" [C:/Users/LAB2_PC10/Desktop/CHINNA/files/conv2d.cpp:96]   --->   Operation 149 'mul' 'mul_ln96_4' <Predicate = true> <Delay = 0.99> <CoreInst = "DSP48">   --->   Core 124 'DSP48' <Latency = 3> <II = 1> <Delay = 0.53> <IPBlock> <Opcode : 'add' 'sub' 'mul' 'select'> <InPorts = 0> <OutPorts = 1> <Sync> <CReg>
ST_6 : Operation 150 [1/1] (0.00ns)   --->   "%sext_ln96_14 = sext i16 %tmp_20" [C:/Users/LAB2_PC10/Desktop/CHINNA/files/conv2d.cpp:96]   --->   Operation 150 'sext' 'sext_ln96_14' <Predicate = true> <Delay = 0.00>
ST_6 : Operation 151 [3/3] (0.99ns) (grouped into DSP with root node add_ln96_7)   --->   "%mul_ln96_5 = mul i24 %sext_ln96_14, i24 %sext_ln96_5_cast" [C:/Users/LAB2_PC10/Desktop/CHINNA/files/conv2d.cpp:96]   --->   Operation 151 'mul' 'mul_ln96_5' <Predicate = true> <Delay = 0.99> <CoreInst = "DSP48">   --->   Core 124 'DSP48' <Latency = 3> <II = 1> <Delay = 0.53> <IPBlock> <Opcode : 'add' 'sub' 'mul' 'select'> <InPorts = 0> <OutPorts = 1> <Sync> <CReg>

State 7 <SV = 6> <Delay = 1.29>
ST_7 : Operation 152 [1/2] (0.64ns) (root node of the DSP)   --->   "%add_ln96_5 = add i24 %shl_ln96_3, i24 %mul_ln96_3" [C:/Users/LAB2_PC10/Desktop/CHINNA/files/conv2d.cpp:96]   --->   Operation 152 'add' 'add_ln96_5' <Predicate = true> <Delay = 0.64> <CoreInst = "DSP48">   --->   Core 124 'DSP48' <Latency = 3> <II = 1> <Delay = 0.53> <IPBlock> <Opcode : 'add' 'sub' 'mul' 'select'> <InPorts = 0> <OutPorts = 1> <Sync> <CReg>
ST_7 : Operation 153 [1/3] (0.00ns) (grouped into DSP with root node add_ln96_6)   --->   "%mul_ln96_4 = mul i24 %sext_ln96_13, i24 %sext_ln96_4_cast" [C:/Users/LAB2_PC10/Desktop/CHINNA/files/conv2d.cpp:96]   --->   Operation 153 'mul' 'mul_ln96_4' <Predicate = true> <Delay = 0.00> <CoreInst = "DSP48">   --->   Core 124 'DSP48' <Latency = 3> <II = 1> <Delay = 0.53> <IPBlock> <Opcode : 'add' 'sub' 'mul' 'select'> <InPorts = 0> <OutPorts = 1> <Sync> <CReg>
ST_7 : Operation 154 [1/1] (0.00ns)   --->   "%tmp_27 = partselect i16 @_ssdm_op_PartSelect.i16.i24.i32.i32, i24 %add_ln96_5, i32 8, i32 23" [C:/Users/LAB2_PC10/Desktop/CHINNA/files/conv2d.cpp:96]   --->   Operation 154 'partselect' 'tmp_27' <Predicate = true> <Delay = 0.00>
ST_7 : Operation 155 [1/1] (0.00ns)   --->   "%shl_ln96_4 = bitconcatenate i24 @_ssdm_op_BitConcatenate.i24.i16.i8, i16 %tmp_27, i8 0" [C:/Users/LAB2_PC10/Desktop/CHINNA/files/conv2d.cpp:96]   --->   Operation 155 'bitconcatenate' 'shl_ln96_4' <Predicate = true> <Delay = 0.00>
ST_7 : Operation 156 [2/2] (0.64ns) (root node of the DSP)   --->   "%add_ln96_6 = add i24 %shl_ln96_4, i24 %mul_ln96_4" [C:/Users/LAB2_PC10/Desktop/CHINNA/files/conv2d.cpp:96]   --->   Operation 156 'add' 'add_ln96_6' <Predicate = true> <Delay = 0.64> <CoreInst = "DSP48">   --->   Core 124 'DSP48' <Latency = 3> <II = 1> <Delay = 0.53> <IPBlock> <Opcode : 'add' 'sub' 'mul' 'select'> <InPorts = 0> <OutPorts = 1> <Sync> <CReg>
ST_7 : Operation 157 [2/3] (0.99ns) (grouped into DSP with root node add_ln96_7)   --->   "%mul_ln96_5 = mul i24 %sext_ln96_14, i24 %sext_ln96_5_cast" [C:/Users/LAB2_PC10/Desktop/CHINNA/files/conv2d.cpp:96]   --->   Operation 157 'mul' 'mul_ln96_5' <Predicate = true> <Delay = 0.99> <CoreInst = "DSP48">   --->   Core 124 'DSP48' <Latency = 3> <II = 1> <Delay = 0.53> <IPBlock> <Opcode : 'add' 'sub' 'mul' 'select'> <InPorts = 0> <OutPorts = 1> <Sync> <CReg>
ST_7 : Operation 158 [1/1] (0.00ns)   --->   "%sext_ln96_15 = sext i16 %tmp_22" [C:/Users/LAB2_PC10/Desktop/CHINNA/files/conv2d.cpp:96]   --->   Operation 158 'sext' 'sext_ln96_15' <Predicate = true> <Delay = 0.00>
ST_7 : Operation 159 [3/3] (0.99ns) (grouped into DSP with root node add_ln96_8)   --->   "%mul_ln96_6 = mul i24 %sext_ln96_15, i24 %sext_ln96_6_cast" [C:/Users/LAB2_PC10/Desktop/CHINNA/files/conv2d.cpp:96]   --->   Operation 159 'mul' 'mul_ln96_6' <Predicate = true> <Delay = 0.99> <CoreInst = "DSP48">   --->   Core 124 'DSP48' <Latency = 3> <II = 1> <Delay = 0.53> <IPBlock> <Opcode : 'add' 'sub' 'mul' 'select'> <InPorts = 0> <OutPorts = 1> <Sync> <CReg>

State 8 <SV = 7> <Delay = 1.29>
ST_8 : Operation 160 [1/2] (0.64ns) (root node of the DSP)   --->   "%add_ln96_6 = add i24 %shl_ln96_4, i24 %mul_ln96_4" [C:/Users/LAB2_PC10/Desktop/CHINNA/files/conv2d.cpp:96]   --->   Operation 160 'add' 'add_ln96_6' <Predicate = true> <Delay = 0.64> <CoreInst = "DSP48">   --->   Core 124 'DSP48' <Latency = 3> <II = 1> <Delay = 0.53> <IPBlock> <Opcode : 'add' 'sub' 'mul' 'select'> <InPorts = 0> <OutPorts = 1> <Sync> <CReg>
ST_8 : Operation 161 [1/3] (0.00ns) (grouped into DSP with root node add_ln96_7)   --->   "%mul_ln96_5 = mul i24 %sext_ln96_14, i24 %sext_ln96_5_cast" [C:/Users/LAB2_PC10/Desktop/CHINNA/files/conv2d.cpp:96]   --->   Operation 161 'mul' 'mul_ln96_5' <Predicate = true> <Delay = 0.00> <CoreInst = "DSP48">   --->   Core 124 'DSP48' <Latency = 3> <II = 1> <Delay = 0.53> <IPBlock> <Opcode : 'add' 'sub' 'mul' 'select'> <InPorts = 0> <OutPorts = 1> <Sync> <CReg>
ST_8 : Operation 162 [1/1] (0.00ns)   --->   "%tmp_28 = partselect i16 @_ssdm_op_PartSelect.i16.i24.i32.i32, i24 %add_ln96_6, i32 8, i32 23" [C:/Users/LAB2_PC10/Desktop/CHINNA/files/conv2d.cpp:96]   --->   Operation 162 'partselect' 'tmp_28' <Predicate = true> <Delay = 0.00>
ST_8 : Operation 163 [1/1] (0.00ns)   --->   "%shl_ln96_5 = bitconcatenate i24 @_ssdm_op_BitConcatenate.i24.i16.i8, i16 %tmp_28, i8 0" [C:/Users/LAB2_PC10/Desktop/CHINNA/files/conv2d.cpp:96]   --->   Operation 163 'bitconcatenate' 'shl_ln96_5' <Predicate = true> <Delay = 0.00>
ST_8 : Operation 164 [2/2] (0.64ns) (root node of the DSP)   --->   "%add_ln96_7 = add i24 %shl_ln96_5, i24 %mul_ln96_5" [C:/Users/LAB2_PC10/Desktop/CHINNA/files/conv2d.cpp:96]   --->   Operation 164 'add' 'add_ln96_7' <Predicate = true> <Delay = 0.64> <CoreInst = "DSP48">   --->   Core 124 'DSP48' <Latency = 3> <II = 1> <Delay = 0.53> <IPBlock> <Opcode : 'add' 'sub' 'mul' 'select'> <InPorts = 0> <OutPorts = 1> <Sync> <CReg>
ST_8 : Operation 165 [2/3] (0.99ns) (grouped into DSP with root node add_ln96_8)   --->   "%mul_ln96_6 = mul i24 %sext_ln96_15, i24 %sext_ln96_6_cast" [C:/Users/LAB2_PC10/Desktop/CHINNA/files/conv2d.cpp:96]   --->   Operation 165 'mul' 'mul_ln96_6' <Predicate = true> <Delay = 0.99> <CoreInst = "DSP48">   --->   Core 124 'DSP48' <Latency = 3> <II = 1> <Delay = 0.53> <IPBlock> <Opcode : 'add' 'sub' 'mul' 'select'> <InPorts = 0> <OutPorts = 1> <Sync> <CReg>
ST_8 : Operation 166 [1/1] (0.00ns)   --->   "%sext_ln96_16 = sext i16 %tmp_24" [C:/Users/LAB2_PC10/Desktop/CHINNA/files/conv2d.cpp:96]   --->   Operation 166 'sext' 'sext_ln96_16' <Predicate = true> <Delay = 0.00>
ST_8 : Operation 167 [3/3] (0.99ns) (grouped into DSP with root node add_ln96_9)   --->   "%mul_ln96_7 = mul i24 %sext_ln96_16, i24 %sext_ln96_7_cast" [C:/Users/LAB2_PC10/Desktop/CHINNA/files/conv2d.cpp:96]   --->   Operation 167 'mul' 'mul_ln96_7' <Predicate = true> <Delay = 0.99> <CoreInst = "DSP48">   --->   Core 124 'DSP48' <Latency = 3> <II = 1> <Delay = 0.53> <IPBlock> <Opcode : 'add' 'sub' 'mul' 'select'> <InPorts = 0> <OutPorts = 1> <Sync> <CReg>

State 9 <SV = 8> <Delay = 1.29>
ST_9 : Operation 168 [1/2] (0.64ns) (root node of the DSP)   --->   "%add_ln96_7 = add i24 %shl_ln96_5, i24 %mul_ln96_5" [C:/Users/LAB2_PC10/Desktop/CHINNA/files/conv2d.cpp:96]   --->   Operation 168 'add' 'add_ln96_7' <Predicate = true> <Delay = 0.64> <CoreInst = "DSP48">   --->   Core 124 'DSP48' <Latency = 3> <II = 1> <Delay = 0.53> <IPBlock> <Opcode : 'add' 'sub' 'mul' 'select'> <InPorts = 0> <OutPorts = 1> <Sync> <CReg>
ST_9 : Operation 169 [1/3] (0.00ns) (grouped into DSP with root node add_ln96_8)   --->   "%mul_ln96_6 = mul i24 %sext_ln96_15, i24 %sext_ln96_6_cast" [C:/Users/LAB2_PC10/Desktop/CHINNA/files/conv2d.cpp:96]   --->   Operation 169 'mul' 'mul_ln96_6' <Predicate = true> <Delay = 0.00> <CoreInst = "DSP48">   --->   Core 124 'DSP48' <Latency = 3> <II = 1> <Delay = 0.53> <IPBlock> <Opcode : 'add' 'sub' 'mul' 'select'> <InPorts = 0> <OutPorts = 1> <Sync> <CReg>
ST_9 : Operation 170 [1/1] (0.00ns)   --->   "%tmp_29 = partselect i16 @_ssdm_op_PartSelect.i16.i24.i32.i32, i24 %add_ln96_7, i32 8, i32 23" [C:/Users/LAB2_PC10/Desktop/CHINNA/files/conv2d.cpp:96]   --->   Operation 170 'partselect' 'tmp_29' <Predicate = true> <Delay = 0.00>
ST_9 : Operation 171 [1/1] (0.00ns)   --->   "%shl_ln96_6 = bitconcatenate i24 @_ssdm_op_BitConcatenate.i24.i16.i8, i16 %tmp_29, i8 0" [C:/Users/LAB2_PC10/Desktop/CHINNA/files/conv2d.cpp:96]   --->   Operation 171 'bitconcatenate' 'shl_ln96_6' <Predicate = true> <Delay = 0.00>
ST_9 : Operation 172 [2/2] (0.64ns) (root node of the DSP)   --->   "%add_ln96_8 = add i24 %shl_ln96_6, i24 %mul_ln96_6" [C:/Users/LAB2_PC10/Desktop/CHINNA/files/conv2d.cpp:96]   --->   Operation 172 'add' 'add_ln96_8' <Predicate = true> <Delay = 0.64> <CoreInst = "DSP48">   --->   Core 124 'DSP48' <Latency = 3> <II = 1> <Delay = 0.53> <IPBlock> <Opcode : 'add' 'sub' 'mul' 'select'> <InPorts = 0> <OutPorts = 1> <Sync> <CReg>
ST_9 : Operation 173 [2/3] (0.99ns) (grouped into DSP with root node add_ln96_9)   --->   "%mul_ln96_7 = mul i24 %sext_ln96_16, i24 %sext_ln96_7_cast" [C:/Users/LAB2_PC10/Desktop/CHINNA/files/conv2d.cpp:96]   --->   Operation 173 'mul' 'mul_ln96_7' <Predicate = true> <Delay = 0.99> <CoreInst = "DSP48">   --->   Core 124 'DSP48' <Latency = 3> <II = 1> <Delay = 0.53> <IPBlock> <Opcode : 'add' 'sub' 'mul' 'select'> <InPorts = 0> <OutPorts = 1> <Sync> <CReg>
ST_9 : Operation 174 [1/1] (0.00ns)   --->   "%sext_ln96_17 = sext i16 %tmp_26" [C:/Users/LAB2_PC10/Desktop/CHINNA/files/conv2d.cpp:96]   --->   Operation 174 'sext' 'sext_ln96_17' <Predicate = true> <Delay = 0.00>
ST_9 : Operation 175 [3/3] (0.99ns) (grouped into DSP with root node add_ln96_10)   --->   "%mul_ln96_8 = mul i24 %sext_ln96_17, i24 %sext_ln96_8_cast" [C:/Users/LAB2_PC10/Desktop/CHINNA/files/conv2d.cpp:96]   --->   Operation 175 'mul' 'mul_ln96_8' <Predicate = true> <Delay = 0.99> <CoreInst = "DSP48">   --->   Core 124 'DSP48' <Latency = 3> <II = 1> <Delay = 0.53> <IPBlock> <Opcode : 'add' 'sub' 'mul' 'select'> <InPorts = 0> <OutPorts = 1> <Sync> <CReg>

State 10 <SV = 9> <Delay = 1.29>
ST_10 : Operation 176 [1/2] (0.64ns) (root node of the DSP)   --->   "%add_ln96_8 = add i24 %shl_ln96_6, i24 %mul_ln96_6" [C:/Users/LAB2_PC10/Desktop/CHINNA/files/conv2d.cpp:96]   --->   Operation 176 'add' 'add_ln96_8' <Predicate = true> <Delay = 0.64> <CoreInst = "DSP48">   --->   Core 124 'DSP48' <Latency = 3> <II = 1> <Delay = 0.53> <IPBlock> <Opcode : 'add' 'sub' 'mul' 'select'> <InPorts = 0> <OutPorts = 1> <Sync> <CReg>
ST_10 : Operation 177 [1/3] (0.00ns) (grouped into DSP with root node add_ln96_9)   --->   "%mul_ln96_7 = mul i24 %sext_ln96_16, i24 %sext_ln96_7_cast" [C:/Users/LAB2_PC10/Desktop/CHINNA/files/conv2d.cpp:96]   --->   Operation 177 'mul' 'mul_ln96_7' <Predicate = true> <Delay = 0.00> <CoreInst = "DSP48">   --->   Core 124 'DSP48' <Latency = 3> <II = 1> <Delay = 0.53> <IPBlock> <Opcode : 'add' 'sub' 'mul' 'select'> <InPorts = 0> <OutPorts = 1> <Sync> <CReg>
ST_10 : Operation 178 [1/1] (0.00ns)   --->   "%tmp_30 = partselect i16 @_ssdm_op_PartSelect.i16.i24.i32.i32, i24 %add_ln96_8, i32 8, i32 23" [C:/Users/LAB2_PC10/Desktop/CHINNA/files/conv2d.cpp:96]   --->   Operation 178 'partselect' 'tmp_30' <Predicate = true> <Delay = 0.00>
ST_10 : Operation 179 [1/1] (0.00ns)   --->   "%shl_ln96_7 = bitconcatenate i24 @_ssdm_op_BitConcatenate.i24.i16.i8, i16 %tmp_30, i8 0" [C:/Users/LAB2_PC10/Desktop/CHINNA/files/conv2d.cpp:96]   --->   Operation 179 'bitconcatenate' 'shl_ln96_7' <Predicate = true> <Delay = 0.00>
ST_10 : Operation 180 [2/2] (0.64ns) (root node of the DSP)   --->   "%add_ln96_9 = add i24 %shl_ln96_7, i24 %mul_ln96_7" [C:/Users/LAB2_PC10/Desktop/CHINNA/files/conv2d.cpp:96]   --->   Operation 180 'add' 'add_ln96_9' <Predicate = true> <Delay = 0.64> <CoreInst = "DSP48">   --->   Core 124 'DSP48' <Latency = 3> <II = 1> <Delay = 0.53> <IPBlock> <Opcode : 'add' 'sub' 'mul' 'select'> <InPorts = 0> <OutPorts = 1> <Sync> <CReg>
ST_10 : Operation 181 [2/3] (0.99ns) (grouped into DSP with root node add_ln96_10)   --->   "%mul_ln96_8 = mul i24 %sext_ln96_17, i24 %sext_ln96_8_cast" [C:/Users/LAB2_PC10/Desktop/CHINNA/files/conv2d.cpp:96]   --->   Operation 181 'mul' 'mul_ln96_8' <Predicate = true> <Delay = 0.99> <CoreInst = "DSP48">   --->   Core 124 'DSP48' <Latency = 3> <II = 1> <Delay = 0.53> <IPBlock> <Opcode : 'add' 'sub' 'mul' 'select'> <InPorts = 0> <OutPorts = 1> <Sync> <CReg>

State 11 <SV = 10> <Delay = 1.29>
ST_11 : Operation 182 [1/2] (0.64ns) (root node of the DSP)   --->   "%add_ln96_9 = add i24 %shl_ln96_7, i24 %mul_ln96_7" [C:/Users/LAB2_PC10/Desktop/CHINNA/files/conv2d.cpp:96]   --->   Operation 182 'add' 'add_ln96_9' <Predicate = true> <Delay = 0.64> <CoreInst = "DSP48">   --->   Core 124 'DSP48' <Latency = 3> <II = 1> <Delay = 0.53> <IPBlock> <Opcode : 'add' 'sub' 'mul' 'select'> <InPorts = 0> <OutPorts = 1> <Sync> <CReg>
ST_11 : Operation 183 [1/3] (0.00ns) (grouped into DSP with root node add_ln96_10)   --->   "%mul_ln96_8 = mul i24 %sext_ln96_17, i24 %sext_ln96_8_cast" [C:/Users/LAB2_PC10/Desktop/CHINNA/files/conv2d.cpp:96]   --->   Operation 183 'mul' 'mul_ln96_8' <Predicate = true> <Delay = 0.00> <CoreInst = "DSP48">   --->   Core 124 'DSP48' <Latency = 3> <II = 1> <Delay = 0.53> <IPBlock> <Opcode : 'add' 'sub' 'mul' 'select'> <InPorts = 0> <OutPorts = 1> <Sync> <CReg>
ST_11 : Operation 184 [1/1] (0.00ns)   --->   "%tmp_31 = partselect i16 @_ssdm_op_PartSelect.i16.i24.i32.i32, i24 %add_ln96_9, i32 8, i32 23" [C:/Users/LAB2_PC10/Desktop/CHINNA/files/conv2d.cpp:96]   --->   Operation 184 'partselect' 'tmp_31' <Predicate = true> <Delay = 0.00>
ST_11 : Operation 185 [1/1] (0.00ns)   --->   "%shl_ln96_8 = bitconcatenate i24 @_ssdm_op_BitConcatenate.i24.i16.i8, i16 %tmp_31, i8 0" [C:/Users/LAB2_PC10/Desktop/CHINNA/files/conv2d.cpp:96]   --->   Operation 185 'bitconcatenate' 'shl_ln96_8' <Predicate = true> <Delay = 0.00>
ST_11 : Operation 186 [2/2] (0.64ns) (root node of the DSP)   --->   "%add_ln96_10 = add i24 %shl_ln96_8, i24 %mul_ln96_8" [C:/Users/LAB2_PC10/Desktop/CHINNA/files/conv2d.cpp:96]   --->   Operation 186 'add' 'add_ln96_10' <Predicate = true> <Delay = 0.64> <CoreInst = "DSP48">   --->   Core 124 'DSP48' <Latency = 3> <II = 1> <Delay = 0.53> <IPBlock> <Opcode : 'add' 'sub' 'mul' 'select'> <InPorts = 0> <OutPorts = 1> <Sync> <CReg>
ST_11 : Operation 210 [1/1] (0.00ns)   --->   "%output_load = load i16 %output"   --->   Operation 210 'load' 'output_load' <Predicate = (icmp_ln89)> <Delay = 0.00>
ST_11 : Operation 211 [1/1] (0.00ns)   --->   "%output_1_load = load i16 %output_1"   --->   Operation 211 'load' 'output_1_load' <Predicate = (icmp_ln89)> <Delay = 0.00>
ST_11 : Operation 212 [1/1] (0.00ns)   --->   "%output_2_load = load i16 %output_2"   --->   Operation 212 'load' 'output_2_load' <Predicate = (icmp_ln89)> <Delay = 0.00>
ST_11 : Operation 213 [1/1] (0.00ns)   --->   "%output_3_load = load i16 %output_3"   --->   Operation 213 'load' 'output_3_load' <Predicate = (icmp_ln89)> <Delay = 0.00>
ST_11 : Operation 214 [1/1] (0.00ns)   --->   "%output_4_load = load i16 %output_4"   --->   Operation 214 'load' 'output_4_load' <Predicate = (icmp_ln89)> <Delay = 0.00>
ST_11 : Operation 215 [1/1] (0.00ns)   --->   "%output_5_load = load i16 %output_5"   --->   Operation 215 'load' 'output_5_load' <Predicate = (icmp_ln89)> <Delay = 0.00>
ST_11 : Operation 216 [1/1] (0.00ns)   --->   "%output_6_load = load i16 %output_6"   --->   Operation 216 'load' 'output_6_load' <Predicate = (icmp_ln89)> <Delay = 0.00>
ST_11 : Operation 217 [1/1] (0.00ns)   --->   "%output_7_load = load i16 %output_7"   --->   Operation 217 'load' 'output_7_load' <Predicate = (icmp_ln89)> <Delay = 0.00>
ST_11 : Operation 218 [1/1] (0.00ns)   --->   "%output_8_load = load i16 %output_8"   --->   Operation 218 'load' 'output_8_load' <Predicate = (icmp_ln89)> <Delay = 0.00>
ST_11 : Operation 219 [1/1] (0.00ns)   --->   "%write_ln0 = write void @_ssdm_op_Write.ap_auto.i16P0A, i16 %output_8_out, i16 %output_8_load"   --->   Operation 219 'write' 'write_ln0' <Predicate = (icmp_ln89)> <Delay = 0.00>
ST_11 : Operation 220 [1/1] (0.00ns)   --->   "%write_ln0 = write void @_ssdm_op_Write.ap_auto.i16P0A, i16 %output_7_out, i16 %output_7_load"   --->   Operation 220 'write' 'write_ln0' <Predicate = (icmp_ln89)> <Delay = 0.00>
ST_11 : Operation 221 [1/1] (0.00ns)   --->   "%write_ln0 = write void @_ssdm_op_Write.ap_auto.i16P0A, i16 %output_6_out, i16 %output_6_load"   --->   Operation 221 'write' 'write_ln0' <Predicate = (icmp_ln89)> <Delay = 0.00>
ST_11 : Operation 222 [1/1] (0.00ns)   --->   "%write_ln0 = write void @_ssdm_op_Write.ap_auto.i16P0A, i16 %output_5_out, i16 %output_5_load"   --->   Operation 222 'write' 'write_ln0' <Predicate = (icmp_ln89)> <Delay = 0.00>
ST_11 : Operation 223 [1/1] (0.00ns)   --->   "%write_ln0 = write void @_ssdm_op_Write.ap_auto.i16P0A, i16 %output_4_out, i16 %output_4_load"   --->   Operation 223 'write' 'write_ln0' <Predicate = (icmp_ln89)> <Delay = 0.00>
ST_11 : Operation 224 [1/1] (0.00ns)   --->   "%write_ln0 = write void @_ssdm_op_Write.ap_auto.i16P0A, i16 %output_3_out, i16 %output_3_load"   --->   Operation 224 'write' 'write_ln0' <Predicate = (icmp_ln89)> <Delay = 0.00>
ST_11 : Operation 225 [1/1] (0.00ns)   --->   "%write_ln0 = write void @_ssdm_op_Write.ap_auto.i16P0A, i16 %output_2_out, i16 %output_2_load"   --->   Operation 225 'write' 'write_ln0' <Predicate = (icmp_ln89)> <Delay = 0.00>
ST_11 : Operation 226 [1/1] (0.00ns)   --->   "%write_ln0 = write void @_ssdm_op_Write.ap_auto.i16P0A, i16 %output_1_out, i16 %output_1_load"   --->   Operation 226 'write' 'write_ln0' <Predicate = (icmp_ln89)> <Delay = 0.00>
ST_11 : Operation 227 [1/1] (0.00ns)   --->   "%write_ln0 = write void @_ssdm_op_Write.ap_auto.i16P0A, i16 %output_out, i16 %output_load"   --->   Operation 227 'write' 'write_ln0' <Predicate = (icmp_ln89)> <Delay = 0.00>
ST_11 : Operation 228 [1/1] (0.42ns)   --->   "%ret_ln0 = ret"   --->   Operation 228 'ret' 'ret_ln0' <Predicate = (icmp_ln89)> <Delay = 0.42>

State 12 <SV = 11> <Delay = 0.64>
ST_12 : Operation 187 [1/1] (0.00ns)   --->   "%specloopname_ln0 = specloopname void @_ssdm_op_SpecLoopName, void @CONV_OR_CONV_OC2_str"   --->   Operation 187 'specloopname' 'specloopname_ln0' <Predicate = true> <Delay = 0.00>
ST_12 : Operation 188 [1/1] (0.00ns)   --->   "%speclooptripcount_ln0 = speclooptripcount void @_ssdm_op_SpecLoopTripCount, i64 9, i64 9, i64 9"   --->   Operation 188 'speclooptripcount' 'speclooptripcount_ln0' <Predicate = true> <Delay = 0.00>
ST_12 : Operation 189 [1/1] (0.00ns)   --->   "%specpipeline_ln91 = specpipeline void @_ssdm_op_SpecPipeline, i32 1, i32 0, i32 0, i32 0, i32 4294967295, void @empty_1" [C:/Users/LAB2_PC10/Desktop/CHINNA/files/conv2d.cpp:91]   --->   Operation 189 'specpipeline' 'specpipeline_ln91' <Predicate = true> <Delay = 0.00>
ST_12 : Operation 190 [1/2] (0.64ns) (root node of the DSP)   --->   "%add_ln96_10 = add i24 %shl_ln96_8, i24 %mul_ln96_8" [C:/Users/LAB2_PC10/Desktop/CHINNA/files/conv2d.cpp:96]   --->   Operation 190 'add' 'add_ln96_10' <Predicate = true> <Delay = 0.64> <CoreInst = "DSP48">   --->   Core 124 'DSP48' <Latency = 3> <II = 1> <Delay = 0.53> <IPBlock> <Opcode : 'add' 'sub' 'mul' 'select'> <InPorts = 0> <OutPorts = 1> <Sync> <CReg>
ST_12 : Operation 191 [1/1] (0.00ns)   --->   "%output_9 = partselect i16 @_ssdm_op_PartSelect.i16.i24.i32.i32, i24 %add_ln96_10, i32 8, i32 23" [C:/Users/LAB2_PC10/Desktop/CHINNA/files/conv2d.cpp:96]   --->   Operation 191 'partselect' 'output_9' <Predicate = true> <Delay = 0.00>
ST_12 : Operation 192 [1/1] (0.00ns)   --->   "%store_ln49 = store i16 %output_9, i16 %output_4" [C:/Users/LAB2_PC10/Desktop/CHINNA/files/conv2d.cpp:49]   --->   Operation 192 'store' 'store_ln49' <Predicate = (select_ln89 == 1 & select_ln49 == 1)> <Delay = 0.00>
ST_12 : Operation 193 [1/1] (0.00ns)   --->   "%br_ln101 = br void %.exit530" [C:/Users/LAB2_PC10/Desktop/CHINNA/files/conv2d.cpp:101]   --->   Operation 193 'br' 'br_ln101' <Predicate = (select_ln89 == 1 & select_ln49 == 1)> <Delay = 0.00>
ST_12 : Operation 194 [1/1] (0.00ns)   --->   "%store_ln49 = store i16 %output_9, i16 %output_3" [C:/Users/LAB2_PC10/Desktop/CHINNA/files/conv2d.cpp:49]   --->   Operation 194 'store' 'store_ln49' <Predicate = (select_ln89 == 1 & select_ln49 == 0)> <Delay = 0.00>
ST_12 : Operation 195 [1/1] (0.00ns)   --->   "%br_ln101 = br void %.exit530" [C:/Users/LAB2_PC10/Desktop/CHINNA/files/conv2d.cpp:101]   --->   Operation 195 'br' 'br_ln101' <Predicate = (select_ln89 == 1 & select_ln49 == 0)> <Delay = 0.00>
ST_12 : Operation 196 [1/1] (0.00ns)   --->   "%store_ln49 = store i16 %output_9, i16 %output_5" [C:/Users/LAB2_PC10/Desktop/CHINNA/files/conv2d.cpp:49]   --->   Operation 196 'store' 'store_ln49' <Predicate = (select_ln89 == 1 & select_ln49 != 0 & select_ln49 != 1)> <Delay = 0.00>
ST_12 : Operation 197 [1/1] (0.00ns)   --->   "%br_ln101 = br void %.exit530" [C:/Users/LAB2_PC10/Desktop/CHINNA/files/conv2d.cpp:101]   --->   Operation 197 'br' 'br_ln101' <Predicate = (select_ln89 == 1 & select_ln49 != 0 & select_ln49 != 1)> <Delay = 0.00>
ST_12 : Operation 198 [1/1] (0.00ns)   --->   "%store_ln49 = store i16 %output_9, i16 %output_1" [C:/Users/LAB2_PC10/Desktop/CHINNA/files/conv2d.cpp:49]   --->   Operation 198 'store' 'store_ln49' <Predicate = (select_ln89 == 0 & select_ln49 == 1)> <Delay = 0.00>
ST_12 : Operation 199 [1/1] (0.00ns)   --->   "%br_ln101 = br void %.exit530" [C:/Users/LAB2_PC10/Desktop/CHINNA/files/conv2d.cpp:101]   --->   Operation 199 'br' 'br_ln101' <Predicate = (select_ln89 == 0 & select_ln49 == 1)> <Delay = 0.00>
ST_12 : Operation 200 [1/1] (0.00ns)   --->   "%store_ln49 = store i16 %output_9, i16 %output" [C:/Users/LAB2_PC10/Desktop/CHINNA/files/conv2d.cpp:49]   --->   Operation 200 'store' 'store_ln49' <Predicate = (select_ln89 == 0 & select_ln49 == 0)> <Delay = 0.00>
ST_12 : Operation 201 [1/1] (0.00ns)   --->   "%br_ln101 = br void %.exit530" [C:/Users/LAB2_PC10/Desktop/CHINNA/files/conv2d.cpp:101]   --->   Operation 201 'br' 'br_ln101' <Predicate = (select_ln89 == 0 & select_ln49 == 0)> <Delay = 0.00>
ST_12 : Operation 202 [1/1] (0.00ns)   --->   "%store_ln49 = store i16 %output_9, i16 %output_2" [C:/Users/LAB2_PC10/Desktop/CHINNA/files/conv2d.cpp:49]   --->   Operation 202 'store' 'store_ln49' <Predicate = (select_ln89 == 0 & select_ln49 != 0 & select_ln49 != 1)> <Delay = 0.00>
ST_12 : Operation 203 [1/1] (0.00ns)   --->   "%br_ln101 = br void %.exit530" [C:/Users/LAB2_PC10/Desktop/CHINNA/files/conv2d.cpp:101]   --->   Operation 203 'br' 'br_ln101' <Predicate = (select_ln89 == 0 & select_ln49 != 0 & select_ln49 != 1)> <Delay = 0.00>
ST_12 : Operation 204 [1/1] (0.00ns)   --->   "%store_ln49 = store i16 %output_9, i16 %output_7" [C:/Users/LAB2_PC10/Desktop/CHINNA/files/conv2d.cpp:49]   --->   Operation 204 'store' 'store_ln49' <Predicate = (select_ln89 != 0 & select_ln89 != 1 & select_ln49 == 1)> <Delay = 0.00>
ST_12 : Operation 205 [1/1] (0.00ns)   --->   "%br_ln101 = br void %.exit530" [C:/Users/LAB2_PC10/Desktop/CHINNA/files/conv2d.cpp:101]   --->   Operation 205 'br' 'br_ln101' <Predicate = (select_ln89 != 0 & select_ln89 != 1 & select_ln49 == 1)> <Delay = 0.00>
ST_12 : Operation 206 [1/1] (0.00ns)   --->   "%store_ln49 = store i16 %output_9, i16 %output_6" [C:/Users/LAB2_PC10/Desktop/CHINNA/files/conv2d.cpp:49]   --->   Operation 206 'store' 'store_ln49' <Predicate = (select_ln89 != 0 & select_ln89 != 1 & select_ln49 == 0)> <Delay = 0.00>
ST_12 : Operation 207 [1/1] (0.00ns)   --->   "%br_ln101 = br void %.exit530" [C:/Users/LAB2_PC10/Desktop/CHINNA/files/conv2d.cpp:101]   --->   Operation 207 'br' 'br_ln101' <Predicate = (select_ln89 != 0 & select_ln89 != 1 & select_ln49 == 0)> <Delay = 0.00>
ST_12 : Operation 208 [1/1] (0.00ns)   --->   "%store_ln49 = store i16 %output_9, i16 %output_8" [C:/Users/LAB2_PC10/Desktop/CHINNA/files/conv2d.cpp:49]   --->   Operation 208 'store' 'store_ln49' <Predicate = (select_ln89 != 0 & select_ln89 != 1 & select_ln49 != 0 & select_ln49 != 1)> <Delay = 0.00>
ST_12 : Operation 209 [1/1] (0.00ns)   --->   "%br_ln101 = br void %.exit530" [C:/Users/LAB2_PC10/Desktop/CHINNA/files/conv2d.cpp:101]   --->   Operation 209 'br' 'br_ln101' <Predicate = (select_ln89 != 0 & select_ln89 != 1 & select_ln49 != 0 & select_ln49 != 1)> <Delay = 0.00>


============================================================
+ Verbose Summary: Timing violations
============================================================
Target clock period: 5.000ns, clock uncertainty: 1.350ns.

 <State 1>: 3.004ns
The critical path consists of the following:
	'store' operation ('store_ln90', C:/Users/LAB2_PC10/Desktop/CHINNA/files/conv2d.cpp:90) of constant 0 2 bit on local variable 'oc_', C:/Users/LAB2_PC10/Desktop/CHINNA/files/conv2d.cpp:90 [103]  (0.427 ns)
	'load' operation 2 bit ('oc_load', C:/Users/LAB2_PC10/Desktop/CHINNA/files/conv2d.cpp:90) on local variable 'oc_', C:/Users/LAB2_PC10/Desktop/CHINNA/files/conv2d.cpp:90 [111]  (0.000 ns)
	'icmp' operation 1 bit ('icmp_ln90', C:/Users/LAB2_PC10/Desktop/CHINNA/files/conv2d.cpp:90) [115]  (0.548 ns)
	'select' operation 2 bit ('select_ln49', C:/Users/LAB2_PC10/Desktop/CHINNA/files/conv2d.cpp:49) [116]  (0.179 ns)
	'sparsemux' operation 16 bit ('tmp_6', C:/Users/LAB2_PC10/Desktop/CHINNA/files/conv2d.cpp:97) [121]  (0.427 ns)
	'sparsemux' operation 16 bit ('tmp_8', C:/Users/LAB2_PC10/Desktop/CHINNA/files/conv2d.cpp:97) [123]  (0.427 ns)
	'mul' operation 24 bit of DSP[126] ('mul_ln96', C:/Users/LAB2_PC10/Desktop/CHINNA/files/conv2d.cpp:96) [125]  (0.996 ns)

 <State 2>: 1.850ns
The critical path consists of the following:
	'sparsemux' operation 16 bit ('tmp_9', C:/Users/LAB2_PC10/Desktop/CHINNA/files/conv2d.cpp:97) [128]  (0.427 ns)
	'sparsemux' operation 16 bit ('tmp_1', C:/Users/LAB2_PC10/Desktop/CHINNA/files/conv2d.cpp:97) [131]  (0.427 ns)
	'mul' operation 24 bit of DSP[136] ('mul_ln96_1', C:/Users/LAB2_PC10/Desktop/CHINNA/files/conv2d.cpp:96) [133]  (0.996 ns)

 <State 3>: 1.850ns
The critical path consists of the following:
	'sparsemux' operation 16 bit ('tmp_3', C:/Users/LAB2_PC10/Desktop/CHINNA/files/conv2d.cpp:97) [137]  (0.427 ns)
	'sparsemux' operation 16 bit ('tmp_12', C:/Users/LAB2_PC10/Desktop/CHINNA/files/conv2d.cpp:97) [140]  (0.427 ns)
	'mul' operation 24 bit of DSP[145] ('mul_ln96_2', C:/Users/LAB2_PC10/Desktop/CHINNA/files/conv2d.cpp:96) [142]  (0.996 ns)

 <State 4>: 1.290ns
The critical path consists of the following:
	'add' operation 24 bit of DSP[126] ('add_ln96_1', C:/Users/LAB2_PC10/Desktop/CHINNA/files/conv2d.cpp:96) [126]  (0.645 ns)
	'add' operation 24 bit of DSP[136] ('add_ln96_3', C:/Users/LAB2_PC10/Desktop/CHINNA/files/conv2d.cpp:96) [136]  (0.645 ns)

 <State 5>: 1.290ns
The critical path consists of the following:
	'add' operation 24 bit of DSP[136] ('add_ln96_3', C:/Users/LAB2_PC10/Desktop/CHINNA/files/conv2d.cpp:96) [136]  (0.645 ns)
	'add' operation 24 bit of DSP[145] ('add_ln96_4', C:/Users/LAB2_PC10/Desktop/CHINNA/files/conv2d.cpp:96) [145]  (0.645 ns)

 <State 6>: 1.290ns
The critical path consists of the following:
	'add' operation 24 bit of DSP[145] ('add_ln96_4', C:/Users/LAB2_PC10/Desktop/CHINNA/files/conv2d.cpp:96) [145]  (0.645 ns)
	'add' operation 24 bit of DSP[152] ('add_ln96_5', C:/Users/LAB2_PC10/Desktop/CHINNA/files/conv2d.cpp:96) [152]  (0.645 ns)

 <State 7>: 1.290ns
The critical path consists of the following:
	'add' operation 24 bit of DSP[152] ('add_ln96_5', C:/Users/LAB2_PC10/Desktop/CHINNA/files/conv2d.cpp:96) [152]  (0.645 ns)
	'add' operation 24 bit of DSP[159] ('add_ln96_6', C:/Users/LAB2_PC10/Desktop/CHINNA/files/conv2d.cpp:96) [159]  (0.645 ns)

 <State 8>: 1.290ns
The critical path consists of the following:
	'add' operation 24 bit of DSP[159] ('add_ln96_6', C:/Users/LAB2_PC10/Desktop/CHINNA/files/conv2d.cpp:96) [159]  (0.645 ns)
	'add' operation 24 bit of DSP[166] ('add_ln96_7', C:/Users/LAB2_PC10/Desktop/CHINNA/files/conv2d.cpp:96) [166]  (0.645 ns)

 <State 9>: 1.290ns
The critical path consists of the following:
	'add' operation 24 bit of DSP[166] ('add_ln96_7', C:/Users/LAB2_PC10/Desktop/CHINNA/files/conv2d.cpp:96) [166]  (0.645 ns)
	'add' operation 24 bit of DSP[173] ('add_ln96_8', C:/Users/LAB2_PC10/Desktop/CHINNA/files/conv2d.cpp:96) [173]  (0.645 ns)

 <State 10>: 1.290ns
The critical path consists of the following:
	'add' operation 24 bit of DSP[173] ('add_ln96_8', C:/Users/LAB2_PC10/Desktop/CHINNA/files/conv2d.cpp:96) [173]  (0.645 ns)
	'add' operation 24 bit of DSP[180] ('add_ln96_9', C:/Users/LAB2_PC10/Desktop/CHINNA/files/conv2d.cpp:96) [180]  (0.645 ns)

 <State 11>: 1.290ns
The critical path consists of the following:
	'add' operation 24 bit of DSP[180] ('add_ln96_9', C:/Users/LAB2_PC10/Desktop/CHINNA/files/conv2d.cpp:96) [180]  (0.645 ns)
	'add' operation 24 bit of DSP[187] ('add_ln96_10', C:/Users/LAB2_PC10/Desktop/CHINNA/files/conv2d.cpp:96) [187]  (0.645 ns)

 <State 12>: 0.645ns
The critical path consists of the following:
	'add' operation 24 bit of DSP[187] ('add_ln96_10', C:/Users/LAB2_PC10/Desktop/CHINNA/files/conv2d.cpp:96) [187]  (0.645 ns)
	'store' operation ('store_ln49', C:/Users/LAB2_PC10/Desktop/CHINNA/files/conv2d.cpp:49) of variable 'output', C:/Users/LAB2_PC10/Desktop/CHINNA/files/conv2d.cpp:96 16 bit on local variable 'output', C:/Users/LAB2_PC10/Desktop/CHINNA/files/conv2d.cpp:49 [199]  (0.000 ns)


============================================================
+ Verbose Summary: Binding
============================================================
N/A
* FSMD analyzer results:
  - Output states:
 - Input state : 
  - Chain level:
	State 1
	State 2
	State 3
	State 4
	State 5
	State 6
	State 7
	State 8
	State 9
	State 10
	State 11
	State 12


============================================================
+ Verbose Summary: Datapath Resource usage 
============================================================
N/A
