

================================================================
== Vitis HLS Report for 'conv2d_Pipeline_READ_WEIGHTS'
================================================================
* Date:           Thu Jun 11 15:51:12 2026

* Version:        2025.2 (Build 6295257 on Nov 14 2025)
* Project:        conv2d
* Solution:       hls (Vivado IP Flow Target)
* Product family: zynquplus
* Target device:  xck26-sfvc784-2LV-c


================================================================
== Performance Estimates
================================================================
+ Timing: 
    * Summary: 
    +--------+---------+----------+------------+
    |  Clock |  Target | Estimated| Uncertainty|
    +--------+---------+----------+------------+
    |ap_clk  |  5.00 ns|  2.042 ns|     1.35 ns|
    +--------+---------+----------+------------+

+ Latency: 
    * Summary: 
    +---------+---------+-----------+-----------+-----+-----+-------------------+
    |  Latency (cycles) |   Latency (absolute)  |  Interval |      Pipeline     |
    |   min   |   max   |    min    |    max    | min | max |        Type       |
    +---------+---------+-----------+-----------+-----+-----+-------------------+
    |       11|       11|  55.000 ns|  55.000 ns|    0|    0|  loop pipeline stp|
    +---------+---------+-----------+-----------+-----+-----+-------------------+

    + Detail: 
        * Instance: 
        N/A

        * Loop: 
        +----------------+---------+---------+----------+-----------+-----------+------+----------+
        |                |  Latency (cycles) | Iteration|  Initiation Interval  | Trip |          |
        |    Loop Name   |   min   |   max   |  Latency |  achieved |   target  | Count| Pipelined|
        +----------------+---------+---------+----------+-----------+-----------+------+----------+
        |- READ_WEIGHTS  |        9|        9|         2|          1|          1|     9|       yes|
        +----------------+---------+---------+----------+-----------+-----------+------+----------+

============================================================
+ Verbose Summary: Synthesis Manager
============================================================
InlineROM: 1
ExposeGlobal: 0
============================================================
+ Verbose Summary: CDFG Model
============================================================
IsTopModel: 0
ResetActiveHigh: 1
IsCombinational: 0
IsDatapathOnly: 0
HasWiredReturn: 1
HasMFsm: 2
HasVarLatency: 1
IsPipeline: 0
IsRtlPipelined: 0
IsInstanceOverlapped: 0
IsDontTouch: 0
HasImplIP: 0
IsGatedGlobalClock: 0

+ Individual pipeline summary: 
  * Pipeline-0: initiation interval (II) = 1, depth = 2


============================================================
+ Verbose Summary: Schedule
============================================================
* Number of FSM states : 2
* Pipeline : 1
  Pipeline-0 : II = 1, D = 2, States = { 1 2 }
* Dataflow Pipeline: 0

* FSM state transitions: 
1 --> 2 
2 --> 

* FSM state operations: 

State 1 <SV = 0> <Delay = 2.04>
ST_1 : Operation 5 [1/1] (0.00ns)   --->   "%phi_urem16 = alloca i32 1"   --->   Operation 5 'alloca' 'phi_urem16' <Predicate = true> <Delay = 0.00>
ST_1 : Operation 6 [1/1] (0.00ns)   --->   "%phi_mul14 = alloca i32 1"   --->   Operation 6 'alloca' 'phi_mul14' <Predicate = true> <Delay = 0.00>
ST_1 : Operation 7 [1/1] (0.00ns)   --->   "%rem = alloca i32 1" [C:/Users/LAB2_PC10/Desktop/CHINNA/files/conv2d.cpp:79]   --->   Operation 7 'alloca' 'rem' <Predicate = true> <Delay = 0.00>
ST_1 : Operation 8 [1/1] (0.00ns)   --->   "%empty = alloca i32 1"   --->   Operation 8 'alloca' 'empty' <Predicate = true> <Delay = 0.00>
ST_1 : Operation 9 [1/1] (0.00ns)   --->   "%empty_19 = alloca i32 1"   --->   Operation 9 'alloca' 'empty_19' <Predicate = true> <Delay = 0.00>
ST_1 : Operation 10 [1/1] (0.00ns)   --->   "%empty_20 = alloca i32 1"   --->   Operation 10 'alloca' 'empty_20' <Predicate = true> <Delay = 0.00>
ST_1 : Operation 11 [1/1] (0.00ns)   --->   "%empty_21 = alloca i32 1"   --->   Operation 11 'alloca' 'empty_21' <Predicate = true> <Delay = 0.00>
ST_1 : Operation 12 [1/1] (0.00ns)   --->   "%empty_22 = alloca i32 1"   --->   Operation 12 'alloca' 'empty_22' <Predicate = true> <Delay = 0.00>
ST_1 : Operation 13 [1/1] (0.00ns)   --->   "%empty_23 = alloca i32 1"   --->   Operation 13 'alloca' 'empty_23' <Predicate = true> <Delay = 0.00>
ST_1 : Operation 14 [1/1] (0.00ns)   --->   "%empty_24 = alloca i32 1"   --->   Operation 14 'alloca' 'empty_24' <Predicate = true> <Delay = 0.00>
ST_1 : Operation 15 [1/1] (0.00ns)   --->   "%empty_25 = alloca i32 1"   --->   Operation 15 'alloca' 'empty_25' <Predicate = true> <Delay = 0.00>
ST_1 : Operation 16 [1/1] (0.00ns)   --->   "%empty_26 = alloca i32 1"   --->   Operation 16 'alloca' 'empty_26' <Predicate = true> <Delay = 0.00>
ST_1 : Operation 17 [1/1] (0.00ns)   --->   "%specaxissidechannel_ln0 = specaxissidechannel void @_ssdm_op_SpecAXISSideChannel, i16 %weight_stream_V_data_V, i2 %weight_stream_V_keep_V, i2 %weight_stream_V_strb_V, i1 0, i1 %weight_stream_V_last_V, i1 0, i1 0, void @empty_4"   --->   Operation 17 'specaxissidechannel' 'specaxissidechannel_ln0' <Predicate = true> <Delay = 0.00>
ST_1 : Operation 18 [1/1] (0.00ns)   --->   "%specinterface_ln0 = specinterface void @_ssdm_op_SpecInterface, i1 %weight_stream_V_last_V, i2 %weight_stream_V_strb_V, i2 %weight_stream_V_keep_V, i16 %weight_stream_V_data_V, void @empty, i32 0, i32 0, void @empty_0, i32 0, i32 0, void @empty_1, void @empty_1, void @empty_1, i32 0, i32 0, i32 0, i32 0, void @empty_1, void @empty_1, i32 4294967295, i32 0, i32 0, i32 0"   --->   Operation 18 'specinterface' 'specinterface_ln0' <Predicate = true> <Delay = 0.00>
ST_1 : Operation 19 [1/1] (0.42ns)   --->   "%store_ln79 = store i4 0, i4 %rem" [C:/Users/LAB2_PC10/Desktop/CHINNA/files/conv2d.cpp:79]   --->   Operation 19 'store' 'store_ln79' <Predicate = true> <Delay = 0.42>
ST_1 : Operation 20 [1/1] (0.42ns)   --->   "%store_ln0 = store i8 0, i8 %phi_mul14"   --->   Operation 20 'store' 'store_ln0' <Predicate = true> <Delay = 0.42>
ST_1 : Operation 21 [1/1] (0.42ns)   --->   "%store_ln0 = store i4 0, i4 %phi_urem16"   --->   Operation 21 'store' 'store_ln0' <Predicate = true> <Delay = 0.42>
ST_1 : Operation 22 [1/1] (0.00ns)   --->   "%br_ln73 = br void %for.inc38" [C:/Users/LAB2_PC10/Desktop/CHINNA/files/conv2d.cpp:73]   --->   Operation 22 'br' 'br_ln73' <Predicate = true> <Delay = 0.00>
ST_1 : Operation 23 [1/1] (0.00ns)   --->   "%phi_urem16_load = load i4 %phi_urem16" [C:/Users/LAB2_PC10/Desktop/CHINNA/files/conv2d.cpp:73]   --->   Operation 23 'load' 'phi_urem16_load' <Predicate = true> <Delay = 0.00>
ST_1 : Operation 24 [1/1] (0.00ns)   --->   "%i_2 = load i4 %rem" [C:/Users/LAB2_PC10/Desktop/CHINNA/files/conv2d.cpp:73]   --->   Operation 24 'load' 'i_2' <Predicate = true> <Delay = 0.00>
ST_1 : Operation 25 [1/1] (0.79ns)   --->   "%icmp_ln73 = icmp_eq  i4 %i_2, i4 9" [C:/Users/LAB2_PC10/Desktop/CHINNA/files/conv2d.cpp:73]   --->   Operation 25 'icmp' 'icmp_ln73' <Predicate = true> <Delay = 0.79> <CoreInst = "Cmp">   --->   Core 9 'Cmp' <Latency = 0> <II = 1> <Delay = 0.79> <FuncUnit> <Opcode : 'seteq' 'setne' 'setle' 'setge' 'setlt' 'setgt'> <InPorts = 2> <OutPorts = 1>
ST_1 : Operation 26 [1/1] (0.79ns)   --->   "%i = add i4 %i_2, i4 1" [C:/Users/LAB2_PC10/Desktop/CHINNA/files/conv2d.cpp:73]   --->   Operation 26 'add' 'i' <Predicate = true> <Delay = 0.79> <CoreInst = "Adder">   --->   Core 1 'Adder' <Latency = 0> <II = 1> <Delay = 0.79> <FuncUnit> <Opcode : 'add' 'sub'> <InPorts = 2> <OutPorts = 1>
ST_1 : Operation 27 [1/1] (0.00ns)   --->   "%br_ln73 = br i1 %icmp_ln73, void %for.inc38.split, void %CONV_OC.exitStub" [C:/Users/LAB2_PC10/Desktop/CHINNA/files/conv2d.cpp:73]   --->   Operation 27 'br' 'br_ln73' <Predicate = true> <Delay = 0.00>
ST_1 : Operation 28 [1/1] (0.00ns)   --->   "%phi_mul14_load = load i8 %phi_mul14" [C:/Users/LAB2_PC10/Desktop/CHINNA/files/conv2d.cpp:81]   --->   Operation 28 'load' 'phi_mul14_load' <Predicate = (!icmp_ln73)> <Delay = 0.00>
ST_1 : Operation 29 [1/1] (0.76ns)   --->   "%add_ln81 = add i8 %phi_mul14_load, i8 22" [C:/Users/LAB2_PC10/Desktop/CHINNA/files/conv2d.cpp:81]   --->   Operation 29 'add' 'add_ln81' <Predicate = (!icmp_ln73)> <Delay = 0.76> <CoreInst = "Adder">   --->   Core 1 'Adder' <Latency = 0> <II = 1> <Delay = 0.76> <FuncUnit> <Opcode : 'add' 'sub'> <InPorts = 2> <OutPorts = 1>
ST_1 : Operation 30 [1/1] (0.00ns)   --->   "%trunc_ln4 = partselect i2 @_ssdm_op_PartSelect.i2.i8.i32.i32, i8 %phi_mul14_load, i32 6, i32 7" [C:/Users/LAB2_PC10/Desktop/CHINNA/files/conv2d.cpp:81]   --->   Operation 30 'partselect' 'trunc_ln4' <Predicate = (!icmp_ln73)> <Delay = 0.00>
ST_1 : Operation 31 [1/1] (0.00ns)   --->   "%trunc_ln83 = trunc i4 %phi_urem16_load" [C:/Users/LAB2_PC10/Desktop/CHINNA/files/conv2d.cpp:83]   --->   Operation 31 'trunc' 'trunc_ln83' <Predicate = (!icmp_ln73)> <Delay = 0.00>
ST_1 : Operation 32 [1/1] (0.54ns)   --->   "%switch_ln83 = switch i2 %trunc_ln4, void %.case.2411, i2 0, void %.case.0409, i2 1, void %.case.1410" [C:/Users/LAB2_PC10/Desktop/CHINNA/files/conv2d.cpp:83]   --->   Operation 32 'switch' 'switch_ln83' <Predicate = (!icmp_ln73)> <Delay = 0.54>
ST_1 : Operation 33 [1/1] (0.54ns)   --->   "%switch_ln83 = switch i2 %trunc_ln83, void %.case.2421, i2 0, void %.case.1410..exit408_crit_edge, i2 1, void %.case.1420" [C:/Users/LAB2_PC10/Desktop/CHINNA/files/conv2d.cpp:83]   --->   Operation 33 'switch' 'switch_ln83' <Predicate = (!icmp_ln73 & trunc_ln4 == 1)> <Delay = 0.54>
ST_1 : Operation 34 [1/1] (0.54ns)   --->   "%switch_ln83 = switch i2 %trunc_ln83, void %.case.2416, i2 0, void %.case.0409..exit408_crit_edge, i2 1, void %.case.1415" [C:/Users/LAB2_PC10/Desktop/CHINNA/files/conv2d.cpp:83]   --->   Operation 34 'switch' 'switch_ln83' <Predicate = (!icmp_ln73 & trunc_ln4 == 0)> <Delay = 0.54>
ST_1 : Operation 35 [1/1] (0.54ns)   --->   "%switch_ln83 = switch i2 %trunc_ln83, void %.case.2426, i2 0, void %.case.2411..exit408_crit_edge, i2 1, void %.case.1425" [C:/Users/LAB2_PC10/Desktop/CHINNA/files/conv2d.cpp:83]   --->   Operation 35 'switch' 'switch_ln83' <Predicate = (!icmp_ln73 & trunc_ln4 != 0 & trunc_ln4 != 1)> <Delay = 0.54>
ST_1 : Operation 36 [1/1] (0.79ns)   --->   "%add_ln73_1 = add i4 %phi_urem16_load, i4 1" [C:/Users/LAB2_PC10/Desktop/CHINNA/files/conv2d.cpp:73]   --->   Operation 36 'add' 'add_ln73_1' <Predicate = (!icmp_ln73)> <Delay = 0.79> <CoreInst = "Adder">   --->   Core 1 'Adder' <Latency = 0> <II = 1> <Delay = 0.79> <FuncUnit> <Opcode : 'add' 'sub'> <InPorts = 2> <OutPorts = 1>
ST_1 : Operation 37 [1/1] (0.79ns)   --->   "%icmp_ln73_1 = icmp_eq  i4 %phi_urem16_load, i4 2" [C:/Users/LAB2_PC10/Desktop/CHINNA/files/conv2d.cpp:73]   --->   Operation 37 'icmp' 'icmp_ln73_1' <Predicate = (!icmp_ln73)> <Delay = 0.79> <CoreInst = "Cmp">   --->   Core 9 'Cmp' <Latency = 0> <II = 1> <Delay = 0.79> <FuncUnit> <Opcode : 'seteq' 'setne' 'setle' 'setge' 'setlt' 'setgt'> <InPorts = 2> <OutPorts = 1>
ST_1 : Operation 38 [1/1] (0.39ns)   --->   "%select_ln73 = select i1 %icmp_ln73_1, i4 0, i4 %add_ln73_1" [C:/Users/LAB2_PC10/Desktop/CHINNA/files/conv2d.cpp:73]   --->   Operation 38 'select' 'select_ln73' <Predicate = (!icmp_ln73)> <Delay = 0.39> <CoreInst = "Sel">   --->   Core 73 'Sel' <Latency = 0> <II = 1> <Delay = 0.39> <FuncUnit> <Opcode : 'select'> <InPorts = 3> <OutPorts = 1>
ST_1 : Operation 39 [1/1] (0.42ns)   --->   "%store_ln79 = store i4 %i, i4 %rem" [C:/Users/LAB2_PC10/Desktop/CHINNA/files/conv2d.cpp:79]   --->   Operation 39 'store' 'store_ln79' <Predicate = (!icmp_ln73)> <Delay = 0.42>
ST_1 : Operation 40 [1/1] (0.42ns)   --->   "%store_ln81 = store i8 %add_ln81, i8 %phi_mul14" [C:/Users/LAB2_PC10/Desktop/CHINNA/files/conv2d.cpp:81]   --->   Operation 40 'store' 'store_ln81' <Predicate = (!icmp_ln73)> <Delay = 0.42>
ST_1 : Operation 41 [1/1] (0.42ns)   --->   "%store_ln73 = store i4 %select_ln73, i4 %phi_urem16" [C:/Users/LAB2_PC10/Desktop/CHINNA/files/conv2d.cpp:73]   --->   Operation 41 'store' 'store_ln73' <Predicate = (!icmp_ln73)> <Delay = 0.42>
ST_1 : Operation 42 [1/1] (0.00ns)   --->   "%br_ln73 = br void %for.inc38" [C:/Users/LAB2_PC10/Desktop/CHINNA/files/conv2d.cpp:73]   --->   Operation 42 'br' 'br_ln73' <Predicate = (!icmp_ln73)> <Delay = 0.00>
ST_1 : Operation 66 [1/1] (0.00ns)   --->   "%p_load22 = load i16 %empty"   --->   Operation 66 'load' 'p_load22' <Predicate = (icmp_ln73)> <Delay = 0.00>
ST_1 : Operation 67 [1/1] (0.00ns)   --->   "%p_load21 = load i16 %empty_19"   --->   Operation 67 'load' 'p_load21' <Predicate = (icmp_ln73)> <Delay = 0.00>
ST_1 : Operation 68 [1/1] (0.00ns)   --->   "%p_load20 = load i16 %empty_20"   --->   Operation 68 'load' 'p_load20' <Predicate = (icmp_ln73)> <Delay = 0.00>
ST_1 : Operation 69 [1/1] (0.00ns)   --->   "%p_load19 = load i16 %empty_21"   --->   Operation 69 'load' 'p_load19' <Predicate = (icmp_ln73)> <Delay = 0.00>
ST_1 : Operation 70 [1/1] (0.00ns)   --->   "%p_load18 = load i16 %empty_22"   --->   Operation 70 'load' 'p_load18' <Predicate = (icmp_ln73)> <Delay = 0.00>
ST_1 : Operation 71 [1/1] (0.00ns)   --->   "%p_load17 = load i16 %empty_23"   --->   Operation 71 'load' 'p_load17' <Predicate = (icmp_ln73)> <Delay = 0.00>
ST_1 : Operation 72 [1/1] (0.00ns)   --->   "%p_load16 = load i16 %empty_24"   --->   Operation 72 'load' 'p_load16' <Predicate = (icmp_ln73)> <Delay = 0.00>
ST_1 : Operation 73 [1/1] (0.00ns)   --->   "%p_load15 = load i16 %empty_25"   --->   Operation 73 'load' 'p_load15' <Predicate = (icmp_ln73)> <Delay = 0.00>
ST_1 : Operation 74 [1/1] (0.00ns)   --->   "%p_load = load i16 %empty_26"   --->   Operation 74 'load' 'p_load' <Predicate = (icmp_ln73)> <Delay = 0.00>
ST_1 : Operation 75 [1/1] (0.00ns)   --->   "%write_ln0 = write void @_ssdm_op_Write.ap_auto.i16P0A, i16 %p_out, i16 %p_load"   --->   Operation 75 'write' 'write_ln0' <Predicate = (icmp_ln73)> <Delay = 0.00>
ST_1 : Operation 76 [1/1] (0.00ns)   --->   "%write_ln0 = write void @_ssdm_op_Write.ap_auto.i16P0A, i16 %p_out1, i16 %p_load15"   --->   Operation 76 'write' 'write_ln0' <Predicate = (icmp_ln73)> <Delay = 0.00>
ST_1 : Operation 77 [1/1] (0.00ns)   --->   "%write_ln0 = write void @_ssdm_op_Write.ap_auto.i16P0A, i16 %p_out2, i16 %p_load16"   --->   Operation 77 'write' 'write_ln0' <Predicate = (icmp_ln73)> <Delay = 0.00>
ST_1 : Operation 78 [1/1] (0.00ns)   --->   "%write_ln0 = write void @_ssdm_op_Write.ap_auto.i16P0A, i16 %p_out3, i16 %p_load17"   --->   Operation 78 'write' 'write_ln0' <Predicate = (icmp_ln73)> <Delay = 0.00>
ST_1 : Operation 79 [1/1] (0.00ns)   --->   "%write_ln0 = write void @_ssdm_op_Write.ap_auto.i16P0A, i16 %p_out4, i16 %p_load18"   --->   Operation 79 'write' 'write_ln0' <Predicate = (icmp_ln73)> <Delay = 0.00>
ST_1 : Operation 80 [1/1] (0.00ns)   --->   "%write_ln0 = write void @_ssdm_op_Write.ap_auto.i16P0A, i16 %p_out5, i16 %p_load19"   --->   Operation 80 'write' 'write_ln0' <Predicate = (icmp_ln73)> <Delay = 0.00>
ST_1 : Operation 81 [1/1] (0.00ns)   --->   "%write_ln0 = write void @_ssdm_op_Write.ap_auto.i16P0A, i16 %p_out6, i16 %p_load20"   --->   Operation 81 'write' 'write_ln0' <Predicate = (icmp_ln73)> <Delay = 0.00>
ST_1 : Operation 82 [1/1] (0.00ns)   --->   "%write_ln0 = write void @_ssdm_op_Write.ap_auto.i16P0A, i16 %p_out7, i16 %p_load21"   --->   Operation 82 'write' 'write_ln0' <Predicate = (icmp_ln73)> <Delay = 0.00>
ST_1 : Operation 83 [1/1] (0.00ns)   --->   "%write_ln0 = write void @_ssdm_op_Write.ap_auto.i16P0A, i16 %p_out8, i16 %p_load22"   --->   Operation 83 'write' 'write_ln0' <Predicate = (icmp_ln73)> <Delay = 0.00>
ST_1 : Operation 84 [1/1] (0.42ns)   --->   "%ret_ln0 = ret"   --->   Operation 84 'ret' 'ret_ln0' <Predicate = (icmp_ln73)> <Delay = 0.42>

State 2 <SV = 1> <Delay = 0.07>
ST_2 : Operation 43 [1/1] (0.00ns)   --->   "%specpipeline_ln74 = specpipeline void @_ssdm_op_SpecPipeline, i32 1, i32 0, i32 0, i32 0, i32 4294967295, void @empty_1" [C:/Users/LAB2_PC10/Desktop/CHINNA/files/conv2d.cpp:74]   --->   Operation 43 'specpipeline' 'specpipeline_ln74' <Predicate = true> <Delay = 0.00>
ST_2 : Operation 44 [1/1] (0.00ns)   --->   "%speclooptripcount_ln73 = speclooptripcount void @_ssdm_op_SpecLoopTripCount, i64 9, i64 9, i64 9" [C:/Users/LAB2_PC10/Desktop/CHINNA/files/conv2d.cpp:73]   --->   Operation 44 'speclooptripcount' 'speclooptripcount_ln73' <Predicate = true> <Delay = 0.00>
ST_2 : Operation 45 [1/1] (0.00ns)   --->   "%specloopname_ln73 = specloopname void @_ssdm_op_SpecLoopName, void @empty_8" [C:/Users/LAB2_PC10/Desktop/CHINNA/files/conv2d.cpp:73]   --->   Operation 45 'specloopname' 'specloopname_ln73' <Predicate = true> <Delay = 0.00>
ST_2 : Operation 46 [1/1] ( I:0.07ns O:0.07ns )   --->   "%empty_27 = read i21 @_ssdm_op_Read.axis.volatile.i16P0A.i2P0A.i2P0A.i1P0A, i16 %weight_stream_V_data_V, i2 %weight_stream_V_keep_V, i2 %weight_stream_V_strb_V, i1 %weight_stream_V_last_V" [C:/Users/LAB2_PC10/Desktop/CHINNA/files/conv2d.cpp:75]   --->   Operation 46 'read' 'empty_27' <Predicate = true> <Delay = 0.07> <CoreInst = "regslice">   --->   Core 147 'regslice' <Latency = 0> <II = 1> <Delay = 0.59> <Adapter> <Opcode : 'read' 'write'>
ST_2 : Operation 47 [1/1] (0.00ns)   --->   "%pkt_data = extractvalue i21 %empty_27" [C:/Users/LAB2_PC10/Desktop/CHINNA/files/conv2d.cpp:75]   --->   Operation 47 'extractvalue' 'pkt_data' <Predicate = true> <Delay = 0.00>
ST_2 : Operation 48 [1/1] (0.00ns)   --->   "%store_ln75 = store i16 %pkt_data, i16 %empty_22" [C:/Users/LAB2_PC10/Desktop/CHINNA/files/conv2d.cpp:75]   --->   Operation 48 'store' 'store_ln75' <Predicate = (trunc_ln4 == 1 & trunc_ln83 == 1)> <Delay = 0.00>
ST_2 : Operation 49 [1/1] (0.00ns)   --->   "%br_ln83 = br void %.exit408" [C:/Users/LAB2_PC10/Desktop/CHINNA/files/conv2d.cpp:83]   --->   Operation 49 'br' 'br_ln83' <Predicate = (trunc_ln4 == 1 & trunc_ln83 == 1)> <Delay = 0.00>
ST_2 : Operation 50 [1/1] (0.00ns)   --->   "%store_ln75 = store i16 %pkt_data, i16 %empty_21" [C:/Users/LAB2_PC10/Desktop/CHINNA/files/conv2d.cpp:75]   --->   Operation 50 'store' 'store_ln75' <Predicate = (trunc_ln4 == 1 & trunc_ln83 == 0)> <Delay = 0.00>
ST_2 : Operation 51 [1/1] (0.00ns)   --->   "%br_ln83 = br void %.exit408" [C:/Users/LAB2_PC10/Desktop/CHINNA/files/conv2d.cpp:83]   --->   Operation 51 'br' 'br_ln83' <Predicate = (trunc_ln4 == 1 & trunc_ln83 == 0)> <Delay = 0.00>
ST_2 : Operation 52 [1/1] (0.00ns)   --->   "%store_ln75 = store i16 %pkt_data, i16 %empty_23" [C:/Users/LAB2_PC10/Desktop/CHINNA/files/conv2d.cpp:75]   --->   Operation 52 'store' 'store_ln75' <Predicate = (trunc_ln4 == 1 & trunc_ln83 != 0 & trunc_ln83 != 1)> <Delay = 0.00>
ST_2 : Operation 53 [1/1] (0.00ns)   --->   "%br_ln83 = br void %.exit408" [C:/Users/LAB2_PC10/Desktop/CHINNA/files/conv2d.cpp:83]   --->   Operation 53 'br' 'br_ln83' <Predicate = (trunc_ln4 == 1 & trunc_ln83 != 0 & trunc_ln83 != 1)> <Delay = 0.00>
ST_2 : Operation 54 [1/1] (0.00ns)   --->   "%store_ln75 = store i16 %pkt_data, i16 %empty_19" [C:/Users/LAB2_PC10/Desktop/CHINNA/files/conv2d.cpp:75]   --->   Operation 54 'store' 'store_ln75' <Predicate = (trunc_ln4 == 0 & trunc_ln83 == 1)> <Delay = 0.00>
ST_2 : Operation 55 [1/1] (0.00ns)   --->   "%br_ln83 = br void %.exit408" [C:/Users/LAB2_PC10/Desktop/CHINNA/files/conv2d.cpp:83]   --->   Operation 55 'br' 'br_ln83' <Predicate = (trunc_ln4 == 0 & trunc_ln83 == 1)> <Delay = 0.00>
ST_2 : Operation 56 [1/1] (0.00ns)   --->   "%store_ln75 = store i16 %pkt_data, i16 %empty" [C:/Users/LAB2_PC10/Desktop/CHINNA/files/conv2d.cpp:75]   --->   Operation 56 'store' 'store_ln75' <Predicate = (trunc_ln4 == 0 & trunc_ln83 == 0)> <Delay = 0.00>
ST_2 : Operation 57 [1/1] (0.00ns)   --->   "%br_ln83 = br void %.exit408" [C:/Users/LAB2_PC10/Desktop/CHINNA/files/conv2d.cpp:83]   --->   Operation 57 'br' 'br_ln83' <Predicate = (trunc_ln4 == 0 & trunc_ln83 == 0)> <Delay = 0.00>
ST_2 : Operation 58 [1/1] (0.00ns)   --->   "%store_ln75 = store i16 %pkt_data, i16 %empty_20" [C:/Users/LAB2_PC10/Desktop/CHINNA/files/conv2d.cpp:75]   --->   Operation 58 'store' 'store_ln75' <Predicate = (trunc_ln4 == 0 & trunc_ln83 != 0 & trunc_ln83 != 1)> <Delay = 0.00>
ST_2 : Operation 59 [1/1] (0.00ns)   --->   "%br_ln83 = br void %.exit408" [C:/Users/LAB2_PC10/Desktop/CHINNA/files/conv2d.cpp:83]   --->   Operation 59 'br' 'br_ln83' <Predicate = (trunc_ln4 == 0 & trunc_ln83 != 0 & trunc_ln83 != 1)> <Delay = 0.00>
ST_2 : Operation 60 [1/1] (0.00ns)   --->   "%store_ln75 = store i16 %pkt_data, i16 %empty_25" [C:/Users/LAB2_PC10/Desktop/CHINNA/files/conv2d.cpp:75]   --->   Operation 60 'store' 'store_ln75' <Predicate = (trunc_ln4 != 0 & trunc_ln4 != 1 & trunc_ln83 == 1)> <Delay = 0.00>
ST_2 : Operation 61 [1/1] (0.00ns)   --->   "%br_ln83 = br void %.exit408" [C:/Users/LAB2_PC10/Desktop/CHINNA/files/conv2d.cpp:83]   --->   Operation 61 'br' 'br_ln83' <Predicate = (trunc_ln4 != 0 & trunc_ln4 != 1 & trunc_ln83 == 1)> <Delay = 0.00>
ST_2 : Operation 62 [1/1] (0.00ns)   --->   "%store_ln75 = store i16 %pkt_data, i16 %empty_24" [C:/Users/LAB2_PC10/Desktop/CHINNA/files/conv2d.cpp:75]   --->   Operation 62 'store' 'store_ln75' <Predicate = (trunc_ln4 != 0 & trunc_ln4 != 1 & trunc_ln83 == 0)> <Delay = 0.00>
ST_2 : Operation 63 [1/1] (0.00ns)   --->   "%br_ln83 = br void %.exit408" [C:/Users/LAB2_PC10/Desktop/CHINNA/files/conv2d.cpp:83]   --->   Operation 63 'br' 'br_ln83' <Predicate = (trunc_ln4 != 0 & trunc_ln4 != 1 & trunc_ln83 == 0)> <Delay = 0.00>
ST_2 : Operation 64 [1/1] (0.00ns)   --->   "%store_ln75 = store i16 %pkt_data, i16 %empty_26" [C:/Users/LAB2_PC10/Desktop/CHINNA/files/conv2d.cpp:75]   --->   Operation 64 'store' 'store_ln75' <Predicate = (trunc_ln4 != 0 & trunc_ln4 != 1 & trunc_ln83 != 0 & trunc_ln83 != 1)> <Delay = 0.00>
ST_2 : Operation 65 [1/1] (0.00ns)   --->   "%br_ln83 = br void %.exit408" [C:/Users/LAB2_PC10/Desktop/CHINNA/files/conv2d.cpp:83]   --->   Operation 65 'br' 'br_ln83' <Predicate = (trunc_ln4 != 0 & trunc_ln4 != 1 & trunc_ln83 != 0 & trunc_ln83 != 1)> <Delay = 0.00>


============================================================
+ Verbose Summary: Timing violations
============================================================
Target clock period: 5.000ns, clock uncertainty: 1.350ns.

 <State 1>: 2.042ns
The critical path consists of the following:
	'store' operation ('store_ln0') of constant 0 4 bit on local variable 'phi_urem16' [30]  (0.427 ns)
	'load' operation 4 bit ('phi_urem16_load', C:/Users/LAB2_PC10/Desktop/CHINNA/files/conv2d.cpp:73) on local variable 'phi_urem16' [33]  (0.000 ns)
	'add' operation 4 bit ('add_ln73_1', C:/Users/LAB2_PC10/Desktop/CHINNA/files/conv2d.cpp:73) [83]  (0.797 ns)
	'select' operation 4 bit ('select_ln73', C:/Users/LAB2_PC10/Desktop/CHINNA/files/conv2d.cpp:73) [85]  (0.391 ns)
	'store' operation ('store_ln73', C:/Users/LAB2_PC10/Desktop/CHINNA/files/conv2d.cpp:73) of variable 'select_ln73', C:/Users/LAB2_PC10/Desktop/CHINNA/files/conv2d.cpp:73 4 bit on local variable 'phi_urem16' [88]  (0.427 ns)

 <State 2>: 0.079ns
The critical path consists of the following:
	axis read operation ('empty_27', C:/Users/LAB2_PC10/Desktop/CHINNA/files/conv2d.cpp:75) on port 'weight_stream_V_data_V' (C:/Users/LAB2_PC10/Desktop/CHINNA/files/conv2d.cpp:75) [43]  (0.079 ns)
	'store' operation ('store_ln75', C:/Users/LAB2_PC10/Desktop/CHINNA/files/conv2d.cpp:75) of variable 'pkt.data', C:/Users/LAB2_PC10/Desktop/CHINNA/files/conv2d.cpp:75 16 bit on local variable 'empty_21' [55]  (0.000 ns)


============================================================
+ Verbose Summary: Binding
============================================================
N/A
* FSMD analyzer results:
  - Output states:
 - Input state : 
  - Chain level:
	State 1
	State 2


============================================================
+ Verbose Summary: Datapath Resource usage 
============================================================
N/A
