

================================================================
== Vitis HLS Report for 'conv2d'
================================================================
* Date:           Thu Jun 11 15:51:13 2026

* Version:        2025.2 (Build 6295257 on Nov 14 2025)
* Project:        conv2d
* Solution:       hls (Vivado IP Flow Target)
* Product family: zynquplus
* Target device:  xck26-sfvc784-2LV-c


================================================================
== Performance Estimates
================================================================
+ Timing: 
    * Summary: 
    +--------+---------+----------+------------+
    |  Clock |  Target | Estimated| Uncertainty|
    +--------+---------+----------+------------+
    |ap_clk  |  5.00 ns|  3.004 ns|     1.35 ns|
    +--------+---------+----------+------------+

+ Latency: 
    * Summary: 
    +---------+---------+----------+----------+-----+-----+---------+
    |  Latency (cycles) |  Latency (absolute) |  Interval | Pipeline|
    |   min   |   max   |    min   |    max   | min | max |   Type  |
    +---------+---------+----------+----------+-----+-----+---------+
    |       66|       66|  0.330 us|  0.330 us|   67|   67|       no|
    +---------+---------+----------+----------+-----+-----+---------+

    + Detail: 
        * Instance: 
        N/A

        * Loop: 
        N/A

============================================================
+ Verbose Summary: Synthesis Manager
============================================================
InlineROM: 1
ExposeGlobal: 0
============================================================
+ Verbose Summary: CDFG Model
============================================================
IsTopModel: 1
ResetActiveHigh: 1
IsCombinational: 0
IsDatapathOnly: 0
HasWiredReturn: 1
HasMFsm: 0
HasVarLatency: 1
IsPipeline: 0
IsRtlPipelined: 0
IsInstanceOverlapped: 0
IsDontTouch: 0
HasImplIP: 0
IsGatedGlobalClock: 0


============================================================
+ Verbose Summary: Schedule
============================================================
* Number of FSM states : 8
* Pipeline : 0
* Dataflow Pipeline: 0

* FSM state transitions: 
1 --> 2 
2 --> 3 
3 --> 4 
4 --> 5 
5 --> 6 
6 --> 7 
7 --> 8 
8 --> 

* FSM state operations: 

State 1 <SV = 0> <Delay = 0.00>
ST_1 : Operation 9 [1/1] (0.00ns)   --->   "%output_loc = alloca i64 1"   --->   Operation 9 'alloca' 'output_loc' <Predicate = true> <Delay = 0.00>
ST_1 : Operation 10 [1/1] (0.00ns)   --->   "%output_1_loc = alloca i64 1"   --->   Operation 10 'alloca' 'output_1_loc' <Predicate = true> <Delay = 0.00>
ST_1 : Operation 11 [1/1] (0.00ns)   --->   "%output_2_loc = alloca i64 1"   --->   Operation 11 'alloca' 'output_2_loc' <Predicate = true> <Delay = 0.00>
ST_1 : Operation 12 [1/1] (0.00ns)   --->   "%output_3_loc = alloca i64 1"   --->   Operation 12 'alloca' 'output_3_loc' <Predicate = true> <Delay = 0.00>
ST_1 : Operation 13 [1/1] (0.00ns)   --->   "%output_4_loc = alloca i64 1"   --->   Operation 13 'alloca' 'output_4_loc' <Predicate = true> <Delay = 0.00>
ST_1 : Operation 14 [1/1] (0.00ns)   --->   "%output_5_loc = alloca i64 1"   --->   Operation 14 'alloca' 'output_5_loc' <Predicate = true> <Delay = 0.00>
ST_1 : Operation 15 [1/1] (0.00ns)   --->   "%output_6_loc = alloca i64 1"   --->   Operation 15 'alloca' 'output_6_loc' <Predicate = true> <Delay = 0.00>
ST_1 : Operation 16 [1/1] (0.00ns)   --->   "%output_7_loc = alloca i64 1"   --->   Operation 16 'alloca' 'output_7_loc' <Predicate = true> <Delay = 0.00>
ST_1 : Operation 17 [1/1] (0.00ns)   --->   "%output_8_loc = alloca i64 1"   --->   Operation 17 'alloca' 'output_8_loc' <Predicate = true> <Delay = 0.00>
ST_1 : Operation 18 [1/1] (0.00ns)   --->   "%p_loc35 = alloca i64 1"   --->   Operation 18 'alloca' 'p_loc35' <Predicate = true> <Delay = 0.00>
ST_1 : Operation 19 [1/1] (0.00ns)   --->   "%p_loc34 = alloca i64 1"   --->   Operation 19 'alloca' 'p_loc34' <Predicate = true> <Delay = 0.00>
ST_1 : Operation 20 [1/1] (0.00ns)   --->   "%p_loc33 = alloca i64 1"   --->   Operation 20 'alloca' 'p_loc33' <Predicate = true> <Delay = 0.00>
ST_1 : Operation 21 [1/1] (0.00ns)   --->   "%p_loc32 = alloca i64 1"   --->   Operation 21 'alloca' 'p_loc32' <Predicate = true> <Delay = 0.00>
ST_1 : Operation 22 [1/1] (0.00ns)   --->   "%p_loc31 = alloca i64 1"   --->   Operation 22 'alloca' 'p_loc31' <Predicate = true> <Delay = 0.00>
ST_1 : Operation 23 [1/1] (0.00ns)   --->   "%p_loc30 = alloca i64 1"   --->   Operation 23 'alloca' 'p_loc30' <Predicate = true> <Delay = 0.00>
ST_1 : Operation 24 [1/1] (0.00ns)   --->   "%p_loc29 = alloca i64 1"   --->   Operation 24 'alloca' 'p_loc29' <Predicate = true> <Delay = 0.00>
ST_1 : Operation 25 [1/1] (0.00ns)   --->   "%p_loc28 = alloca i64 1"   --->   Operation 25 'alloca' 'p_loc28' <Predicate = true> <Delay = 0.00>
ST_1 : Operation 26 [1/1] (0.00ns)   --->   "%p_loc = alloca i64 1"   --->   Operation 26 'alloca' 'p_loc' <Predicate = true> <Delay = 0.00>
ST_1 : Operation 27 [1/1] (0.00ns)   --->   "%input_loc = alloca i64 1"   --->   Operation 27 'alloca' 'input_loc' <Predicate = true> <Delay = 0.00>
ST_1 : Operation 28 [1/1] (0.00ns)   --->   "%input_1_loc = alloca i64 1"   --->   Operation 28 'alloca' 'input_1_loc' <Predicate = true> <Delay = 0.00>
ST_1 : Operation 29 [1/1] (0.00ns)   --->   "%input_2_loc = alloca i64 1"   --->   Operation 29 'alloca' 'input_2_loc' <Predicate = true> <Delay = 0.00>
ST_1 : Operation 30 [1/1] (0.00ns)   --->   "%input_3_loc = alloca i64 1"   --->   Operation 30 'alloca' 'input_3_loc' <Predicate = true> <Delay = 0.00>
ST_1 : Operation 31 [1/1] (0.00ns)   --->   "%input_4_loc = alloca i64 1"   --->   Operation 31 'alloca' 'input_4_loc' <Predicate = true> <Delay = 0.00>
ST_1 : Operation 32 [1/1] (0.00ns)   --->   "%input_5_loc = alloca i64 1"   --->   Operation 32 'alloca' 'input_5_loc' <Predicate = true> <Delay = 0.00>
ST_1 : Operation 33 [1/1] (0.00ns)   --->   "%input_6_loc = alloca i64 1"   --->   Operation 33 'alloca' 'input_6_loc' <Predicate = true> <Delay = 0.00>
ST_1 : Operation 34 [1/1] (0.00ns)   --->   "%input_7_loc = alloca i64 1"   --->   Operation 34 'alloca' 'input_7_loc' <Predicate = true> <Delay = 0.00>
ST_1 : Operation 35 [1/1] (0.00ns)   --->   "%input_8_loc = alloca i64 1"   --->   Operation 35 'alloca' 'input_8_loc' <Predicate = true> <Delay = 0.00>
ST_1 : Operation 36 [1/1] (0.00ns)   --->   "%input_9_loc = alloca i64 1"   --->   Operation 36 'alloca' 'input_9_loc' <Predicate = true> <Delay = 0.00>
ST_1 : Operation 37 [1/1] (0.00ns)   --->   "%input_10_loc = alloca i64 1"   --->   Operation 37 'alloca' 'input_10_loc' <Predicate = true> <Delay = 0.00>
ST_1 : Operation 38 [1/1] (0.00ns)   --->   "%input_11_loc = alloca i64 1"   --->   Operation 38 'alloca' 'input_11_loc' <Predicate = true> <Delay = 0.00>
ST_1 : Operation 39 [1/1] (0.00ns)   --->   "%input_12_loc = alloca i64 1"   --->   Operation 39 'alloca' 'input_12_loc' <Predicate = true> <Delay = 0.00>
ST_1 : Operation 40 [1/1] (0.00ns)   --->   "%input_13_loc = alloca i64 1"   --->   Operation 40 'alloca' 'input_13_loc' <Predicate = true> <Delay = 0.00>
ST_1 : Operation 41 [1/1] (0.00ns)   --->   "%input_14_loc = alloca i64 1"   --->   Operation 41 'alloca' 'input_14_loc' <Predicate = true> <Delay = 0.00>
ST_1 : Operation 42 [1/1] (0.00ns)   --->   "%input_15_loc = alloca i64 1"   --->   Operation 42 'alloca' 'input_15_loc' <Predicate = true> <Delay = 0.00>
ST_1 : Operation 43 [1/1] (0.00ns)   --->   "%input_16_loc = alloca i64 1"   --->   Operation 43 'alloca' 'input_16_loc' <Predicate = true> <Delay = 0.00>
ST_1 : Operation 44 [1/1] (0.00ns)   --->   "%input_17_loc = alloca i64 1"   --->   Operation 44 'alloca' 'input_17_loc' <Predicate = true> <Delay = 0.00>
ST_1 : Operation 45 [1/1] (0.00ns)   --->   "%input_18_loc = alloca i64 1"   --->   Operation 45 'alloca' 'input_18_loc' <Predicate = true> <Delay = 0.00>
ST_1 : Operation 46 [1/1] (0.00ns)   --->   "%input_19_loc = alloca i64 1"   --->   Operation 46 'alloca' 'input_19_loc' <Predicate = true> <Delay = 0.00>
ST_1 : Operation 47 [1/1] (0.00ns)   --->   "%input_20_loc = alloca i64 1"   --->   Operation 47 'alloca' 'input_20_loc' <Predicate = true> <Delay = 0.00>
ST_1 : Operation 48 [1/1] (0.00ns)   --->   "%input_21_loc = alloca i64 1"   --->   Operation 48 'alloca' 'input_21_loc' <Predicate = true> <Delay = 0.00>
ST_1 : Operation 49 [1/1] (0.00ns)   --->   "%input_22_loc = alloca i64 1"   --->   Operation 49 'alloca' 'input_22_loc' <Predicate = true> <Delay = 0.00>
ST_1 : Operation 50 [1/1] (0.00ns)   --->   "%input_23_loc = alloca i64 1"   --->   Operation 50 'alloca' 'input_23_loc' <Predicate = true> <Delay = 0.00>
ST_1 : Operation 51 [1/1] (0.00ns)   --->   "%input_24_loc = alloca i64 1"   --->   Operation 51 'alloca' 'input_24_loc' <Predicate = true> <Delay = 0.00>

State 2 <SV = 1> <Delay = 0.07>
ST_2 : Operation 52 [2/2] (0.07ns)   --->   "%call_ln0 = call void @conv2d_Pipeline_READ_INPUT, i16 %in_stream_V_data_V, i2 %in_stream_V_keep_V, i2 %in_stream_V_strb_V, i1 %in_stream_V_last_V, i16 %input_24_loc, i16 %input_23_loc, i16 %input_22_loc, i16 %input_21_loc, i16 %input_20_loc, i16 %input_19_loc, i16 %input_18_loc, i16 %input_17_loc, i16 %input_16_loc, i16 %input_15_loc, i16 %input_14_loc, i16 %input_13_loc, i16 %input_12_loc, i16 %input_11_loc, i16 %input_10_loc, i16 %input_9_loc, i16 %input_8_loc, i16 %input_7_loc, i16 %input_6_loc, i16 %input_5_loc, i16 %input_4_loc, i16 %input_3_loc, i16 %input_2_loc, i16 %input_1_loc, i16 %input_loc"   --->   Operation 52 'call' 'call_ln0' <Predicate = true> <Delay = 0.07> <CoreType = "Generic">   --->   Generic Core
ST_2 : Operation 53 [2/2] (0.07ns)   --->   "%call_ln0 = call void @conv2d_Pipeline_READ_WEIGHTS, i16 %weight_stream_V_data_V, i2 %weight_stream_V_keep_V, i2 %weight_stream_V_strb_V, i1 %weight_stream_V_last_V, i16 %p_loc, i16 %p_loc28, i16 %p_loc29, i16 %p_loc30, i16 %p_loc31, i16 %p_loc32, i16 %p_loc33, i16 %p_loc34, i16 %p_loc35"   --->   Operation 53 'call' 'call_ln0' <Predicate = true> <Delay = 0.07> <CoreType = "Generic">   --->   Generic Core

State 3 <SV = 2> <Delay = 1.65>
ST_3 : Operation 54 [1/2] (1.64ns)   --->   "%call_ln0 = call void @conv2d_Pipeline_READ_INPUT, i16 %in_stream_V_data_V, i2 %in_stream_V_keep_V, i2 %in_stream_V_strb_V, i1 %in_stream_V_last_V, i16 %input_24_loc, i16 %input_23_loc, i16 %input_22_loc, i16 %input_21_loc, i16 %input_20_loc, i16 %input_19_loc, i16 %input_18_loc, i16 %input_17_loc, i16 %input_16_loc, i16 %input_15_loc, i16 %input_14_loc, i16 %input_13_loc, i16 %input_12_loc, i16 %input_11_loc, i16 %input_10_loc, i16 %input_9_loc, i16 %input_8_loc, i16 %input_7_loc, i16 %input_6_loc, i16 %input_5_loc, i16 %input_4_loc, i16 %input_3_loc, i16 %input_2_loc, i16 %input_1_loc, i16 %input_loc"   --->   Operation 54 'call' 'call_ln0' <Predicate = true> <Delay = 1.64> <CoreType = "Generic">   --->   Generic Core
ST_3 : Operation 55 [1/2] (1.65ns)   --->   "%call_ln0 = call void @conv2d_Pipeline_READ_WEIGHTS, i16 %weight_stream_V_data_V, i2 %weight_stream_V_keep_V, i2 %weight_stream_V_strb_V, i1 %weight_stream_V_last_V, i16 %p_loc, i16 %p_loc28, i16 %p_loc29, i16 %p_loc30, i16 %p_loc31, i16 %p_loc32, i16 %p_loc33, i16 %p_loc34, i16 %p_loc35"   --->   Operation 55 'call' 'call_ln0' <Predicate = true> <Delay = 1.65> <CoreType = "Generic">   --->   Generic Core

State 4 <SV = 3> <Delay = 1.85>
ST_4 : Operation 56 [1/1] (0.00ns)   --->   "%bias_read = read i16 @_ssdm_op_Read.ap_none.i16, i16 %bias"   --->   Operation 56 'read' 'bias_read' <Predicate = true> <Delay = 0.00>
ST_4 : Operation 57 [1/1] (0.00ns)   --->   "%input_24_loc_load = load i16 %input_24_loc"   --->   Operation 57 'load' 'input_24_loc_load' <Predicate = true> <Delay = 0.00>
ST_4 : Operation 58 [1/1] (0.00ns)   --->   "%input_23_loc_load = load i16 %input_23_loc"   --->   Operation 58 'load' 'input_23_loc_load' <Predicate = true> <Delay = 0.00>
ST_4 : Operation 59 [1/1] (0.00ns)   --->   "%input_22_loc_load = load i16 %input_22_loc"   --->   Operation 59 'load' 'input_22_loc_load' <Predicate = true> <Delay = 0.00>
ST_4 : Operation 60 [1/1] (0.00ns)   --->   "%input_21_loc_load = load i16 %input_21_loc"   --->   Operation 60 'load' 'input_21_loc_load' <Predicate = true> <Delay = 0.00>
ST_4 : Operation 61 [1/1] (0.00ns)   --->   "%input_20_loc_load = load i16 %input_20_loc"   --->   Operation 61 'load' 'input_20_loc_load' <Predicate = true> <Delay = 0.00>
ST_4 : Operation 62 [1/1] (0.00ns)   --->   "%input_19_loc_load = load i16 %input_19_loc"   --->   Operation 62 'load' 'input_19_loc_load' <Predicate = true> <Delay = 0.00>
ST_4 : Operation 63 [1/1] (0.00ns)   --->   "%input_18_loc_load = load i16 %input_18_loc"   --->   Operation 63 'load' 'input_18_loc_load' <Predicate = true> <Delay = 0.00>
ST_4 : Operation 64 [1/1] (0.00ns)   --->   "%input_17_loc_load = load i16 %input_17_loc"   --->   Operation 64 'load' 'input_17_loc_load' <Predicate = true> <Delay = 0.00>
ST_4 : Operation 65 [1/1] (0.00ns)   --->   "%input_16_loc_load = load i16 %input_16_loc"   --->   Operation 65 'load' 'input_16_loc_load' <Predicate = true> <Delay = 0.00>
ST_4 : Operation 66 [1/1] (0.00ns)   --->   "%input_15_loc_load = load i16 %input_15_loc"   --->   Operation 66 'load' 'input_15_loc_load' <Predicate = true> <Delay = 0.00>
ST_4 : Operation 67 [1/1] (0.00ns)   --->   "%input_14_loc_load = load i16 %input_14_loc"   --->   Operation 67 'load' 'input_14_loc_load' <Predicate = true> <Delay = 0.00>
ST_4 : Operation 68 [1/1] (0.00ns)   --->   "%input_13_loc_load = load i16 %input_13_loc"   --->   Operation 68 'load' 'input_13_loc_load' <Predicate = true> <Delay = 0.00>
ST_4 : Operation 69 [1/1] (0.00ns)   --->   "%input_12_loc_load = load i16 %input_12_loc"   --->   Operation 69 'load' 'input_12_loc_load' <Predicate = true> <Delay = 0.00>
ST_4 : Operation 70 [1/1] (0.00ns)   --->   "%input_11_loc_load = load i16 %input_11_loc"   --->   Operation 70 'load' 'input_11_loc_load' <Predicate = true> <Delay = 0.00>
ST_4 : Operation 71 [1/1] (0.00ns)   --->   "%input_10_loc_load = load i16 %input_10_loc"   --->   Operation 71 'load' 'input_10_loc_load' <Predicate = true> <Delay = 0.00>
ST_4 : Operation 72 [1/1] (0.00ns)   --->   "%input_9_loc_load = load i16 %input_9_loc"   --->   Operation 72 'load' 'input_9_loc_load' <Predicate = true> <Delay = 0.00>
ST_4 : Operation 73 [1/1] (0.00ns)   --->   "%input_8_loc_load = load i16 %input_8_loc"   --->   Operation 73 'load' 'input_8_loc_load' <Predicate = true> <Delay = 0.00>
ST_4 : Operation 74 [1/1] (0.00ns)   --->   "%input_7_loc_load = load i16 %input_7_loc"   --->   Operation 74 'load' 'input_7_loc_load' <Predicate = true> <Delay = 0.00>
ST_4 : Operation 75 [1/1] (0.00ns)   --->   "%input_6_loc_load = load i16 %input_6_loc"   --->   Operation 75 'load' 'input_6_loc_load' <Predicate = true> <Delay = 0.00>
ST_4 : Operation 76 [1/1] (0.00ns)   --->   "%input_5_loc_load = load i16 %input_5_loc"   --->   Operation 76 'load' 'input_5_loc_load' <Predicate = true> <Delay = 0.00>
ST_4 : Operation 77 [1/1] (0.00ns)   --->   "%input_4_loc_load = load i16 %input_4_loc"   --->   Operation 77 'load' 'input_4_loc_load' <Predicate = true> <Delay = 0.00>
ST_4 : Operation 78 [1/1] (0.00ns)   --->   "%input_3_loc_load = load i16 %input_3_loc"   --->   Operation 78 'load' 'input_3_loc_load' <Predicate = true> <Delay = 0.00>
ST_4 : Operation 79 [1/1] (0.00ns)   --->   "%input_2_loc_load = load i16 %input_2_loc"   --->   Operation 79 'load' 'input_2_loc_load' <Predicate = true> <Delay = 0.00>
ST_4 : Operation 80 [1/1] (0.00ns)   --->   "%input_1_loc_load = load i16 %input_1_loc"   --->   Operation 80 'load' 'input_1_loc_load' <Predicate = true> <Delay = 0.00>
ST_4 : Operation 81 [1/1] (0.00ns)   --->   "%input_loc_load = load i16 %input_loc"   --->   Operation 81 'load' 'input_loc_load' <Predicate = true> <Delay = 0.00>
ST_4 : Operation 82 [1/1] (0.00ns)   --->   "%p_loc_load = load i16 %p_loc"   --->   Operation 82 'load' 'p_loc_load' <Predicate = true> <Delay = 0.00>
ST_4 : Operation 83 [1/1] (0.00ns)   --->   "%p_loc28_load = load i16 %p_loc28"   --->   Operation 83 'load' 'p_loc28_load' <Predicate = true> <Delay = 0.00>
ST_4 : Operation 84 [1/1] (0.00ns)   --->   "%p_loc29_load = load i16 %p_loc29"   --->   Operation 84 'load' 'p_loc29_load' <Predicate = true> <Delay = 0.00>
ST_4 : Operation 85 [1/1] (0.00ns)   --->   "%p_loc30_load = load i16 %p_loc30"   --->   Operation 85 'load' 'p_loc30_load' <Predicate = true> <Delay = 0.00>
ST_4 : Operation 86 [1/1] (0.00ns)   --->   "%p_loc31_load = load i16 %p_loc31"   --->   Operation 86 'load' 'p_loc31_load' <Predicate = true> <Delay = 0.00>
ST_4 : Operation 87 [1/1] (0.00ns)   --->   "%p_loc32_load = load i16 %p_loc32"   --->   Operation 87 'load' 'p_loc32_load' <Predicate = true> <Delay = 0.00>
ST_4 : Operation 88 [1/1] (0.00ns)   --->   "%p_loc33_load = load i16 %p_loc33"   --->   Operation 88 'load' 'p_loc33_load' <Predicate = true> <Delay = 0.00>
ST_4 : Operation 89 [1/1] (0.00ns)   --->   "%p_loc34_load = load i16 %p_loc34"   --->   Operation 89 'load' 'p_loc34_load' <Predicate = true> <Delay = 0.00>
ST_4 : Operation 90 [1/1] (0.00ns)   --->   "%p_loc35_load = load i16 %p_loc35"   --->   Operation 90 'load' 'p_loc35_load' <Predicate = true> <Delay = 0.00>
ST_4 : Operation 91 [1/1] (0.00ns)   --->   "%shl_ln = bitconcatenate i24 @_ssdm_op_BitConcatenate.i24.i16.i8, i16 %bias_read, i8 0" [C:/Users/LAB2_PC10/Desktop/CHINNA/files/conv2d.cpp:96]   --->   Operation 91 'bitconcatenate' 'shl_ln' <Predicate = true> <Delay = 0.00>
ST_4 : Operation 92 [2/2] (1.85ns)   --->   "%call_ln96 = call void @conv2d_Pipeline_CONV_OR_CONV_OC2, i16 %input_loc_load, i16 %input_1_loc_load, i16 %input_2_loc_load, i16 %input_5_loc_load, i16 %input_6_loc_load, i16 %input_7_loc_load, i16 %input_10_loc_load, i16 %input_11_loc_load, i16 %input_12_loc_load, i16 %p_loc35_load, i24 %shl_ln, i16 %input_3_loc_load, i16 %input_8_loc_load, i16 %input_13_loc_load, i16 %p_loc34_load, i16 %input_4_loc_load, i16 %input_9_loc_load, i16 %input_14_loc_load, i16 %p_loc33_load, i16 %input_15_loc_load, i16 %input_16_loc_load, i16 %input_17_loc_load, i16 %p_loc32_load, i16 %input_18_loc_load, i16 %p_loc31_load, i16 %input_19_loc_load, i16 %p_loc30_load, i16 %input_20_loc_load, i16 %input_21_loc_load, i16 %input_22_loc_load, i16 %p_loc29_load, i16 %input_23_loc_load, i16 %p_loc28_load, i16 %input_24_loc_load, i16 %p_loc_load, i16 %output_8_loc, i16 %output_7_loc, i16 %output_6_loc, i16 %output_5_loc, i16 %output_4_loc, i16 %output_3_loc, i16 %output_2_loc, i16 %output_1_loc, i16 %output_loc" [C:/Users/LAB2_PC10/Desktop/CHINNA/files/conv2d.cpp:96]   --->   Operation 92 'call' 'call_ln96' <Predicate = true> <Delay = 1.85> <CoreType = "Generic">   --->   Generic Core

State 5 <SV = 4> <Delay = 0.00>
ST_5 : Operation 93 [1/2] (0.00ns)   --->   "%call_ln96 = call void @conv2d_Pipeline_CONV_OR_CONV_OC2, i16 %input_loc_load, i16 %input_1_loc_load, i16 %input_2_loc_load, i16 %input_5_loc_load, i16 %input_6_loc_load, i16 %input_7_loc_load, i16 %input_10_loc_load, i16 %input_11_loc_load, i16 %input_12_loc_load, i16 %p_loc35_load, i24 %shl_ln, i16 %input_3_loc_load, i16 %input_8_loc_load, i16 %input_13_loc_load, i16 %p_loc34_load, i16 %input_4_loc_load, i16 %input_9_loc_load, i16 %input_14_loc_load, i16 %p_loc33_load, i16 %input_15_loc_load, i16 %input_16_loc_load, i16 %input_17_loc_load, i16 %p_loc32_load, i16 %input_18_loc_load, i16 %p_loc31_load, i16 %input_19_loc_load, i16 %p_loc30_load, i16 %input_20_loc_load, i16 %input_21_loc_load, i16 %input_22_loc_load, i16 %p_loc29_load, i16 %input_23_loc_load, i16 %p_loc28_load, i16 %input_24_loc_load, i16 %p_loc_load, i16 %output_8_loc, i16 %output_7_loc, i16 %output_6_loc, i16 %output_5_loc, i16 %output_4_loc, i16 %output_3_loc, i16 %output_2_loc, i16 %output_1_loc, i16 %output_loc" [C:/Users/LAB2_PC10/Desktop/CHINNA/files/conv2d.cpp:96]   --->   Operation 93 'call' 'call_ln96' <Predicate = true> <Delay = 0.00> <CoreType = "Generic">   --->   Generic Core

State 6 <SV = 5> <Delay = 0.85>
ST_6 : Operation 94 [1/1] (0.00ns)   --->   "%output_8_loc_load = load i16 %output_8_loc"   --->   Operation 94 'load' 'output_8_loc_load' <Predicate = true> <Delay = 0.00>
ST_6 : Operation 95 [1/1] (0.00ns)   --->   "%output_7_loc_load = load i16 %output_7_loc"   --->   Operation 95 'load' 'output_7_loc_load' <Predicate = true> <Delay = 0.00>
ST_6 : Operation 96 [1/1] (0.00ns)   --->   "%output_6_loc_load = load i16 %output_6_loc"   --->   Operation 96 'load' 'output_6_loc_load' <Predicate = true> <Delay = 0.00>
ST_6 : Operation 97 [1/1] (0.00ns)   --->   "%output_5_loc_load = load i16 %output_5_loc"   --->   Operation 97 'load' 'output_5_loc_load' <Predicate = true> <Delay = 0.00>
ST_6 : Operation 98 [1/1] (0.00ns)   --->   "%output_4_loc_load = load i16 %output_4_loc"   --->   Operation 98 'load' 'output_4_loc_load' <Predicate = true> <Delay = 0.00>
ST_6 : Operation 99 [1/1] (0.00ns)   --->   "%output_3_loc_load = load i16 %output_3_loc"   --->   Operation 99 'load' 'output_3_loc_load' <Predicate = true> <Delay = 0.00>
ST_6 : Operation 100 [1/1] (0.00ns)   --->   "%output_2_loc_load = load i16 %output_2_loc"   --->   Operation 100 'load' 'output_2_loc_load' <Predicate = true> <Delay = 0.00>
ST_6 : Operation 101 [1/1] (0.00ns)   --->   "%output_1_loc_load = load i16 %output_1_loc"   --->   Operation 101 'load' 'output_1_loc_load' <Predicate = true> <Delay = 0.00>
ST_6 : Operation 102 [1/1] (0.00ns)   --->   "%output_loc_load = load i16 %output_loc"   --->   Operation 102 'load' 'output_loc_load' <Predicate = true> <Delay = 0.00>
ST_6 : Operation 103 [2/2] (0.85ns)   --->   "%call_ln0 = call void @conv2d_Pipeline_WRITE_OUTPUT, i16 %output_loc_load, i16 %output_1_loc_load, i16 %output_2_loc_load, i16 %output_3_loc_load, i16 %output_4_loc_load, i16 %output_5_loc_load, i16 %output_6_loc_load, i16 %output_7_loc_load, i16 %output_8_loc_load, i16 %out_stream_V_data_V, i2 %out_stream_V_keep_V, i2 %out_stream_V_strb_V, i1 %out_stream_V_last_V"   --->   Operation 103 'call' 'call_ln0' <Predicate = true> <Delay = 0.85> <CoreType = "Generic">   --->   Generic Core

State 7 <SV = 6> <Delay = 1.65>
ST_7 : Operation 104 [1/2] (1.65ns)   --->   "%call_ln0 = call void @conv2d_Pipeline_WRITE_OUTPUT, i16 %output_loc_load, i16 %output_1_loc_load, i16 %output_2_loc_load, i16 %output_3_loc_load, i16 %output_4_loc_load, i16 %output_5_loc_load, i16 %output_6_loc_load, i16 %output_7_loc_load, i16 %output_8_loc_load, i16 %out_stream_V_data_V, i2 %out_stream_V_keep_V, i2 %out_stream_V_strb_V, i1 %out_stream_V_last_V"   --->   Operation 104 'call' 'call_ln0' <Predicate = true> <Delay = 1.65> <CoreType = "Generic">   --->   Generic Core

State 8 <SV = 7> <Delay = 0.00>
ST_8 : Operation 105 [1/1] (0.00ns)   --->   "%spectopmodule_ln23 = spectopmodule void @_ssdm_op_SpecTopModule, void @empty_6" [C:/Users/LAB2_PC10/Desktop/CHINNA/files/conv2d.cpp:23]   --->   Operation 105 'spectopmodule' 'spectopmodule_ln23' <Predicate = true> <Delay = 0.00>
ST_8 : Operation 106 [1/1] (0.00ns)   --->   "%specinterface_ln0 = specinterface void @_ssdm_op_SpecInterface, i16 %in_stream_V_data_V, i2 %in_stream_V_keep_V, i2 %in_stream_V_strb_V, i1 %in_stream_V_last_V, void @empty, i32 1, i32 1, void @empty_0, i32 0, i32 0, void @empty_1, void @empty_1, void @empty_1, i32 0, i32 0, i32 0, i32 0, void @empty_1, void @empty_1, i32 4294967295, i32 0, i32 0, i32 0"   --->   Operation 106 'specinterface' 'specinterface_ln0' <Predicate = true> <Delay = 0.00>
ST_8 : Operation 107 [1/1] (0.00ns)   --->   "%specbitsmap_ln0 = specbitsmap void @_ssdm_op_SpecBitsMap, i16 %in_stream_V_data_V"   --->   Operation 107 'specbitsmap' 'specbitsmap_ln0' <Predicate = true> <Delay = 0.00>
ST_8 : Operation 108 [1/1] (0.00ns)   --->   "%specbitsmap_ln0 = specbitsmap void @_ssdm_op_SpecBitsMap, i2 %in_stream_V_keep_V"   --->   Operation 108 'specbitsmap' 'specbitsmap_ln0' <Predicate = true> <Delay = 0.00>
ST_8 : Operation 109 [1/1] (0.00ns)   --->   "%specbitsmap_ln0 = specbitsmap void @_ssdm_op_SpecBitsMap, i2 %in_stream_V_strb_V"   --->   Operation 109 'specbitsmap' 'specbitsmap_ln0' <Predicate = true> <Delay = 0.00>
ST_8 : Operation 110 [1/1] (0.00ns)   --->   "%specbitsmap_ln0 = specbitsmap void @_ssdm_op_SpecBitsMap, i1 %in_stream_V_last_V"   --->   Operation 110 'specbitsmap' 'specbitsmap_ln0' <Predicate = true> <Delay = 0.00>
ST_8 : Operation 111 [1/1] (0.00ns)   --->   "%specinterface_ln0 = specinterface void @_ssdm_op_SpecInterface, i16 %weight_stream_V_data_V, i2 %weight_stream_V_keep_V, i2 %weight_stream_V_strb_V, i1 %weight_stream_V_last_V, void @empty, i32 1, i32 1, void @empty_0, i32 0, i32 0, void @empty_1, void @empty_1, void @empty_1, i32 0, i32 0, i32 0, i32 0, void @empty_1, void @empty_1, i32 4294967295, i32 0, i32 0, i32 0"   --->   Operation 111 'specinterface' 'specinterface_ln0' <Predicate = true> <Delay = 0.00>
ST_8 : Operation 112 [1/1] (0.00ns)   --->   "%specbitsmap_ln0 = specbitsmap void @_ssdm_op_SpecBitsMap, i16 %weight_stream_V_data_V"   --->   Operation 112 'specbitsmap' 'specbitsmap_ln0' <Predicate = true> <Delay = 0.00>
ST_8 : Operation 113 [1/1] (0.00ns)   --->   "%specbitsmap_ln0 = specbitsmap void @_ssdm_op_SpecBitsMap, i2 %weight_stream_V_keep_V"   --->   Operation 113 'specbitsmap' 'specbitsmap_ln0' <Predicate = true> <Delay = 0.00>
ST_8 : Operation 114 [1/1] (0.00ns)   --->   "%specbitsmap_ln0 = specbitsmap void @_ssdm_op_SpecBitsMap, i2 %weight_stream_V_strb_V"   --->   Operation 114 'specbitsmap' 'specbitsmap_ln0' <Predicate = true> <Delay = 0.00>
ST_8 : Operation 115 [1/1] (0.00ns)   --->   "%specbitsmap_ln0 = specbitsmap void @_ssdm_op_SpecBitsMap, i1 %weight_stream_V_last_V"   --->   Operation 115 'specbitsmap' 'specbitsmap_ln0' <Predicate = true> <Delay = 0.00>
ST_8 : Operation 116 [1/1] (0.00ns)   --->   "%specbitsmap_ln0 = specbitsmap void @_ssdm_op_SpecBitsMap, i16 %bias"   --->   Operation 116 'specbitsmap' 'specbitsmap_ln0' <Predicate = true> <Delay = 0.00>
ST_8 : Operation 117 [1/1] (0.00ns)   --->   "%specinterface_ln0 = specinterface void @_ssdm_op_SpecInterface, i16 %bias, void @empty_2, i32 4294967295, i32 4294967295, void @empty_1, i32 0, i32 0, void @empty_1, void @empty_1, void @empty_1, i32 0, i32 0, i32 0, i32 0, void @empty_1, void @empty_1, i32 4294967295, i32 0, i32 0, i32 0"   --->   Operation 117 'specinterface' 'specinterface_ln0' <Predicate = true> <Delay = 0.00>
ST_8 : Operation 118 [1/1] (0.00ns)   --->   "%specinterface_ln0 = specinterface void @_ssdm_op_SpecInterface, i16 %out_stream_V_data_V, i2 %out_stream_V_keep_V, i2 %out_stream_V_strb_V, i1 %out_stream_V_last_V, void @empty, i32 1, i32 1, void @empty_0, i32 0, i32 0, void @empty_1, void @empty_1, void @empty_1, i32 0, i32 0, i32 0, i32 0, void @empty_1, void @empty_1, i32 4294967295, i32 0, i32 0, i32 0"   --->   Operation 118 'specinterface' 'specinterface_ln0' <Predicate = true> <Delay = 0.00>
ST_8 : Operation 119 [1/1] (0.00ns)   --->   "%specbitsmap_ln0 = specbitsmap void @_ssdm_op_SpecBitsMap, i16 %out_stream_V_data_V"   --->   Operation 119 'specbitsmap' 'specbitsmap_ln0' <Predicate = true> <Delay = 0.00>
ST_8 : Operation 120 [1/1] (0.00ns)   --->   "%specbitsmap_ln0 = specbitsmap void @_ssdm_op_SpecBitsMap, i2 %out_stream_V_keep_V"   --->   Operation 120 'specbitsmap' 'specbitsmap_ln0' <Predicate = true> <Delay = 0.00>
ST_8 : Operation 121 [1/1] (0.00ns)   --->   "%specbitsmap_ln0 = specbitsmap void @_ssdm_op_SpecBitsMap, i2 %out_stream_V_strb_V"   --->   Operation 121 'specbitsmap' 'specbitsmap_ln0' <Predicate = true> <Delay = 0.00>
ST_8 : Operation 122 [1/1] (0.00ns)   --->   "%specbitsmap_ln0 = specbitsmap void @_ssdm_op_SpecBitsMap, i1 %out_stream_V_last_V"   --->   Operation 122 'specbitsmap' 'specbitsmap_ln0' <Predicate = true> <Delay = 0.00>
ST_8 : Operation 123 [1/1] (0.00ns)   --->   "%specaxissidechannel_ln57 = specaxissidechannel void @_ssdm_op_SpecAXISSideChannel, i16 %out_stream_V_data_V, i2 %out_stream_V_keep_V, i2 %out_stream_V_strb_V, i1 0, i1 %out_stream_V_last_V, i1 0, i1 0, void @empty_3" [C:/Users/LAB2_PC10/Desktop/CHINNA/files/conv2d.cpp:57]   --->   Operation 123 'specaxissidechannel' 'specaxissidechannel_ln57' <Predicate = true> <Delay = 0.00>
ST_8 : Operation 124 [1/1] (0.00ns)   --->   "%specaxissidechannel_ln57 = specaxissidechannel void @_ssdm_op_SpecAXISSideChannel, i16 %weight_stream_V_data_V, i2 %weight_stream_V_keep_V, i2 %weight_stream_V_strb_V, i1 0, i1 %weight_stream_V_last_V, i1 0, i1 0, void @empty_4" [C:/Users/LAB2_PC10/Desktop/CHINNA/files/conv2d.cpp:57]   --->   Operation 124 'specaxissidechannel' 'specaxissidechannel_ln57' <Predicate = true> <Delay = 0.00>
ST_8 : Operation 125 [1/1] (0.00ns)   --->   "%specaxissidechannel_ln57 = specaxissidechannel void @_ssdm_op_SpecAXISSideChannel, i16 %in_stream_V_data_V, i2 %in_stream_V_keep_V, i2 %in_stream_V_strb_V, i1 0, i1 %in_stream_V_last_V, i1 0, i1 0, void @empty_5" [C:/Users/LAB2_PC10/Desktop/CHINNA/files/conv2d.cpp:57]   --->   Operation 125 'specaxissidechannel' 'specaxissidechannel_ln57' <Predicate = true> <Delay = 0.00>
ST_8 : Operation 126 [1/1] (0.00ns)   --->   "%ret_ln121 = ret" [C:/Users/LAB2_PC10/Desktop/CHINNA/files/conv2d.cpp:121]   --->   Operation 126 'ret' 'ret_ln121' <Predicate = true> <Delay = 0.00>


============================================================
+ Verbose Summary: Timing violations
============================================================
Target clock period: 5.000ns, clock uncertainty: 1.350ns.

 <State 1>: 0.000ns
The critical path consists of the following:

 <State 2>: 0.079ns
The critical path consists of the following:
	'call' operation ('call_ln0') to 'conv2d_Pipeline_READ_INPUT' [79]  (0.079 ns)

 <State 3>: 1.651ns
The critical path consists of the following:
	'call' operation ('call_ln0') to 'conv2d_Pipeline_READ_WEIGHTS' [105]  (1.651 ns)

 <State 4>: 1.850ns
The critical path consists of the following:
	wire read operation ('bias_read') on port 'bias' [14]  (0.000 ns)
	'call' operation ('call_ln96', C:/Users/LAB2_PC10/Desktop/CHINNA/files/conv2d.cpp:96) to 'conv2d_Pipeline_CONV_OR_CONV_OC2' [116]  (1.850 ns)

 <State 5>: 0.000ns
The critical path consists of the following:

 <State 6>: 0.854ns
The critical path consists of the following:
	'load' operation 16 bit ('output_8_loc_load') on local variable 'output_8_loc' [117]  (0.000 ns)
	'call' operation ('call_ln0') to 'conv2d_Pipeline_WRITE_OUTPUT' [126]  (0.854 ns)

 <State 7>: 1.651ns
The critical path consists of the following:
	'call' operation ('call_ln0') to 'conv2d_Pipeline_WRITE_OUTPUT' [126]  (1.651 ns)

 <State 8>: 0.000ns
The critical path consists of the following:


============================================================
+ Verbose Summary: Binding
============================================================
N/A
* FSMD analyzer results:
  - Output states:
 - Input state : 
  - Chain level:
	State 1
	State 2
	State 3
	State 4
	State 5
	State 6
	State 7
	State 8


============================================================
+ Verbose Summary: Datapath Resource usage 
============================================================
N/A
