

================================================================
== Vitis HLS Report for 'conv2d_Pipeline_READ_INPUT'
================================================================
* Date:           Thu Jun 11 15:51:11 2026

* Version:        2025.2 (Build 6295257 on Nov 14 2025)
* Project:        conv2d
* Solution:       hls (Vivado IP Flow Target)
* Product family: zynquplus
* Target device:  xck26-sfvc784-2LV-c


================================================================
== Performance Estimates
================================================================
+ Timing: 
    * Summary: 
    +--------+---------+----------+------------+
    |  Clock |  Target | Estimated| Uncertainty|
    +--------+---------+----------+------------+
    |ap_clk  |  5.00 ns|  2.057 ns|     1.35 ns|
    +--------+---------+----------+------------+

+ Latency: 
    * Summary: 
    +---------+---------+----------+----------+-----+-----+-------------------+
    |  Latency (cycles) |  Latency (absolute) |  Interval |      Pipeline     |
    |   min   |   max   |    min   |    max   | min | max |        Type       |
    +---------+---------+----------+----------+-----+-----+-------------------+
    |       27|       27|  0.135 us|  0.135 us|    0|    0|  loop pipeline stp|
    +---------+---------+----------+----------+-----+-----+-------------------+

    + Detail: 
        * Instance: 
        N/A

        * Loop: 
        +--------------+---------+---------+----------+-----------+-----------+------+----------+
        |              |  Latency (cycles) | Iteration|  Initiation Interval  | Trip |          |
        |   Loop Name  |   min   |   max   |  Latency |  achieved |   target  | Count| Pipelined|
        +--------------+---------+---------+----------+-----------+-----------+------+----------+
        |- READ_INPUT  |       25|       25|         2|          1|          1|    25|       yes|
        +--------------+---------+---------+----------+-----------+-----------+------+----------+

============================================================
+ Verbose Summary: Synthesis Manager
============================================================
InlineROM: 1
ExposeGlobal: 0
============================================================
+ Verbose Summary: CDFG Model
============================================================
IsTopModel: 0
ResetActiveHigh: 1
IsCombinational: 0
IsDatapathOnly: 0
HasWiredReturn: 1
HasMFsm: 2
HasVarLatency: 1
IsPipeline: 0
IsRtlPipelined: 0
IsInstanceOverlapped: 0
IsDontTouch: 0
HasImplIP: 0
IsGatedGlobalClock: 0

+ Individual pipeline summary: 
  * Pipeline-0: initiation interval (II) = 1, depth = 2


============================================================
+ Verbose Summary: Schedule
============================================================
* Number of FSM states : 2
* Pipeline : 1
  Pipeline-0 : II = 1, D = 2, States = { 1 2 }
* Dataflow Pipeline: 0

* FSM state transitions: 
1 --> 2 
2 --> 

* FSM state operations: 

State 1 <SV = 0> <Delay = 2.05>
ST_1 : Operation 5 [1/1] (0.00ns)   --->   "%phi_urem = alloca i32 1"   --->   Operation 5 'alloca' 'phi_urem' <Predicate = true> <Delay = 0.00>
ST_1 : Operation 6 [1/1] (0.00ns)   --->   "%phi_mul = alloca i32 1"   --->   Operation 6 'alloca' 'phi_mul' <Predicate = true> <Delay = 0.00>
ST_1 : Operation 7 [1/1] (0.00ns)   --->   "%rem = alloca i32 1" [C:/Users/LAB2_PC10/Desktop/CHINNA/files/conv2d.cpp:65]   --->   Operation 7 'alloca' 'rem' <Predicate = true> <Delay = 0.00>
ST_1 : Operation 8 [1/1] (0.00ns)   --->   "%input = alloca i32 1" [C:/Users/LAB2_PC10/Desktop/CHINNA/files/conv2d.cpp:47]   --->   Operation 8 'alloca' 'input' <Predicate = true> <Delay = 0.00>
ST_1 : Operation 9 [1/1] (0.00ns)   --->   "%input_1 = alloca i32 1" [C:/Users/LAB2_PC10/Desktop/CHINNA/files/conv2d.cpp:47]   --->   Operation 9 'alloca' 'input_1' <Predicate = true> <Delay = 0.00>
ST_1 : Operation 10 [1/1] (0.00ns)   --->   "%input_2 = alloca i32 1" [C:/Users/LAB2_PC10/Desktop/CHINNA/files/conv2d.cpp:47]   --->   Operation 10 'alloca' 'input_2' <Predicate = true> <Delay = 0.00>
ST_1 : Operation 11 [1/1] (0.00ns)   --->   "%input_3 = alloca i32 1" [C:/Users/LAB2_PC10/Desktop/CHINNA/files/conv2d.cpp:47]   --->   Operation 11 'alloca' 'input_3' <Predicate = true> <Delay = 0.00>
ST_1 : Operation 12 [1/1] (0.00ns)   --->   "%input_4 = alloca i32 1" [C:/Users/LAB2_PC10/Desktop/CHINNA/files/conv2d.cpp:47]   --->   Operation 12 'alloca' 'input_4' <Predicate = true> <Delay = 0.00>
ST_1 : Operation 13 [1/1] (0.00ns)   --->   "%input_5 = alloca i32 1" [C:/Users/LAB2_PC10/Desktop/CHINNA/files/conv2d.cpp:47]   --->   Operation 13 'alloca' 'input_5' <Predicate = true> <Delay = 0.00>
ST_1 : Operation 14 [1/1] (0.00ns)   --->   "%input_6 = alloca i32 1" [C:/Users/LAB2_PC10/Desktop/CHINNA/files/conv2d.cpp:47]   --->   Operation 14 'alloca' 'input_6' <Predicate = true> <Delay = 0.00>
ST_1 : Operation 15 [1/1] (0.00ns)   --->   "%input_7 = alloca i32 1" [C:/Users/LAB2_PC10/Desktop/CHINNA/files/conv2d.cpp:47]   --->   Operation 15 'alloca' 'input_7' <Predicate = true> <Delay = 0.00>
ST_1 : Operation 16 [1/1] (0.00ns)   --->   "%input_8 = alloca i32 1" [C:/Users/LAB2_PC10/Desktop/CHINNA/files/conv2d.cpp:47]   --->   Operation 16 'alloca' 'input_8' <Predicate = true> <Delay = 0.00>
ST_1 : Operation 17 [1/1] (0.00ns)   --->   "%input_9 = alloca i32 1" [C:/Users/LAB2_PC10/Desktop/CHINNA/files/conv2d.cpp:47]   --->   Operation 17 'alloca' 'input_9' <Predicate = true> <Delay = 0.00>
ST_1 : Operation 18 [1/1] (0.00ns)   --->   "%input_10 = alloca i32 1" [C:/Users/LAB2_PC10/Desktop/CHINNA/files/conv2d.cpp:47]   --->   Operation 18 'alloca' 'input_10' <Predicate = true> <Delay = 0.00>
ST_1 : Operation 19 [1/1] (0.00ns)   --->   "%input_11 = alloca i32 1" [C:/Users/LAB2_PC10/Desktop/CHINNA/files/conv2d.cpp:47]   --->   Operation 19 'alloca' 'input_11' <Predicate = true> <Delay = 0.00>
ST_1 : Operation 20 [1/1] (0.00ns)   --->   "%input_12 = alloca i32 1" [C:/Users/LAB2_PC10/Desktop/CHINNA/files/conv2d.cpp:47]   --->   Operation 20 'alloca' 'input_12' <Predicate = true> <Delay = 0.00>
ST_1 : Operation 21 [1/1] (0.00ns)   --->   "%input_13 = alloca i32 1" [C:/Users/LAB2_PC10/Desktop/CHINNA/files/conv2d.cpp:47]   --->   Operation 21 'alloca' 'input_13' <Predicate = true> <Delay = 0.00>
ST_1 : Operation 22 [1/1] (0.00ns)   --->   "%input_14 = alloca i32 1" [C:/Users/LAB2_PC10/Desktop/CHINNA/files/conv2d.cpp:47]   --->   Operation 22 'alloca' 'input_14' <Predicate = true> <Delay = 0.00>
ST_1 : Operation 23 [1/1] (0.00ns)   --->   "%input_15 = alloca i32 1" [C:/Users/LAB2_PC10/Desktop/CHINNA/files/conv2d.cpp:47]   --->   Operation 23 'alloca' 'input_15' <Predicate = true> <Delay = 0.00>
ST_1 : Operation 24 [1/1] (0.00ns)   --->   "%input_16 = alloca i32 1" [C:/Users/LAB2_PC10/Desktop/CHINNA/files/conv2d.cpp:47]   --->   Operation 24 'alloca' 'input_16' <Predicate = true> <Delay = 0.00>
ST_1 : Operation 25 [1/1] (0.00ns)   --->   "%input_17 = alloca i32 1" [C:/Users/LAB2_PC10/Desktop/CHINNA/files/conv2d.cpp:47]   --->   Operation 25 'alloca' 'input_17' <Predicate = true> <Delay = 0.00>
ST_1 : Operation 26 [1/1] (0.00ns)   --->   "%input_18 = alloca i32 1" [C:/Users/LAB2_PC10/Desktop/CHINNA/files/conv2d.cpp:47]   --->   Operation 26 'alloca' 'input_18' <Predicate = true> <Delay = 0.00>
ST_1 : Operation 27 [1/1] (0.00ns)   --->   "%input_19 = alloca i32 1" [C:/Users/LAB2_PC10/Desktop/CHINNA/files/conv2d.cpp:47]   --->   Operation 27 'alloca' 'input_19' <Predicate = true> <Delay = 0.00>
ST_1 : Operation 28 [1/1] (0.00ns)   --->   "%input_20 = alloca i32 1" [C:/Users/LAB2_PC10/Desktop/CHINNA/files/conv2d.cpp:47]   --->   Operation 28 'alloca' 'input_20' <Predicate = true> <Delay = 0.00>
ST_1 : Operation 29 [1/1] (0.00ns)   --->   "%input_21 = alloca i32 1" [C:/Users/LAB2_PC10/Desktop/CHINNA/files/conv2d.cpp:47]   --->   Operation 29 'alloca' 'input_21' <Predicate = true> <Delay = 0.00>
ST_1 : Operation 30 [1/1] (0.00ns)   --->   "%input_22 = alloca i32 1" [C:/Users/LAB2_PC10/Desktop/CHINNA/files/conv2d.cpp:47]   --->   Operation 30 'alloca' 'input_22' <Predicate = true> <Delay = 0.00>
ST_1 : Operation 31 [1/1] (0.00ns)   --->   "%input_23 = alloca i32 1" [C:/Users/LAB2_PC10/Desktop/CHINNA/files/conv2d.cpp:47]   --->   Operation 31 'alloca' 'input_23' <Predicate = true> <Delay = 0.00>
ST_1 : Operation 32 [1/1] (0.00ns)   --->   "%input_24 = alloca i32 1" [C:/Users/LAB2_PC10/Desktop/CHINNA/files/conv2d.cpp:47]   --->   Operation 32 'alloca' 'input_24' <Predicate = true> <Delay = 0.00>
ST_1 : Operation 33 [1/1] (0.00ns)   --->   "%specaxissidechannel_ln0 = specaxissidechannel void @_ssdm_op_SpecAXISSideChannel, i16 %in_stream_V_data_V, i2 %in_stream_V_keep_V, i2 %in_stream_V_strb_V, i1 0, i1 %in_stream_V_last_V, i1 0, i1 0, void @empty_5"   --->   Operation 33 'specaxissidechannel' 'specaxissidechannel_ln0' <Predicate = true> <Delay = 0.00>
ST_1 : Operation 34 [1/1] (0.00ns)   --->   "%specinterface_ln0 = specinterface void @_ssdm_op_SpecInterface, i1 %in_stream_V_last_V, i2 %in_stream_V_strb_V, i2 %in_stream_V_keep_V, i16 %in_stream_V_data_V, void @empty, i32 0, i32 0, void @empty_0, i32 0, i32 0, void @empty_1, void @empty_1, void @empty_1, i32 0, i32 0, i32 0, i32 0, void @empty_1, void @empty_1, i32 4294967295, i32 0, i32 0, i32 0"   --->   Operation 34 'specinterface' 'specinterface_ln0' <Predicate = true> <Delay = 0.00>
ST_1 : Operation 35 [1/1] (0.42ns)   --->   "%store_ln65 = store i5 0, i5 %rem" [C:/Users/LAB2_PC10/Desktop/CHINNA/files/conv2d.cpp:65]   --->   Operation 35 'store' 'store_ln65' <Predicate = true> <Delay = 0.42>
ST_1 : Operation 36 [1/1] (0.42ns)   --->   "%store_ln0 = store i11 0, i11 %phi_mul"   --->   Operation 36 'store' 'store_ln0' <Predicate = true> <Delay = 0.42>
ST_1 : Operation 37 [1/1] (0.42ns)   --->   "%store_ln0 = store i5 0, i5 %phi_urem"   --->   Operation 37 'store' 'store_ln0' <Predicate = true> <Delay = 0.42>
ST_1 : Operation 38 [1/1] (0.00ns)   --->   "%br_ln57 = br void %for.inc" [C:/Users/LAB2_PC10/Desktop/CHINNA/files/conv2d.cpp:57]   --->   Operation 38 'br' 'br_ln57' <Predicate = true> <Delay = 0.00>
ST_1 : Operation 39 [1/1] (0.00ns)   --->   "%phi_urem_load = load i5 %phi_urem" [C:/Users/LAB2_PC10/Desktop/CHINNA/files/conv2d.cpp:47]   --->   Operation 39 'load' 'phi_urem_load' <Predicate = true> <Delay = 0.00>
ST_1 : Operation 40 [1/1] (0.00ns)   --->   "%i_3 = load i5 %rem" [C:/Users/LAB2_PC10/Desktop/CHINNA/files/conv2d.cpp:57]   --->   Operation 40 'load' 'i_3' <Predicate = true> <Delay = 0.00>
ST_1 : Operation 41 [1/1] (0.78ns)   --->   "%icmp_ln57 = icmp_eq  i5 %i_3, i5 25" [C:/Users/LAB2_PC10/Desktop/CHINNA/files/conv2d.cpp:57]   --->   Operation 41 'icmp' 'icmp_ln57' <Predicate = true> <Delay = 0.78> <CoreInst = "Cmp">   --->   Core 9 'Cmp' <Latency = 0> <II = 1> <Delay = 0.78> <FuncUnit> <Opcode : 'seteq' 'setne' 'setle' 'setge' 'setlt' 'setgt'> <InPorts = 2> <OutPorts = 1>
ST_1 : Operation 42 [1/1] (0.78ns)   --->   "%i = add i5 %i_3, i5 1" [C:/Users/LAB2_PC10/Desktop/CHINNA/files/conv2d.cpp:57]   --->   Operation 42 'add' 'i' <Predicate = true> <Delay = 0.78> <CoreInst = "Adder">   --->   Core 1 'Adder' <Latency = 0> <II = 1> <Delay = 0.78> <FuncUnit> <Opcode : 'add' 'sub'> <InPorts = 2> <OutPorts = 1>
ST_1 : Operation 43 [1/1] (0.00ns)   --->   "%br_ln57 = br i1 %icmp_ln57, void %for.inc.split, void %for.inc38.preheader.exitStub" [C:/Users/LAB2_PC10/Desktop/CHINNA/files/conv2d.cpp:57]   --->   Operation 43 'br' 'br_ln57' <Predicate = true> <Delay = 0.00>
ST_1 : Operation 44 [1/1] (0.00ns)   --->   "%phi_mul_load = load i11 %phi_mul" [C:/Users/LAB2_PC10/Desktop/CHINNA/files/conv2d.cpp:66]   --->   Operation 44 'load' 'phi_mul_load' <Predicate = (!icmp_ln57)> <Delay = 0.00>
ST_1 : Operation 45 [1/1] (0.79ns)   --->   "%add_ln66 = add i11 %phi_mul_load, i11 52" [C:/Users/LAB2_PC10/Desktop/CHINNA/files/conv2d.cpp:66]   --->   Operation 45 'add' 'add_ln66' <Predicate = (!icmp_ln57)> <Delay = 0.79> <CoreInst = "Adder">   --->   Core 1 'Adder' <Latency = 0> <II = 1> <Delay = 0.79> <FuncUnit> <Opcode : 'add' 'sub'> <InPorts = 2> <OutPorts = 1>
ST_1 : Operation 46 [1/1] (0.00ns)   --->   "%trunc_ln1 = partselect i3 @_ssdm_op_PartSelect.i3.i11.i32.i32, i11 %phi_mul_load, i32 8, i32 10" [C:/Users/LAB2_PC10/Desktop/CHINNA/files/conv2d.cpp:66]   --->   Operation 46 'partselect' 'trunc_ln1' <Predicate = (!icmp_ln57)> <Delay = 0.00>
ST_1 : Operation 47 [1/1] (0.00ns)   --->   "%trunc_ln68 = trunc i5 %phi_urem_load" [C:/Users/LAB2_PC10/Desktop/CHINNA/files/conv2d.cpp:68]   --->   Operation 47 'trunc' 'trunc_ln68' <Predicate = (!icmp_ln57)> <Delay = 0.00>
ST_1 : Operation 48 [1/1] (0.67ns)   --->   "%switch_ln68 = switch i3 %trunc_ln1, void %.case.4, i3 0, void %.case.0, i3 1, void %.case.1, i3 2, void %.case.2, i3 3, void %.case.3" [C:/Users/LAB2_PC10/Desktop/CHINNA/files/conv2d.cpp:68]   --->   Operation 48 'switch' 'switch_ln68' <Predicate = (!icmp_ln57)> <Delay = 0.67>
ST_1 : Operation 49 [1/1] (0.67ns)   --->   "%switch_ln68 = switch i3 %trunc_ln68, void %.case.4400, i3 0, void %.case.0396, i3 1, void %.case.1397, i3 2, void %.case.2398, i3 3, void %.case.3..exit_crit_edge" [C:/Users/LAB2_PC10/Desktop/CHINNA/files/conv2d.cpp:68]   --->   Operation 49 'switch' 'switch_ln68' <Predicate = (!icmp_ln57 & trunc_ln1 == 3)> <Delay = 0.67>
ST_1 : Operation 50 [1/1] (0.67ns)   --->   "%switch_ln68 = switch i3 %trunc_ln68, void %.case.4393, i3 0, void %.case.0389, i3 1, void %.case.1390, i3 2, void %.case.2391, i3 3, void %.case.2..exit_crit_edge" [C:/Users/LAB2_PC10/Desktop/CHINNA/files/conv2d.cpp:68]   --->   Operation 50 'switch' 'switch_ln68' <Predicate = (!icmp_ln57 & trunc_ln1 == 2)> <Delay = 0.67>
ST_1 : Operation 51 [1/1] (0.67ns)   --->   "%switch_ln68 = switch i3 %trunc_ln68, void %.case.4386, i3 0, void %.case.0382, i3 1, void %.case.1383, i3 2, void %.case.2384, i3 3, void %.case.1..exit_crit_edge" [C:/Users/LAB2_PC10/Desktop/CHINNA/files/conv2d.cpp:68]   --->   Operation 51 'switch' 'switch_ln68' <Predicate = (!icmp_ln57 & trunc_ln1 == 1)> <Delay = 0.67>
ST_1 : Operation 52 [1/1] (0.67ns)   --->   "%switch_ln68 = switch i3 %trunc_ln68, void %.case.4379, i3 0, void %.case.0375, i3 1, void %.case.1376, i3 2, void %.case.2377, i3 3, void %.case.0..exit_crit_edge" [C:/Users/LAB2_PC10/Desktop/CHINNA/files/conv2d.cpp:68]   --->   Operation 52 'switch' 'switch_ln68' <Predicate = (!icmp_ln57 & trunc_ln1 == 0)> <Delay = 0.67>
ST_1 : Operation 53 [1/1] (0.67ns)   --->   "%switch_ln68 = switch i3 %trunc_ln68, void %.case.4407, i3 0, void %.case.0403, i3 1, void %.case.1404, i3 2, void %.case.2405, i3 3, void %.case.4..exit_crit_edge" [C:/Users/LAB2_PC10/Desktop/CHINNA/files/conv2d.cpp:68]   --->   Operation 53 'switch' 'switch_ln68' <Predicate = (!icmp_ln57 & trunc_ln1 != 0 & trunc_ln1 != 1 & trunc_ln1 != 2 & trunc_ln1 != 3)> <Delay = 0.67>
ST_1 : Operation 54 [1/1] (0.78ns)   --->   "%add_ln47 = add i5 %phi_urem_load, i5 1" [C:/Users/LAB2_PC10/Desktop/CHINNA/files/conv2d.cpp:47]   --->   Operation 54 'add' 'add_ln47' <Predicate = (!icmp_ln57)> <Delay = 0.78> <CoreInst = "Adder">   --->   Core 1 'Adder' <Latency = 0> <II = 1> <Delay = 0.78> <FuncUnit> <Opcode : 'add' 'sub'> <InPorts = 2> <OutPorts = 1>
ST_1 : Operation 55 [1/1] (0.78ns)   --->   "%icmp_ln47 = icmp_eq  i5 %phi_urem_load, i5 4" [C:/Users/LAB2_PC10/Desktop/CHINNA/files/conv2d.cpp:47]   --->   Operation 55 'icmp' 'icmp_ln47' <Predicate = (!icmp_ln57)> <Delay = 0.78> <CoreInst = "Cmp">   --->   Core 9 'Cmp' <Latency = 0> <II = 1> <Delay = 0.78> <FuncUnit> <Opcode : 'seteq' 'setne' 'setle' 'setge' 'setlt' 'setgt'> <InPorts = 2> <OutPorts = 1>
ST_1 : Operation 56 [1/1] (0.41ns)   --->   "%select_ln47 = select i1 %icmp_ln47, i5 0, i5 %add_ln47" [C:/Users/LAB2_PC10/Desktop/CHINNA/files/conv2d.cpp:47]   --->   Operation 56 'select' 'select_ln47' <Predicate = (!icmp_ln57)> <Delay = 0.41> <CoreInst = "Sel">   --->   Core 73 'Sel' <Latency = 0> <II = 1> <Delay = 0.41> <FuncUnit> <Opcode : 'select'> <InPorts = 3> <OutPorts = 1>
ST_1 : Operation 57 [1/1] (0.42ns)   --->   "%store_ln65 = store i5 %i, i5 %rem" [C:/Users/LAB2_PC10/Desktop/CHINNA/files/conv2d.cpp:65]   --->   Operation 57 'store' 'store_ln65' <Predicate = (!icmp_ln57)> <Delay = 0.42>
ST_1 : Operation 58 [1/1] (0.42ns)   --->   "%store_ln66 = store i11 %add_ln66, i11 %phi_mul" [C:/Users/LAB2_PC10/Desktop/CHINNA/files/conv2d.cpp:66]   --->   Operation 58 'store' 'store_ln66' <Predicate = (!icmp_ln57)> <Delay = 0.42>
ST_1 : Operation 59 [1/1] (0.42ns)   --->   "%store_ln47 = store i5 %select_ln47, i5 %phi_urem" [C:/Users/LAB2_PC10/Desktop/CHINNA/files/conv2d.cpp:47]   --->   Operation 59 'store' 'store_ln47' <Predicate = (!icmp_ln57)> <Delay = 0.42>
ST_1 : Operation 60 [1/1] (0.00ns)   --->   "%br_ln57 = br void %for.inc" [C:/Users/LAB2_PC10/Desktop/CHINNA/files/conv2d.cpp:57]   --->   Operation 60 'br' 'br_ln57' <Predicate = (!icmp_ln57)> <Delay = 0.00>
ST_1 : Operation 116 [1/1] (0.00ns)   --->   "%input_load = load i16 %input"   --->   Operation 116 'load' 'input_load' <Predicate = (icmp_ln57)> <Delay = 0.00>
ST_1 : Operation 117 [1/1] (0.00ns)   --->   "%input_1_load = load i16 %input_1"   --->   Operation 117 'load' 'input_1_load' <Predicate = (icmp_ln57)> <Delay = 0.00>
ST_1 : Operation 118 [1/1] (0.00ns)   --->   "%input_2_load = load i16 %input_2"   --->   Operation 118 'load' 'input_2_load' <Predicate = (icmp_ln57)> <Delay = 0.00>
ST_1 : Operation 119 [1/1] (0.00ns)   --->   "%input_3_load = load i16 %input_3"   --->   Operation 119 'load' 'input_3_load' <Predicate = (icmp_ln57)> <Delay = 0.00>
ST_1 : Operation 120 [1/1] (0.00ns)   --->   "%input_4_load = load i16 %input_4"   --->   Operation 120 'load' 'input_4_load' <Predicate = (icmp_ln57)> <Delay = 0.00>
ST_1 : Operation 121 [1/1] (0.00ns)   --->   "%input_5_load = load i16 %input_5"   --->   Operation 121 'load' 'input_5_load' <Predicate = (icmp_ln57)> <Delay = 0.00>
ST_1 : Operation 122 [1/1] (0.00ns)   --->   "%input_6_load = load i16 %input_6"   --->   Operation 122 'load' 'input_6_load' <Predicate = (icmp_ln57)> <Delay = 0.00>
ST_1 : Operation 123 [1/1] (0.00ns)   --->   "%input_7_load = load i16 %input_7"   --->   Operation 123 'load' 'input_7_load' <Predicate = (icmp_ln57)> <Delay = 0.00>
ST_1 : Operation 124 [1/1] (0.00ns)   --->   "%input_8_load = load i16 %input_8"   --->   Operation 124 'load' 'input_8_load' <Predicate = (icmp_ln57)> <Delay = 0.00>
ST_1 : Operation 125 [1/1] (0.00ns)   --->   "%input_9_load = load i16 %input_9"   --->   Operation 125 'load' 'input_9_load' <Predicate = (icmp_ln57)> <Delay = 0.00>
ST_1 : Operation 126 [1/1] (0.00ns)   --->   "%input_10_load = load i16 %input_10"   --->   Operation 126 'load' 'input_10_load' <Predicate = (icmp_ln57)> <Delay = 0.00>
ST_1 : Operation 127 [1/1] (0.00ns)   --->   "%input_11_load = load i16 %input_11"   --->   Operation 127 'load' 'input_11_load' <Predicate = (icmp_ln57)> <Delay = 0.00>
ST_1 : Operation 128 [1/1] (0.00ns)   --->   "%input_12_load = load i16 %input_12"   --->   Operation 128 'load' 'input_12_load' <Predicate = (icmp_ln57)> <Delay = 0.00>
ST_1 : Operation 129 [1/1] (0.00ns)   --->   "%input_13_load = load i16 %input_13"   --->   Operation 129 'load' 'input_13_load' <Predicate = (icmp_ln57)> <Delay = 0.00>
ST_1 : Operation 130 [1/1] (0.00ns)   --->   "%input_14_load = load i16 %input_14"   --->   Operation 130 'load' 'input_14_load' <Predicate = (icmp_ln57)> <Delay = 0.00>
ST_1 : Operation 131 [1/1] (0.00ns)   --->   "%input_15_load = load i16 %input_15"   --->   Operation 131 'load' 'input_15_load' <Predicate = (icmp_ln57)> <Delay = 0.00>
ST_1 : Operation 132 [1/1] (0.00ns)   --->   "%input_16_load = load i16 %input_16"   --->   Operation 132 'load' 'input_16_load' <Predicate = (icmp_ln57)> <Delay = 0.00>
ST_1 : Operation 133 [1/1] (0.00ns)   --->   "%input_17_load = load i16 %input_17"   --->   Operation 133 'load' 'input_17_load' <Predicate = (icmp_ln57)> <Delay = 0.00>
ST_1 : Operation 134 [1/1] (0.00ns)   --->   "%input_18_load = load i16 %input_18"   --->   Operation 134 'load' 'input_18_load' <Predicate = (icmp_ln57)> <Delay = 0.00>
ST_1 : Operation 135 [1/1] (0.00ns)   --->   "%input_19_load = load i16 %input_19"   --->   Operation 135 'load' 'input_19_load' <Predicate = (icmp_ln57)> <Delay = 0.00>
ST_1 : Operation 136 [1/1] (0.00ns)   --->   "%input_20_load = load i16 %input_20"   --->   Operation 136 'load' 'input_20_load' <Predicate = (icmp_ln57)> <Delay = 0.00>
ST_1 : Operation 137 [1/1] (0.00ns)   --->   "%input_21_load = load i16 %input_21"   --->   Operation 137 'load' 'input_21_load' <Predicate = (icmp_ln57)> <Delay = 0.00>
ST_1 : Operation 138 [1/1] (0.00ns)   --->   "%input_22_load = load i16 %input_22"   --->   Operation 138 'load' 'input_22_load' <Predicate = (icmp_ln57)> <Delay = 0.00>
ST_1 : Operation 139 [1/1] (0.00ns)   --->   "%input_23_load = load i16 %input_23"   --->   Operation 139 'load' 'input_23_load' <Predicate = (icmp_ln57)> <Delay = 0.00>
ST_1 : Operation 140 [1/1] (0.00ns)   --->   "%input_24_load = load i16 %input_24"   --->   Operation 140 'load' 'input_24_load' <Predicate = (icmp_ln57)> <Delay = 0.00>
ST_1 : Operation 141 [1/1] (0.00ns)   --->   "%write_ln0 = write void @_ssdm_op_Write.ap_auto.i16P0A, i16 %input_24_out, i16 %input_24_load"   --->   Operation 141 'write' 'write_ln0' <Predicate = (icmp_ln57)> <Delay = 0.00>
ST_1 : Operation 142 [1/1] (0.00ns)   --->   "%write_ln0 = write void @_ssdm_op_Write.ap_auto.i16P0A, i16 %input_23_out, i16 %input_23_load"   --->   Operation 142 'write' 'write_ln0' <Predicate = (icmp_ln57)> <Delay = 0.00>
ST_1 : Operation 143 [1/1] (0.00ns)   --->   "%write_ln0 = write void @_ssdm_op_Write.ap_auto.i16P0A, i16 %input_22_out, i16 %input_22_load"   --->   Operation 143 'write' 'write_ln0' <Predicate = (icmp_ln57)> <Delay = 0.00>
ST_1 : Operation 144 [1/1] (0.00ns)   --->   "%write_ln0 = write void @_ssdm_op_Write.ap_auto.i16P0A, i16 %input_21_out, i16 %input_21_load"   --->   Operation 144 'write' 'write_ln0' <Predicate = (icmp_ln57)> <Delay = 0.00>
ST_1 : Operation 145 [1/1] (0.00ns)   --->   "%write_ln0 = write void @_ssdm_op_Write.ap_auto.i16P0A, i16 %input_20_out, i16 %input_20_load"   --->   Operation 145 'write' 'write_ln0' <Predicate = (icmp_ln57)> <Delay = 0.00>
ST_1 : Operation 146 [1/1] (0.00ns)   --->   "%write_ln0 = write void @_ssdm_op_Write.ap_auto.i16P0A, i16 %input_19_out, i16 %input_19_load"   --->   Operation 146 'write' 'write_ln0' <Predicate = (icmp_ln57)> <Delay = 0.00>
ST_1 : Operation 147 [1/1] (0.00ns)   --->   "%write_ln0 = write void @_ssdm_op_Write.ap_auto.i16P0A, i16 %input_18_out, i16 %input_18_load"   --->   Operation 147 'write' 'write_ln0' <Predicate = (icmp_ln57)> <Delay = 0.00>
ST_1 : Operation 148 [1/1] (0.00ns)   --->   "%write_ln0 = write void @_ssdm_op_Write.ap_auto.i16P0A, i16 %input_17_out, i16 %input_17_load"   --->   Operation 148 'write' 'write_ln0' <Predicate = (icmp_ln57)> <Delay = 0.00>
ST_1 : Operation 149 [1/1] (0.00ns)   --->   "%write_ln0 = write void @_ssdm_op_Write.ap_auto.i16P0A, i16 %input_16_out, i16 %input_16_load"   --->   Operation 149 'write' 'write_ln0' <Predicate = (icmp_ln57)> <Delay = 0.00>
ST_1 : Operation 150 [1/1] (0.00ns)   --->   "%write_ln0 = write void @_ssdm_op_Write.ap_auto.i16P0A, i16 %input_15_out, i16 %input_15_load"   --->   Operation 150 'write' 'write_ln0' <Predicate = (icmp_ln57)> <Delay = 0.00>
ST_1 : Operation 151 [1/1] (0.00ns)   --->   "%write_ln0 = write void @_ssdm_op_Write.ap_auto.i16P0A, i16 %input_14_out, i16 %input_14_load"   --->   Operation 151 'write' 'write_ln0' <Predicate = (icmp_ln57)> <Delay = 0.00>
ST_1 : Operation 152 [1/1] (0.00ns)   --->   "%write_ln0 = write void @_ssdm_op_Write.ap_auto.i16P0A, i16 %input_13_out, i16 %input_13_load"   --->   Operation 152 'write' 'write_ln0' <Predicate = (icmp_ln57)> <Delay = 0.00>
ST_1 : Operation 153 [1/1] (0.00ns)   --->   "%write_ln0 = write void @_ssdm_op_Write.ap_auto.i16P0A, i16 %input_12_out, i16 %input_12_load"   --->   Operation 153 'write' 'write_ln0' <Predicate = (icmp_ln57)> <Delay = 0.00>
ST_1 : Operation 154 [1/1] (0.00ns)   --->   "%write_ln0 = write void @_ssdm_op_Write.ap_auto.i16P0A, i16 %input_11_out, i16 %input_11_load"   --->   Operation 154 'write' 'write_ln0' <Predicate = (icmp_ln57)> <Delay = 0.00>
ST_1 : Operation 155 [1/1] (0.00ns)   --->   "%write_ln0 = write void @_ssdm_op_Write.ap_auto.i16P0A, i16 %input_10_out, i16 %input_10_load"   --->   Operation 155 'write' 'write_ln0' <Predicate = (icmp_ln57)> <Delay = 0.00>
ST_1 : Operation 156 [1/1] (0.00ns)   --->   "%write_ln0 = write void @_ssdm_op_Write.ap_auto.i16P0A, i16 %input_9_out, i16 %input_9_load"   --->   Operation 156 'write' 'write_ln0' <Predicate = (icmp_ln57)> <Delay = 0.00>
ST_1 : Operation 157 [1/1] (0.00ns)   --->   "%write_ln0 = write void @_ssdm_op_Write.ap_auto.i16P0A, i16 %input_8_out, i16 %input_8_load"   --->   Operation 157 'write' 'write_ln0' <Predicate = (icmp_ln57)> <Delay = 0.00>
ST_1 : Operation 158 [1/1] (0.00ns)   --->   "%write_ln0 = write void @_ssdm_op_Write.ap_auto.i16P0A, i16 %input_7_out, i16 %input_7_load"   --->   Operation 158 'write' 'write_ln0' <Predicate = (icmp_ln57)> <Delay = 0.00>
ST_1 : Operation 159 [1/1] (0.00ns)   --->   "%write_ln0 = write void @_ssdm_op_Write.ap_auto.i16P0A, i16 %input_6_out, i16 %input_6_load"   --->   Operation 159 'write' 'write_ln0' <Predicate = (icmp_ln57)> <Delay = 0.00>
ST_1 : Operation 160 [1/1] (0.00ns)   --->   "%write_ln0 = write void @_ssdm_op_Write.ap_auto.i16P0A, i16 %input_5_out, i16 %input_5_load"   --->   Operation 160 'write' 'write_ln0' <Predicate = (icmp_ln57)> <Delay = 0.00>
ST_1 : Operation 161 [1/1] (0.00ns)   --->   "%write_ln0 = write void @_ssdm_op_Write.ap_auto.i16P0A, i16 %input_4_out, i16 %input_4_load"   --->   Operation 161 'write' 'write_ln0' <Predicate = (icmp_ln57)> <Delay = 0.00>
ST_1 : Operation 162 [1/1] (0.00ns)   --->   "%write_ln0 = write void @_ssdm_op_Write.ap_auto.i16P0A, i16 %input_3_out, i16 %input_3_load"   --->   Operation 162 'write' 'write_ln0' <Predicate = (icmp_ln57)> <Delay = 0.00>
ST_1 : Operation 163 [1/1] (0.00ns)   --->   "%write_ln0 = write void @_ssdm_op_Write.ap_auto.i16P0A, i16 %input_2_out, i16 %input_2_load"   --->   Operation 163 'write' 'write_ln0' <Predicate = (icmp_ln57)> <Delay = 0.00>
ST_1 : Operation 164 [1/1] (0.00ns)   --->   "%write_ln0 = write void @_ssdm_op_Write.ap_auto.i16P0A, i16 %input_1_out, i16 %input_1_load"   --->   Operation 164 'write' 'write_ln0' <Predicate = (icmp_ln57)> <Delay = 0.00>
ST_1 : Operation 165 [1/1] (0.00ns)   --->   "%write_ln0 = write void @_ssdm_op_Write.ap_auto.i16P0A, i16 %input_out, i16 %input_load"   --->   Operation 165 'write' 'write_ln0' <Predicate = (icmp_ln57)> <Delay = 0.00>
ST_1 : Operation 166 [1/1] (0.42ns)   --->   "%ret_ln0 = ret"   --->   Operation 166 'ret' 'ret_ln0' <Predicate = (icmp_ln57)> <Delay = 0.42>

State 2 <SV = 1> <Delay = 0.07>
ST_2 : Operation 61 [1/1] (0.00ns)   --->   "%specpipeline_ln58 = specpipeline void @_ssdm_op_SpecPipeline, i32 1, i32 0, i32 0, i32 0, i32 4294967295, void @empty_1" [C:/Users/LAB2_PC10/Desktop/CHINNA/files/conv2d.cpp:58]   --->   Operation 61 'specpipeline' 'specpipeline_ln58' <Predicate = true> <Delay = 0.00>
ST_2 : Operation 62 [1/1] (0.00ns)   --->   "%speclooptripcount_ln47 = speclooptripcount void @_ssdm_op_SpecLoopTripCount, i64 25, i64 25, i64 25" [C:/Users/LAB2_PC10/Desktop/CHINNA/files/conv2d.cpp:47]   --->   Operation 62 'speclooptripcount' 'speclooptripcount_ln47' <Predicate = true> <Delay = 0.00>
ST_2 : Operation 63 [1/1] (0.00ns)   --->   "%specloopname_ln57 = specloopname void @_ssdm_op_SpecLoopName, void @empty_9" [C:/Users/LAB2_PC10/Desktop/CHINNA/files/conv2d.cpp:57]   --->   Operation 63 'specloopname' 'specloopname_ln57' <Predicate = true> <Delay = 0.00>
ST_2 : Operation 64 [1/1] ( I:0.07ns O:0.07ns )   --->   "%empty = read i21 @_ssdm_op_Read.axis.volatile.i16P0A.i2P0A.i2P0A.i1P0A, i16 %in_stream_V_data_V, i2 %in_stream_V_keep_V, i2 %in_stream_V_strb_V, i1 %in_stream_V_last_V" [C:/Users/LAB2_PC10/Desktop/CHINNA/files/conv2d.cpp:59]   --->   Operation 64 'read' 'empty' <Predicate = true> <Delay = 0.07> <CoreInst = "regslice">   --->   Core 147 'regslice' <Latency = 0> <II = 1> <Delay = 0.59> <Adapter> <Opcode : 'read' 'write'>
ST_2 : Operation 65 [1/1] (0.00ns)   --->   "%pkt_data = extractvalue i21 %empty" [C:/Users/LAB2_PC10/Desktop/CHINNA/files/conv2d.cpp:59]   --->   Operation 65 'extractvalue' 'pkt_data' <Predicate = true> <Delay = 0.00>
ST_2 : Operation 66 [1/1] (0.00ns)   --->   "%store_ln47 = store i16 %pkt_data, i16 %input_18" [C:/Users/LAB2_PC10/Desktop/CHINNA/files/conv2d.cpp:47]   --->   Operation 66 'store' 'store_ln47' <Predicate = (trunc_ln1 == 3 & trunc_ln68 == 3)> <Delay = 0.00>
ST_2 : Operation 67 [1/1] (0.00ns)   --->   "%br_ln68 = br void %.exit" [C:/Users/LAB2_PC10/Desktop/CHINNA/files/conv2d.cpp:68]   --->   Operation 67 'br' 'br_ln68' <Predicate = (trunc_ln1 == 3 & trunc_ln68 == 3)> <Delay = 0.00>
ST_2 : Operation 68 [1/1] (0.00ns)   --->   "%store_ln47 = store i16 %pkt_data, i16 %input_17" [C:/Users/LAB2_PC10/Desktop/CHINNA/files/conv2d.cpp:47]   --->   Operation 68 'store' 'store_ln47' <Predicate = (trunc_ln1 == 3 & trunc_ln68 == 2)> <Delay = 0.00>
ST_2 : Operation 69 [1/1] (0.00ns)   --->   "%br_ln68 = br void %.exit" [C:/Users/LAB2_PC10/Desktop/CHINNA/files/conv2d.cpp:68]   --->   Operation 69 'br' 'br_ln68' <Predicate = (trunc_ln1 == 3 & trunc_ln68 == 2)> <Delay = 0.00>
ST_2 : Operation 70 [1/1] (0.00ns)   --->   "%store_ln47 = store i16 %pkt_data, i16 %input_16" [C:/Users/LAB2_PC10/Desktop/CHINNA/files/conv2d.cpp:47]   --->   Operation 70 'store' 'store_ln47' <Predicate = (trunc_ln1 == 3 & trunc_ln68 == 1)> <Delay = 0.00>
ST_2 : Operation 71 [1/1] (0.00ns)   --->   "%br_ln68 = br void %.exit" [C:/Users/LAB2_PC10/Desktop/CHINNA/files/conv2d.cpp:68]   --->   Operation 71 'br' 'br_ln68' <Predicate = (trunc_ln1 == 3 & trunc_ln68 == 1)> <Delay = 0.00>
ST_2 : Operation 72 [1/1] (0.00ns)   --->   "%store_ln47 = store i16 %pkt_data, i16 %input_15" [C:/Users/LAB2_PC10/Desktop/CHINNA/files/conv2d.cpp:47]   --->   Operation 72 'store' 'store_ln47' <Predicate = (trunc_ln1 == 3 & trunc_ln68 == 0)> <Delay = 0.00>
ST_2 : Operation 73 [1/1] (0.00ns)   --->   "%br_ln68 = br void %.exit" [C:/Users/LAB2_PC10/Desktop/CHINNA/files/conv2d.cpp:68]   --->   Operation 73 'br' 'br_ln68' <Predicate = (trunc_ln1 == 3 & trunc_ln68 == 0)> <Delay = 0.00>
ST_2 : Operation 74 [1/1] (0.00ns)   --->   "%store_ln47 = store i16 %pkt_data, i16 %input_19" [C:/Users/LAB2_PC10/Desktop/CHINNA/files/conv2d.cpp:47]   --->   Operation 74 'store' 'store_ln47' <Predicate = (trunc_ln1 == 3 & trunc_ln68 != 0 & trunc_ln68 != 1 & trunc_ln68 != 2 & trunc_ln68 != 3)> <Delay = 0.00>
ST_2 : Operation 75 [1/1] (0.00ns)   --->   "%br_ln68 = br void %.exit" [C:/Users/LAB2_PC10/Desktop/CHINNA/files/conv2d.cpp:68]   --->   Operation 75 'br' 'br_ln68' <Predicate = (trunc_ln1 == 3 & trunc_ln68 != 0 & trunc_ln68 != 1 & trunc_ln68 != 2 & trunc_ln68 != 3)> <Delay = 0.00>
ST_2 : Operation 76 [1/1] (0.00ns)   --->   "%store_ln47 = store i16 %pkt_data, i16 %input_13" [C:/Users/LAB2_PC10/Desktop/CHINNA/files/conv2d.cpp:47]   --->   Operation 76 'store' 'store_ln47' <Predicate = (trunc_ln1 == 2 & trunc_ln68 == 3)> <Delay = 0.00>
ST_2 : Operation 77 [1/1] (0.00ns)   --->   "%br_ln68 = br void %.exit" [C:/Users/LAB2_PC10/Desktop/CHINNA/files/conv2d.cpp:68]   --->   Operation 77 'br' 'br_ln68' <Predicate = (trunc_ln1 == 2 & trunc_ln68 == 3)> <Delay = 0.00>
ST_2 : Operation 78 [1/1] (0.00ns)   --->   "%store_ln47 = store i16 %pkt_data, i16 %input_12" [C:/Users/LAB2_PC10/Desktop/CHINNA/files/conv2d.cpp:47]   --->   Operation 78 'store' 'store_ln47' <Predicate = (trunc_ln1 == 2 & trunc_ln68 == 2)> <Delay = 0.00>
ST_2 : Operation 79 [1/1] (0.00ns)   --->   "%br_ln68 = br void %.exit" [C:/Users/LAB2_PC10/Desktop/CHINNA/files/conv2d.cpp:68]   --->   Operation 79 'br' 'br_ln68' <Predicate = (trunc_ln1 == 2 & trunc_ln68 == 2)> <Delay = 0.00>
ST_2 : Operation 80 [1/1] (0.00ns)   --->   "%store_ln47 = store i16 %pkt_data, i16 %input_11" [C:/Users/LAB2_PC10/Desktop/CHINNA/files/conv2d.cpp:47]   --->   Operation 80 'store' 'store_ln47' <Predicate = (trunc_ln1 == 2 & trunc_ln68 == 1)> <Delay = 0.00>
ST_2 : Operation 81 [1/1] (0.00ns)   --->   "%br_ln68 = br void %.exit" [C:/Users/LAB2_PC10/Desktop/CHINNA/files/conv2d.cpp:68]   --->   Operation 81 'br' 'br_ln68' <Predicate = (trunc_ln1 == 2 & trunc_ln68 == 1)> <Delay = 0.00>
ST_2 : Operation 82 [1/1] (0.00ns)   --->   "%store_ln47 = store i16 %pkt_data, i16 %input_10" [C:/Users/LAB2_PC10/Desktop/CHINNA/files/conv2d.cpp:47]   --->   Operation 82 'store' 'store_ln47' <Predicate = (trunc_ln1 == 2 & trunc_ln68 == 0)> <Delay = 0.00>
ST_2 : Operation 83 [1/1] (0.00ns)   --->   "%br_ln68 = br void %.exit" [C:/Users/LAB2_PC10/Desktop/CHINNA/files/conv2d.cpp:68]   --->   Operation 83 'br' 'br_ln68' <Predicate = (trunc_ln1 == 2 & trunc_ln68 == 0)> <Delay = 0.00>
ST_2 : Operation 84 [1/1] (0.00ns)   --->   "%store_ln47 = store i16 %pkt_data, i16 %input_14" [C:/Users/LAB2_PC10/Desktop/CHINNA/files/conv2d.cpp:47]   --->   Operation 84 'store' 'store_ln47' <Predicate = (trunc_ln1 == 2 & trunc_ln68 != 0 & trunc_ln68 != 1 & trunc_ln68 != 2 & trunc_ln68 != 3)> <Delay = 0.00>
ST_2 : Operation 85 [1/1] (0.00ns)   --->   "%br_ln68 = br void %.exit" [C:/Users/LAB2_PC10/Desktop/CHINNA/files/conv2d.cpp:68]   --->   Operation 85 'br' 'br_ln68' <Predicate = (trunc_ln1 == 2 & trunc_ln68 != 0 & trunc_ln68 != 1 & trunc_ln68 != 2 & trunc_ln68 != 3)> <Delay = 0.00>
ST_2 : Operation 86 [1/1] (0.00ns)   --->   "%store_ln47 = store i16 %pkt_data, i16 %input_8" [C:/Users/LAB2_PC10/Desktop/CHINNA/files/conv2d.cpp:47]   --->   Operation 86 'store' 'store_ln47' <Predicate = (trunc_ln1 == 1 & trunc_ln68 == 3)> <Delay = 0.00>
ST_2 : Operation 87 [1/1] (0.00ns)   --->   "%br_ln68 = br void %.exit" [C:/Users/LAB2_PC10/Desktop/CHINNA/files/conv2d.cpp:68]   --->   Operation 87 'br' 'br_ln68' <Predicate = (trunc_ln1 == 1 & trunc_ln68 == 3)> <Delay = 0.00>
ST_2 : Operation 88 [1/1] (0.00ns)   --->   "%store_ln47 = store i16 %pkt_data, i16 %input_7" [C:/Users/LAB2_PC10/Desktop/CHINNA/files/conv2d.cpp:47]   --->   Operation 88 'store' 'store_ln47' <Predicate = (trunc_ln1 == 1 & trunc_ln68 == 2)> <Delay = 0.00>
ST_2 : Operation 89 [1/1] (0.00ns)   --->   "%br_ln68 = br void %.exit" [C:/Users/LAB2_PC10/Desktop/CHINNA/files/conv2d.cpp:68]   --->   Operation 89 'br' 'br_ln68' <Predicate = (trunc_ln1 == 1 & trunc_ln68 == 2)> <Delay = 0.00>
ST_2 : Operation 90 [1/1] (0.00ns)   --->   "%store_ln47 = store i16 %pkt_data, i16 %input_6" [C:/Users/LAB2_PC10/Desktop/CHINNA/files/conv2d.cpp:47]   --->   Operation 90 'store' 'store_ln47' <Predicate = (trunc_ln1 == 1 & trunc_ln68 == 1)> <Delay = 0.00>
ST_2 : Operation 91 [1/1] (0.00ns)   --->   "%br_ln68 = br void %.exit" [C:/Users/LAB2_PC10/Desktop/CHINNA/files/conv2d.cpp:68]   --->   Operation 91 'br' 'br_ln68' <Predicate = (trunc_ln1 == 1 & trunc_ln68 == 1)> <Delay = 0.00>
ST_2 : Operation 92 [1/1] (0.00ns)   --->   "%store_ln47 = store i16 %pkt_data, i16 %input_5" [C:/Users/LAB2_PC10/Desktop/CHINNA/files/conv2d.cpp:47]   --->   Operation 92 'store' 'store_ln47' <Predicate = (trunc_ln1 == 1 & trunc_ln68 == 0)> <Delay = 0.00>
ST_2 : Operation 93 [1/1] (0.00ns)   --->   "%br_ln68 = br void %.exit" [C:/Users/LAB2_PC10/Desktop/CHINNA/files/conv2d.cpp:68]   --->   Operation 93 'br' 'br_ln68' <Predicate = (trunc_ln1 == 1 & trunc_ln68 == 0)> <Delay = 0.00>
ST_2 : Operation 94 [1/1] (0.00ns)   --->   "%store_ln47 = store i16 %pkt_data, i16 %input_9" [C:/Users/LAB2_PC10/Desktop/CHINNA/files/conv2d.cpp:47]   --->   Operation 94 'store' 'store_ln47' <Predicate = (trunc_ln1 == 1 & trunc_ln68 != 0 & trunc_ln68 != 1 & trunc_ln68 != 2 & trunc_ln68 != 3)> <Delay = 0.00>
ST_2 : Operation 95 [1/1] (0.00ns)   --->   "%br_ln68 = br void %.exit" [C:/Users/LAB2_PC10/Desktop/CHINNA/files/conv2d.cpp:68]   --->   Operation 95 'br' 'br_ln68' <Predicate = (trunc_ln1 == 1 & trunc_ln68 != 0 & trunc_ln68 != 1 & trunc_ln68 != 2 & trunc_ln68 != 3)> <Delay = 0.00>
ST_2 : Operation 96 [1/1] (0.00ns)   --->   "%store_ln47 = store i16 %pkt_data, i16 %input_3" [C:/Users/LAB2_PC10/Desktop/CHINNA/files/conv2d.cpp:47]   --->   Operation 96 'store' 'store_ln47' <Predicate = (trunc_ln1 == 0 & trunc_ln68 == 3)> <Delay = 0.00>
ST_2 : Operation 97 [1/1] (0.00ns)   --->   "%br_ln68 = br void %.exit" [C:/Users/LAB2_PC10/Desktop/CHINNA/files/conv2d.cpp:68]   --->   Operation 97 'br' 'br_ln68' <Predicate = (trunc_ln1 == 0 & trunc_ln68 == 3)> <Delay = 0.00>
ST_2 : Operation 98 [1/1] (0.00ns)   --->   "%store_ln47 = store i16 %pkt_data, i16 %input_2" [C:/Users/LAB2_PC10/Desktop/CHINNA/files/conv2d.cpp:47]   --->   Operation 98 'store' 'store_ln47' <Predicate = (trunc_ln1 == 0 & trunc_ln68 == 2)> <Delay = 0.00>
ST_2 : Operation 99 [1/1] (0.00ns)   --->   "%br_ln68 = br void %.exit" [C:/Users/LAB2_PC10/Desktop/CHINNA/files/conv2d.cpp:68]   --->   Operation 99 'br' 'br_ln68' <Predicate = (trunc_ln1 == 0 & trunc_ln68 == 2)> <Delay = 0.00>
ST_2 : Operation 100 [1/1] (0.00ns)   --->   "%store_ln47 = store i16 %pkt_data, i16 %input_1" [C:/Users/LAB2_PC10/Desktop/CHINNA/files/conv2d.cpp:47]   --->   Operation 100 'store' 'store_ln47' <Predicate = (trunc_ln1 == 0 & trunc_ln68 == 1)> <Delay = 0.00>
ST_2 : Operation 101 [1/1] (0.00ns)   --->   "%br_ln68 = br void %.exit" [C:/Users/LAB2_PC10/Desktop/CHINNA/files/conv2d.cpp:68]   --->   Operation 101 'br' 'br_ln68' <Predicate = (trunc_ln1 == 0 & trunc_ln68 == 1)> <Delay = 0.00>
ST_2 : Operation 102 [1/1] (0.00ns)   --->   "%store_ln47 = store i16 %pkt_data, i16 %input" [C:/Users/LAB2_PC10/Desktop/CHINNA/files/conv2d.cpp:47]   --->   Operation 102 'store' 'store_ln47' <Predicate = (trunc_ln1 == 0 & trunc_ln68 == 0)> <Delay = 0.00>
ST_2 : Operation 103 [1/1] (0.00ns)   --->   "%br_ln68 = br void %.exit" [C:/Users/LAB2_PC10/Desktop/CHINNA/files/conv2d.cpp:68]   --->   Operation 103 'br' 'br_ln68' <Predicate = (trunc_ln1 == 0 & trunc_ln68 == 0)> <Delay = 0.00>
ST_2 : Operation 104 [1/1] (0.00ns)   --->   "%store_ln47 = store i16 %pkt_data, i16 %input_4" [C:/Users/LAB2_PC10/Desktop/CHINNA/files/conv2d.cpp:47]   --->   Operation 104 'store' 'store_ln47' <Predicate = (trunc_ln1 == 0 & trunc_ln68 != 0 & trunc_ln68 != 1 & trunc_ln68 != 2 & trunc_ln68 != 3)> <Delay = 0.00>
ST_2 : Operation 105 [1/1] (0.00ns)   --->   "%br_ln68 = br void %.exit" [C:/Users/LAB2_PC10/Desktop/CHINNA/files/conv2d.cpp:68]   --->   Operation 105 'br' 'br_ln68' <Predicate = (trunc_ln1 == 0 & trunc_ln68 != 0 & trunc_ln68 != 1 & trunc_ln68 != 2 & trunc_ln68 != 3)> <Delay = 0.00>
ST_2 : Operation 106 [1/1] (0.00ns)   --->   "%store_ln47 = store i16 %pkt_data, i16 %input_23" [C:/Users/LAB2_PC10/Desktop/CHINNA/files/conv2d.cpp:47]   --->   Operation 106 'store' 'store_ln47' <Predicate = (trunc_ln1 != 0 & trunc_ln1 != 1 & trunc_ln1 != 2 & trunc_ln1 != 3 & trunc_ln68 == 3)> <Delay = 0.00>
ST_2 : Operation 107 [1/1] (0.00ns)   --->   "%br_ln68 = br void %.exit" [C:/Users/LAB2_PC10/Desktop/CHINNA/files/conv2d.cpp:68]   --->   Operation 107 'br' 'br_ln68' <Predicate = (trunc_ln1 != 0 & trunc_ln1 != 1 & trunc_ln1 != 2 & trunc_ln1 != 3 & trunc_ln68 == 3)> <Delay = 0.00>
ST_2 : Operation 108 [1/1] (0.00ns)   --->   "%store_ln47 = store i16 %pkt_data, i16 %input_22" [C:/Users/LAB2_PC10/Desktop/CHINNA/files/conv2d.cpp:47]   --->   Operation 108 'store' 'store_ln47' <Predicate = (trunc_ln1 != 0 & trunc_ln1 != 1 & trunc_ln1 != 2 & trunc_ln1 != 3 & trunc_ln68 == 2)> <Delay = 0.00>
ST_2 : Operation 109 [1/1] (0.00ns)   --->   "%br_ln68 = br void %.exit" [C:/Users/LAB2_PC10/Desktop/CHINNA/files/conv2d.cpp:68]   --->   Operation 109 'br' 'br_ln68' <Predicate = (trunc_ln1 != 0 & trunc_ln1 != 1 & trunc_ln1 != 2 & trunc_ln1 != 3 & trunc_ln68 == 2)> <Delay = 0.00>
ST_2 : Operation 110 [1/1] (0.00ns)   --->   "%store_ln47 = store i16 %pkt_data, i16 %input_21" [C:/Users/LAB2_PC10/Desktop/CHINNA/files/conv2d.cpp:47]   --->   Operation 110 'store' 'store_ln47' <Predicate = (trunc_ln1 != 0 & trunc_ln1 != 1 & trunc_ln1 != 2 & trunc_ln1 != 3 & trunc_ln68 == 1)> <Delay = 0.00>
ST_2 : Operation 111 [1/1] (0.00ns)   --->   "%br_ln68 = br void %.exit" [C:/Users/LAB2_PC10/Desktop/CHINNA/files/conv2d.cpp:68]   --->   Operation 111 'br' 'br_ln68' <Predicate = (trunc_ln1 != 0 & trunc_ln1 != 1 & trunc_ln1 != 2 & trunc_ln1 != 3 & trunc_ln68 == 1)> <Delay = 0.00>
ST_2 : Operation 112 [1/1] (0.00ns)   --->   "%store_ln47 = store i16 %pkt_data, i16 %input_20" [C:/Users/LAB2_PC10/Desktop/CHINNA/files/conv2d.cpp:47]   --->   Operation 112 'store' 'store_ln47' <Predicate = (trunc_ln1 != 0 & trunc_ln1 != 1 & trunc_ln1 != 2 & trunc_ln1 != 3 & trunc_ln68 == 0)> <Delay = 0.00>
ST_2 : Operation 113 [1/1] (0.00ns)   --->   "%br_ln68 = br void %.exit" [C:/Users/LAB2_PC10/Desktop/CHINNA/files/conv2d.cpp:68]   --->   Operation 113 'br' 'br_ln68' <Predicate = (trunc_ln1 != 0 & trunc_ln1 != 1 & trunc_ln1 != 2 & trunc_ln1 != 3 & trunc_ln68 == 0)> <Delay = 0.00>
ST_2 : Operation 114 [1/1] (0.00ns)   --->   "%store_ln47 = store i16 %pkt_data, i16 %input_24" [C:/Users/LAB2_PC10/Desktop/CHINNA/files/conv2d.cpp:47]   --->   Operation 114 'store' 'store_ln47' <Predicate = (trunc_ln1 != 0 & trunc_ln1 != 1 & trunc_ln1 != 2 & trunc_ln1 != 3 & trunc_ln68 != 0 & trunc_ln68 != 1 & trunc_ln68 != 2 & trunc_ln68 != 3)> <Delay = 0.00>
ST_2 : Operation 115 [1/1] (0.00ns)   --->   "%br_ln68 = br void %.exit" [C:/Users/LAB2_PC10/Desktop/CHINNA/files/conv2d.cpp:68]   --->   Operation 115 'br' 'br_ln68' <Predicate = (trunc_ln1 != 0 & trunc_ln1 != 1 & trunc_ln1 != 2 & trunc_ln1 != 3 & trunc_ln68 != 0 & trunc_ln68 != 1 & trunc_ln68 != 2 & trunc_ln68 != 3)> <Delay = 0.00>


============================================================
+ Verbose Summary: Timing violations
============================================================
Target clock period: 5.000ns, clock uncertainty: 1.350ns.

 <State 1>: 2.057ns
The critical path consists of the following:
	'store' operation ('store_ln0') of constant 0 5 bit on local variable 'phi_urem' [62]  (0.427 ns)
	'load' operation 5 bit ('phi_urem_load', C:/Users/LAB2_PC10/Desktop/CHINNA/files/conv2d.cpp:47) on local variable 'phi_urem' [65]  (0.000 ns)
	'icmp' operation 1 bit ('icmp_ln47', C:/Users/LAB2_PC10/Desktop/CHINNA/files/conv2d.cpp:47) [168]  (0.789 ns)
	'select' operation 5 bit ('select_ln47', C:/Users/LAB2_PC10/Desktop/CHINNA/files/conv2d.cpp:47) [169]  (0.414 ns)
	'store' operation ('store_ln47', C:/Users/LAB2_PC10/Desktop/CHINNA/files/conv2d.cpp:47) of variable 'select_ln47', C:/Users/LAB2_PC10/Desktop/CHINNA/files/conv2d.cpp:47 5 bit on local variable 'phi_urem' [172]  (0.427 ns)

 <State 2>: 0.079ns
The critical path consists of the following:
	axis read operation ('empty', C:/Users/LAB2_PC10/Desktop/CHINNA/files/conv2d.cpp:59) on port 'in_stream_V_data_V' (C:/Users/LAB2_PC10/Desktop/CHINNA/files/conv2d.cpp:59) [75]  (0.079 ns)
	'store' operation ('store_ln47', C:/Users/LAB2_PC10/Desktop/CHINNA/files/conv2d.cpp:47) of variable 'pkt.data', C:/Users/LAB2_PC10/Desktop/CHINNA/files/conv2d.cpp:59 16 bit on local variable 'input', C:/Users/LAB2_PC10/Desktop/CHINNA/files/conv2d.cpp:47 [107]  (0.000 ns)


============================================================
+ Verbose Summary: Binding
============================================================
N/A
* FSMD analyzer results:
  - Output states:
 - Input state : 
  - Chain level:
	State 1
	State 2


============================================================
+ Verbose Summary: Datapath Resource usage 
============================================================
N/A
