

================================================================
== Vitis HLS Report for 'conv2d_Pipeline_WRITE_OUTPUT'
================================================================
* Date:           Thu Jun 11 15:51:15 2026

* Version:        2025.2 (Build 6295257 on Nov 14 2025)
* Project:        conv2d
* Solution:       hls (Vivado IP Flow Target)
* Product family: zynquplus
* Target device:  xck26-sfvc784-2LV-c


================================================================
== Performance Estimates
================================================================
+ Timing: 
    * Summary: 
    +--------+---------+----------+------------+
    |  Clock |  Target | Estimated| Uncertainty|
    +--------+---------+----------+------------+
    |ap_clk  |  5.00 ns|  2.042 ns|     1.35 ns|
    +--------+---------+----------+------------+

+ Latency: 
    * Summary: 
    +---------+---------+-----------+-----------+-----+-----+-------------------+
    |  Latency (cycles) |   Latency (absolute)  |  Interval |      Pipeline     |
    |   min   |   max   |    min    |    max    | min | max |        Type       |
    +---------+---------+-----------+-----------+-----+-----+-------------------+
    |       11|       11|  55.000 ns|  55.000 ns|    0|    0|  loop pipeline stp|
    +---------+---------+-----------+-----------+-----+-----+-------------------+

    + Detail: 
        * Instance: 
        N/A

        * Loop: 
        +----------------+---------+---------+----------+-----------+-----------+------+----------+
        |                |  Latency (cycles) | Iteration|  Initiation Interval  | Trip |          |
        |    Loop Name   |   min   |   max   |  Latency |  achieved |   target  | Count| Pipelined|
        +----------------+---------+---------+----------+-----------+-----------+------+----------+
        |- WRITE_OUTPUT  |        9|        9|         2|          1|          1|     9|       yes|
        +----------------+---------+---------+----------+-----------+-----------+------+----------+



================================================================
== Utilization Estimates
================================================================
* Summary: 
+-----------------+---------+------+--------+--------+-----+
|       Name      | BRAM_18K|  DSP |   FF   |   LUT  | URAM|
+-----------------+---------+------+--------+--------+-----+
|DSP              |        -|     -|       -|       -|    -|
|Expression       |        -|     -|       0|      83|    -|
|FIFO             |        -|     -|       -|       -|    -|
|Instance         |        -|     -|       0|      36|    -|
|Memory           |        -|     -|       -|       -|    -|
|Multiplexer      |        -|     -|       0|      81|    -|
|Register         |        -|     -|      36|       -|    -|
+-----------------+---------+------+--------+--------+-----+
|Total            |        0|     0|      36|     200|    0|
+-----------------+---------+------+--------+--------+-----+
|Available        |      288|  1248|  234240|  117120|   64|
+-----------------+---------+------+--------+--------+-----+
|Utilization (%)  |        0|     0|      ~0|      ~0|    0|
+-----------------+---------+------+--------+--------+-----+

+ Detail: 
    * Instance: 
    +---------------------------+----------------------+---------+----+---+----+-----+
    |          Instance         |        Module        | BRAM_18K| DSP| FF| LUT| URAM|
    +---------------------------+----------------------+---------+----+---+----+-----+
    |sparsemux_7_2_16_1_1_U122  |sparsemux_7_2_16_1_1  |        0|   0|  0|   9|    0|
    |sparsemux_7_2_16_1_1_U123  |sparsemux_7_2_16_1_1  |        0|   0|  0|   9|    0|
    |sparsemux_7_2_16_1_1_U124  |sparsemux_7_2_16_1_1  |        0|   0|  0|   9|    0|
    |sparsemux_7_2_16_1_1_U125  |sparsemux_7_2_16_1_1  |        0|   0|  0|   9|    0|
    +---------------------------+----------------------+---------+----+---+----+-----+
    |Total                      |                      |        0|   0|  0|  36|    0|
    +---------------------------+----------------------+---------+----+---+----+-----+

    * DSP: 
    N/A

    * Memory: 
    N/A

    * FIFO: 
    N/A

    * Expression: 
    +--------------------------------+----------+----+---+----+------------+------------+
    |          Variable Name         | Operation| DSP| FF| LUT| Bitwidth P0| Bitwidth P1|
    +--------------------------------+----------+----+---+----+------------+------------+
    |add_ln110_fu_212_p2             |         +|   0|  0|  12|           4|           1|
    |add_ln113_fu_232_p2             |         +|   0|  0|  15|           8|           5|
    |i_fu_200_p2                     |         +|   0|  0|  12|           4|           1|
    |ap_block_pp0_stage0_01001_grp1  |       and|   0|  0|   2|           1|           1|
    |icmp_ln109_fu_194_p2            |      icmp|   0|  0|  12|           4|           4|
    |icmp_ln110_fu_218_p2            |      icmp|   0|  0|  12|           4|           2|
    |icmp_ln118_fu_332_p2            |      icmp|   0|  0|  12|           4|           5|
    |select_ln110_fu_224_p3          |    select|   0|  0|   4|           1|           1|
    |ap_enable_pp0                   |       xor|   0|  0|   2|           1|           2|
    +--------------------------------+----------+----+---+----+------------+------------+
    |Total                           |          |   0|  0|  83|          31|          22|
    +--------------------------------+----------+----+---+----+------------+------------+

    * Multiplexer: 
    +----------------------------------+----+-----------+-----+-----------+
    |               Name               | LUT| Input Size| Bits| Total Bits|
    +----------------------------------+----+-----------+-----+-----------+
    |ap_done_int                       |   9|          2|    1|          2|
    |ap_enable_reg_pp0_iter1           |   9|          2|    1|          2|
    |ap_sig_allocacmp_i_1              |   9|          2|    4|          8|
    |ap_sig_allocacmp_phi_mul22_load   |   9|          2|    8|         16|
    |ap_sig_allocacmp_phi_urem24_load  |   9|          2|    4|          8|
    |out_stream_TDATA_blk_n            |   9|          2|    1|          2|
    |phi_mul22_fu_96                   |   9|          2|    8|         16|
    |phi_urem24_fu_92                  |   9|          2|    4|          8|
    |rem_fu_100                        |   9|          2|    4|          8|
    +----------------------------------+----+-----------+-----+-----------+
    |Total                             |  81|         18|   35|         70|
    +----------------------------------+----+-----------+-----+-----------+

    * Register: 
    +-------------------------+----+----+-----+-----------+
    |           Name          | FF | LUT| Bits| Const Bits|
    +-------------------------+----+----+-----+-----------+
    |ap_CS_fsm                |   1|   0|    1|          0|
    |ap_done_reg              |   1|   0|    1|          0|
    |ap_enable_reg_pp0_iter1  |   1|   0|    1|          0|
    |icmp_ln118_reg_382       |   1|   0|    1|          0|
    |p_0_reg_377              |  16|   0|   16|          0|
    |phi_mul22_fu_96          |   8|   0|    8|          0|
    |phi_urem24_fu_92         |   4|   0|    4|          0|
    |rem_fu_100               |   4|   0|    4|          0|
    +-------------------------+----+----+-----+-----------+
    |Total                    |  36|   0|   36|          0|
    +-------------------------+----+----+-----+-----------+



================================================================
== Interface
================================================================
* Summary: 
+-------------------+-----+-----+------------+------------------------------+--------------+
|     RTL Ports     | Dir | Bits|  Protocol  |         Source Object        |    C Type    |
+-------------------+-----+-----+------------+------------------------------+--------------+
|ap_clk             |   in|    1|  ap_ctrl_hs|  conv2d_Pipeline_WRITE_OUTPUT|  return value|
|ap_rst             |   in|    1|  ap_ctrl_hs|  conv2d_Pipeline_WRITE_OUTPUT|  return value|
|ap_start           |   in|    1|  ap_ctrl_hs|  conv2d_Pipeline_WRITE_OUTPUT|  return value|
|ap_done            |  out|    1|  ap_ctrl_hs|  conv2d_Pipeline_WRITE_OUTPUT|  return value|
|ap_idle            |  out|    1|  ap_ctrl_hs|  conv2d_Pipeline_WRITE_OUTPUT|  return value|
|ap_ready           |  out|    1|  ap_ctrl_hs|  conv2d_Pipeline_WRITE_OUTPUT|  return value|
|out_stream_TREADY  |   in|    1|        axis|           out_stream_V_data_V|       pointer|
|out_stream_TDATA   |  out|   16|        axis|           out_stream_V_data_V|       pointer|
|output_reload      |   in|   16|     ap_none|                 output_reload|        scalar|
|output_1_reload    |   in|   16|     ap_none|               output_1_reload|        scalar|
|output_2_reload    |   in|   16|     ap_none|               output_2_reload|        scalar|
|output_3_reload    |   in|   16|     ap_none|               output_3_reload|        scalar|
|output_4_reload    |   in|   16|     ap_none|               output_4_reload|        scalar|
|output_5_reload    |   in|   16|     ap_none|               output_5_reload|        scalar|
|output_6_reload    |   in|   16|     ap_none|               output_6_reload|        scalar|
|output_7_reload    |   in|   16|     ap_none|               output_7_reload|        scalar|
|output_8_reload    |   in|   16|     ap_none|               output_8_reload|        scalar|
|out_stream_TVALID  |  out|    1|        axis|           out_stream_V_last_V|       pointer|
|out_stream_TLAST   |  out|    1|        axis|           out_stream_V_last_V|       pointer|
|out_stream_TKEEP   |  out|    2|        axis|           out_stream_V_keep_V|       pointer|
|out_stream_TSTRB   |  out|    2|        axis|           out_stream_V_strb_V|       pointer|
+-------------------+-----+-----+------------+------------------------------+--------------+

============================================================
+ Verbose Summary: Synthesis Manager
============================================================
InlineROM: 1
ExposeGlobal: 0
============================================================
+ Verbose Summary: CDFG Model
============================================================
IsTopModel: 0
ResetActiveHigh: 1
IsCombinational: 2
IsDatapathOnly: 2
HasWiredReturn: 1
HasMFsm: 2
HasVarLatency: 1
IsPipeline: 0
IsRtlPipelined: 0
IsInstanceOverlapped: 0
IsDontTouch: 0
HasImplIP: 0
IsGatedGlobalClock: 0

+ Individual pipeline summary: 
  * Pipeline-0: initiation interval (II) = 1, depth = 2


============================================================
+ Verbose Summary: Schedule
============================================================
* Number of FSM states : 2
* Pipeline : 1
  Pipeline-0 : II = 1, D = 2, States = { 1 2 }
* Dataflow Pipeline: 0

* FSM state transitions: 
1 --> 2 
2 --> 

* FSM state operations: 

State 1 <SV = 0> <Delay = 2.04>
ST_1 : Operation 5 [1/1] (0.00ns)   --->   "%phi_urem24 = alloca i32 1"   --->   Operation 5 'alloca' 'phi_urem24' <Predicate = true> <Delay = 0.00>
ST_1 : Operation 6 [1/1] (0.00ns)   --->   "%phi_mul22 = alloca i32 1"   --->   Operation 6 'alloca' 'phi_mul22' <Predicate = true> <Delay = 0.00>
ST_1 : Operation 7 [1/1] (0.00ns)   --->   "%rem = alloca i32 1" [C:/Users/LAB2_PC10/Desktop/CHINNA/files/conv2d.cpp:112]   --->   Operation 7 'alloca' 'rem' <Predicate = true> <Delay = 0.00>
ST_1 : Operation 8 [1/1] (0.00ns)   --->   "%specaxissidechannel_ln0 = specaxissidechannel void @_ssdm_op_SpecAXISSideChannel, i16 %out_stream_V_data_V, i2 %out_stream_V_keep_V, i2 %out_stream_V_strb_V, i1 0, i1 %out_stream_V_last_V, i1 0, i1 0, void @empty_3"   --->   Operation 8 'specaxissidechannel' 'specaxissidechannel_ln0' <Predicate = true> <Delay = 0.00>
ST_1 : Operation 9 [1/1] (0.00ns)   --->   "%specinterface_ln0 = specinterface void @_ssdm_op_SpecInterface, i1 %out_stream_V_last_V, i2 %out_stream_V_strb_V, i2 %out_stream_V_keep_V, i16 %out_stream_V_data_V, void @empty, i32 0, i32 0, void @empty_0, i32 0, i32 0, void @empty_1, void @empty_1, void @empty_1, i32 0, i32 0, i32 0, i32 0, void @empty_1, void @empty_1, i32 4294967295, i32 0, i32 0, i32 0"   --->   Operation 9 'specinterface' 'specinterface_ln0' <Predicate = true> <Delay = 0.00>
ST_1 : Operation 10 [1/1] (0.00ns)   --->   "%output_8_reload_read = read i16 @_ssdm_op_Read.ap_auto.i16, i16 %output_8_reload"   --->   Operation 10 'read' 'output_8_reload_read' <Predicate = true> <Delay = 0.00>
ST_1 : Operation 11 [1/1] (0.00ns)   --->   "%output_7_reload_read = read i16 @_ssdm_op_Read.ap_auto.i16, i16 %output_7_reload"   --->   Operation 11 'read' 'output_7_reload_read' <Predicate = true> <Delay = 0.00>
ST_1 : Operation 12 [1/1] (0.00ns)   --->   "%output_6_reload_read = read i16 @_ssdm_op_Read.ap_auto.i16, i16 %output_6_reload"   --->   Operation 12 'read' 'output_6_reload_read' <Predicate = true> <Delay = 0.00>
ST_1 : Operation 13 [1/1] (0.00ns)   --->   "%output_5_reload_read = read i16 @_ssdm_op_Read.ap_auto.i16, i16 %output_5_reload"   --->   Operation 13 'read' 'output_5_reload_read' <Predicate = true> <Delay = 0.00>
ST_1 : Operation 14 [1/1] (0.00ns)   --->   "%output_4_reload_read = read i16 @_ssdm_op_Read.ap_auto.i16, i16 %output_4_reload"   --->   Operation 14 'read' 'output_4_reload_read' <Predicate = true> <Delay = 0.00>
ST_1 : Operation 15 [1/1] (0.00ns)   --->   "%output_3_reload_read = read i16 @_ssdm_op_Read.ap_auto.i16, i16 %output_3_reload"   --->   Operation 15 'read' 'output_3_reload_read' <Predicate = true> <Delay = 0.00>
ST_1 : Operation 16 [1/1] (0.00ns)   --->   "%output_2_reload_read = read i16 @_ssdm_op_Read.ap_auto.i16, i16 %output_2_reload"   --->   Operation 16 'read' 'output_2_reload_read' <Predicate = true> <Delay = 0.00>
ST_1 : Operation 17 [1/1] (0.00ns)   --->   "%output_1_reload_read = read i16 @_ssdm_op_Read.ap_auto.i16, i16 %output_1_reload"   --->   Operation 17 'read' 'output_1_reload_read' <Predicate = true> <Delay = 0.00>
ST_1 : Operation 18 [1/1] (0.00ns)   --->   "%output_reload_read = read i16 @_ssdm_op_Read.ap_auto.i16, i16 %output_reload"   --->   Operation 18 'read' 'output_reload_read' <Predicate = true> <Delay = 0.00>
ST_1 : Operation 19 [1/1] (0.42ns)   --->   "%store_ln112 = store i4 0, i4 %rem" [C:/Users/LAB2_PC10/Desktop/CHINNA/files/conv2d.cpp:112]   --->   Operation 19 'store' 'store_ln112' <Predicate = true> <Delay = 0.42>
ST_1 : Operation 20 [1/1] (0.42ns)   --->   "%store_ln0 = store i8 0, i8 %phi_mul22"   --->   Operation 20 'store' 'store_ln0' <Predicate = true> <Delay = 0.42>
ST_1 : Operation 21 [1/1] (0.42ns)   --->   "%store_ln0 = store i4 0, i4 %phi_urem24"   --->   Operation 21 'store' 'store_ln0' <Predicate = true> <Delay = 0.42>
ST_1 : Operation 22 [1/1] (0.00ns)   --->   "%br_ln0 = br void %for.inc137"   --->   Operation 22 'br' 'br_ln0' <Predicate = true> <Delay = 0.00>
ST_1 : Operation 23 [1/1] (0.00ns)   --->   "%i_1 = load i4 %rem" [C:/Users/LAB2_PC10/Desktop/CHINNA/files/conv2d.cpp:109]   --->   Operation 23 'load' 'i_1' <Predicate = true> <Delay = 0.00>
ST_1 : Operation 24 [1/1] (0.79ns)   --->   "%icmp_ln109 = icmp_eq  i4 %i_1, i4 9" [C:/Users/LAB2_PC10/Desktop/CHINNA/files/conv2d.cpp:109]   --->   Operation 24 'icmp' 'icmp_ln109' <Predicate = true> <Delay = 0.79> <CoreInst = "Cmp">   --->   Core 9 'Cmp' <Latency = 0> <II = 1> <Delay = 0.79> <FuncUnit> <Opcode : 'seteq' 'setne' 'setle' 'setge' 'setlt' 'setgt'> <InPorts = 2> <OutPorts = 1>
ST_1 : Operation 25 [1/1] (0.79ns)   --->   "%i = add i4 %i_1, i4 1" [C:/Users/LAB2_PC10/Desktop/CHINNA/files/conv2d.cpp:109]   --->   Operation 25 'add' 'i' <Predicate = true> <Delay = 0.79> <CoreInst = "Adder">   --->   Core 1 'Adder' <Latency = 0> <II = 1> <Delay = 0.79> <FuncUnit> <Opcode : 'add' 'sub'> <InPorts = 2> <OutPorts = 1>
ST_1 : Operation 26 [1/1] (0.00ns)   --->   "%br_ln109 = br i1 %icmp_ln109, void %for.inc137.split, void %for.end139.exitStub" [C:/Users/LAB2_PC10/Desktop/CHINNA/files/conv2d.cpp:109]   --->   Operation 26 'br' 'br_ln109' <Predicate = true> <Delay = 0.00>
ST_1 : Operation 27 [1/1] (0.00ns)   --->   "%phi_urem24_load = load i4 %phi_urem24" [C:/Users/LAB2_PC10/Desktop/CHINNA/files/conv2d.cpp:110]   --->   Operation 27 'load' 'phi_urem24_load' <Predicate = (!icmp_ln109)> <Delay = 0.00>
ST_1 : Operation 28 [1/1] (0.00ns)   --->   "%phi_mul22_load = load i8 %phi_mul22" [C:/Users/LAB2_PC10/Desktop/CHINNA/files/conv2d.cpp:113]   --->   Operation 28 'load' 'phi_mul22_load' <Predicate = (!icmp_ln109)> <Delay = 0.00>
ST_1 : Operation 29 [1/1] (0.79ns)   --->   "%add_ln110 = add i4 %phi_urem24_load, i4 1" [C:/Users/LAB2_PC10/Desktop/CHINNA/files/conv2d.cpp:110]   --->   Operation 29 'add' 'add_ln110' <Predicate = (!icmp_ln109)> <Delay = 0.79> <CoreInst = "Adder">   --->   Core 1 'Adder' <Latency = 0> <II = 1> <Delay = 0.79> <FuncUnit> <Opcode : 'add' 'sub'> <InPorts = 2> <OutPorts = 1>
ST_1 : Operation 30 [1/1] (0.79ns)   --->   "%icmp_ln110 = icmp_eq  i4 %phi_urem24_load, i4 2" [C:/Users/LAB2_PC10/Desktop/CHINNA/files/conv2d.cpp:110]   --->   Operation 30 'icmp' 'icmp_ln110' <Predicate = (!icmp_ln109)> <Delay = 0.79> <CoreInst = "Cmp">   --->   Core 9 'Cmp' <Latency = 0> <II = 1> <Delay = 0.79> <FuncUnit> <Opcode : 'seteq' 'setne' 'setle' 'setge' 'setlt' 'setgt'> <InPorts = 2> <OutPorts = 1>
ST_1 : Operation 31 [1/1] (0.39ns)   --->   "%select_ln110 = select i1 %icmp_ln110, i4 0, i4 %add_ln110" [C:/Users/LAB2_PC10/Desktop/CHINNA/files/conv2d.cpp:110]   --->   Operation 31 'select' 'select_ln110' <Predicate = (!icmp_ln109)> <Delay = 0.39> <CoreInst = "Sel">   --->   Core 73 'Sel' <Latency = 0> <II = 1> <Delay = 0.39> <FuncUnit> <Opcode : 'select'> <InPorts = 3> <OutPorts = 1>
ST_1 : Operation 32 [1/1] (0.76ns)   --->   "%add_ln113 = add i8 %phi_mul22_load, i8 22" [C:/Users/LAB2_PC10/Desktop/CHINNA/files/conv2d.cpp:113]   --->   Operation 32 'add' 'add_ln113' <Predicate = (!icmp_ln109)> <Delay = 0.76> <CoreInst = "Adder">   --->   Core 1 'Adder' <Latency = 0> <II = 1> <Delay = 0.76> <FuncUnit> <Opcode : 'add' 'sub'> <InPorts = 2> <OutPorts = 1>
ST_1 : Operation 33 [1/1] (0.00ns)   --->   "%trunc_ln6 = partselect i2 @_ssdm_op_PartSelect.i2.i8.i32.i32, i8 %phi_mul22_load, i32 6, i32 7" [C:/Users/LAB2_PC10/Desktop/CHINNA/files/conv2d.cpp:113]   --->   Operation 33 'partselect' 'trunc_ln6' <Predicate = (!icmp_ln109)> <Delay = 0.00>
ST_1 : Operation 34 [1/1] (0.00ns)   --->   "%trunc_ln116 = trunc i4 %phi_urem24_load" [C:/Users/LAB2_PC10/Desktop/CHINNA/files/conv2d.cpp:116]   --->   Operation 34 'trunc' 'trunc_ln116' <Predicate = (!icmp_ln109)> <Delay = 0.00>
ST_1 : Operation 35 [1/1] (0.42ns)   --->   "%tmp = sparsemux i16 @_ssdm_op_SparseMux.ap_auto.3i16.i16.i2, i2 0, i16 %output_reload_read, i2 1, i16 %output_1_reload_read, i2 2, i16 %output_2_reload_read, i16 0, i2 %trunc_ln116" [C:/Users/LAB2_PC10/Desktop/CHINNA/files/conv2d.cpp:116]   --->   Operation 35 'sparsemux' 'tmp' <Predicate = (!icmp_ln109)> <Delay = 0.42> <CoreInst = "OneHotSparseMux_HasDef">   --->   Core 152 'OneHotSparseMux_HasDef' <Latency = 0> <II = 1> <Delay = 0.42> <FuncUnit> <Opcode : 'sparsemux'> <InPorts = 2> <OutPorts = 1>
ST_1 : Operation 36 [1/1] (0.42ns)   --->   "%tmp_1 = sparsemux i16 @_ssdm_op_SparseMux.ap_auto.3i16.i16.i2, i2 0, i16 %output_3_reload_read, i2 1, i16 %output_4_reload_read, i2 2, i16 %output_5_reload_read, i16 0, i2 %trunc_ln116" [C:/Users/LAB2_PC10/Desktop/CHINNA/files/conv2d.cpp:116]   --->   Operation 36 'sparsemux' 'tmp_1' <Predicate = (!icmp_ln109)> <Delay = 0.42> <CoreInst = "OneHotSparseMux_HasDef">   --->   Core 152 'OneHotSparseMux_HasDef' <Latency = 0> <II = 1> <Delay = 0.42> <FuncUnit> <Opcode : 'sparsemux'> <InPorts = 2> <OutPorts = 1>
ST_1 : Operation 37 [1/1] (0.42ns)   --->   "%tmp_2 = sparsemux i16 @_ssdm_op_SparseMux.ap_auto.3i16.i16.i2, i2 0, i16 %output_6_reload_read, i2 1, i16 %output_7_reload_read, i2 2, i16 %output_8_reload_read, i16 0, i2 %trunc_ln116" [C:/Users/LAB2_PC10/Desktop/CHINNA/files/conv2d.cpp:116]   --->   Operation 37 'sparsemux' 'tmp_2' <Predicate = (!icmp_ln109)> <Delay = 0.42> <CoreInst = "OneHotSparseMux_HasDef">   --->   Core 152 'OneHotSparseMux_HasDef' <Latency = 0> <II = 1> <Delay = 0.42> <FuncUnit> <Opcode : 'sparsemux'> <InPorts = 2> <OutPorts = 1>
ST_1 : Operation 38 [1/1] (0.42ns)   --->   "%p_0 = sparsemux i16 @_ssdm_op_SparseMux.ap_auto.3i16.i16.i2, i2 0, i16 %tmp, i2 1, i16 %tmp_1, i2 2, i16 %tmp_2, i16 0, i2 %trunc_ln6" [C:/Users/LAB2_PC10/Desktop/CHINNA/files/conv2d.cpp:116]   --->   Operation 38 'sparsemux' 'p_0' <Predicate = (!icmp_ln109)> <Delay = 0.42> <CoreInst = "OneHotSparseMux_HasDef">   --->   Core 152 'OneHotSparseMux_HasDef' <Latency = 0> <II = 1> <Delay = 0.42> <FuncUnit> <Opcode : 'sparsemux'> <InPorts = 2> <OutPorts = 1>
ST_1 : Operation 39 [1/1] (0.79ns)   --->   "%icmp_ln118 = icmp_eq  i4 %i_1, i4 8" [C:/Users/LAB2_PC10/Desktop/CHINNA/files/conv2d.cpp:118]   --->   Operation 39 'icmp' 'icmp_ln118' <Predicate = (!icmp_ln109)> <Delay = 0.79> <CoreInst = "Cmp">   --->   Core 9 'Cmp' <Latency = 0> <II = 1> <Delay = 0.78> <FuncUnit> <Opcode : 'seteq' 'setne' 'setle' 'setge' 'setlt' 'setgt'> <InPorts = 2> <OutPorts = 1>
ST_1 : Operation 40 [1/1] (0.42ns)   --->   "%store_ln112 = store i4 %i, i4 %rem" [C:/Users/LAB2_PC10/Desktop/CHINNA/files/conv2d.cpp:112]   --->   Operation 40 'store' 'store_ln112' <Predicate = (!icmp_ln109)> <Delay = 0.42>
ST_1 : Operation 41 [1/1] (0.42ns)   --->   "%store_ln113 = store i8 %add_ln113, i8 %phi_mul22" [C:/Users/LAB2_PC10/Desktop/CHINNA/files/conv2d.cpp:113]   --->   Operation 41 'store' 'store_ln113' <Predicate = (!icmp_ln109)> <Delay = 0.42>
ST_1 : Operation 42 [1/1] (0.42ns)   --->   "%store_ln110 = store i4 %select_ln110, i4 %phi_urem24" [C:/Users/LAB2_PC10/Desktop/CHINNA/files/conv2d.cpp:110]   --->   Operation 42 'store' 'store_ln110' <Predicate = (!icmp_ln109)> <Delay = 0.42>
ST_1 : Operation 48 [1/1] (0.42ns)   --->   "%ret_ln0 = ret"   --->   Operation 48 'ret' 'ret_ln0' <Predicate = (icmp_ln109)> <Delay = 0.42>

State 2 <SV = 1> <Delay = 0.45>
ST_2 : Operation 43 [1/1] (0.00ns)   --->   "%specpipeline_ln110 = specpipeline void @_ssdm_op_SpecPipeline, i32 1, i32 0, i32 0, i32 0, i32 4294967295, void @empty_1" [C:/Users/LAB2_PC10/Desktop/CHINNA/files/conv2d.cpp:110]   --->   Operation 43 'specpipeline' 'specpipeline_ln110' <Predicate = true> <Delay = 0.00>
ST_2 : Operation 44 [1/1] (0.00ns)   --->   "%speclooptripcount_ln109 = speclooptripcount void @_ssdm_op_SpecLoopTripCount, i64 9, i64 9, i64 9" [C:/Users/LAB2_PC10/Desktop/CHINNA/files/conv2d.cpp:109]   --->   Operation 44 'speclooptripcount' 'speclooptripcount_ln109' <Predicate = true> <Delay = 0.00>
ST_2 : Operation 45 [1/1] (0.00ns)   --->   "%specloopname_ln109 = specloopname void @_ssdm_op_SpecLoopName, void @empty_7" [C:/Users/LAB2_PC10/Desktop/CHINNA/files/conv2d.cpp:109]   --->   Operation 45 'specloopname' 'specloopname_ln109' <Predicate = true> <Delay = 0.00>
ST_2 : Operation 46 [1/1] ( I:0.45ns O:0.45ns )   --->   "%write_ln119 = write void @_ssdm_op_Write.axis.volatile.i16P0A.i2P0A.i2P0A.i1P0A, i16 %out_stream_V_data_V, i2 %out_stream_V_keep_V, i2 %out_stream_V_strb_V, i1 %out_stream_V_last_V, i16 %p_0, i2 3, i2 3, i1 %icmp_ln118" [C:/Users/LAB2_PC10/Desktop/CHINNA/files/conv2d.cpp:119]   --->   Operation 46 'write' 'write_ln119' <Predicate = true> <Delay = 0.45> <CoreInst = "regslice">   --->   Core 147 'regslice' <Latency = 0> <II = 1> <Delay = 0.59> <Adapter> <Opcode : 'read' 'write'>
ST_2 : Operation 47 [1/1] (0.00ns)   --->   "%br_ln109 = br void %for.inc137" [C:/Users/LAB2_PC10/Desktop/CHINNA/files/conv2d.cpp:109]   --->   Operation 47 'br' 'br_ln109' <Predicate = true> <Delay = 0.00>


============================================================
+ Verbose Summary: Binding
============================================================
STG Binding: 
---------------- STG Properties BEGIN ----------------
- Is combinational: 0
- Is one-state seq: 0
- Is datapath-only: 0
- Is pipelined: 0
- Is top level: 0
Port [ Return ] is wired: 1; IO mode=ap_ctrl_hs:ce=0
Port [ output_reload]:  wired=1; compound=0; hidden=0; nouse=0; global=0; static=0; extern=0; dir=0; type=0; pingpong=0; private_global=0; IO mode=ap_none:ce=0
Port [ output_1_reload]:  wired=1; compound=0; hidden=0; nouse=0; global=0; static=0; extern=0; dir=0; type=0; pingpong=0; private_global=0; IO mode=ap_none:ce=0
Port [ output_2_reload]:  wired=1; compound=0; hidden=0; nouse=0; global=0; static=0; extern=0; dir=0; type=0; pingpong=0; private_global=0; IO mode=ap_none:ce=0
Port [ output_3_reload]:  wired=1; compound=0; hidden=0; nouse=0; global=0; static=0; extern=0; dir=0; type=0; pingpong=0; private_global=0; IO mode=ap_none:ce=0
Port [ output_4_reload]:  wired=1; compound=0; hidden=0; nouse=0; global=0; static=0; extern=0; dir=0; type=0; pingpong=0; private_global=0; IO mode=ap_none:ce=0
Port [ output_5_reload]:  wired=1; compound=0; hidden=0; nouse=0; global=0; static=0; extern=0; dir=0; type=0; pingpong=0; private_global=0; IO mode=ap_none:ce=0
Port [ output_6_reload]:  wired=1; compound=0; hidden=0; nouse=0; global=0; static=0; extern=0; dir=0; type=0; pingpong=0; private_global=0; IO mode=ap_none:ce=0
Port [ output_7_reload]:  wired=1; compound=0; hidden=0; nouse=0; global=0; static=0; extern=0; dir=0; type=0; pingpong=0; private_global=0; IO mode=ap_none:ce=0
Port [ output_8_reload]:  wired=1; compound=0; hidden=0; nouse=0; global=0; static=0; extern=0; dir=0; type=0; pingpong=0; private_global=0; IO mode=ap_none:ce=0
Port [ out_stream_V_data_V]:  wired=1; compound=1; hidden=0; nouse=0; global=0; static=0; extern=0; dir=1; type=0; pingpong=0; private_global=0; IO mode=axis:ce=0
Port [ out_stream_V_keep_V]:  wired=1; compound=1; hidden=0; nouse=0; global=0; static=0; extern=0; dir=1; type=0; pingpong=0; private_global=0; IO mode=axis:ce=0
Port [ out_stream_V_strb_V]:  wired=1; compound=1; hidden=0; nouse=0; global=0; static=0; extern=0; dir=1; type=0; pingpong=0; private_global=0; IO mode=axis:ce=0
Port [ out_stream_V_last_V]:  wired=1; compound=1; hidden=0; nouse=0; global=0; static=0; extern=0; dir=1; type=0; pingpong=0; private_global=0; IO mode=axis:ce=0
---------------- STG Properties END ------------------

---------------- Datapath Model BEGIN ----------------

<LifeTime>
<method=bitvector/>
phi_urem24              (alloca             ) [ 010]
phi_mul22               (alloca             ) [ 010]
rem                     (alloca             ) [ 010]
specaxissidechannel_ln0 (specaxissidechannel) [ 000]
specinterface_ln0       (specinterface      ) [ 000]
output_8_reload_read    (read               ) [ 000]
output_7_reload_read    (read               ) [ 000]
output_6_reload_read    (read               ) [ 000]
output_5_reload_read    (read               ) [ 000]
output_4_reload_read    (read               ) [ 000]
output_3_reload_read    (read               ) [ 000]
output_2_reload_read    (read               ) [ 000]
output_1_reload_read    (read               ) [ 000]
output_reload_read      (read               ) [ 000]
store_ln112             (store              ) [ 000]
store_ln0               (store              ) [ 000]
store_ln0               (store              ) [ 000]
br_ln0                  (br                 ) [ 000]
i_1                     (load               ) [ 000]
icmp_ln109              (icmp               ) [ 010]
i                       (add                ) [ 000]
br_ln109                (br                 ) [ 000]
phi_urem24_load         (load               ) [ 000]
phi_mul22_load          (load               ) [ 000]
add_ln110               (add                ) [ 000]
icmp_ln110              (icmp               ) [ 000]
select_ln110            (select             ) [ 000]
add_ln113               (add                ) [ 000]
trunc_ln6               (partselect         ) [ 000]
trunc_ln116             (trunc              ) [ 000]
tmp                     (sparsemux          ) [ 000]
tmp_1                   (sparsemux          ) [ 000]
tmp_2                   (sparsemux          ) [ 000]
p_0                     (sparsemux          ) [ 011]
icmp_ln118              (icmp               ) [ 011]
store_ln112             (store              ) [ 000]
store_ln113             (store              ) [ 000]
store_ln110             (store              ) [ 000]
specpipeline_ln110      (specpipeline       ) [ 000]
speclooptripcount_ln109 (speclooptripcount  ) [ 000]
specloopname_ln109      (specloopname       ) [ 000]
write_ln119             (write              ) [ 000]
br_ln109                (br                 ) [ 000]
ret_ln0                 (ret                ) [ 000]
</LifeTime>

<model>

<comp_list>
<comp id="0" class="1000" name="output_reload">
<pin_list>
<pin id="1" dir="1" index="0" bw="1" slack="0"/>
</pin_list>
<bind>
<StgValue><ssdm name="output_reload"/></StgValue>
</bind>
</comp>

<comp id="2" class="1000" name="output_1_reload">
<pin_list>
<pin id="3" dir="1" index="0" bw="1" slack="0"/>
</pin_list>
<bind>
<StgValue><ssdm name="output_1_reload"/></StgValue>
</bind>
</comp>

<comp id="4" class="1000" name="output_2_reload">
<pin_list>
<pin id="5" dir="1" index="0" bw="1" slack="0"/>
</pin_list>
<bind>
<StgValue><ssdm name="output_2_reload"/></StgValue>
</bind>
</comp>

<comp id="6" class="1000" name="output_3_reload">
<pin_list>
<pin id="7" dir="1" index="0" bw="1" slack="0"/>
</pin_list>
<bind>
<StgValue><ssdm name="output_3_reload"/></StgValue>
</bind>
</comp>

<comp id="8" class="1000" name="output_4_reload">
<pin_list>
<pin id="9" dir="1" index="0" bw="1" slack="0"/>
</pin_list>
<bind>
<StgValue><ssdm name="output_4_reload"/></StgValue>
</bind>
</comp>

<comp id="10" class="1000" name="output_5_reload">
<pin_list>
<pin id="11" dir="1" index="0" bw="1" slack="0"/>
</pin_list>
<bind>
<StgValue><ssdm name="output_5_reload"/></StgValue>
</bind>
</comp>

<comp id="12" class="1000" name="output_6_reload">
<pin_list>
<pin id="13" dir="1" index="0" bw="1" slack="0"/>
</pin_list>
<bind>
<StgValue><ssdm name="output_6_reload"/></StgValue>
</bind>
</comp>

<comp id="14" class="1000" name="output_7_reload">
<pin_list>
<pin id="15" dir="1" index="0" bw="1" slack="0"/>
</pin_list>
<bind>
<StgValue><ssdm name="output_7_reload"/></StgValue>
</bind>
</comp>

<comp id="16" class="1000" name="output_8_reload">
<pin_list>
<pin id="17" dir="1" index="0" bw="1" slack="0"/>
</pin_list>
<bind>
<StgValue><ssdm name="output_8_reload"/></StgValue>
</bind>
</comp>

<comp id="18" class="1000" name="out_stream_V_data_V">
<pin_list>
<pin id="19" dir="1" index="0" bw="1" slack="0"/>
</pin_list>
<bind>
<StgValue><ssdm name="out_stream_V_data_V"/></StgValue>
</bind>
</comp>

<comp id="20" class="1000" name="out_stream_V_keep_V">
<pin_list>
<pin id="21" dir="1" index="0" bw="1" slack="0"/>
</pin_list>
<bind>
<StgValue><ssdm name="out_stream_V_keep_V"/></StgValue>
</bind>
</comp>

<comp id="22" class="1000" name="out_stream_V_strb_V">
<pin_list>
<pin id="23" dir="1" index="0" bw="1" slack="0"/>
</pin_list>
<bind>
<StgValue><ssdm name="out_stream_V_strb_V"/></StgValue>
</bind>
</comp>

<comp id="24" class="1000" name="out_stream_V_last_V">
<pin_list>
<pin id="25" dir="1" index="0" bw="1" slack="0"/>
</pin_list>
<bind>
<StgValue><ssdm name="out_stream_V_last_V"/></StgValue>
</bind>
</comp>

<comp id="26" class="1001" name="const_26">
<pin_list>
<pin id="27" dir="1" index="0" bw="1" slack="0"/>
</pin_list>
<bind>
<StgValue><ssdm name=""/></StgValue>
</bind>
</comp>

<comp id="28" class="1001" name="const_28">
<pin_list>
<pin id="29" dir="1" index="0" bw="1" slack="2147483647"/>
</pin_list>
<bind>
<StgValue><ssdm name="_ssdm_op_SpecAXISSideChannel"/></StgValue>
</bind>
</comp>

<comp id="30" class="1001" name="const_30">
<pin_list>
<pin id="31" dir="1" index="0" bw="1" slack="2147483647"/>
</pin_list>
<bind>
<StgValue><ssdm name=""/></StgValue>
</bind>
</comp>

<comp id="32" class="1001" name="const_32">
<pin_list>
<pin id="33" dir="1" index="0" bw="1" slack="2147483647"/>
</pin_list>
<bind>
<StgValue><ssdm name="empty_3"/></StgValue>
</bind>
</comp>

<comp id="34" class="1001" name="const_34">
<pin_list>
<pin id="35" dir="1" index="0" bw="1" slack="2147483647"/>
</pin_list>
<bind>
<StgValue><ssdm name="_ssdm_op_SpecInterface"/></StgValue>
</bind>
</comp>

<comp id="36" class="1001" name="const_36">
<pin_list>
<pin id="37" dir="1" index="0" bw="1" slack="2147483647"/>
</pin_list>
<bind>
<StgValue><ssdm name="empty"/></StgValue>
</bind>
</comp>

<comp id="38" class="1001" name="const_38">
<pin_list>
<pin id="39" dir="1" index="0" bw="1" slack="2147483647"/>
</pin_list>
<bind>
<StgValue><ssdm name=""/></StgValue>
</bind>
</comp>

<comp id="40" class="1001" name="const_40">
<pin_list>
<pin id="41" dir="1" index="0" bw="1" slack="2147483647"/>
</pin_list>
<bind>
<StgValue><ssdm name="empty_0"/></StgValue>
</bind>
</comp>

<comp id="42" class="1001" name="const_42">
<pin_list>
<pin id="43" dir="1" index="0" bw="1" slack="2147483647"/>
</pin_list>
<bind>
<StgValue><ssdm name="empty_1"/></StgValue>
</bind>
</comp>

<comp id="44" class="1001" name="const_44">
<pin_list>
<pin id="45" dir="1" index="0" bw="1" slack="2147483647"/>
</pin_list>
<bind>
<StgValue><ssdm name=""/></StgValue>
</bind>
</comp>

<comp id="46" class="1001" name="const_46">
<pin_list>
<pin id="47" dir="1" index="0" bw="1" slack="0"/>
</pin_list>
<bind>
<StgValue><ssdm name="_ssdm_op_Read.ap_auto.i16"/></StgValue>
</bind>
</comp>

<comp id="48" class="1001" name="const_48">
<pin_list>
<pin id="49" dir="1" index="0" bw="1" slack="0"/>
</pin_list>
<bind>
<StgValue><ssdm name=""/></StgValue>
</bind>
</comp>

<comp id="50" class="1001" name="const_50">
<pin_list>
<pin id="51" dir="1" index="0" bw="1" slack="0"/>
</pin_list>
<bind>
<StgValue><ssdm name=""/></StgValue>
</bind>
</comp>

<comp id="52" class="1001" name="const_52">
<pin_list>
<pin id="53" dir="1" index="0" bw="1" slack="0"/>
</pin_list>
<bind>
<StgValue><ssdm name=""/></StgValue>
</bind>
</comp>

<comp id="54" class="1001" name="const_54">
<pin_list>
<pin id="55" dir="1" index="0" bw="1" slack="0"/>
</pin_list>
<bind>
<StgValue><ssdm name=""/></StgValue>
</bind>
</comp>

<comp id="56" class="1001" name="const_56">
<pin_list>
<pin id="57" dir="1" index="0" bw="1" slack="0"/>
</pin_list>
<bind>
<StgValue><ssdm name=""/></StgValue>
</bind>
</comp>

<comp id="58" class="1001" name="const_58">
<pin_list>
<pin id="59" dir="1" index="0" bw="1" slack="0"/>
</pin_list>
<bind>
<StgValue><ssdm name=""/></StgValue>
</bind>
</comp>

<comp id="60" class="1001" name="const_60">
<pin_list>
<pin id="61" dir="1" index="0" bw="1" slack="0"/>
</pin_list>
<bind>
<StgValue><ssdm name="_ssdm_op_PartSelect.i2.i8.i32.i32"/></StgValue>
</bind>
</comp>

<comp id="62" class="1001" name="const_62">
<pin_list>
<pin id="63" dir="1" index="0" bw="1" slack="0"/>
</pin_list>
<bind>
<StgValue><ssdm name=""/></StgValue>
</bind>
</comp>

<comp id="64" class="1001" name="const_64">
<pin_list>
<pin id="65" dir="1" index="0" bw="1" slack="0"/>
</pin_list>
<bind>
<StgValue><ssdm name=""/></StgValue>
</bind>
</comp>

<comp id="66" class="1001" name="const_66">
<pin_list>
<pin id="67" dir="1" index="0" bw="1" slack="0"/>
</pin_list>
<bind>
<StgValue><ssdm name="_ssdm_op_SparseMux.ap_auto.3i16.i16.i2"/></StgValue>
</bind>
</comp>

<comp id="68" class="1001" name="const_68">
<pin_list>
<pin id="69" dir="1" index="0" bw="1" slack="0"/>
</pin_list>
<bind>
<StgValue><ssdm name=""/></StgValue>
</bind>
</comp>

<comp id="70" class="1001" name="const_70">
<pin_list>
<pin id="71" dir="1" index="0" bw="1" slack="0"/>
</pin_list>
<bind>
<StgValue><ssdm name=""/></StgValue>
</bind>
</comp>

<comp id="72" class="1001" name="const_72">
<pin_list>
<pin id="73" dir="1" index="0" bw="1" slack="0"/>
</pin_list>
<bind>
<StgValue><ssdm name=""/></StgValue>
</bind>
</comp>

<comp id="74" class="1001" name="const_74">
<pin_list>
<pin id="75" dir="1" index="0" bw="1" slack="0"/>
</pin_list>
<bind>
<StgValue><ssdm name=""/></StgValue>
</bind>
</comp>

<comp id="76" class="1001" name="const_76">
<pin_list>
<pin id="77" dir="1" index="0" bw="1" slack="0"/>
</pin_list>
<bind>
<StgValue><ssdm name=""/></StgValue>
</bind>
</comp>

<comp id="78" class="1001" name="const_78">
<pin_list>
<pin id="79" dir="1" index="0" bw="1" slack="2147483647"/>
</pin_list>
<bind>
<StgValue><ssdm name="_ssdm_op_SpecPipeline"/></StgValue>
</bind>
</comp>

<comp id="80" class="1001" name="const_80">
<pin_list>
<pin id="81" dir="1" index="0" bw="1" slack="2147483647"/>
</pin_list>
<bind>
<StgValue><ssdm name="_ssdm_op_SpecLoopTripCount"/></StgValue>
</bind>
</comp>

<comp id="82" class="1001" name="const_82">
<pin_list>
<pin id="83" dir="1" index="0" bw="1" slack="2147483647"/>
</pin_list>
<bind>
<StgValue><ssdm name=""/></StgValue>
</bind>
</comp>

<comp id="84" class="1001" name="const_84">
<pin_list>
<pin id="85" dir="1" index="0" bw="1" slack="2147483647"/>
</pin_list>
<bind>
<StgValue><ssdm name="_ssdm_op_SpecLoopName"/></StgValue>
</bind>
</comp>

<comp id="86" class="1001" name="const_86">
<pin_list>
<pin id="87" dir="1" index="0" bw="1" slack="2147483647"/>
</pin_list>
<bind>
<StgValue><ssdm name="empty_7"/></StgValue>
</bind>
</comp>

<comp id="88" class="1001" name="const_88">
<pin_list>
<pin id="89" dir="1" index="0" bw="1" slack="0"/>
</pin_list>
<bind>
<StgValue><ssdm name="_ssdm_op_Write.axis.volatile.i16P0A.i2P0A.i2P0A.i1P0A"/></StgValue>
</bind>
</comp>

<comp id="90" class="1001" name="const_90">
<pin_list>
<pin id="91" dir="1" index="0" bw="1" slack="0"/>
</pin_list>
<bind>
<StgValue><ssdm name=""/></StgValue>
</bind>
</comp>

<comp id="92" class="1004" name="phi_urem24_fu_92">
<pin_list>
<pin id="93" dir="0" index="0" bw="1" slack="0"/>
<pin id="94" dir="1" index="1" bw="4" slack="0"/>
</pin_list>
<bind>
<opcode="alloca(26) " fcode="alloca"/>
<opset="phi_urem24/1 "/>
</bind>
</comp>

<comp id="96" class="1004" name="phi_mul22_fu_96">
<pin_list>
<pin id="97" dir="0" index="0" bw="1" slack="0"/>
<pin id="98" dir="1" index="1" bw="8" slack="0"/>
</pin_list>
<bind>
<opcode="alloca(26) " fcode="alloca"/>
<opset="phi_mul22/1 "/>
</bind>
</comp>

<comp id="100" class="1004" name="rem_fu_100">
<pin_list>
<pin id="101" dir="0" index="0" bw="1" slack="0"/>
<pin id="102" dir="1" index="1" bw="4" slack="0"/>
</pin_list>
<bind>
<opcode="alloca(26) " fcode="alloca"/>
<opset="rem/1 "/>
</bind>
</comp>

<comp id="104" class="1004" name="output_8_reload_read_read_fu_104">
<pin_list>
<pin id="105" dir="0" index="0" bw="16" slack="0"/>
<pin id="106" dir="0" index="1" bw="16" slack="0"/>
<pin id="107" dir="1" index="2" bw="16" slack="0"/>
</pin_list>
<bind>
<opcode="read(1150) " fcode="read"/>
<opset="output_8_reload_read/1 "/>
</bind>
</comp>

<comp id="110" class="1004" name="output_7_reload_read_read_fu_110">
<pin_list>
<pin id="111" dir="0" index="0" bw="16" slack="0"/>
<pin id="112" dir="0" index="1" bw="16" slack="0"/>
<pin id="113" dir="1" index="2" bw="16" slack="0"/>
</pin_list>
<bind>
<opcode="read(1150) " fcode="read"/>
<opset="output_7_reload_read/1 "/>
</bind>
</comp>

<comp id="116" class="1004" name="output_6_reload_read_read_fu_116">
<pin_list>
<pin id="117" dir="0" index="0" bw="16" slack="0"/>
<pin id="118" dir="0" index="1" bw="16" slack="0"/>
<pin id="119" dir="1" index="2" bw="16" slack="0"/>
</pin_list>
<bind>
<opcode="read(1150) " fcode="read"/>
<opset="output_6_reload_read/1 "/>
</bind>
</comp>

<comp id="122" class="1004" name="output_5_reload_read_read_fu_122">
<pin_list>
<pin id="123" dir="0" index="0" bw="16" slack="0"/>
<pin id="124" dir="0" index="1" bw="16" slack="0"/>
<pin id="125" dir="1" index="2" bw="16" slack="0"/>
</pin_list>
<bind>
<opcode="read(1150) " fcode="read"/>
<opset="output_5_reload_read/1 "/>
</bind>
</comp>

<comp id="128" class="1004" name="output_4_reload_read_read_fu_128">
<pin_list>
<pin id="129" dir="0" index="0" bw="16" slack="0"/>
<pin id="130" dir="0" index="1" bw="16" slack="0"/>
<pin id="131" dir="1" index="2" bw="16" slack="0"/>
</pin_list>
<bind>
<opcode="read(1150) " fcode="read"/>
<opset="output_4_reload_read/1 "/>
</bind>
</comp>

<comp id="134" class="1004" name="output_3_reload_read_read_fu_134">
<pin_list>
<pin id="135" dir="0" index="0" bw="16" slack="0"/>
<pin id="136" dir="0" index="1" bw="16" slack="0"/>
<pin id="137" dir="1" index="2" bw="16" slack="0"/>
</pin_list>
<bind>
<opcode="read(1150) " fcode="read"/>
<opset="output_3_reload_read/1 "/>
</bind>
</comp>

<comp id="140" class="1004" name="output_2_reload_read_read_fu_140">
<pin_list>
<pin id="141" dir="0" index="0" bw="16" slack="0"/>
<pin id="142" dir="0" index="1" bw="16" slack="0"/>
<pin id="143" dir="1" index="2" bw="16" slack="0"/>
</pin_list>
<bind>
<opcode="read(1150) " fcode="read"/>
<opset="output_2_reload_read/1 "/>
</bind>
</comp>

<comp id="146" class="1004" name="output_1_reload_read_read_fu_146">
<pin_list>
<pin id="147" dir="0" index="0" bw="16" slack="0"/>
<pin id="148" dir="0" index="1" bw="16" slack="0"/>
<pin id="149" dir="1" index="2" bw="16" slack="0"/>
</pin_list>
<bind>
<opcode="read(1150) " fcode="read"/>
<opset="output_1_reload_read/1 "/>
</bind>
</comp>

<comp id="152" class="1004" name="output_reload_read_read_fu_152">
<pin_list>
<pin id="153" dir="0" index="0" bw="16" slack="0"/>
<pin id="154" dir="0" index="1" bw="16" slack="0"/>
<pin id="155" dir="1" index="2" bw="16" slack="0"/>
</pin_list>
<bind>
<opcode="read(1150) " fcode="read"/>
<opset="output_reload_read/1 "/>
</bind>
</comp>

<comp id="158" class="1004" name="write_ln119_write_fu_158">
<pin_list>
<pin id="159" dir="0" index="0" bw="0" slack="0"/>
<pin id="160" dir="0" index="1" bw="16" slack="0"/>
<pin id="161" dir="0" index="2" bw="2" slack="0"/>
<pin id="162" dir="0" index="3" bw="2" slack="0"/>
<pin id="163" dir="0" index="4" bw="1" slack="0"/>
<pin id="164" dir="0" index="5" bw="16" slack="1"/>
<pin id="165" dir="0" index="6" bw="1" slack="0"/>
<pin id="166" dir="0" index="7" bw="1" slack="0"/>
<pin id="167" dir="0" index="8" bw="1" slack="1"/>
<pin id="168" dir="1" index="9" bw="0" slack="2147483647"/>
</pin_list>
<bind>
<opcode="write(1151) " fcode="write"/>
<opset="write_ln119/2 "/>
</bind>
</comp>

<comp id="176" class="1004" name="store_ln112_store_fu_176">
<pin_list>
<pin id="177" dir="0" index="0" bw="1" slack="0"/>
<pin id="178" dir="0" index="1" bw="4" slack="0"/>
<pin id="179" dir="1" index="2" bw="0" slack="2147483647"/>
</pin_list>
<bind>
<opcode="store(28) " fcode="store"/>
<opset="store_ln112/1 "/>
</bind>
</comp>

<comp id="181" class="1004" name="store_ln0_store_fu_181">
<pin_list>
<pin id="182" dir="0" index="0" bw="1" slack="0"/>
<pin id="183" dir="0" index="1" bw="8" slack="0"/>
<pin id="184" dir="1" index="2" bw="0" slack="2147483647"/>
</pin_list>
<bind>
<opcode="store(28) " fcode="store"/>
<opset="store_ln0/1 "/>
</bind>
</comp>

<comp id="186" class="1004" name="store_ln0_store_fu_186">
<pin_list>
<pin id="187" dir="0" index="0" bw="1" slack="0"/>
<pin id="188" dir="0" index="1" bw="4" slack="0"/>
<pin id="189" dir="1" index="2" bw="0" slack="2147483647"/>
</pin_list>
<bind>
<opcode="store(28) " fcode="store"/>
<opset="store_ln0/1 "/>
</bind>
</comp>

<comp id="191" class="1004" name="i_1_load_fu_191">
<pin_list>
<pin id="192" dir="0" index="0" bw="4" slack="0"/>
<pin id="193" dir="1" index="1" bw="4" slack="0"/>
</pin_list>
<bind>
<opcode="load(27) " fcode="load"/>
<opset="i_1/1 "/>
</bind>
</comp>

<comp id="194" class="1004" name="icmp_ln109_fu_194">
<pin_list>
<pin id="195" dir="0" index="0" bw="4" slack="0"/>
<pin id="196" dir="0" index="1" bw="4" slack="0"/>
<pin id="197" dir="1" index="2" bw="1" slack="2147483647"/>
</pin_list>
<bind>
<opcode="icmp(45) " fcode="icmp"/>
<opset="icmp_ln109/1 "/>
</bind>
</comp>

<comp id="200" class="1004" name="i_fu_200">
<pin_list>
<pin id="201" dir="0" index="0" bw="4" slack="0"/>
<pin id="202" dir="0" index="1" bw="1" slack="0"/>
<pin id="203" dir="1" index="2" bw="4" slack="0"/>
</pin_list>
<bind>
<opcode="add(8) " fcode="add"/>
<opset="i/1 "/>
</bind>
</comp>

<comp id="206" class="1004" name="phi_urem24_load_load_fu_206">
<pin_list>
<pin id="207" dir="0" index="0" bw="4" slack="0"/>
<pin id="208" dir="1" index="1" bw="4" slack="0"/>
</pin_list>
<bind>
<opcode="load(27) " fcode="load"/>
<opset="phi_urem24_load/1 "/>
</bind>
</comp>

<comp id="209" class="1004" name="phi_mul22_load_load_fu_209">
<pin_list>
<pin id="210" dir="0" index="0" bw="8" slack="0"/>
<pin id="211" dir="1" index="1" bw="8" slack="0"/>
</pin_list>
<bind>
<opcode="load(27) " fcode="load"/>
<opset="phi_mul22_load/1 "/>
</bind>
</comp>

<comp id="212" class="1004" name="add_ln110_fu_212">
<pin_list>
<pin id="213" dir="0" index="0" bw="4" slack="0"/>
<pin id="214" dir="0" index="1" bw="1" slack="0"/>
<pin id="215" dir="1" index="2" bw="4" slack="0"/>
</pin_list>
<bind>
<opcode="add(8) " fcode="add"/>
<opset="add_ln110/1 "/>
</bind>
</comp>

<comp id="218" class="1004" name="icmp_ln110_fu_218">
<pin_list>
<pin id="219" dir="0" index="0" bw="4" slack="0"/>
<pin id="220" dir="0" index="1" bw="4" slack="0"/>
<pin id="221" dir="1" index="2" bw="1" slack="0"/>
</pin_list>
<bind>
<opcode="icmp(45) " fcode="icmp"/>
<opset="icmp_ln110/1 "/>
</bind>
</comp>

<comp id="224" class="1004" name="select_ln110_fu_224">
<pin_list>
<pin id="225" dir="0" index="0" bw="1" slack="0"/>
<pin id="226" dir="0" index="1" bw="4" slack="0"/>
<pin id="227" dir="0" index="2" bw="4" slack="0"/>
<pin id="228" dir="1" index="3" bw="4" slack="0"/>
</pin_list>
<bind>
<opcode="select(49) " fcode="select"/>
<opset="select_ln110/1 "/>
</bind>
</comp>

<comp id="232" class="1004" name="add_ln113_fu_232">
<pin_list>
<pin id="233" dir="0" index="0" bw="8" slack="0"/>
<pin id="234" dir="0" index="1" bw="6" slack="0"/>
<pin id="235" dir="1" index="2" bw="8" slack="0"/>
</pin_list>
<bind>
<opcode="add(8) " fcode="add"/>
<opset="add_ln113/1 "/>
</bind>
</comp>

<comp id="238" class="1004" name="trunc_ln6_fu_238">
<pin_list>
<pin id="239" dir="0" index="0" bw="2" slack="0"/>
<pin id="240" dir="0" index="1" bw="8" slack="0"/>
<pin id="241" dir="0" index="2" bw="4" slack="0"/>
<pin id="242" dir="0" index="3" bw="4" slack="0"/>
<pin id="243" dir="1" index="4" bw="2" slack="0"/>
</pin_list>
<bind>
<opcode="partselect(1002) " fcode="partselect"/>
<opset="trunc_ln6/1 "/>
</bind>
</comp>

<comp id="248" class="1004" name="trunc_ln116_fu_248">
<pin_list>
<pin id="249" dir="0" index="0" bw="4" slack="0"/>
<pin id="250" dir="1" index="1" bw="2" slack="0"/>
</pin_list>
<bind>
<opcode="trunc(33) " fcode="trunc"/>
<opset="trunc_ln116/1 "/>
</bind>
</comp>

<comp id="252" class="1004" name="tmp_fu_252">
<pin_list>
<pin id="253" dir="0" index="0" bw="16" slack="0"/>
<pin id="254" dir="0" index="1" bw="2" slack="0"/>
<pin id="255" dir="0" index="2" bw="16" slack="0"/>
<pin id="256" dir="0" index="3" bw="2" slack="0"/>
<pin id="257" dir="0" index="4" bw="16" slack="0"/>
<pin id="258" dir="0" index="5" bw="2" slack="0"/>
<pin id="259" dir="0" index="6" bw="16" slack="0"/>
<pin id="260" dir="0" index="7" bw="16" slack="0"/>
<pin id="261" dir="0" index="8" bw="2" slack="0"/>
<pin id="262" dir="1" index="9" bw="16" slack="0"/>
</pin_list>
<bind>
<opcode="sparsemux(1197) " fcode="sparsemux"/>
<opset="tmp/1 "/>
</bind>
</comp>

<comp id="272" class="1004" name="tmp_1_fu_272">
<pin_list>
<pin id="273" dir="0" index="0" bw="16" slack="0"/>
<pin id="274" dir="0" index="1" bw="2" slack="0"/>
<pin id="275" dir="0" index="2" bw="16" slack="0"/>
<pin id="276" dir="0" index="3" bw="2" slack="0"/>
<pin id="277" dir="0" index="4" bw="16" slack="0"/>
<pin id="278" dir="0" index="5" bw="2" slack="0"/>
<pin id="279" dir="0" index="6" bw="16" slack="0"/>
<pin id="280" dir="0" index="7" bw="16" slack="0"/>
<pin id="281" dir="0" index="8" bw="2" slack="0"/>
<pin id="282" dir="1" index="9" bw="16" slack="0"/>
</pin_list>
<bind>
<opcode="sparsemux(1197) " fcode="sparsemux"/>
<opset="tmp_1/1 "/>
</bind>
</comp>

<comp id="292" class="1004" name="tmp_2_fu_292">
<pin_list>
<pin id="293" dir="0" index="0" bw="16" slack="0"/>
<pin id="294" dir="0" index="1" bw="2" slack="0"/>
<pin id="295" dir="0" index="2" bw="16" slack="0"/>
<pin id="296" dir="0" index="3" bw="2" slack="0"/>
<pin id="297" dir="0" index="4" bw="16" slack="0"/>
<pin id="298" dir="0" index="5" bw="2" slack="0"/>
<pin id="299" dir="0" index="6" bw="16" slack="0"/>
<pin id="300" dir="0" index="7" bw="16" slack="0"/>
<pin id="301" dir="0" index="8" bw="2" slack="0"/>
<pin id="302" dir="1" index="9" bw="16" slack="0"/>
</pin_list>
<bind>
<opcode="sparsemux(1197) " fcode="sparsemux"/>
<opset="tmp_2/1 "/>
</bind>
</comp>

<comp id="312" class="1004" name="p_0_fu_312">
<pin_list>
<pin id="313" dir="0" index="0" bw="16" slack="0"/>
<pin id="314" dir="0" index="1" bw="2" slack="0"/>
<pin id="315" dir="0" index="2" bw="16" slack="0"/>
<pin id="316" dir="0" index="3" bw="2" slack="0"/>
<pin id="317" dir="0" index="4" bw="16" slack="0"/>
<pin id="318" dir="0" index="5" bw="2" slack="0"/>
<pin id="319" dir="0" index="6" bw="16" slack="0"/>
<pin id="320" dir="0" index="7" bw="16" slack="0"/>
<pin id="321" dir="0" index="8" bw="2" slack="0"/>
<pin id="322" dir="1" index="9" bw="16" slack="1"/>
</pin_list>
<bind>
<opcode="sparsemux(1197) " fcode="sparsemux"/>
<opset="p_0/1 "/>
</bind>
</comp>

<comp id="332" class="1004" name="icmp_ln118_fu_332">
<pin_list>
<pin id="333" dir="0" index="0" bw="4" slack="0"/>
<pin id="334" dir="0" index="1" bw="4" slack="0"/>
<pin id="335" dir="1" index="2" bw="1" slack="1"/>
</pin_list>
<bind>
<opcode="icmp(45) " fcode="icmp"/>
<opset="icmp_ln118/1 "/>
</bind>
</comp>

<comp id="338" class="1004" name="store_ln112_store_fu_338">
<pin_list>
<pin id="339" dir="0" index="0" bw="4" slack="0"/>
<pin id="340" dir="0" index="1" bw="4" slack="0"/>
<pin id="341" dir="1" index="2" bw="0" slack="2147483647"/>
</pin_list>
<bind>
<opcode="store(28) " fcode="store"/>
<opset="store_ln112/1 "/>
</bind>
</comp>

<comp id="343" class="1004" name="store_ln113_store_fu_343">
<pin_list>
<pin id="344" dir="0" index="0" bw="8" slack="0"/>
<pin id="345" dir="0" index="1" bw="8" slack="0"/>
<pin id="346" dir="1" index="2" bw="0" slack="2147483647"/>
</pin_list>
<bind>
<opcode="store(28) " fcode="store"/>
<opset="store_ln113/1 "/>
</bind>
</comp>

<comp id="348" class="1004" name="store_ln110_store_fu_348">
<pin_list>
<pin id="349" dir="0" index="0" bw="4" slack="0"/>
<pin id="350" dir="0" index="1" bw="4" slack="0"/>
<pin id="351" dir="1" index="2" bw="0" slack="2147483647"/>
</pin_list>
<bind>
<opcode="store(28) " fcode="store"/>
<opset="store_ln110/1 "/>
</bind>
</comp>

<comp id="353" class="1005" name="phi_urem24_reg_353">
<pin_list>
<pin id="354" dir="0" index="0" bw="4" slack="0"/>
<pin id="355" dir="1" index="1" bw="4" slack="0"/>
</pin_list>
<bind>
<opset="phi_urem24 "/>
</bind>
</comp>

<comp id="360" class="1005" name="phi_mul22_reg_360">
<pin_list>
<pin id="361" dir="0" index="0" bw="8" slack="0"/>
<pin id="362" dir="1" index="1" bw="8" slack="0"/>
</pin_list>
<bind>
<opset="phi_mul22 "/>
</bind>
</comp>

<comp id="367" class="1005" name="rem_reg_367">
<pin_list>
<pin id="368" dir="0" index="0" bw="4" slack="0"/>
<pin id="369" dir="1" index="1" bw="4" slack="0"/>
</pin_list>
<bind>
<opset="rem "/>
</bind>
</comp>

<comp id="377" class="1005" name="p_0_reg_377">
<pin_list>
<pin id="378" dir="0" index="0" bw="16" slack="1"/>
<pin id="379" dir="1" index="1" bw="16" slack="1"/>
</pin_list>
<bind>
<opset="p_0 "/>
</bind>
</comp>

<comp id="382" class="1005" name="icmp_ln118_reg_382">
<pin_list>
<pin id="383" dir="0" index="0" bw="1" slack="1"/>
<pin id="384" dir="1" index="1" bw="1" slack="1"/>
</pin_list>
<bind>
<opset="icmp_ln118 "/>
</bind>
</comp>

</comp_list>

<net_list>
<net id="95"><net_src comp="26" pin="0"/><net_sink comp="92" pin=0"/></net>

<net id="99"><net_src comp="26" pin="0"/><net_sink comp="96" pin=0"/></net>

<net id="103"><net_src comp="26" pin="0"/><net_sink comp="100" pin=0"/></net>

<net id="108"><net_src comp="46" pin="0"/><net_sink comp="104" pin=0"/></net>

<net id="109"><net_src comp="16" pin="0"/><net_sink comp="104" pin=1"/></net>

<net id="114"><net_src comp="46" pin="0"/><net_sink comp="110" pin=0"/></net>

<net id="115"><net_src comp="14" pin="0"/><net_sink comp="110" pin=1"/></net>

<net id="120"><net_src comp="46" pin="0"/><net_sink comp="116" pin=0"/></net>

<net id="121"><net_src comp="12" pin="0"/><net_sink comp="116" pin=1"/></net>

<net id="126"><net_src comp="46" pin="0"/><net_sink comp="122" pin=0"/></net>

<net id="127"><net_src comp="10" pin="0"/><net_sink comp="122" pin=1"/></net>

<net id="132"><net_src comp="46" pin="0"/><net_sink comp="128" pin=0"/></net>

<net id="133"><net_src comp="8" pin="0"/><net_sink comp="128" pin=1"/></net>

<net id="138"><net_src comp="46" pin="0"/><net_sink comp="134" pin=0"/></net>

<net id="139"><net_src comp="6" pin="0"/><net_sink comp="134" pin=1"/></net>

<net id="144"><net_src comp="46" pin="0"/><net_sink comp="140" pin=0"/></net>

<net id="145"><net_src comp="4" pin="0"/><net_sink comp="140" pin=1"/></net>

<net id="150"><net_src comp="46" pin="0"/><net_sink comp="146" pin=0"/></net>

<net id="151"><net_src comp="2" pin="0"/><net_sink comp="146" pin=1"/></net>

<net id="156"><net_src comp="46" pin="0"/><net_sink comp="152" pin=0"/></net>

<net id="157"><net_src comp="0" pin="0"/><net_sink comp="152" pin=1"/></net>

<net id="169"><net_src comp="88" pin="0"/><net_sink comp="158" pin=0"/></net>

<net id="170"><net_src comp="18" pin="0"/><net_sink comp="158" pin=1"/></net>

<net id="171"><net_src comp="20" pin="0"/><net_sink comp="158" pin=2"/></net>

<net id="172"><net_src comp="22" pin="0"/><net_sink comp="158" pin=3"/></net>

<net id="173"><net_src comp="24" pin="0"/><net_sink comp="158" pin=4"/></net>

<net id="174"><net_src comp="90" pin="0"/><net_sink comp="158" pin=6"/></net>

<net id="175"><net_src comp="90" pin="0"/><net_sink comp="158" pin=7"/></net>

<net id="180"><net_src comp="48" pin="0"/><net_sink comp="176" pin=0"/></net>

<net id="185"><net_src comp="50" pin="0"/><net_sink comp="181" pin=0"/></net>

<net id="190"><net_src comp="48" pin="0"/><net_sink comp="186" pin=0"/></net>

<net id="198"><net_src comp="191" pin="1"/><net_sink comp="194" pin=0"/></net>

<net id="199"><net_src comp="52" pin="0"/><net_sink comp="194" pin=1"/></net>

<net id="204"><net_src comp="191" pin="1"/><net_sink comp="200" pin=0"/></net>

<net id="205"><net_src comp="54" pin="0"/><net_sink comp="200" pin=1"/></net>

<net id="216"><net_src comp="206" pin="1"/><net_sink comp="212" pin=0"/></net>

<net id="217"><net_src comp="54" pin="0"/><net_sink comp="212" pin=1"/></net>

<net id="222"><net_src comp="206" pin="1"/><net_sink comp="218" pin=0"/></net>

<net id="223"><net_src comp="56" pin="0"/><net_sink comp="218" pin=1"/></net>

<net id="229"><net_src comp="218" pin="2"/><net_sink comp="224" pin=0"/></net>

<net id="230"><net_src comp="48" pin="0"/><net_sink comp="224" pin=1"/></net>

<net id="231"><net_src comp="212" pin="2"/><net_sink comp="224" pin=2"/></net>

<net id="236"><net_src comp="209" pin="1"/><net_sink comp="232" pin=0"/></net>

<net id="237"><net_src comp="58" pin="0"/><net_sink comp="232" pin=1"/></net>

<net id="244"><net_src comp="60" pin="0"/><net_sink comp="238" pin=0"/></net>

<net id="245"><net_src comp="209" pin="1"/><net_sink comp="238" pin=1"/></net>

<net id="246"><net_src comp="62" pin="0"/><net_sink comp="238" pin=2"/></net>

<net id="247"><net_src comp="64" pin="0"/><net_sink comp="238" pin=3"/></net>

<net id="251"><net_src comp="206" pin="1"/><net_sink comp="248" pin=0"/></net>

<net id="263"><net_src comp="66" pin="0"/><net_sink comp="252" pin=0"/></net>

<net id="264"><net_src comp="68" pin="0"/><net_sink comp="252" pin=1"/></net>

<net id="265"><net_src comp="152" pin="2"/><net_sink comp="252" pin=2"/></net>

<net id="266"><net_src comp="70" pin="0"/><net_sink comp="252" pin=3"/></net>

<net id="267"><net_src comp="146" pin="2"/><net_sink comp="252" pin=4"/></net>

<net id="268"><net_src comp="72" pin="0"/><net_sink comp="252" pin=5"/></net>

<net id="269"><net_src comp="140" pin="2"/><net_sink comp="252" pin=6"/></net>

<net id="270"><net_src comp="74" pin="0"/><net_sink comp="252" pin=7"/></net>

<net id="271"><net_src comp="248" pin="1"/><net_sink comp="252" pin=8"/></net>

<net id="283"><net_src comp="66" pin="0"/><net_sink comp="272" pin=0"/></net>

<net id="284"><net_src comp="68" pin="0"/><net_sink comp="272" pin=1"/></net>

<net id="285"><net_src comp="134" pin="2"/><net_sink comp="272" pin=2"/></net>

<net id="286"><net_src comp="70" pin="0"/><net_sink comp="272" pin=3"/></net>

<net id="287"><net_src comp="128" pin="2"/><net_sink comp="272" pin=4"/></net>

<net id="288"><net_src comp="72" pin="0"/><net_sink comp="272" pin=5"/></net>

<net id="289"><net_src comp="122" pin="2"/><net_sink comp="272" pin=6"/></net>

<net id="290"><net_src comp="74" pin="0"/><net_sink comp="272" pin=7"/></net>

<net id="291"><net_src comp="248" pin="1"/><net_sink comp="272" pin=8"/></net>

<net id="303"><net_src comp="66" pin="0"/><net_sink comp="292" pin=0"/></net>

<net id="304"><net_src comp="68" pin="0"/><net_sink comp="292" pin=1"/></net>

<net id="305"><net_src comp="116" pin="2"/><net_sink comp="292" pin=2"/></net>

<net id="306"><net_src comp="70" pin="0"/><net_sink comp="292" pin=3"/></net>

<net id="307"><net_src comp="110" pin="2"/><net_sink comp="292" pin=4"/></net>

<net id="308"><net_src comp="72" pin="0"/><net_sink comp="292" pin=5"/></net>

<net id="309"><net_src comp="104" pin="2"/><net_sink comp="292" pin=6"/></net>

<net id="310"><net_src comp="74" pin="0"/><net_sink comp="292" pin=7"/></net>

<net id="311"><net_src comp="248" pin="1"/><net_sink comp="292" pin=8"/></net>

<net id="323"><net_src comp="66" pin="0"/><net_sink comp="312" pin=0"/></net>

<net id="324"><net_src comp="68" pin="0"/><net_sink comp="312" pin=1"/></net>

<net id="325"><net_src comp="252" pin="9"/><net_sink comp="312" pin=2"/></net>

<net id="326"><net_src comp="70" pin="0"/><net_sink comp="312" pin=3"/></net>

<net id="327"><net_src comp="272" pin="9"/><net_sink comp="312" pin=4"/></net>

<net id="328"><net_src comp="72" pin="0"/><net_sink comp="312" pin=5"/></net>

<net id="329"><net_src comp="292" pin="9"/><net_sink comp="312" pin=6"/></net>

<net id="330"><net_src comp="74" pin="0"/><net_sink comp="312" pin=7"/></net>

<net id="331"><net_src comp="238" pin="4"/><net_sink comp="312" pin=8"/></net>

<net id="336"><net_src comp="191" pin="1"/><net_sink comp="332" pin=0"/></net>

<net id="337"><net_src comp="76" pin="0"/><net_sink comp="332" pin=1"/></net>

<net id="342"><net_src comp="200" pin="2"/><net_sink comp="338" pin=0"/></net>

<net id="347"><net_src comp="232" pin="2"/><net_sink comp="343" pin=0"/></net>

<net id="352"><net_src comp="224" pin="3"/><net_sink comp="348" pin=0"/></net>

<net id="356"><net_src comp="92" pin="1"/><net_sink comp="353" pin=0"/></net>

<net id="357"><net_src comp="353" pin="1"/><net_sink comp="186" pin=1"/></net>

<net id="358"><net_src comp="353" pin="1"/><net_sink comp="206" pin=0"/></net>

<net id="359"><net_src comp="353" pin="1"/><net_sink comp="348" pin=1"/></net>

<net id="363"><net_src comp="96" pin="1"/><net_sink comp="360" pin=0"/></net>

<net id="364"><net_src comp="360" pin="1"/><net_sink comp="181" pin=1"/></net>

<net id="365"><net_src comp="360" pin="1"/><net_sink comp="209" pin=0"/></net>

<net id="366"><net_src comp="360" pin="1"/><net_sink comp="343" pin=1"/></net>

<net id="370"><net_src comp="100" pin="1"/><net_sink comp="367" pin=0"/></net>

<net id="371"><net_src comp="367" pin="1"/><net_sink comp="176" pin=1"/></net>

<net id="372"><net_src comp="367" pin="1"/><net_sink comp="191" pin=0"/></net>

<net id="373"><net_src comp="367" pin="1"/><net_sink comp="338" pin=1"/></net>

<net id="380"><net_src comp="312" pin="9"/><net_sink comp="377" pin=0"/></net>

<net id="381"><net_src comp="377" pin="1"/><net_sink comp="158" pin=5"/></net>

<net id="385"><net_src comp="332" pin="2"/><net_sink comp="382" pin=0"/></net>

<net id="386"><net_src comp="382" pin="1"/><net_sink comp="158" pin=8"/></net>

</net_list>

</model> 
---------------- Datapath Model END ------------------

* FSMD analyzer results:
  - Output states:
	Port: out_stream_V_data_V | {2 }
	Port: out_stream_V_keep_V | {2 }
	Port: out_stream_V_strb_V | {2 }
	Port: out_stream_V_last_V | {2 }
 - Input state : 
	Port: conv2d_Pipeline_WRITE_OUTPUT : output_reload | {1 }
	Port: conv2d_Pipeline_WRITE_OUTPUT : output_1_reload | {1 }
	Port: conv2d_Pipeline_WRITE_OUTPUT : output_2_reload | {1 }
	Port: conv2d_Pipeline_WRITE_OUTPUT : output_3_reload | {1 }
	Port: conv2d_Pipeline_WRITE_OUTPUT : output_4_reload | {1 }
	Port: conv2d_Pipeline_WRITE_OUTPUT : output_5_reload | {1 }
	Port: conv2d_Pipeline_WRITE_OUTPUT : output_6_reload | {1 }
	Port: conv2d_Pipeline_WRITE_OUTPUT : output_7_reload | {1 }
	Port: conv2d_Pipeline_WRITE_OUTPUT : output_8_reload | {1 }
	Port: conv2d_Pipeline_WRITE_OUTPUT : out_stream_V_data_V | {}
	Port: conv2d_Pipeline_WRITE_OUTPUT : out_stream_V_keep_V | {}
	Port: conv2d_Pipeline_WRITE_OUTPUT : out_stream_V_strb_V | {}
	Port: conv2d_Pipeline_WRITE_OUTPUT : out_stream_V_last_V | {}
  - Chain level:
	State 1
		store_ln112 : 1
		store_ln0 : 1
		store_ln0 : 1
		i_1 : 1
		icmp_ln109 : 2
		i : 2
		br_ln109 : 3
		phi_urem24_load : 1
		phi_mul22_load : 1
		add_ln110 : 2
		icmp_ln110 : 2
		select_ln110 : 3
		add_ln113 : 2
		trunc_ln6 : 2
		trunc_ln116 : 2
		tmp : 3
		tmp_1 : 3
		tmp_2 : 3
		p_0 : 4
		icmp_ln118 : 2
		store_ln112 : 3
		store_ln113 : 3
		store_ln110 : 4
	State 2


============================================================
+ Verbose Summary: Datapath Resource usage 
============================================================

* Functional unit list:
|----------|----------------------------------|---------|---------|
| Operation|          Functional Unit         |    FF   |   LUT   |
|----------|----------------------------------|---------|---------|
|          |             i_fu_200             |    0    |    12   |
|    add   |         add_ln110_fu_212         |    0    |    12   |
|          |         add_ln113_fu_232         |    0    |    15   |
|----------|----------------------------------|---------|---------|
|          |         icmp_ln109_fu_194        |    0    |    12   |
|   icmp   |         icmp_ln110_fu_218        |    0    |    12   |
|          |         icmp_ln118_fu_332        |    0    |    12   |
|----------|----------------------------------|---------|---------|
|          |            tmp_fu_252            |    0    |    9    |
| sparsemux|           tmp_1_fu_272           |    0    |    9    |
|          |           tmp_2_fu_292           |    0    |    9    |
|          |            p_0_fu_312            |    0    |    9    |
|----------|----------------------------------|---------|---------|
|  select  |        select_ln110_fu_224       |    0    |    4    |
|----------|----------------------------------|---------|---------|
|          | output_8_reload_read_read_fu_104 |    0    |    0    |
|          | output_7_reload_read_read_fu_110 |    0    |    0    |
|          | output_6_reload_read_read_fu_116 |    0    |    0    |
|          | output_5_reload_read_read_fu_122 |    0    |    0    |
|   read   | output_4_reload_read_read_fu_128 |    0    |    0    |
|          | output_3_reload_read_read_fu_134 |    0    |    0    |
|          | output_2_reload_read_read_fu_140 |    0    |    0    |
|          | output_1_reload_read_read_fu_146 |    0    |    0    |
|          |  output_reload_read_read_fu_152  |    0    |    0    |
|----------|----------------------------------|---------|---------|
|   write  |     write_ln119_write_fu_158     |    0    |    0    |
|----------|----------------------------------|---------|---------|
|partselect|         trunc_ln6_fu_238         |    0    |    0    |
|----------|----------------------------------|---------|---------|
|   trunc  |        trunc_ln116_fu_248        |    0    |    0    |
|----------|----------------------------------|---------|---------|
|   Total  |                                  |    0    |   115   |
|----------|----------------------------------|---------|---------|

Memories:
N/A

* Register list:
+------------------+--------+
|                  |   FF   |
+------------------+--------+
|icmp_ln118_reg_382|    1   |
|    p_0_reg_377   |   16   |
| phi_mul22_reg_360|    8   |
|phi_urem24_reg_353|    4   |
|    rem_reg_367   |    4   |
+------------------+--------+
|       Total      |   33   |
+------------------+--------+

* Multiplexer (MUX) list: 
|--------|------|------|------|--------|
|  Comp  |  Pin | Size |  BW  | S x BW |
|--------|------|------|------|--------|
|  Total |      |      |      |    0   |
|--------|------|------|------|--------|



* Summary:
+-----------+--------+--------+
|           |   FF   |   LUT  |
+-----------+--------+--------+
|  Function |    0   |   115  |
|   Memory  |    -   |    -   |
|Multiplexer|    -   |    -   |
|  Register |   33   |    -   |
+-----------+--------+--------+
|   Total   |   33   |   115  |
+-----------+--------+--------+
