06/11/26 10:35:28: Running xcd server. This server was built by gradle.
06/11/26 10:35:28: Server was asked to start on port: '49617'
06/11/26 10:35:28: Server is using token UUID: '1e6f287e-2383-4226-a51f-7a7809c8c653'
06/11/26 10:35:28: SESSION_MGR: creating session with session uuid: '6d04a3e9-ade5-4ab9-8d63-1f78fcd2ec76' and name 'default'
06/11/26 10:35:28: Attempting to start server on port '49617'
06/11/26 10:35:28: Running Dispatch Server
06/11/26 10:35:28: Version 2.2.0
06/11/26 10:35:31: Dispatch Server: Accepted socket connection from client
06/11/26 10:35:31: Starting Socket connection
06/11/26 10:35:31: EXCHANGE_TOKEN received, server token: 1e6f287e-2383-4226-a51f-7a7809c8c653, passed token: 1e6f287e-2383-4226-a51f-7a7809c8c653
06/11/26 10:35:31: DISPATCH_HANDLER: Adding handler from function makeHandler in library xv_system_diagram
06/11/26 10:35:31: SESSION_MGR: creating session with session uuid: '8fb3dd45-276d-401a-97e6-9cdc392028fd' and name 'vitis-run_compile_relu'
06/11/26 10:35:31: KERNEL_SVC: creating session with uuid: '8fb3dd45-276d-401a-97e6-9cdc392028fd' and name 'vitis-run_compile_relu'
06/11/26 10:35:31: GUIDANCE_SMGR: creating guidance session with uuid: '8fb3dd45-276d-401a-97e6-9cdc392028fd' and name 'vitis-run_compile_relu'
06/11/26 10:35:31: SYSTEM_DIAGRAM: creating session with uuid: '8fb3dd45-276d-401a-97e6-9cdc392028fd' and name 'vitis-run_compile_relu'
06/11/26 10:35:39: Dispatch Server: Accepted socket connection from client
06/11/26 10:35:39: Starting Socket connection
06/11/26 10:35:47: SESSION_MGR: closing session for UUID '8fb3dd45-276d-401a-97e6-9cdc392028fd' with name 'vitis-run_compile_relu'
06/11/26 10:35:47: KERNEL_SVC: closing session for UUID '8fb3dd45-276d-401a-97e6-9cdc392028fd' with name 'vitis-run_compile_relu'
06/11/26 10:35:47: GUIDANCE_SMGR: closing session for UUID '8fb3dd45-276d-401a-97e6-9cdc392028fd' with name 'vitis-run_compile_relu'
06/11/26 10:35:47: SYSTEM_DIAGRAM: closing session for UUID '8fb3dd45-276d-401a-97e6-9cdc392028fd' with name 'vitis-run_compile_relu'
06/11/26 10:35:47: STOP_SERVER received, server token: 1e6f287e-2383-4226-a51f-7a7809c8c653, passed token: 1e6f287e-2383-4226-a51f-7a7809c8c653
06/11/26 10:35:47: Socket received request to stop server.
06/11/26 10:35:47: Dispatch Server: do_await_stop
06/11/26 10:35:47: SERVER: destructor for server bound to port 49617
06/11/26 10:38:29: Running xcd server. This server was built by gradle.
06/11/26 10:38:29: Server was asked to start on port: '51267'
06/11/26 10:38:29: Server is using token UUID: '0b41201c-518f-4816-b9fb-1de0aec4096d'
06/11/26 10:38:29: SESSION_MGR: creating session with session uuid: '6d04a3e9-ade5-4ab9-8d63-1f78fcd2ec76' and name 'default'
06/11/26 10:38:29: Attempting to start server on port '51267'
06/11/26 10:38:29: Running Dispatch Server
06/11/26 10:38:29: Version 2.2.0
06/11/26 10:38:31: Dispatch Server: Accepted socket connection from client
06/11/26 10:38:31: Starting Socket connection
06/11/26 10:38:31: EXCHANGE_TOKEN received, server token: 0b41201c-518f-4816-b9fb-1de0aec4096d, passed token: 0b41201c-518f-4816-b9fb-1de0aec4096d
06/11/26 10:38:32: DISPATCH_HANDLER: Adding handler from function makeHandler in library xv_system_diagram
06/11/26 10:38:32: SESSION_MGR: creating session with session uuid: '794be3ac-6a51-42cc-80dc-b8b497f93e23' and name 'v++_compile_relu'
06/11/26 10:38:32: KERNEL_SVC: creating session with uuid: '794be3ac-6a51-42cc-80dc-b8b497f93e23' and name 'v++_compile_relu'
06/11/26 10:38:32: GUIDANCE_SMGR: creating guidance session with uuid: '794be3ac-6a51-42cc-80dc-b8b497f93e23' and name 'v++_compile_relu'
06/11/26 10:38:32: SYSTEM_DIAGRAM: creating session with uuid: '794be3ac-6a51-42cc-80dc-b8b497f93e23' and name 'v++_compile_relu'
06/11/26 10:38:38: Dispatch Server: Accepted socket connection from client
06/11/26 10:38:38: Starting Socket connection
06/11/26 10:38:55: SESSION_MGR: closing session for UUID '794be3ac-6a51-42cc-80dc-b8b497f93e23' with name 'v++_compile_relu'
06/11/26 10:38:55: KERNEL_SVC: closing session for UUID '794be3ac-6a51-42cc-80dc-b8b497f93e23' with name 'v++_compile_relu'
06/11/26 10:38:55: GUIDANCE_SMGR: closing session for UUID '794be3ac-6a51-42cc-80dc-b8b497f93e23' with name 'v++_compile_relu'
06/11/26 10:38:55: SYSTEM_DIAGRAM: closing session for UUID '794be3ac-6a51-42cc-80dc-b8b497f93e23' with name 'v++_compile_relu'
06/11/26 10:38:55: STOP_SERVER received, server token: 0b41201c-518f-4816-b9fb-1de0aec4096d, passed token: 0b41201c-518f-4816-b9fb-1de0aec4096d
06/11/26 10:38:55: Socket received request to stop server.
06/11/26 10:38:55: Dispatch Server: do_await_stop
06/11/26 10:38:55: SERVER: destructor for server bound to port 51267
06/11/26 10:43:37: Running xcd server. This server was built by gradle.
06/11/26 10:43:37: Server was asked to start on port: '51013'
06/11/26 10:43:37: Server is using token UUID: '6aa1a3bd-546f-4cc2-ba04-b54796ee88e1'
06/11/26 10:43:37: SESSION_MGR: creating session with session uuid: '6d04a3e9-ade5-4ab9-8d63-1f78fcd2ec76' and name 'default'
06/11/26 10:43:37: Attempting to start server on port '51013'
06/11/26 10:43:37: Running Dispatch Server
06/11/26 10:43:37: Version 2.2.0
06/11/26 10:43:39: Dispatch Server: Accepted socket connection from client
06/11/26 10:43:39: Starting Socket connection
06/11/26 10:43:39: EXCHANGE_TOKEN received, server token: 6aa1a3bd-546f-4cc2-ba04-b54796ee88e1, passed token: 6aa1a3bd-546f-4cc2-ba04-b54796ee88e1
06/11/26 10:43:39: DISPATCH_HANDLER: Adding handler from function makeHandler in library xv_system_diagram
06/11/26 10:43:39: SESSION_MGR: creating session with session uuid: '9cae1197-f252-4295-a3ff-c05ae091d2bc' and name 'vitis-run_compile_relu'
06/11/26 10:43:39: KERNEL_SVC: creating session with uuid: '9cae1197-f252-4295-a3ff-c05ae091d2bc' and name 'vitis-run_compile_relu'
06/11/26 10:43:39: GUIDANCE_SMGR: creating guidance session with uuid: '9cae1197-f252-4295-a3ff-c05ae091d2bc' and name 'vitis-run_compile_relu'
06/11/26 10:43:39: SYSTEM_DIAGRAM: creating session with uuid: '9cae1197-f252-4295-a3ff-c05ae091d2bc' and name 'vitis-run_compile_relu'
06/11/26 10:43:46: Dispatch Server: Accepted socket connection from client
06/11/26 10:43:46: Starting Socket connection
06/11/26 10:44:35: SESSION_MGR: closing session for UUID '9cae1197-f252-4295-a3ff-c05ae091d2bc' with name 'vitis-run_compile_relu'
06/11/26 10:44:35: KERNEL_SVC: closing session for UUID '9cae1197-f252-4295-a3ff-c05ae091d2bc' with name 'vitis-run_compile_relu'
06/11/26 10:44:35: GUIDANCE_SMGR: closing session for UUID '9cae1197-f252-4295-a3ff-c05ae091d2bc' with name 'vitis-run_compile_relu'
06/11/26 10:44:35: SYSTEM_DIAGRAM: closing session for UUID '9cae1197-f252-4295-a3ff-c05ae091d2bc' with name 'vitis-run_compile_relu'
06/11/26 10:44:35: STOP_SERVER received, server token: 6aa1a3bd-546f-4cc2-ba04-b54796ee88e1, passed token: 6aa1a3bd-546f-4cc2-ba04-b54796ee88e1
06/11/26 10:44:35: Socket received request to stop server.
06/11/26 10:44:35: Dispatch Server: do_await_stop
06/11/26 10:44:35: SERVER: destructor for server bound to port 51013
06/11/26 11:26:53: Running xcd server. This server was built by gradle.
06/11/26 11:26:53: Server was asked to start on port: '62023'
06/11/26 11:26:53: Server is using token UUID: '9b089c41-3e1f-4644-b3e1-d15560ef48a0'
06/11/26 11:26:53: SESSION_MGR: creating session with session uuid: '6d04a3e9-ade5-4ab9-8d63-1f78fcd2ec76' and name 'default'
06/11/26 11:26:53: Attempting to start server on port '62023'
06/11/26 11:26:53: Running Dispatch Server
06/11/26 11:26:53: Version 2.2.0
06/11/26 11:26:55: Dispatch Server: Accepted socket connection from client
06/11/26 11:26:55: Starting Socket connection
06/11/26 11:26:55: EXCHANGE_TOKEN received, server token: 9b089c41-3e1f-4644-b3e1-d15560ef48a0, passed token: 9b089c41-3e1f-4644-b3e1-d15560ef48a0
06/11/26 11:26:55: DISPATCH_HANDLER: Adding handler from function makeHandler in library xv_system_diagram
06/11/26 11:26:55: SESSION_MGR: creating session with session uuid: 'a22cebec-e840-4ea5-bfb5-ce5330a03d0e' and name 'vitis-run_compile_relu'
06/11/26 11:26:55: KERNEL_SVC: creating session with uuid: 'a22cebec-e840-4ea5-bfb5-ce5330a03d0e' and name 'vitis-run_compile_relu'
06/11/26 11:26:55: GUIDANCE_SMGR: creating guidance session with uuid: 'a22cebec-e840-4ea5-bfb5-ce5330a03d0e' and name 'vitis-run_compile_relu'
06/11/26 11:26:55: SYSTEM_DIAGRAM: creating session with uuid: 'a22cebec-e840-4ea5-bfb5-ce5330a03d0e' and name 'vitis-run_compile_relu'
06/11/26 11:27:02: Dispatch Server: Accepted socket connection from client
06/11/26 11:27:02: Starting Socket connection
06/11/26 11:27:18: SESSION_MGR: closing session for UUID 'a22cebec-e840-4ea5-bfb5-ce5330a03d0e' with name 'vitis-run_compile_relu'
06/11/26 11:27:18: KERNEL_SVC: closing session for UUID 'a22cebec-e840-4ea5-bfb5-ce5330a03d0e' with name 'vitis-run_compile_relu'
06/11/26 11:27:18: GUIDANCE_SMGR: closing session for UUID 'a22cebec-e840-4ea5-bfb5-ce5330a03d0e' with name 'vitis-run_compile_relu'
06/11/26 11:27:18: SYSTEM_DIAGRAM: closing session for UUID 'a22cebec-e840-4ea5-bfb5-ce5330a03d0e' with name 'vitis-run_compile_relu'
06/11/26 11:27:18: STOP_SERVER received, server token: 9b089c41-3e1f-4644-b3e1-d15560ef48a0, passed token: 9b089c41-3e1f-4644-b3e1-d15560ef48a0
06/11/26 11:27:18: Socket received request to stop server.
06/11/26 11:27:18: Dispatch Server: do_await_stop
06/11/26 11:27:18: SERVER: destructor for server bound to port 62023
06/11/26 11:28:06: Running xcd server. This server was built by gradle.
06/11/26 11:28:06: Server was asked to start on port: '49613'
06/11/26 11:28:06: Server is using token UUID: '36154385-441f-4ec4-aa17-ac7804476c4f'
06/11/26 11:28:06: SESSION_MGR: creating session with session uuid: '6d04a3e9-ade5-4ab9-8d63-1f78fcd2ec76' and name 'default'
06/11/26 11:28:06: Attempting to start server on port '49613'
06/11/26 11:28:06: Running Dispatch Server
06/11/26 11:28:06: Version 2.2.0
06/11/26 11:28:08: Dispatch Server: Accepted socket connection from client
06/11/26 11:28:08: Starting Socket connection
06/11/26 11:28:08: EXCHANGE_TOKEN received, server token: 36154385-441f-4ec4-aa17-ac7804476c4f, passed token: 36154385-441f-4ec4-aa17-ac7804476c4f
06/11/26 11:28:09: DISPATCH_HANDLER: Adding handler from function makeHandler in library xv_system_diagram
06/11/26 11:28:09: SESSION_MGR: creating session with session uuid: '348c80ca-9450-4627-a475-327a15df5bc0' and name 'vitis-run_compile_relu'
06/11/26 11:28:09: KERNEL_SVC: creating session with uuid: '348c80ca-9450-4627-a475-327a15df5bc0' and name 'vitis-run_compile_relu'
06/11/26 11:28:09: GUIDANCE_SMGR: creating guidance session with uuid: '348c80ca-9450-4627-a475-327a15df5bc0' and name 'vitis-run_compile_relu'
06/11/26 11:28:09: SYSTEM_DIAGRAM: creating session with uuid: '348c80ca-9450-4627-a475-327a15df5bc0' and name 'vitis-run_compile_relu'
06/11/26 11:28:13: Dispatch Server: Accepted socket connection from client
06/11/26 11:28:13: Starting Socket connection
06/11/26 11:28:59: Dispatch Server: Accepted socket connection from client
06/11/26 11:28:59: Starting Socket connection
06/11/26 11:29:52: Dispatch Server: Accepted socket connection from client
06/11/26 11:29:52: Starting Socket connection
06/11/26 11:31:51: Dispatch Server: Accepted socket connection from client
06/11/26 11:31:51: Starting Socket connection
06/11/26 11:35:36: SESSION_MGR: closing session for UUID '348c80ca-9450-4627-a475-327a15df5bc0' with name 'vitis-run_compile_relu'
06/11/26 11:35:36: KERNEL_SVC: closing session for UUID '348c80ca-9450-4627-a475-327a15df5bc0' with name 'vitis-run_compile_relu'
06/11/26 11:35:36: GUIDANCE_SMGR: closing session for UUID '348c80ca-9450-4627-a475-327a15df5bc0' with name 'vitis-run_compile_relu'
06/11/26 11:35:36: SYSTEM_DIAGRAM: closing session for UUID '348c80ca-9450-4627-a475-327a15df5bc0' with name 'vitis-run_compile_relu'
06/11/26 11:35:36: STOP_SERVER received, server token: 36154385-441f-4ec4-aa17-ac7804476c4f, passed token: 36154385-441f-4ec4-aa17-ac7804476c4f
06/11/26 11:35:36: Socket received request to stop server.
06/11/26 11:35:36: Dispatch Server: do_await_stop
06/11/26 11:35:36: SERVER: destructor for server bound to port 49613
06/11/26 16:06:56: Running xcd server. This server was built by gradle.
06/11/26 16:06:56: Server was asked to start on port: '50446'
06/11/26 16:06:56: Server is using token UUID: 'd120310c-e10e-4170-bc63-8a8e8e71b799'
06/11/26 16:06:56: SESSION_MGR: creating session with session uuid: '6d04a3e9-ade5-4ab9-8d63-1f78fcd2ec76' and name 'default'
06/11/26 16:06:56: Attempting to start server on port '50446'
06/11/26 16:06:56: Running Dispatch Server
06/11/26 16:06:56: Version 2.2.0
06/11/26 16:06:58: Dispatch Server: Accepted socket connection from client
06/11/26 16:06:58: Starting Socket connection
06/11/26 16:06:58: EXCHANGE_TOKEN received, server token: d120310c-e10e-4170-bc63-8a8e8e71b799, passed token: d120310c-e10e-4170-bc63-8a8e8e71b799
06/11/26 16:06:58: DISPATCH_HANDLER: Adding handler from function makeHandler in library xv_system_diagram
06/11/26 16:06:58: SESSION_MGR: creating session with session uuid: '808f5f3f-97a3-4cd3-b375-edc3d841bea3' and name 'vitis-run_compile_relu'
06/11/26 16:06:58: KERNEL_SVC: creating session with uuid: '808f5f3f-97a3-4cd3-b375-edc3d841bea3' and name 'vitis-run_compile_relu'
06/11/26 16:06:58: GUIDANCE_SMGR: creating guidance session with uuid: '808f5f3f-97a3-4cd3-b375-edc3d841bea3' and name 'vitis-run_compile_relu'
06/11/26 16:06:58: SYSTEM_DIAGRAM: creating session with uuid: '808f5f3f-97a3-4cd3-b375-edc3d841bea3' and name 'vitis-run_compile_relu'
06/11/26 16:07:03: Dispatch Server: Accepted socket connection from client
06/11/26 16:07:03: Starting Socket connection
06/11/26 16:07:07: SESSION_MGR: closing session for UUID '808f5f3f-97a3-4cd3-b375-edc3d841bea3' with name 'vitis-run_compile_relu'
06/11/26 16:07:07: KERNEL_SVC: closing session for UUID '808f5f3f-97a3-4cd3-b375-edc3d841bea3' with name 'vitis-run_compile_relu'
06/11/26 16:07:07: GUIDANCE_SMGR: closing session for UUID '808f5f3f-97a3-4cd3-b375-edc3d841bea3' with name 'vitis-run_compile_relu'
06/11/26 16:07:07: SYSTEM_DIAGRAM: closing session for UUID '808f5f3f-97a3-4cd3-b375-edc3d841bea3' with name 'vitis-run_compile_relu'
06/11/26 16:07:07: STOP_SERVER received, server token: d120310c-e10e-4170-bc63-8a8e8e71b799, passed token: d120310c-e10e-4170-bc63-8a8e8e71b799
06/11/26 16:07:07: Socket received request to stop server.
06/11/26 16:07:07: Dispatch Server: do_await_stop
06/11/26 16:07:07: SERVER: destructor for server bound to port 50446
06/11/26 16:08:09: Running xcd server. This server was built by gradle.
06/11/26 16:08:09: Server was asked to start on port: '55900'
06/11/26 16:08:09: Server is using token UUID: '092dd949-f0f7-4291-a7f8-b8e919951f15'
06/11/26 16:08:09: SESSION_MGR: creating session with session uuid: '6d04a3e9-ade5-4ab9-8d63-1f78fcd2ec76' and name 'default'
06/11/26 16:08:09: Attempting to start server on port '55900'
06/11/26 16:08:09: Running Dispatch Server
06/11/26 16:08:09: Version 2.2.0
06/11/26 16:08:12: Dispatch Server: Accepted socket connection from client
06/11/26 16:08:12: Starting Socket connection
06/11/26 16:08:12: EXCHANGE_TOKEN received, server token: 092dd949-f0f7-4291-a7f8-b8e919951f15, passed token: 092dd949-f0f7-4291-a7f8-b8e919951f15
06/11/26 16:08:12: DISPATCH_HANDLER: Adding handler from function makeHandler in library xv_system_diagram
06/11/26 16:08:12: SESSION_MGR: creating session with session uuid: '7058ce87-d058-4f82-8af6-add4ad0fd370' and name 'v++_compile_relu'
06/11/26 16:08:12: KERNEL_SVC: creating session with uuid: '7058ce87-d058-4f82-8af6-add4ad0fd370' and name 'v++_compile_relu'
06/11/26 16:08:12: GUIDANCE_SMGR: creating guidance session with uuid: '7058ce87-d058-4f82-8af6-add4ad0fd370' and name 'v++_compile_relu'
06/11/26 16:08:12: SYSTEM_DIAGRAM: creating session with uuid: '7058ce87-d058-4f82-8af6-add4ad0fd370' and name 'v++_compile_relu'
06/11/26 16:08:17: Dispatch Server: Accepted socket connection from client
06/11/26 16:08:17: Starting Socket connection
06/11/26 16:08:32: SESSION_MGR: closing session for UUID '7058ce87-d058-4f82-8af6-add4ad0fd370' with name 'v++_compile_relu'
06/11/26 16:08:32: KERNEL_SVC: closing session for UUID '7058ce87-d058-4f82-8af6-add4ad0fd370' with name 'v++_compile_relu'
06/11/26 16:08:32: GUIDANCE_SMGR: closing session for UUID '7058ce87-d058-4f82-8af6-add4ad0fd370' with name 'v++_compile_relu'
06/11/26 16:08:32: SYSTEM_DIAGRAM: closing session for UUID '7058ce87-d058-4f82-8af6-add4ad0fd370' with name 'v++_compile_relu'
06/11/26 16:08:32: STOP_SERVER received, server token: 092dd949-f0f7-4291-a7f8-b8e919951f15, passed token: 092dd949-f0f7-4291-a7f8-b8e919951f15
06/11/26 16:08:32: Socket received request to stop server.
06/11/26 16:08:32: Dispatch Server: do_await_stop
06/11/26 16:08:32: SERVER: destructor for server bound to port 55900
06/11/26 16:08:44: Running xcd server. This server was built by gradle.
06/11/26 16:08:44: Server was asked to start on port: '55800'
06/11/26 16:08:44: Server is using token UUID: '2a9fd3ec-05d7-4034-a043-bbb76a1c64ba'
06/11/26 16:08:44: SESSION_MGR: creating session with session uuid: '6d04a3e9-ade5-4ab9-8d63-1f78fcd2ec76' and name 'default'
06/11/26 16:08:44: Attempting to start server on port '55800'
06/11/26 16:08:44: Running Dispatch Server
06/11/26 16:08:44: Version 2.2.0
06/11/26 16:08:46: Dispatch Server: Accepted socket connection from client
06/11/26 16:08:46: Starting Socket connection
06/11/26 16:08:46: EXCHANGE_TOKEN received, server token: 2a9fd3ec-05d7-4034-a043-bbb76a1c64ba, passed token: 2a9fd3ec-05d7-4034-a043-bbb76a1c64ba
06/11/26 16:08:46: DISPATCH_HANDLER: Adding handler from function makeHandler in library xv_system_diagram
06/11/26 16:08:46: SESSION_MGR: creating session with session uuid: '9e8d944e-8a38-4370-883a-8235353184f5' and name 'vitis-run_compile_relu'
06/11/26 16:08:46: KERNEL_SVC: creating session with uuid: '9e8d944e-8a38-4370-883a-8235353184f5' and name 'vitis-run_compile_relu'
06/11/26 16:08:46: GUIDANCE_SMGR: creating guidance session with uuid: '9e8d944e-8a38-4370-883a-8235353184f5' and name 'vitis-run_compile_relu'
06/11/26 16:08:46: SYSTEM_DIAGRAM: creating session with uuid: '9e8d944e-8a38-4370-883a-8235353184f5' and name 'vitis-run_compile_relu'
06/11/26 16:08:51: Dispatch Server: Accepted socket connection from client
06/11/26 16:08:51: Starting Socket connection
06/11/26 16:09:36: SESSION_MGR: closing session for UUID '9e8d944e-8a38-4370-883a-8235353184f5' with name 'vitis-run_compile_relu'
06/11/26 16:09:36: KERNEL_SVC: closing session for UUID '9e8d944e-8a38-4370-883a-8235353184f5' with name 'vitis-run_compile_relu'
06/11/26 16:09:36: GUIDANCE_SMGR: closing session for UUID '9e8d944e-8a38-4370-883a-8235353184f5' with name 'vitis-run_compile_relu'
06/11/26 16:09:36: SYSTEM_DIAGRAM: closing session for UUID '9e8d944e-8a38-4370-883a-8235353184f5' with name 'vitis-run_compile_relu'
06/11/26 16:09:36: STOP_SERVER received, server token: 2a9fd3ec-05d7-4034-a043-bbb76a1c64ba, passed token: 2a9fd3ec-05d7-4034-a043-bbb76a1c64ba
06/11/26 16:09:36: Socket received request to stop server.
06/11/26 16:09:36: Dispatch Server: do_await_stop
06/11/26 16:09:36: SERVER: destructor for server bound to port 55800
06/11/26 16:09:48: Running xcd server. This server was built by gradle.
06/11/26 16:09:48: Server was asked to start on port: '57985'
06/11/26 16:09:48: Server is using token UUID: 'bf224a0e-578e-45a7-bad2-a1b8689cb0a9'
06/11/26 16:09:48: SESSION_MGR: creating session with session uuid: '6d04a3e9-ade5-4ab9-8d63-1f78fcd2ec76' and name 'default'
06/11/26 16:09:48: Attempting to start server on port '57985'
06/11/26 16:09:48: Running Dispatch Server
06/11/26 16:09:48: Version 2.2.0
06/11/26 16:09:51: Dispatch Server: Accepted socket connection from client
06/11/26 16:09:51: Starting Socket connection
06/11/26 16:09:51: EXCHANGE_TOKEN received, server token: bf224a0e-578e-45a7-bad2-a1b8689cb0a9, passed token: bf224a0e-578e-45a7-bad2-a1b8689cb0a9
06/11/26 16:09:51: DISPATCH_HANDLER: Adding handler from function makeHandler in library xv_system_diagram
06/11/26 16:09:51: SESSION_MGR: creating session with session uuid: '9accc21c-add4-471d-97f1-11689603b21e' and name 'vitis-run_compile_relu'
06/11/26 16:09:51: KERNEL_SVC: creating session with uuid: '9accc21c-add4-471d-97f1-11689603b21e' and name 'vitis-run_compile_relu'
06/11/26 16:09:51: GUIDANCE_SMGR: creating guidance session with uuid: '9accc21c-add4-471d-97f1-11689603b21e' and name 'vitis-run_compile_relu'
06/11/26 16:09:51: SYSTEM_DIAGRAM: creating session with uuid: '9accc21c-add4-471d-97f1-11689603b21e' and name 'vitis-run_compile_relu'
06/11/26 16:09:55: Dispatch Server: Accepted socket connection from client
06/11/26 16:09:55: Starting Socket connection
06/11/26 16:10:04: SESSION_MGR: closing session for UUID '9accc21c-add4-471d-97f1-11689603b21e' with name 'vitis-run_compile_relu'
06/11/26 16:10:04: KERNEL_SVC: closing session for UUID '9accc21c-add4-471d-97f1-11689603b21e' with name 'vitis-run_compile_relu'
06/11/26 16:10:04: GUIDANCE_SMGR: closing session for UUID '9accc21c-add4-471d-97f1-11689603b21e' with name 'vitis-run_compile_relu'
06/11/26 16:10:04: SYSTEM_DIAGRAM: closing session for UUID '9accc21c-add4-471d-97f1-11689603b21e' with name 'vitis-run_compile_relu'
06/11/26 16:10:04: STOP_SERVER received, server token: bf224a0e-578e-45a7-bad2-a1b8689cb0a9, passed token: bf224a0e-578e-45a7-bad2-a1b8689cb0a9
06/11/26 16:10:04: Socket received request to stop server.
06/11/26 16:10:04: Dispatch Server: do_await_stop
06/11/26 16:10:04: SERVER: destructor for server bound to port 57985
