
*** Running vivado
    with args -log cnn_pipeline_relu_0_1.vds -m64 -product Vivado -mode batch -messageDb vivado.pb -notrace -source cnn_pipeline_relu_0_1.tcl



****** Vivado v2025.2 (64-bit)
  **** SW Build 6299465 on Fri Nov 14 19:35:11 GMT 2025
  **** IP Build 6300035 on Fri Nov 14 10:48:45 MST 2025
  **** SharedData Build 6298862 on Thu Nov 13 04:50:51 MST 2025
  **** Start of session at: Fri Jun 12 17:34:15 2026
    ** Copyright 1986-2022 Xilinx, Inc. All Rights Reserved.
    ** Copyright 2022-2025 Advanced Micro Devices, Inc. All Rights Reserved.

source cnn_pipeline_relu_0_1.tcl -notrace
create_project: Time (s): cpu = 00:00:12 ; elapsed = 00:00:09 . Memory (MB): peak = 659.422 ; gain = 218.891
INFO: [IP_Flow 19-234] Refreshing IP repositories
INFO: [IP_Flow 19-1700] Loaded user IP repository 'c:/CHINNA/HLS_workspace'.
INFO: [IP_Flow 19-2313] Loaded Vivado IP repository 'C:/2025.2/Vivado/data/ip'.
Command: synth_design -top cnn_pipeline_relu_0_1 -part xck26-sfvc784-2LV-c -incremental_mode off -mode out_of_context
Starting synth_design
Attempting to get a license for feature 'Synthesis' and/or device 'xck26'
INFO: [Common 17-349] Got license for feature 'Synthesis' and/or device 'xck26'
INFO: [Device 21-403] Loading part xck26-sfvc784-2LV-c
INFO: [Synth 8-7079] Multithreading enabled for synth_design using a maximum of 2 processes.
INFO: [Synth 8-7078] Launching helper process for spawning children vivado processes
INFO: [Synth 8-7075] Helper process launched with PID 27004
---------------------------------------------------------------------------------
Starting RTL Elaboration : Time (s): cpu = 00:00:07 ; elapsed = 00:00:09 . Memory (MB): peak = 1961.867 ; gain = 209.473
---------------------------------------------------------------------------------
INFO: [Synth 8-6157] synthesizing module 'cnn_pipeline_relu_0_1' [c:/CHINNA/Vivado_workspace/cnn_accelerator/cnn_accelerator.gen/sources_1/bd/cnn_pipeline/ip/cnn_pipeline_relu_0_1/synth/cnn_pipeline_relu_0_1.v:53]
INFO: [Synth 8-6157] synthesizing module 'relu' [c:/CHINNA/Vivado_workspace/cnn_accelerator/cnn_accelerator.gen/sources_1/bd/cnn_pipeline/ipshared/2a49/hdl/verilog/relu.v:9]
INFO: [Synth 8-6157] synthesizing module 'relu_flow_control_loop_pipe' [c:/CHINNA/Vivado_workspace/cnn_accelerator/cnn_accelerator.gen/sources_1/bd/cnn_pipeline/ipshared/2a49/hdl/verilog/relu_flow_control_loop_pipe.v:11]
INFO: [Synth 8-6155] done synthesizing module 'relu_flow_control_loop_pipe' (0#1) [c:/CHINNA/Vivado_workspace/cnn_accelerator/cnn_accelerator.gen/sources_1/bd/cnn_pipeline/ipshared/2a49/hdl/verilog/relu_flow_control_loop_pipe.v:11]
INFO: [Synth 8-6157] synthesizing module 'relu_regslice_both' [c:/CHINNA/Vivado_workspace/cnn_accelerator/cnn_accelerator.gen/sources_1/bd/cnn_pipeline/ipshared/2a49/hdl/verilog/relu_regslice_both.v:8]
INFO: [Synth 8-6155] done synthesizing module 'relu_regslice_both' (0#1) [c:/CHINNA/Vivado_workspace/cnn_accelerator/cnn_accelerator.gen/sources_1/bd/cnn_pipeline/ipshared/2a49/hdl/verilog/relu_regslice_both.v:8]
INFO: [Synth 8-6157] synthesizing module 'relu_regslice_both__parameterized0' [c:/CHINNA/Vivado_workspace/cnn_accelerator/cnn_accelerator.gen/sources_1/bd/cnn_pipeline/ipshared/2a49/hdl/verilog/relu_regslice_both.v:8]
INFO: [Synth 8-6155] done synthesizing module 'relu_regslice_both__parameterized0' (0#1) [c:/CHINNA/Vivado_workspace/cnn_accelerator/cnn_accelerator.gen/sources_1/bd/cnn_pipeline/ipshared/2a49/hdl/verilog/relu_regslice_both.v:8]
INFO: [Synth 8-6157] synthesizing module 'relu_regslice_both__parameterized1' [c:/CHINNA/Vivado_workspace/cnn_accelerator/cnn_accelerator.gen/sources_1/bd/cnn_pipeline/ipshared/2a49/hdl/verilog/relu_regslice_both.v:8]
INFO: [Synth 8-6155] done synthesizing module 'relu_regslice_both__parameterized1' (0#1) [c:/CHINNA/Vivado_workspace/cnn_accelerator/cnn_accelerator.gen/sources_1/bd/cnn_pipeline/ipshared/2a49/hdl/verilog/relu_regslice_both.v:8]
INFO: [Synth 8-6155] done synthesizing module 'relu' (0#1) [c:/CHINNA/Vivado_workspace/cnn_accelerator/cnn_accelerator.gen/sources_1/bd/cnn_pipeline/ipshared/2a49/hdl/verilog/relu.v:9]
INFO: [Synth 8-6155] done synthesizing module 'cnn_pipeline_relu_0_1' (0#1) [c:/CHINNA/Vivado_workspace/cnn_accelerator/cnn_accelerator.gen/sources_1/bd/cnn_pipeline/ip/cnn_pipeline_relu_0_1/synth/cnn_pipeline_relu_0_1.v:53]
INFO: [Synth 8-7129] Port ap_done_int in module relu_flow_control_loop_pipe is either unconnected or has no load
---------------------------------------------------------------------------------
Finished RTL Elaboration : Time (s): cpu = 00:00:09 ; elapsed = 00:00:11 . Memory (MB): peak = 2087.953 ; gain = 335.559
---------------------------------------------------------------------------------
---------------------------------------------------------------------------------
Start Handling Custom Attributes
---------------------------------------------------------------------------------
---------------------------------------------------------------------------------
Finished Handling Custom Attributes : Time (s): cpu = 00:00:09 ; elapsed = 00:00:11 . Memory (MB): peak = 2087.953 ; gain = 335.559
---------------------------------------------------------------------------------
---------------------------------------------------------------------------------
Finished RTL Optimization Phase 1 : Time (s): cpu = 00:00:09 ; elapsed = 00:00:11 . Memory (MB): peak = 2087.953 ; gain = 335.559
---------------------------------------------------------------------------------
Netlist sorting complete. Time (s): cpu = 00:00:00 ; elapsed = 00:00:00.007 . Memory (MB): peak = 2087.953 ; gain = 0.000
INFO: [Project 1-570] Preparing netlist for logic optimization

Processing XDC Constraints
Initializing timing engine
Parsing XDC File [c:/CHINNA/Vivado_workspace/cnn_accelerator/cnn_accelerator.gen/sources_1/bd/cnn_pipeline/ip/cnn_pipeline_relu_0_1/constraints/relu_ooc.xdc] for cell 'inst'
create_clock: Time (s): cpu = 00:00:05 ; elapsed = 00:00:06 . Memory (MB): peak = 2182.113 ; gain = 0.012
Finished Parsing XDC File [c:/CHINNA/Vivado_workspace/cnn_accelerator/cnn_accelerator.gen/sources_1/bd/cnn_pipeline/ip/cnn_pipeline_relu_0_1/constraints/relu_ooc.xdc] for cell 'inst'
Parsing XDC File [C:/CHINNA/Vivado_workspace/cnn_accelerator/cnn_accelerator.runs/cnn_pipeline_relu_0_1_synth_1/dont_touch.xdc]
Finished Parsing XDC File [C:/CHINNA/Vivado_workspace/cnn_accelerator/cnn_accelerator.runs/cnn_pipeline_relu_0_1_synth_1/dont_touch.xdc]
Completed Processing XDC Constraints

Netlist sorting complete. Time (s): cpu = 00:00:00 ; elapsed = 00:00:00 . Memory (MB): peak = 2182.113 ; gain = 0.000
INFO: [Project 1-111] Unisim Transformation Summary:
No Unisim elements were transformed.

Constraint Validation Runtime : Time (s): cpu = 00:00:00 ; elapsed = 00:00:00.095 . Memory (MB): peak = 2182.113 ; gain = 0.000
INFO: [Designutils 20-5008] Incremental synthesis strategy off
---------------------------------------------------------------------------------
Finished Constraint Validation : Time (s): cpu = 00:00:21 ; elapsed = 00:00:26 . Memory (MB): peak = 2182.113 ; gain = 429.719
---------------------------------------------------------------------------------
---------------------------------------------------------------------------------
Start Loading Part and Timing Information
---------------------------------------------------------------------------------
Loading part: xck26-sfvc784-2LV-c
INFO: [Synth 8-6742] Reading net delay rules and data
---------------------------------------------------------------------------------
Finished Loading Part and Timing Information : Time (s): cpu = 00:00:21 ; elapsed = 00:00:26 . Memory (MB): peak = 2182.113 ; gain = 429.719
---------------------------------------------------------------------------------
---------------------------------------------------------------------------------
Start Applying 'set_property' XDC Constraints
---------------------------------------------------------------------------------
---------------------------------------------------------------------------------
Finished applying 'set_property' XDC Constraints : Time (s): cpu = 00:00:21 ; elapsed = 00:00:26 . Memory (MB): peak = 2182.113 ; gain = 429.719
---------------------------------------------------------------------------------
INFO: [Synth 8-802] inferred FSM for state register 'state_reg' in module 'relu_regslice_both'
INFO: [Synth 8-802] inferred FSM for state register 'state_reg' in module 'relu_regslice_both__parameterized0'
INFO: [Synth 8-802] inferred FSM for state register 'state_reg' in module 'relu_regslice_both__parameterized1'
---------------------------------------------------------------------------------------------------
                   State |                     New Encoding |                Previous Encoding 
---------------------------------------------------------------------------------------------------
                  iSTATE |                               00 |                               00
*
                    ZERO |                               01 |                               10
                     ONE |                               11 |                               11
                     TWO |                               10 |                               01
---------------------------------------------------------------------------------------------------
INFO: [Synth 8-3354] encoded FSM with state register 'state_reg' using encoding 'sequential' in module 'relu_regslice_both'
---------------------------------------------------------------------------------------------------
                   State |                     New Encoding |                Previous Encoding 
---------------------------------------------------------------------------------------------------
                  iSTATE |                               00 |                               00
*
                    ZERO |                               01 |                               10
                     ONE |                               11 |                               11
                     TWO |                               10 |                               01
---------------------------------------------------------------------------------------------------
INFO: [Synth 8-3354] encoded FSM with state register 'state_reg' using encoding 'sequential' in module 'relu_regslice_both__parameterized0'
---------------------------------------------------------------------------------------------------
                   State |                     New Encoding |                Previous Encoding 
---------------------------------------------------------------------------------------------------
                  iSTATE |                               00 |                               00
*
                    ZERO |                               01 |                               10
                     ONE |                               11 |                               11
                     TWO |                               10 |                               01
---------------------------------------------------------------------------------------------------
INFO: [Synth 8-3354] encoded FSM with state register 'state_reg' using encoding 'sequential' in module 'relu_regslice_both__parameterized1'
---------------------------------------------------------------------------------
Finished RTL Optimization Phase 2 : Time (s): cpu = 00:00:21 ; elapsed = 00:00:26 . Memory (MB): peak = 2182.113 ; gain = 429.719
---------------------------------------------------------------------------------
---------------------------------------------------------------------------------
Start RTL Component Statistics 
---------------------------------------------------------------------------------
Detailed RTL Component Info : 
+---Adders : 
	   2 Input    4 Bit       Adders := 1     
+---Registers : 
	               16 Bit    Registers := 4     
	                4 Bit    Registers := 1     
	                2 Bit    Registers := 16    
	                1 Bit    Registers := 17    
+---Muxes : 
	   2 Input   16 Bit        Muxes := 2     
	   2 Input   15 Bit        Muxes := 1     
	   2 Input    2 Bit        Muxes := 84    
	   4 Input    2 Bit        Muxes := 32    
	   2 Input    1 Bit        Muxes := 30    
---------------------------------------------------------------------------------
Finished RTL Component Statistics 
---------------------------------------------------------------------------------
---------------------------------------------------------------------------------
Start Part Resource Summary
---------------------------------------------------------------------------------
Part Resources:
DSPs: 1248 (col length:96)
BRAMs: 288 (col length: RAMB18 96 RAMB36 48)
---------------------------------------------------------------------------------
Finished Part Resource Summary
---------------------------------------------------------------------------------
---------------------------------------------------------------------------------
Start Cross Boundary and Area Optimization
---------------------------------------------------------------------------------
INFO: [Synth 8-3332] Sequential element (regslice_both_in_stream_V_strb_V_U/FSM_sequential_state_reg[1]) is unused and will be removed from module relu.
INFO: [Synth 8-3332] Sequential element (regslice_both_in_stream_V_strb_V_U/FSM_sequential_state_reg[0]) is unused and will be removed from module relu.
---------------------------------------------------------------------------------
Finished Cross Boundary and Area Optimization : Time (s): cpu = 00:00:24 ; elapsed = 00:00:28 . Memory (MB): peak = 2182.113 ; gain = 429.719
---------------------------------------------------------------------------------
---------------------------------------------------------------------------------
Start Applying XDC Timing Constraints
---------------------------------------------------------------------------------
---------------------------------------------------------------------------------
Finished Applying XDC Timing Constraints : Time (s): cpu = 00:00:35 ; elapsed = 00:00:42 . Memory (MB): peak = 2829.430 ; gain = 1077.035
---------------------------------------------------------------------------------
---------------------------------------------------------------------------------
Start Timing Optimization
---------------------------------------------------------------------------------
---------------------------------------------------------------------------------
Finished Timing Optimization : Time (s): cpu = 00:00:35 ; elapsed = 00:00:42 . Memory (MB): peak = 2864.988 ; gain = 1112.594
---------------------------------------------------------------------------------
---------------------------------------------------------------------------------
Start Technology Mapping
---------------------------------------------------------------------------------
---------------------------------------------------------------------------------
Finished Technology Mapping : Time (s): cpu = 00:00:35 ; elapsed = 00:00:42 . Memory (MB): peak = 2866.539 ; gain = 1114.145
---------------------------------------------------------------------------------
---------------------------------------------------------------------------------
Start IO Insertion
---------------------------------------------------------------------------------
---------------------------------------------------------------------------------
Start Flattening Before IO Insertion
---------------------------------------------------------------------------------
---------------------------------------------------------------------------------
Finished Flattening Before IO Insertion
---------------------------------------------------------------------------------
---------------------------------------------------------------------------------
Start Final Netlist Cleanup
---------------------------------------------------------------------------------
---------------------------------------------------------------------------------
Finished Final Netlist Cleanup
---------------------------------------------------------------------------------
---------------------------------------------------------------------------------
Finished IO Insertion : Time (s): cpu = 00:00:39 ; elapsed = 00:00:49 . Memory (MB): peak = 3091.508 ; gain = 1339.113
---------------------------------------------------------------------------------
---------------------------------------------------------------------------------
Start Renaming Generated Instances
---------------------------------------------------------------------------------
---------------------------------------------------------------------------------
Finished Renaming Generated Instances : Time (s): cpu = 00:00:39 ; elapsed = 00:00:49 . Memory (MB): peak = 3091.508 ; gain = 1339.113
---------------------------------------------------------------------------------
---------------------------------------------------------------------------------
Start Rebuilding User Hierarchy
---------------------------------------------------------------------------------
---------------------------------------------------------------------------------
Finished Rebuilding User Hierarchy : Time (s): cpu = 00:00:39 ; elapsed = 00:00:49 . Memory (MB): peak = 3091.508 ; gain = 1339.113
---------------------------------------------------------------------------------
---------------------------------------------------------------------------------
Start Renaming Generated Ports
---------------------------------------------------------------------------------
---------------------------------------------------------------------------------
Finished Renaming Generated Ports : Time (s): cpu = 00:00:39 ; elapsed = 00:00:49 . Memory (MB): peak = 3091.508 ; gain = 1339.113
---------------------------------------------------------------------------------
---------------------------------------------------------------------------------
Start Handling Custom Attributes
---------------------------------------------------------------------------------
---------------------------------------------------------------------------------
Finished Handling Custom Attributes : Time (s): cpu = 00:00:39 ; elapsed = 00:00:49 . Memory (MB): peak = 3091.508 ; gain = 1339.113
---------------------------------------------------------------------------------
---------------------------------------------------------------------------------
Start Renaming Generated Nets
---------------------------------------------------------------------------------
---------------------------------------------------------------------------------
Finished Renaming Generated Nets : Time (s): cpu = 00:00:39 ; elapsed = 00:00:49 . Memory (MB): peak = 3091.508 ; gain = 1339.113
---------------------------------------------------------------------------------
---------------------------------------------------------------------------------
Start Writing Synthesis Report
---------------------------------------------------------------------------------

Report BlackBoxes: 
+-+--------------+----------+
| |BlackBox name |Instances |
+-+--------------+----------+
+-+--------------+----------+

Report Cell Usage: 
+------+-------+------+
|      |Cell   |Count |
+------+-------+------+
|1     |CARRY8 |     1|
|2     |LUT1   |     1|
|3     |LUT2   |    21|
|4     |LUT3   |     6|
|5     |LUT4   |    40|
|6     |LUT5   |    33|
|7     |LUT6   |     9|
|8     |FDRE   |    99|
|9     |FDSE   |     9|
+------+-------+------+
---------------------------------------------------------------------------------
Finished Writing Synthesis Report : Time (s): cpu = 00:00:39 ; elapsed = 00:00:49 . Memory (MB): peak = 3091.508 ; gain = 1339.113
---------------------------------------------------------------------------------
Synthesis finished with 0 errors, 0 critical warnings and 0 warnings.

*** Running vivado
    with args -log cnn_pipeline_relu_0_1.vds -m64 -product Vivado -mode batch -messageDb vivado.pb -notrace -source cnn_pipeline_relu_0_1.tcl



****** Vivado v2025.2 (64-bit)
  **** SW Build 6299465 on Fri Nov 14 19:35:11 GMT 2025
  **** IP Build 6300035 on Fri Nov 14 10:48:45 MST 2025
  **** SharedData Build 6298862 on Thu Nov 13 04:50:51 MST 2025
  **** Start of session at: Fri Jun 12 17:35:47 2026
    ** Copyright 1986-2022 Xilinx, Inc. All Rights Reserved.
    ** Copyright 2022-2025 Advanced Micro Devices, Inc. All Rights Reserved.

source cnn_pipeline_relu_0_1.tcl -notrace
create_project: Time (s): cpu = 00:00:13 ; elapsed = 00:00:10 . Memory (MB): peak = 658.559 ; gain = 217.770
INFO: [IP_Flow 19-234] Refreshing IP repositories
INFO: [IP_Flow 19-1700] Loaded user IP repository 'c:/CHINNA/HLS_workspace'.
INFO: [IP_Flow 19-2313] Loaded Vivado IP repository 'C:/2025.2/Vivado/data/ip'.
Command: synth_design -top cnn_pipeline_relu_0_1 -part xck26-sfvc784-2LV-c -incremental_mode off -mode out_of_context
Starting synth_design
Attempting to get a license for feature 'Synthesis' and/or device 'xck26'
INFO: [Common 17-349] Got license for feature 'Synthesis' and/or device 'xck26'
INFO: [Device 21-403] Loading part xck26-sfvc784-2LV-c
INFO: [Synth 8-7079] Multithreading enabled for synth_design using a maximum of 2 processes.
INFO: [Synth 8-7078] Launching helper process for spawning children vivado processes
INFO: [Synth 8-7075] Helper process launched with PID 25224
---------------------------------------------------------------------------------
Starting RTL Elaboration : Time (s): cpu = 00:00:07 ; elapsed = 00:00:08 . Memory (MB): peak = 1962.363 ; gain = 210.238
---------------------------------------------------------------------------------
INFO: [Synth 8-6157] synthesizing module 'cnn_pipeline_relu_0_1' [c:/CHINNA/Vivado_workspace/cnn_accelerator/cnn_accelerator.gen/sources_1/bd/cnn_pipeline/ip/cnn_pipeline_relu_0_1/synth/cnn_pipeline_relu_0_1.v:53]
INFO: [Synth 8-6157] synthesizing module 'relu' [c:/CHINNA/Vivado_workspace/cnn_accelerator/cnn_accelerator.gen/sources_1/bd/cnn_pipeline/ipshared/2a49/hdl/verilog/relu.v:9]
INFO: [Synth 8-6157] synthesizing module 'relu_flow_control_loop_pipe' [c:/CHINNA/Vivado_workspace/cnn_accelerator/cnn_accelerator.gen/sources_1/bd/cnn_pipeline/ipshared/2a49/hdl/verilog/relu_flow_control_loop_pipe.v:11]
INFO: [Synth 8-6155] done synthesizing module 'relu_flow_control_loop_pipe' (0#1) [c:/CHINNA/Vivado_workspace/cnn_accelerator/cnn_accelerator.gen/sources_1/bd/cnn_pipeline/ipshared/2a49/hdl/verilog/relu_flow_control_loop_pipe.v:11]
INFO: [Synth 8-6157] synthesizing module 'relu_regslice_both' [c:/CHINNA/Vivado_workspace/cnn_accelerator/cnn_accelerator.gen/sources_1/bd/cnn_pipeline/ipshared/2a49/hdl/verilog/relu_regslice_both.v:8]
INFO: [Synth 8-6155] done synthesizing module 'relu_regslice_both' (0#1) [c:/CHINNA/Vivado_workspace/cnn_accelerator/cnn_accelerator.gen/sources_1/bd/cnn_pipeline/ipshared/2a49/hdl/verilog/relu_regslice_both.v:8]
INFO: [Synth 8-6157] synthesizing module 'relu_regslice_both__parameterized0' [c:/CHINNA/Vivado_workspace/cnn_accelerator/cnn_accelerator.gen/sources_1/bd/cnn_pipeline/ipshared/2a49/hdl/verilog/relu_regslice_both.v:8]
INFO: [Synth 8-6155] done synthesizing module 'relu_regslice_both__parameterized0' (0#1) [c:/CHINNA/Vivado_workspace/cnn_accelerator/cnn_accelerator.gen/sources_1/bd/cnn_pipeline/ipshared/2a49/hdl/verilog/relu_regslice_both.v:8]
INFO: [Synth 8-6157] synthesizing module 'relu_regslice_both__parameterized1' [c:/CHINNA/Vivado_workspace/cnn_accelerator/cnn_accelerator.gen/sources_1/bd/cnn_pipeline/ipshared/2a49/hdl/verilog/relu_regslice_both.v:8]
INFO: [Synth 8-6155] done synthesizing module 'relu_regslice_both__parameterized1' (0#1) [c:/CHINNA/Vivado_workspace/cnn_accelerator/cnn_accelerator.gen/sources_1/bd/cnn_pipeline/ipshared/2a49/hdl/verilog/relu_regslice_both.v:8]
INFO: [Synth 8-6155] done synthesizing module 'relu' (0#1) [c:/CHINNA/Vivado_workspace/cnn_accelerator/cnn_accelerator.gen/sources_1/bd/cnn_pipeline/ipshared/2a49/hdl/verilog/relu.v:9]
INFO: [Synth 8-6155] done synthesizing module 'cnn_pipeline_relu_0_1' (0#1) [c:/CHINNA/Vivado_workspace/cnn_accelerator/cnn_accelerator.gen/sources_1/bd/cnn_pipeline/ip/cnn_pipeline_relu_0_1/synth/cnn_pipeline_relu_0_1.v:53]
INFO: [Synth 8-7129] Port ap_done_int in module relu_flow_control_loop_pipe is either unconnected or has no load
---------------------------------------------------------------------------------
Finished RTL Elaboration : Time (s): cpu = 00:00:09 ; elapsed = 00:00:10 . Memory (MB): peak = 2088.336 ; gain = 336.211
---------------------------------------------------------------------------------
---------------------------------------------------------------------------------
Start Handling Custom Attributes
---------------------------------------------------------------------------------
---------------------------------------------------------------------------------
Finished Handling Custom Attributes : Time (s): cpu = 00:00:09 ; elapsed = 00:00:10 . Memory (MB): peak = 2088.336 ; gain = 336.211
---------------------------------------------------------------------------------
---------------------------------------------------------------------------------
Finished RTL Optimization Phase 1 : Time (s): cpu = 00:00:09 ; elapsed = 00:00:10 . Memory (MB): peak = 2088.336 ; gain = 336.211
---------------------------------------------------------------------------------
Netlist sorting complete. Time (s): cpu = 00:00:00 ; elapsed = 00:00:00.004 . Memory (MB): peak = 2088.336 ; gain = 0.000
INFO: [Project 1-570] Preparing netlist for logic optimization

Processing XDC Constraints
Initializing timing engine
Parsing XDC File [c:/CHINNA/Vivado_workspace/cnn_accelerator/cnn_accelerator.gen/sources_1/bd/cnn_pipeline/ip/cnn_pipeline_relu_0_1/constraints/relu_ooc.xdc] for cell 'inst'
create_clock: Time (s): cpu = 00:00:05 ; elapsed = 00:00:05 . Memory (MB): peak = 2186.398 ; gain = 0.086
Finished Parsing XDC File [c:/CHINNA/Vivado_workspace/cnn_accelerator/cnn_accelerator.gen/sources_1/bd/cnn_pipeline/ip/cnn_pipeline_relu_0_1/constraints/relu_ooc.xdc] for cell 'inst'
Parsing XDC File [C:/CHINNA/Vivado_workspace/cnn_accelerator/cnn_accelerator.runs/cnn_pipeline_relu_0_1_synth_1/dont_touch.xdc]
Finished Parsing XDC File [C:/CHINNA/Vivado_workspace/cnn_accelerator/cnn_accelerator.runs/cnn_pipeline_relu_0_1_synth_1/dont_touch.xdc]
Completed Processing XDC Constraints

Netlist sorting complete. Time (s): cpu = 00:00:00 ; elapsed = 00:00:00 . Memory (MB): peak = 2186.398 ; gain = 0.000
INFO: [Project 1-111] Unisim Transformation Summary:
No Unisim elements were transformed.

Constraint Validation Runtime : Time (s): cpu = 00:00:01 ; elapsed = 00:00:00.054 . Memory (MB): peak = 2186.398 ; gain = 0.000
INFO: [Designutils 20-5008] Incremental synthesis strategy off
---------------------------------------------------------------------------------
Finished Constraint Validation : Time (s): cpu = 00:00:21 ; elapsed = 00:00:24 . Memory (MB): peak = 2186.398 ; gain = 434.273
---------------------------------------------------------------------------------
---------------------------------------------------------------------------------
Start Loading Part and Timing Information
---------------------------------------------------------------------------------
Loading part: xck26-sfvc784-2LV-c
INFO: [Synth 8-6742] Reading net delay rules and data
---------------------------------------------------------------------------------
Finished Loading Part and Timing Information : Time (s): cpu = 00:00:21 ; elapsed = 00:00:24 . Memory (MB): peak = 2186.398 ; gain = 434.273
---------------------------------------------------------------------------------
---------------------------------------------------------------------------------
Start Applying 'set_property' XDC Constraints
---------------------------------------------------------------------------------
---------------------------------------------------------------------------------
Finished applying 'set_property' XDC Constraints : Time (s): cpu = 00:00:21 ; elapsed = 00:00:24 . Memory (MB): peak = 2186.398 ; gain = 434.273
---------------------------------------------------------------------------------
INFO: [Synth 8-802] inferred FSM for state register 'state_reg' in module 'relu_regslice_both'
INFO: [Synth 8-802] inferred FSM for state register 'state_reg' in module 'relu_regslice_both__parameterized0'
INFO: [Synth 8-802] inferred FSM for state register 'state_reg' in module 'relu_regslice_both__parameterized1'
---------------------------------------------------------------------------------------------------
                   State |                     New Encoding |                Previous Encoding 
---------------------------------------------------------------------------------------------------
                  iSTATE |                               00 |                               00
*
                    ZERO |                               01 |                               10
                     ONE |                               11 |                               11
                     TWO |                               10 |                               01
---------------------------------------------------------------------------------------------------
INFO: [Synth 8-3354] encoded FSM with state register 'state_reg' using encoding 'sequential' in module 'relu_regslice_both'
---------------------------------------------------------------------------------------------------
                   State |                     New Encoding |                Previous Encoding 
---------------------------------------------------------------------------------------------------
                  iSTATE |                               00 |                               00
*
                    ZERO |                               01 |                               10
                     ONE |                               11 |                               11
                     TWO |                               10 |                               01
---------------------------------------------------------------------------------------------------
INFO: [Synth 8-3354] encoded FSM with state register 'state_reg' using encoding 'sequential' in module 'relu_regslice_both__parameterized0'
---------------------------------------------------------------------------------------------------
                   State |                     New Encoding |                Previous Encoding 
---------------------------------------------------------------------------------------------------
                  iSTATE |                               00 |                               00
*
                    ZERO |                               01 |                               10
                     ONE |                               11 |                               11
                     TWO |                               10 |                               01
---------------------------------------------------------------------------------------------------
INFO: [Synth 8-3354] encoded FSM with state register 'state_reg' using encoding 'sequential' in module 'relu_regslice_both__parameterized1'
---------------------------------------------------------------------------------
Finished RTL Optimization Phase 2 : Time (s): cpu = 00:00:22 ; elapsed = 00:00:24 . Memory (MB): peak = 2186.398 ; gain = 434.273
---------------------------------------------------------------------------------
---------------------------------------------------------------------------------
Start RTL Component Statistics 
---------------------------------------------------------------------------------
Detailed RTL Component Info : 
+---Adders : 
	   2 Input    4 Bit       Adders := 1     
+---Registers : 
	               16 Bit    Registers := 4     
	                4 Bit    Registers := 1     
	                2 Bit    Registers := 16    
	                1 Bit    Registers := 17    
+---Muxes : 
	   2 Input   16 Bit        Muxes := 2     
	   2 Input   15 Bit        Muxes := 1     
	   2 Input    2 Bit        Muxes := 84    
	   4 Input    2 Bit        Muxes := 32    
	   2 Input    1 Bit        Muxes := 30    
---------------------------------------------------------------------------------
Finished RTL Component Statistics 
---------------------------------------------------------------------------------
---------------------------------------------------------------------------------
Start Part Resource Summary
---------------------------------------------------------------------------------
Part Resources:
DSPs: 1248 (col length:96)
BRAMs: 288 (col length: RAMB18 96 RAMB36 48)
---------------------------------------------------------------------------------
Finished Part Resource Summary
---------------------------------------------------------------------------------
---------------------------------------------------------------------------------
Start Cross Boundary and Area Optimization
---------------------------------------------------------------------------------
INFO: [Synth 8-3332] Sequential element (regslice_both_in_stream_V_strb_V_U/FSM_sequential_state_reg[1]) is unused and will be removed from module relu.
INFO: [Synth 8-3332] Sequential element (regslice_both_in_stream_V_strb_V_U/FSM_sequential_state_reg[0]) is unused and will be removed from module relu.
---------------------------------------------------------------------------------
Finished Cross Boundary and Area Optimization : Time (s): cpu = 00:00:24 ; elapsed = 00:00:27 . Memory (MB): peak = 2186.398 ; gain = 434.273
---------------------------------------------------------------------------------
---------------------------------------------------------------------------------
Start Applying XDC Timing Constraints
---------------------------------------------------------------------------------
---------------------------------------------------------------------------------
Finished Applying XDC Timing Constraints : Time (s): cpu = 00:00:35 ; elapsed = 00:00:39 . Memory (MB): peak = 2828.113 ; gain = 1075.988
---------------------------------------------------------------------------------
---------------------------------------------------------------------------------
Start Timing Optimization
---------------------------------------------------------------------------------
---------------------------------------------------------------------------------
Finished Timing Optimization : Time (s): cpu = 00:00:35 ; elapsed = 00:00:40 . Memory (MB): peak = 2863.898 ; gain = 1111.773
---------------------------------------------------------------------------------
---------------------------------------------------------------------------------
Start Technology Mapping
---------------------------------------------------------------------------------
---------------------------------------------------------------------------------
Finished Technology Mapping : Time (s): cpu = 00:00:36 ; elapsed = 00:00:40 . Memory (MB): peak = 2865.418 ; gain = 1113.293
---------------------------------------------------------------------------------
---------------------------------------------------------------------------------
Start IO Insertion
---------------------------------------------------------------------------------
---------------------------------------------------------------------------------
Start Flattening Before IO Insertion
---------------------------------------------------------------------------------
---------------------------------------------------------------------------------
Finished Flattening Before IO Insertion
---------------------------------------------------------------------------------
---------------------------------------------------------------------------------
Start Final Netlist Cleanup
---------------------------------------------------------------------------------
---------------------------------------------------------------------------------
Finished Final Netlist Cleanup
---------------------------------------------------------------------------------
---------------------------------------------------------------------------------
Finished IO Insertion : Time (s): cpu = 00:00:41 ; elapsed = 00:00:49 . Memory (MB): peak = 3090.055 ; gain = 1337.930
---------------------------------------------------------------------------------
---------------------------------------------------------------------------------
Start Renaming Generated Instances
---------------------------------------------------------------------------------
---------------------------------------------------------------------------------
Finished Renaming Generated Instances : Time (s): cpu = 00:00:41 ; elapsed = 00:00:49 . Memory (MB): peak = 3090.055 ; gain = 1337.930
---------------------------------------------------------------------------------
---------------------------------------------------------------------------------
Start Rebuilding User Hierarchy
---------------------------------------------------------------------------------
---------------------------------------------------------------------------------
Finished Rebuilding User Hierarchy : Time (s): cpu = 00:00:41 ; elapsed = 00:00:49 . Memory (MB): peak = 3090.055 ; gain = 1337.930
---------------------------------------------------------------------------------
---------------------------------------------------------------------------------
Start Renaming Generated Ports
---------------------------------------------------------------------------------
---------------------------------------------------------------------------------
Finished Renaming Generated Ports : Time (s): cpu = 00:00:41 ; elapsed = 00:00:49 . Memory (MB): peak = 3090.055 ; gain = 1337.930
---------------------------------------------------------------------------------
---------------------------------------------------------------------------------
Start Handling Custom Attributes
---------------------------------------------------------------------------------
---------------------------------------------------------------------------------
Finished Handling Custom Attributes : Time (s): cpu = 00:00:41 ; elapsed = 00:00:49 . Memory (MB): peak = 3090.055 ; gain = 1337.930
---------------------------------------------------------------------------------
---------------------------------------------------------------------------------
Start Renaming Generated Nets
---------------------------------------------------------------------------------
---------------------------------------------------------------------------------
Finished Renaming Generated Nets : Time (s): cpu = 00:00:41 ; elapsed = 00:00:49 . Memory (MB): peak = 3090.055 ; gain = 1337.930
---------------------------------------------------------------------------------
---------------------------------------------------------------------------------
Start Writing Synthesis Report
---------------------------------------------------------------------------------

Report BlackBoxes: 
+-+--------------+----------+
| |BlackBox name |Instances |
+-+--------------+----------+
+-+--------------+----------+

Report Cell Usage: 
+------+-------+------+
|      |Cell   |Count |
+------+-------+------+
|1     |CARRY8 |     1|
|2     |LUT1   |     1|
|3     |LUT2   |    21|
|4     |LUT3   |     6|
|5     |LUT4   |    40|
|6     |LUT5   |    33|
|7     |LUT6   |     9|
|8     |FDRE   |    99|
|9     |FDSE   |     9|
+------+-------+------+
---------------------------------------------------------------------------------
Finished Writing Synthesis Report : Time (s): cpu = 00:00:41 ; elapsed = 00:00:49 . Memory (MB): peak = 3090.055 ; gain = 1337.930
---------------------------------------------------------------------------------
Synthesis finished with 0 errors, 0 critical warnings and 0 warnings.
Synthesis Optimization Runtime : Time (s): cpu = 00:00:26 ; elapsed = 00:00:45 . Memory (MB): peak = 3090.055 ; gain = 1239.867
Synthesis Optimization Complete : Time (s): cpu = 00:00:42 ; elapsed = 00:00:53 . Memory (MB): peak = 3090.055 ; gain = 1337.930
INFO: [Project 1-571] Translating synthesized netlist
Netlist sorting complete. Time (s): cpu = 00:00:00 ; elapsed = 00:00:00.002 . Memory (MB): peak = 3090.055 ; gain = 0.000
INFO: [Netlist 29-17] Analyzing 1 Unisim elements for replacement
INFO: [Netlist 29-28] Unisim Transformation completed in 0 CPU seconds
INFO: [Project 1-570] Preparing netlist for logic optimization
INFO: [Opt 31-138] Pushed 0 inverter(s) to 0 load pin(s).
Netlist sorting complete. Time (s): cpu = 00:00:00 ; elapsed = 00:00:00 . Memory (MB): peak = 3090.055 ; gain = 0.000
INFO: [Project 1-111] Unisim Transformation Summary:
No Unisim elements were transformed.

Synth Design complete | Checksum: 5cd41361
INFO: [Common 17-83] Releasing license: Synthesis
40 Infos, 0 Warnings, 0 Critical Warnings and 0 Errors encountered.
synth_design completed successfully
synth_design: Time (s): cpu = 00:00:50 ; elapsed = 00:01:09 . Memory (MB): peak = 3090.055 ; gain = 2370.984
Write ShapeDB Complete: Time (s): cpu = 00:00:00 ; elapsed = 00:00:00.014 . Memory (MB): peak = 3090.055 ; gain = 0.000
INFO: [Common 17-1381] The checkpoint 'C:/CHINNA/Vivado_workspace/cnn_accelerator/cnn_accelerator.runs/cnn_pipeline_relu_0_1_synth_1/cnn_pipeline_relu_0_1.dcp' has been generated.
INFO: [Coretcl 2-1648] Added synthesis output to IP cache for IP cnn_pipeline_relu_0_1, cache-ID = 669ee5d7cc46bae2
INFO: [Coretcl 2-1174] Renamed 9 cell refs.
Write ShapeDB Complete: Time (s): cpu = 00:00:00 ; elapsed = 00:00:00.001 . Memory (MB): peak = 3090.055 ; gain = 0.000
INFO: [Common 17-1381] The checkpoint 'C:/CHINNA/Vivado_workspace/cnn_accelerator/cnn_accelerator.runs/cnn_pipeline_relu_0_1_synth_1/cnn_pipeline_relu_0_1.dcp' has been generated.
INFO: [Vivado 12-24828] Executing command : report_utilization -file cnn_pipeline_relu_0_1_utilization_synth.rpt -pb cnn_pipeline_relu_0_1_utilization_synth.pb
INFO: [Common 17-206] Exiting Vivado at Fri Jun 12 17:37:18 2026...
