Copyright 1986-2022 Xilinx, Inc. All Rights Reserved. Copyright 2022-2025 Advanced Micro Devices, Inc. All Rights Reserved.
------------------------------------------------------------------------------------------------------------------------------------------------------
| Tool Version : Vivado v.2025.2 (win64) Build 6299465 Fri Nov 14 19:35:11 GMT 2025
| Date         : Fri Jun 12 17:41:59 2026
| Host         : DESKTOP-1HEQ2M2 running 64-bit major release  (build 9200)
| Command      : report_drc -file cnn_pipeline_wrapper_drc_routed.rpt -pb cnn_pipeline_wrapper_drc_routed.pb -rpx cnn_pipeline_wrapper_drc_routed.rpx
| Design       : cnn_pipeline_wrapper
| Device       : xck26-sfvc784-2LV-c
| Speed File   : -2LV
| Design State : Fully Routed
------------------------------------------------------------------------------------------------------------------------------------------------------

Report DRC

Table of Contents
-----------------
1. REPORT SUMMARY
2. REPORT DETAILS

1. REPORT SUMMARY
-----------------
            Netlist: netlist
          Floorplan: design_1
      Design limits: <entire design considered>
           Ruledeck: default
             Max checks: <unlimited>
             Checks found: 13
+-----------+----------+----------------------------------------+--------+
| Rule      | Severity | Description                            | Checks |
+-----------+----------+----------------------------------------+--------+
| DPIP-2    | Warning  | Input pipelining                       | 8      |
| PDCN-1569 | Warning  | LUT equation term check                | 1      |
| REQP-1857 | Warning  | RAMB18E2_writefirst_collision_advisory | 1      |
| REQP-1935 | Warning  | RAMB36E2_nochange_collision_advisory   | 2      |
| RTSTAT-10 | Warning  | No routable loads                      | 1      |
+-----------+----------+----------------------------------------+--------+

2. REPORT DETAILS
-----------------
DPIP-2#1 Warning
Input pipelining  
DSP cnn_pipeline_i/conv2d_0/inst/grp_conv2d_Pipeline_CONV_OR_CONV_OC2_fu_310/mac_muladd_16s_16s_24s_24_4_1_U68/conv2d_mac_muladd_16s_16s_24s_24_4_1_DSP48_0_U/p_reg_reg input cnn_pipeline_i/conv2d_0/inst/grp_conv2d_Pipeline_CONV_OR_CONV_OC2_fu_310/mac_muladd_16s_16s_24s_24_4_1_U68/conv2d_mac_muladd_16s_16s_24s_24_4_1_DSP48_0_U/p_reg_reg/C[47:0] is not pipelined. Pipelining DSP48 input will improve performance.
Related violations: <none>

DPIP-2#2 Warning
Input pipelining  
DSP cnn_pipeline_i/conv2d_0/inst/grp_conv2d_Pipeline_CONV_OR_CONV_OC2_fu_310/mac_muladd_16s_16s_24s_24_4_1_U69/conv2d_mac_muladd_16s_16s_24s_24_4_1_DSP48_0_U/p_reg_reg input cnn_pipeline_i/conv2d_0/inst/grp_conv2d_Pipeline_CONV_OR_CONV_OC2_fu_310/mac_muladd_16s_16s_24s_24_4_1_U69/conv2d_mac_muladd_16s_16s_24s_24_4_1_DSP48_0_U/p_reg_reg/C[47:0] is not pipelined. Pipelining DSP48 input will improve performance.
Related violations: <none>

DPIP-2#3 Warning
Input pipelining  
DSP cnn_pipeline_i/conv2d_0/inst/grp_conv2d_Pipeline_CONV_OR_CONV_OC2_fu_310/mac_muladd_16s_16s_24s_24_4_1_U70/conv2d_mac_muladd_16s_16s_24s_24_4_1_DSP48_0_U/p_reg_reg input cnn_pipeline_i/conv2d_0/inst/grp_conv2d_Pipeline_CONV_OR_CONV_OC2_fu_310/mac_muladd_16s_16s_24s_24_4_1_U70/conv2d_mac_muladd_16s_16s_24s_24_4_1_DSP48_0_U/p_reg_reg/C[47:0] is not pipelined. Pipelining DSP48 input will improve performance.
Related violations: <none>

DPIP-2#4 Warning
Input pipelining  
DSP cnn_pipeline_i/conv2d_0/inst/grp_conv2d_Pipeline_CONV_OR_CONV_OC2_fu_310/mac_muladd_16s_16s_24s_24_4_1_U71/conv2d_mac_muladd_16s_16s_24s_24_4_1_DSP48_0_U/p_reg_reg input cnn_pipeline_i/conv2d_0/inst/grp_conv2d_Pipeline_CONV_OR_CONV_OC2_fu_310/mac_muladd_16s_16s_24s_24_4_1_U71/conv2d_mac_muladd_16s_16s_24s_24_4_1_DSP48_0_U/p_reg_reg/C[47:0] is not pipelined. Pipelining DSP48 input will improve performance.
Related violations: <none>

DPIP-2#5 Warning
Input pipelining  
DSP cnn_pipeline_i/conv2d_0/inst/grp_conv2d_Pipeline_CONV_OR_CONV_OC2_fu_310/mac_muladd_16s_16s_24s_24_4_1_U72/conv2d_mac_muladd_16s_16s_24s_24_4_1_DSP48_0_U/p_reg_reg input cnn_pipeline_i/conv2d_0/inst/grp_conv2d_Pipeline_CONV_OR_CONV_OC2_fu_310/mac_muladd_16s_16s_24s_24_4_1_U72/conv2d_mac_muladd_16s_16s_24s_24_4_1_DSP48_0_U/p_reg_reg/C[47:0] is not pipelined. Pipelining DSP48 input will improve performance.
Related violations: <none>

DPIP-2#6 Warning
Input pipelining  
DSP cnn_pipeline_i/conv2d_0/inst/grp_conv2d_Pipeline_CONV_OR_CONV_OC2_fu_310/mac_muladd_16s_16s_24s_24_4_1_U73/conv2d_mac_muladd_16s_16s_24s_24_4_1_DSP48_0_U/p_reg_reg input cnn_pipeline_i/conv2d_0/inst/grp_conv2d_Pipeline_CONV_OR_CONV_OC2_fu_310/mac_muladd_16s_16s_24s_24_4_1_U73/conv2d_mac_muladd_16s_16s_24s_24_4_1_DSP48_0_U/p_reg_reg/C[47:0] is not pipelined. Pipelining DSP48 input will improve performance.
Related violations: <none>

DPIP-2#7 Warning
Input pipelining  
DSP cnn_pipeline_i/conv2d_0/inst/grp_conv2d_Pipeline_CONV_OR_CONV_OC2_fu_310/mac_muladd_16s_16s_24s_24_4_1_U74/conv2d_mac_muladd_16s_16s_24s_24_4_1_DSP48_0_U/p_reg_reg input cnn_pipeline_i/conv2d_0/inst/grp_conv2d_Pipeline_CONV_OR_CONV_OC2_fu_310/mac_muladd_16s_16s_24s_24_4_1_U74/conv2d_mac_muladd_16s_16s_24s_24_4_1_DSP48_0_U/p_reg_reg/C[47:0] is not pipelined. Pipelining DSP48 input will improve performance.
Related violations: <none>

DPIP-2#8 Warning
Input pipelining  
DSP cnn_pipeline_i/conv2d_0/inst/grp_conv2d_Pipeline_CONV_OR_CONV_OC2_fu_310/mac_muladd_16s_16s_24s_24_4_1_U75/conv2d_mac_muladd_16s_16s_24s_24_4_1_DSP48_0_U/p_reg_reg input cnn_pipeline_i/conv2d_0/inst/grp_conv2d_Pipeline_CONV_OR_CONV_OC2_fu_310/mac_muladd_16s_16s_24s_24_4_1_U75/conv2d_mac_muladd_16s_16s_24s_24_4_1_DSP48_0_U/p_reg_reg/C[47:0] is not pipelined. Pipelining DSP48 input will improve performance.
Related violations: <none>

PDCN-1569#1 Warning
LUT equation term check  
Used physical LUT pin 'A2' of cell cnn_pipeline_i/fifo_generator_0/U0/inst_fifo_gen/gaxis_fifo.gaxisf.axisf/grf.rf/gntv_or_sync_fifo.gl0.rd/gr1.gr1_int.rfwft/gpregsm1.user_valid_i_1 (pin cnn_pipeline_i/fifo_generator_0/U0/inst_fifo_gen/gaxis_fifo.gaxisf.axisf/grf.rf/gntv_or_sync_fifo.gl0.rd/gr1.gr1_int.rfwft/gpregsm1.user_valid_i_1/I1) is not included in the LUT equation: 'O5=(A5)+((~A5)*(~A3)*A4)'. If this cell is a user instantiated LUT in the design, please remove connectivity to the pin or change the equation and/or INIT string of the LUT to prevent this issue. If the cell is inferred or IP created LUT, please regenerate the IP and/or resynthesize the design to attempt to correct the issue.
Related violations: <none>

REQP-1857#1 Warning
RAMB18E2_writefirst_collision_advisory  
Synchronous clocking is detected for BRAM (cnn_pipeline_i/fifo_generator_0/U0/inst_fifo_gen/gaxis_fifo.gaxisf.axisf/grf.rf/gntv_or_sync_fifo.mem/gbm.gbmg.gbmga.ngecc.bmg/inst_blk_mem_gen/gnbram.gnativebmg.native_blk_mem_gen/valid.cstr/ramloop[0].ram.r/prim_noinit.ram/DEVICE_8SERIES.NO_BMM_INFO.SDP.WIDE_PRIM18.ram) in SDP mode with WRITE_FIRST write-mode. It is strongly suggested to change this mode to NO_CHANGE for best power characteristics. However, both WRITE_FIRST and NO_CHANGE may exhibit address collisions if the same address appears on both read and write ports resulting in unknown or corrupted read data. It is suggested to confirm via simulation that an address collision never occurs and if so it is suggested to try and avoid this situation. If address collisions cannot be avoided, the write-mode may be set to READ_FIRST which guarantees that the read data is the prior contents of the memory at the cost of additional power in the design. See the FPGA Memory Resources User Guide for additional information.
Related violations: <none>

REQP-1935#1 Warning
RAMB36E2_nochange_collision_advisory  
Synchronous clocking is detected for BRAM (cnn_pipeline_i/axi_dma_0/U0/I_PRMRY_DATAMOVER/GEN_MM2S_FULL.I_MM2S_FULL_WRAPPER/GEN_INCLUDE_MM2S_SF.I_RD_SF/I_DATA_FIFO/BLK_MEM.I_SYNC_FIFOGEN_FIFO/xpm_fifo_base_inst/gen_sdpram.xpm_memory_base_inst/gen_wr_a.gen_word_narrow.mem_reg) in SDP mode with NO_CHANGE write-mode. This is the preferred mode for best power characteristics. However, NO_CHANGE may exhibit address collisions if the same address appears on both read and write ports resulting in unknown or corrupted read data. It is suggested to confirm via simulation that an address collision never occurs and if so it is suggested to try and avoid this situation. If address collisions cannot be avoided, the write-mode may be set to READ_FIRST which guarantees that the read data is the prior contents of the memory at the cost of additional power in the design. See the FPGA Memory Resources User Guide for additional information.
Related violations: <none>

REQP-1935#2 Warning
RAMB36E2_nochange_collision_advisory  
Synchronous clocking is detected for BRAM (cnn_pipeline_i/axi_dma_0/U0/I_PRMRY_DATAMOVER/GEN_S2MM_FULL.I_S2MM_FULL_WRAPPER/GEN_ENABLE_INDET_BTT_SF.I_INDET_BTT/I_DATA_FIFO/BLK_MEM.I_SYNC_FIFOGEN_FIFO/xpm_fifo_base_inst/gen_sdpram.xpm_memory_base_inst/gen_wr_a.gen_word_narrow.mem_reg) in SDP mode with NO_CHANGE write-mode. This is the preferred mode for best power characteristics. However, NO_CHANGE may exhibit address collisions if the same address appears on both read and write ports resulting in unknown or corrupted read data. It is suggested to confirm via simulation that an address collision never occurs and if so it is suggested to try and avoid this situation. If address collisions cannot be avoided, the write-mode may be set to READ_FIRST which guarantees that the read data is the prior contents of the memory at the cost of additional power in the design. See the FPGA Memory Resources User Guide for additional information.
Related violations: <none>

RTSTAT-10#1 Warning
No routable loads  
11 net(s) have no routable loads. The problem bus(es) and/or net(s) are cnn_pipeline_i/fifo_generator_0/U0/inst_fifo_gen/gaxis_fifo.gaxisf.axisf/grf.rf/gntv_or_sync_fifo.gl0.rd/gr1.gr1_int.rfwft/aempty_fwft_i,
cnn_pipeline_i/fifo_generator_0/U0/inst_fifo_gen/gaxis_fifo.gaxisf.axisf/grf.rf/gntv_or_sync_fifo.gl0.rd/gr1.gr1_int.rfwft/user_valid,
cnn_pipeline_i/fifo_generator_0/U0/inst_fifo_gen/gaxis_fifo.gaxisf.axisf/grf.rf/gntv_or_sync_fifo.gl0.rd/grss.rsts/ram_empty_i,
cnn_pipeline_i/fifo_generator_0/U0/inst_fifo_gen/gaxis_fifo.gaxisf.axisf/grf.rf/gntv_or_sync_fifo.gl0.wr/gwss.wsts/ram_afull_fb,
cnn_pipeline_i/fifo_generator_0/U0/inst_fifo_gen/gaxis_fifo.gaxisf.axisf/grf.rf/gntv_or_sync_fifo.gl0.wr/gwss.wsts/ram_afull_i,
cnn_pipeline_i/fifo_generator_0/U0/inst_fifo_gen/gaxis_fifo.gaxisf.axisf/grf.rf/rstblk/ngwrdrst.grst.rd_rst_reg[2:0]
cnn_pipeline_i/fifo_generator_0/U0/inst_fifo_gen/gaxis_fifo.gaxisf.axisf/grf.rf/rstblk/ngwrdrst.grst.wr_rst_reg[2:0].
Related violations: <none>


