================================================================
== Vivado RTL Synthesis Results
================================================================
+ General Information:
    * Date:            Thu Jun 11 11:35:36 +0530 2026
    * Version:         2025.2 (Build 6295257 on Nov 14 2025)
    * Project:         relu
    * Solution:        hls (Vivado IP Flow Target)
    * Product family:  zynquplus
    * Target device:   xck26-sfvc784-2LV-c


================================================================
== Run Constraints & Options
================================================================
+ Design Constraints & Options:
    * RTL Synthesis target clock:  5 ns
    * C-Synthesis target clock:    5 ns
    * C-Synthesis uncertainty:     27%

+ RTL Synthesis Options:
    * config_export -vivado_synth_strategy:     default
    * config_export -vivado_synth_design_args:  -directive sdx_optimization_effort_high

+ Reporting Options:
    * config_export -vivado_report_level:      2
    * config_export -vivado_max_timing_paths:  10


================================================================
== RTL Synthesis Resource Summary
================================================================
LUT:              29
FF:               17
DSP:              0
BRAM:             0
URAM:             0
SRL:              0


================================================================
== RTL Synthesis Timing Summary
================================================================
* Timing was met
+----------------+-------------+
| Timing         | Period (ns) |
+----------------+-------------+
| Target         | 5.000       |
| Post-Synthesis | 0.870       |
+----------------+-------------+


================================================================
== RTL Synthesis Resources
================================================================
+----------------------------+-----+----+-----+------+------+-----+--------+------+---------+----------+--------+
| Name                       | LUT | FF | DSP | BRAM | URAM | SRL | Pragma | Impl | Latency | Variable | Source |
+----------------------------+-----+----+-----+------+------+-----+--------+------+---------+----------+--------+
| inst                       |     |    |     |      |      |     |        |      |         |          |        |
|   flow_control_loop_pipe_U |     |    |     |      |      |     |        |      |         |          |        |
+----------------------------+-----+----+-----+------+------+-----+--------+------+---------+----------+--------+


================================================================
== RTL Synthesis Fail Fast
================================================================
+-----------------------------------------------------------+-----------+--------+--------+
| Criteria                                                  | Guideline | Actual | Status |
+-----------------------------------------------------------+-----------+--------+--------+
| LUT                                                       | 70%       | 0.02%  | OK     |
| FD                                                        | 50%       | 0.01%  | OK     |
| LUTRAM+SRL                                                | 25%       | 0.00%  | OK     |
| CARRY8                                                    | 25%       | 0.01%  | OK     |
| MUXF7                                                     | 15%       | 0.00%  | OK     |
| DSP                                                       | 80%       | 0.00%  | OK     |
| RAMB/FIFO                                                 | 80%       | 0.00%  | OK     |
| URAM                                                      | 80%       | 0.00%  | OK     |
| DSP+RAMB+URAM (Avg)                                       | 70%       | 0.00%  | OK     |
| BUFGCE* + BUFGCTRL                                        | 24        | 0      | OK     |
| DONT_TOUCH (cells/nets)                                   | 0         | 0      | OK     |
| MARK_DEBUG (nets)                                         | 0         | 0      | OK     |
| Control Sets                                              | 2196      | 2      | OK     |
| Average Fanout for modules > 100k cells                   | 4         | 1.45   | OK     |
| Max Average Fanout for modules > 100k cells               | 4         | 0      | OK     |
| Non-FD high fanout nets > 10k loads                       | 0         | 0      | OK     |
+-----------------------------------------------------------+-----------+--------+--------+
| TIMING-6 (No common primary clock between related clocks) | 0         | 0      | OK     |
| TIMING-7 (No common node between related clocks)          | 0         | 0      | OK     |
| TIMING-8 (No common period between related clocks)        | 0         | 0      | OK     |
| TIMING-14 (LUT on the clock tree)                         | 0         | 0      | OK     |
| TIMING-35 (No common node in paths with the same clock)   | 0         | 0      | OK     |
+-----------------------------------------------------------+-----------+--------+--------+
| Number of paths above max LUT budgeting (0.391ns)         | 0         | 0      | OK     |
| Number of paths above max Net budgeting (0.263ns)         | 0         | 0      | OK     |
+-----------------------------------------------------------+-----------+--------+--------+


================================================================
== RTL Synthesis Timing Paths
================================================================
* Timing was met
+-------+-------+---------------------------------------------+---------------------------------------------+--------------+------------+----------------+----------------+--------------+
| Path  | SLACK | STARTPOINT PIN                              | ENDPOINT PIN                                | LOGIC LEVELS | MAX FANOUT | DATAPATH DELAY | DATAPATH LOGIC | DATAPATH NET |
|       |       |                                             |                                             |              |            |                |          DELAY |        DELAY |
+-------+-------+---------------------------------------------+---------------------------------------------+--------------+------------+----------------+----------------+--------------+
| Path1 | 4.130 | indvar_flatten1_fu_54_reg[1]/C              | flow_control_loop_pipe_U/ap_loop_init_reg/D |            2 |          5 |          0.867 |          0.397 |        0.470 |
| Path2 | 4.220 | ap_enable_reg_pp0_iter1_reg/C               | icmp_ln42_reg_274_reg[0]/D                  |            2 |          7 |          0.777 |          0.361 |        0.416 |
| Path3 | 4.220 | ap_enable_reg_pp0_iter1_reg/C               | r_fu_58_reg[1]/D                            |            2 |          7 |          0.777 |          0.361 |        0.416 |
| Path4 | 4.250 | flow_control_loop_pipe_U/ap_loop_init_reg/C | zext_ln53_3_reg_264_reg[1]/D                |            2 |         15 |          0.747 |          0.267 |        0.480 |
| Path5 | 4.250 | flow_control_loop_pipe_U/ap_loop_init_reg/C | zext_ln53_3_reg_264_reg[2]/D                |            2 |         15 |          0.747 |          0.267 |        0.480 |
+-------+-------+---------------------------------------------+---------------------------------------------+--------------+------------+----------------+----------------+--------------+

    +-------------------------------------------+-------------------+
    | Path1 Cells                               | Primitive Type    |
    +-------------------------------------------+-------------------+
    | indvar_flatten1_fu_54_reg[1]              | REGISTER.SDR.FDRE |
    | flow_control_loop_pipe_U/ap_ready_INST_0  | CLB.LUT.LUT6      |
    | flow_control_loop_pipe_U/ap_loop_init_i_1 | CLB.LUT.LUT4      |
    | flow_control_loop_pipe_U/ap_loop_init_reg | REGISTER.SDR.FDRE |
    +-------------------------------------------+-------------------+

    +---------------------------------------------------------+-------------------+
    | Path2 Cells                                             | Primitive Type    |
    +---------------------------------------------------------+-------------------+
    | ap_enable_reg_pp0_iter1_reg                             | REGISTER.SDR.FDRE |
    | flow_control_loop_pipe_U/input_r_address0[3]_INST_0_i_2 | CLB.LUT.LUT4      |
    | flow_control_loop_pipe_U/icmp_ln42_reg_274[0]_i_1       | CLB.LUT.LUT4      |
    | icmp_ln42_reg_274_reg[0]                                | REGISTER.SDR.FDRE |
    +---------------------------------------------------------+-------------------+

    +---------------------------------------------------------+-------------------+
    | Path3 Cells                                             | Primitive Type    |
    +---------------------------------------------------------+-------------------+
    | ap_enable_reg_pp0_iter1_reg                             | REGISTER.SDR.FDRE |
    | flow_control_loop_pipe_U/input_r_address0[3]_INST_0_i_2 | CLB.LUT.LUT4      |
    | flow_control_loop_pipe_U/r_fu_58[1]_i_1                 | CLB.LUT.LUT4      |
    | r_fu_58_reg[1]                                          | REGISTER.SDR.FDRE |
    +---------------------------------------------------------+-------------------+

    +---------------------------------------------------------+-------------------+
    | Path4 Cells                                             | Primitive Type    |
    +---------------------------------------------------------+-------------------+
    | flow_control_loop_pipe_U/ap_loop_init_reg               | REGISTER.SDR.FDRE |
    | flow_control_loop_pipe_U/input_r_address0[3]_INST_0_i_1 | CLB.LUT.LUT2      |
    | flow_control_loop_pipe_U/input_r_address0[1]_INST_0     | CLB.LUT.LUT6      |
    | zext_ln53_3_reg_264_reg[1]                              | REGISTER.SDR.FDRE |
    +---------------------------------------------------------+-------------------+

    +---------------------------------------------------------+-------------------+
    | Path5 Cells                                             | Primitive Type    |
    +---------------------------------------------------------+-------------------+
    | flow_control_loop_pipe_U/ap_loop_init_reg               | REGISTER.SDR.FDRE |
    | flow_control_loop_pipe_U/input_r_address0[3]_INST_0_i_1 | CLB.LUT.LUT2      |
    | flow_control_loop_pipe_U/input_r_address0[2]_INST_0     | CLB.LUT.LUT6      |
    | zext_ln53_3_reg_264_reg[2]                              | REGISTER.SDR.FDRE |
    +---------------------------------------------------------+-------------------+


================================================================
== RTL Synthesis Vivado Reports
================================================================
+--------------------------+-------------------------------------------------------------+
| Report Type              | Report Location                                             |
+--------------------------+-------------------------------------------------------------+
| design_analysis          | impl/verilog/report/relu_design_analysis_synth.rpt          |
| failfast                 | impl/verilog/report/relu_failfast_synth.rpt                 |
| power                    | impl/verilog/report/relu_power_synth.rpt                    |
| timing                   | impl/verilog/report/relu_timing_synth.rpt                   |
| timing_paths             | impl/verilog/report/relu_timing_paths_synth.rpt             |
| utilization              | impl/verilog/report/relu_utilization_synth.rpt              |
| utilization_hierarchical | impl/verilog/report/relu_utilization_hierarchical_synth.rpt |
+--------------------------+-------------------------------------------------------------+


