C:\Users\LAB2_PC10\Desktop\CHINNA\HLS_workspace\relu_ip\relu\hls\.autopilot\db\relu.pp.0.cpp:2268:5: remark: Added loop label VITIS_LOOP_676_1:   [xilinx-label-all-loops]
    for (unsigned i = low; i != high+1; ++i) {
    ^
    VITIS_LOOP_676_1: 
C:\Users\LAB2_PC10\Desktop\CHINNA\HLS_workspace\relu_ip\relu\hls\.autopilot\db\relu.pp.0.cpp:2268:5: note: FIX-IT applied suggested code changes
C:\Users\LAB2_PC10\Desktop\CHINNA\HLS_workspace\relu_ip\relu\hls\.autopilot\db\relu.pp.0.cpp:2282:5: remark: Added loop label VITIS_LOOP_690_1:   [xilinx-label-all-loops]
    for (unsigned i = low; i != high+1; ++i) {
    ^
    VITIS_LOOP_690_1: 
C:\Users\LAB2_PC10\Desktop\CHINNA\HLS_workspace\relu_ip\relu\hls\.autopilot\db\relu.pp.0.cpp:2282:5: note: FIX-IT applied suggested code changes
C:\Users\LAB2_PC10\Desktop\CHINNA\HLS_workspace\relu_ip\relu\hls\.autopilot\db\relu.pp.0.cpp:2296:5: remark: Added loop label VITIS_LOOP_704_1:   [xilinx-label-all-loops]
    for (unsigned i = low; i != high+1; ++i) {
    ^
    VITIS_LOOP_704_1: 
C:\Users\LAB2_PC10\Desktop\CHINNA\HLS_workspace\relu_ip\relu\hls\.autopilot\db\relu.pp.0.cpp:2296:5: note: FIX-IT applied suggested code changes
C:\Users\LAB2_PC10\Desktop\CHINNA\HLS_workspace\relu_ip\relu\hls\.autopilot\db\relu.pp.0.cpp:5804:7: remark: Added loop label VITIS_LOOP_1251_1:   [xilinx-label-all-loops]
      for (i = 0; i < __N - 1; ++i) {
      ^
      VITIS_LOOP_1251_1: 
C:\Users\LAB2_PC10\Desktop\CHINNA\HLS_workspace\relu_ip\relu\hls\.autopilot\db\relu.pp.0.cpp:5804:7: note: FIX-IT applied suggested code changes
