

================================================================
== Vitis HLS Report for 'relu'
================================================================
* Date:           Thu Jun 11 16:08:29 2026

* Version:        2025.2 (Build 6295257 on Nov 14 2025)
* Project:        relu
* Solution:       hls (Vivado IP Flow Target)
* Product family: zynquplus
* Target device:  xck26-sfvc784-2LV-c


================================================================
== Performance Estimates
================================================================
+ Timing: 
    * Summary: 
    +--------+---------+----------+------------+
    |  Clock |  Target | Estimated| Uncertainty|
    +--------+---------+----------+------------+
    |ap_clk  |  5.00 ns|  1.679 ns|     1.35 ns|
    +--------+---------+----------+------------+

+ Latency: 
    * Summary: 
    +---------+---------+-----------+-----------+-----+-----+------------------------------------------------+
    |  Latency (cycles) |   Latency (absolute)  |  Interval |                    Pipeline                    |
    |   min   |   max   |    min    |    max    | min | max |                      Type                      |
    +---------+---------+-----------+-----------+-----+-----+------------------------------------------------+
    |       11|       11|  55.000 ns|  55.000 ns|    9|    9|  loop auto-rewind stp (delay=0 clock cycles(s))|
    +---------+---------+-----------+-----------+-----+-----+------------------------------------------------+

    + Detail: 
        * Instance: 
        N/A

        * Loop: 
        +-------------+---------+---------+----------+-----------+-----------+------+----------+
        |             |  Latency (cycles) | Iteration|  Initiation Interval  | Trip |          |
        |  Loop Name  |   min   |   max   |  Latency |  achieved |   target  | Count| Pipelined|
        +-------------+---------+---------+----------+-----------+-----------+------+----------+
        |- RELU_LOOP  |        9|        9|         2|          1|          1|     9|       yes|
        +-------------+---------+---------+----------+-----------+-----------+------+----------+

============================================================
+ Verbose Summary: Synthesis Manager
============================================================
InlineROM: 1
ExposeGlobal: 0
============================================================
+ Verbose Summary: CDFG Model
============================================================
IsTopModel: 1
ResetActiveHigh: 1
IsCombinational: 0
IsDatapathOnly: 0
HasWiredReturn: 1
HasMFsm: 2
HasVarLatency: 1
IsPipeline: 0
IsRtlPipelined: 0
IsInstanceOverlapped: 0
IsDontTouch: 0
HasImplIP: 0
IsGatedGlobalClock: 0

+ Individual pipeline summary: 
  * Pipeline-0: initiation interval (II) = 1, depth = 2


============================================================
+ Verbose Summary: Schedule
============================================================
* Number of FSM states : 2
* Pipeline : 1
  Pipeline-0 : II = 1, D = 2, States = { 1 2 }
* Dataflow Pipeline: 0

* FSM state transitions: 
1 --> 2 
2 --> 

* FSM state operations: 

State 1 <SV = 0> <Delay = 1.67>
ST_1 : Operation 5 [1/1] (0.00ns)   --->   "%i = alloca i32 1" [C:/Users/LAB2_PC10/Desktop/CHINNA/files/relu.cpp:32]   --->   Operation 5 'alloca' 'i' <Predicate = true> <Delay = 0.00>
ST_1 : Operation 6 [1/1] (0.00ns)   --->   "%spectopmodule_ln23 = spectopmodule void @_ssdm_op_SpecTopModule, void @empty_4" [C:/Users/LAB2_PC10/Desktop/CHINNA/files/relu.cpp:23]   --->   Operation 6 'spectopmodule' 'spectopmodule_ln23' <Predicate = true> <Delay = 0.00>
ST_1 : Operation 7 [1/1] (0.00ns)   --->   "%specinterface_ln0 = specinterface void @_ssdm_op_SpecInterface, i16 %in_stream_V_data_V, i2 %in_stream_V_keep_V, i2 %in_stream_V_strb_V, i1 %in_stream_V_last_V, void @empty, i32 1, i32 1, void @empty_0, i32 0, i32 0, void @empty_1, void @empty_1, void @empty_1, i32 0, i32 0, i32 0, i32 0, void @empty_1, void @empty_1, i32 4294967295, i32 0, i32 0, i32 0"   --->   Operation 7 'specinterface' 'specinterface_ln0' <Predicate = true> <Delay = 0.00>
ST_1 : Operation 8 [1/1] (0.00ns)   --->   "%specbitsmap_ln0 = specbitsmap void @_ssdm_op_SpecBitsMap, i16 %in_stream_V_data_V"   --->   Operation 8 'specbitsmap' 'specbitsmap_ln0' <Predicate = true> <Delay = 0.00>
ST_1 : Operation 9 [1/1] (0.00ns)   --->   "%specbitsmap_ln0 = specbitsmap void @_ssdm_op_SpecBitsMap, i2 %in_stream_V_keep_V"   --->   Operation 9 'specbitsmap' 'specbitsmap_ln0' <Predicate = true> <Delay = 0.00>
ST_1 : Operation 10 [1/1] (0.00ns)   --->   "%specbitsmap_ln0 = specbitsmap void @_ssdm_op_SpecBitsMap, i2 %in_stream_V_strb_V"   --->   Operation 10 'specbitsmap' 'specbitsmap_ln0' <Predicate = true> <Delay = 0.00>
ST_1 : Operation 11 [1/1] (0.00ns)   --->   "%specbitsmap_ln0 = specbitsmap void @_ssdm_op_SpecBitsMap, i1 %in_stream_V_last_V"   --->   Operation 11 'specbitsmap' 'specbitsmap_ln0' <Predicate = true> <Delay = 0.00>
ST_1 : Operation 12 [1/1] (0.00ns)   --->   "%specinterface_ln0 = specinterface void @_ssdm_op_SpecInterface, i16 %out_stream_V_data_V, i2 %out_stream_V_keep_V, i2 %out_stream_V_strb_V, i1 %out_stream_V_last_V, void @empty, i32 1, i32 1, void @empty_0, i32 0, i32 0, void @empty_1, void @empty_1, void @empty_1, i32 0, i32 0, i32 0, i32 0, void @empty_1, void @empty_1, i32 4294967295, i32 0, i32 0, i32 0"   --->   Operation 12 'specinterface' 'specinterface_ln0' <Predicate = true> <Delay = 0.00>
ST_1 : Operation 13 [1/1] (0.00ns)   --->   "%specbitsmap_ln0 = specbitsmap void @_ssdm_op_SpecBitsMap, i16 %out_stream_V_data_V"   --->   Operation 13 'specbitsmap' 'specbitsmap_ln0' <Predicate = true> <Delay = 0.00>
ST_1 : Operation 14 [1/1] (0.00ns)   --->   "%specbitsmap_ln0 = specbitsmap void @_ssdm_op_SpecBitsMap, i2 %out_stream_V_keep_V"   --->   Operation 14 'specbitsmap' 'specbitsmap_ln0' <Predicate = true> <Delay = 0.00>
ST_1 : Operation 15 [1/1] (0.00ns)   --->   "%specbitsmap_ln0 = specbitsmap void @_ssdm_op_SpecBitsMap, i2 %out_stream_V_strb_V"   --->   Operation 15 'specbitsmap' 'specbitsmap_ln0' <Predicate = true> <Delay = 0.00>
ST_1 : Operation 16 [1/1] (0.00ns)   --->   "%specbitsmap_ln0 = specbitsmap void @_ssdm_op_SpecBitsMap, i1 %out_stream_V_last_V"   --->   Operation 16 'specbitsmap' 'specbitsmap_ln0' <Predicate = true> <Delay = 0.00>
ST_1 : Operation 17 [1/1] (0.00ns)   --->   "%specaxissidechannel_ln32 = specaxissidechannel void @_ssdm_op_SpecAXISSideChannel, i16 %out_stream_V_data_V, i2 %out_stream_V_keep_V, i2 %out_stream_V_strb_V, i1 0, i1 %out_stream_V_last_V, i1 0, i1 0, void @empty_2" [C:/Users/LAB2_PC10/Desktop/CHINNA/files/relu.cpp:32]   --->   Operation 17 'specaxissidechannel' 'specaxissidechannel_ln32' <Predicate = true> <Delay = 0.00>
ST_1 : Operation 18 [1/1] (0.00ns)   --->   "%specaxissidechannel_ln32 = specaxissidechannel void @_ssdm_op_SpecAXISSideChannel, i16 %in_stream_V_data_V, i2 %in_stream_V_keep_V, i2 %in_stream_V_strb_V, i1 0, i1 %in_stream_V_last_V, i1 0, i1 0, void @empty_3" [C:/Users/LAB2_PC10/Desktop/CHINNA/files/relu.cpp:32]   --->   Operation 18 'specaxissidechannel' 'specaxissidechannel_ln32' <Predicate = true> <Delay = 0.00>
ST_1 : Operation 19 [1/1] (0.42ns)   --->   "%store_ln32 = store i4 0, i4 %i" [C:/Users/LAB2_PC10/Desktop/CHINNA/files/relu.cpp:32]   --->   Operation 19 'store' 'store_ln32' <Predicate = true> <Delay = 0.42>
ST_1 : Operation 20 [1/1] (0.00ns)   --->   "%br_ln32 = br void %for.body.split" [C:/Users/LAB2_PC10/Desktop/CHINNA/files/relu.cpp:32]   --->   Operation 20 'br' 'br_ln32' <Predicate = true> <Delay = 0.00>
ST_1 : Operation 21 [1/1] (0.00ns)   --->   "%i_2 = load i4 %i" [C:/Users/LAB2_PC10/Desktop/CHINNA/files/relu.cpp:32]   --->   Operation 21 'load' 'i_2' <Predicate = true> <Delay = 0.00>
ST_1 : Operation 22 [1/1] ( I:0.07ns O:0.07ns )   --->   "%empty = read i21 @_ssdm_op_Read.axis.volatile.i16P0A.i2P0A.i2P0A.i1P0A, i16 %in_stream_V_data_V, i2 %in_stream_V_keep_V, i2 %in_stream_V_strb_V, i1 %in_stream_V_last_V" [C:/Users/LAB2_PC10/Desktop/CHINNA/files/relu.cpp:36]   --->   Operation 22 'read' 'empty' <Predicate = true> <Delay = 0.07> <CoreInst = "regslice">   --->   Core 147 'regslice' <Latency = 0> <II = 1> <Delay = 0.59> <Adapter> <Opcode : 'read' 'write'>
ST_1 : Operation 23 [1/1] (0.00ns)   --->   "%val = extractvalue i21 %empty" [C:/Users/LAB2_PC10/Desktop/CHINNA/files/relu.cpp:36]   --->   Operation 23 'extractvalue' 'val' <Predicate = true> <Delay = 0.00>
ST_1 : Operation 24 [1/1] (0.00ns)   --->   "%p_s = extractvalue i21 %empty" [C:/Users/LAB2_PC10/Desktop/CHINNA/files/relu.cpp:36]   --->   Operation 24 'extractvalue' 'p_s' <Predicate = true> <Delay = 0.00>
ST_1 : Operation 25 [1/1] (0.00ns)   --->   "%p_1 = extractvalue i21 %empty" [C:/Users/LAB2_PC10/Desktop/CHINNA/files/relu.cpp:36]   --->   Operation 25 'extractvalue' 'p_1' <Predicate = true> <Delay = 0.00>
ST_1 : Operation 26 [1/1] (0.00ns)   --->   "%trunc_ln36 = trunc i16 %val" [C:/Users/LAB2_PC10/Desktop/CHINNA/files/relu.cpp:36]   --->   Operation 26 'trunc' 'trunc_ln36' <Predicate = true> <Delay = 0.00>
ST_1 : Operation 27 [1/1] (0.85ns)   --->   "%icmp_ln44 = icmp_sgt  i16 %val, i16 0" [C:/Users/LAB2_PC10/Desktop/CHINNA/files/relu.cpp:44]   --->   Operation 27 'icmp' 'icmp_ln44' <Predicate = true> <Delay = 0.85> <CoreInst = "Cmp">   --->   Core 9 'Cmp' <Latency = 0> <II = 1> <Delay = 0.85> <FuncUnit> <Opcode : 'seteq' 'setne' 'setle' 'setge' 'setlt' 'setgt'> <InPorts = 2> <OutPorts = 1>
ST_1 : Operation 28 [1/1] (0.29ns)   --->   "%result_1 = select i1 %icmp_ln44, i15 %trunc_ln36, i15 0" [C:/Users/LAB2_PC10/Desktop/CHINNA/files/relu.cpp:44]   --->   Operation 28 'select' 'result_1' <Predicate = true> <Delay = 0.29> <CoreInst = "Sel">   --->   Core 73 'Sel' <Latency = 0> <II = 1> <Delay = 0.29> <FuncUnit> <Opcode : 'select'> <InPorts = 3> <OutPorts = 1>
ST_1 : Operation 29 [1/1] (0.00ns)   --->   "%zext_ln44 = zext i15 %result_1" [C:/Users/LAB2_PC10/Desktop/CHINNA/files/relu.cpp:44]   --->   Operation 29 'zext' 'zext_ln44' <Predicate = true> <Delay = 0.00>
ST_1 : Operation 30 [2/2] (0.45ns)   --->   "%write_ln52 = write void @_ssdm_op_Write.axis.volatile.i16P0A.i2P0A.i2P0A.i1P0A, i16 %out_stream_V_data_V, i2 %out_stream_V_keep_V, i2 %out_stream_V_strb_V, i1 %out_stream_V_last_V, i16 %zext_ln44, i2 %p_s, i2 3, i1 %p_1" [C:/Users/LAB2_PC10/Desktop/CHINNA/files/relu.cpp:52]   --->   Operation 30 'write' 'write_ln52' <Predicate = true> <Delay = 0.45> <CoreInst = "regslice">   --->   Core 147 'regslice' <Latency = 0> <II = 1> <Delay = 0.59> <Adapter> <Opcode : 'read' 'write'>
ST_1 : Operation 31 [1/1] (0.79ns)   --->   "%i_3 = add i4 %i_2, i4 1" [C:/Users/LAB2_PC10/Desktop/CHINNA/files/relu.cpp:32]   --->   Operation 31 'add' 'i_3' <Predicate = true> <Delay = 0.79> <CoreInst = "Adder">   --->   Core 1 'Adder' <Latency = 0> <II = 1> <Delay = 0.79> <FuncUnit> <Opcode : 'add' 'sub'> <InPorts = 2> <OutPorts = 1>
ST_1 : Operation 32 [1/1] (0.79ns)   --->   "%icmp_ln32 = icmp_eq  i4 %i_2, i4 8" [C:/Users/LAB2_PC10/Desktop/CHINNA/files/relu.cpp:32]   --->   Operation 32 'icmp' 'icmp_ln32' <Predicate = true> <Delay = 0.79> <CoreInst = "Cmp">   --->   Core 9 'Cmp' <Latency = 0> <II = 1> <Delay = 0.79> <FuncUnit> <Opcode : 'seteq' 'setne' 'setle' 'setge' 'setlt' 'setgt'> <InPorts = 2> <OutPorts = 1>
ST_1 : Operation 33 [1/1] (0.42ns)   --->   "%store_ln32 = store i4 %i_3, i4 %i" [C:/Users/LAB2_PC10/Desktop/CHINNA/files/relu.cpp:32]   --->   Operation 33 'store' 'store_ln32' <Predicate = true> <Delay = 0.42>
ST_1 : Operation 34 [1/1] (0.00ns)   --->   "%br_ln32 = br i1 %icmp_ln32, void %for.body.split, void %for.end" [C:/Users/LAB2_PC10/Desktop/CHINNA/files/relu.cpp:32]   --->   Operation 34 'br' 'br_ln32' <Predicate = true> <Delay = 0.00>

State 2 <SV = 1> <Delay = 0.45>
ST_2 : Operation 35 [1/1] (0.00ns)   --->   "%specpipeline_ln33 = specpipeline void @_ssdm_op_SpecPipeline, i32 1, i32 0, i32 0, i32 0, i32 4294967295, void @empty_1" [C:/Users/LAB2_PC10/Desktop/CHINNA/files/relu.cpp:33]   --->   Operation 35 'specpipeline' 'specpipeline_ln33' <Predicate = true> <Delay = 0.00>
ST_2 : Operation 36 [1/1] (0.00ns)   --->   "%speclooptripcount_ln32 = speclooptripcount void @_ssdm_op_SpecLoopTripCount, i64 9, i64 9, i64 9" [C:/Users/LAB2_PC10/Desktop/CHINNA/files/relu.cpp:32]   --->   Operation 36 'speclooptripcount' 'speclooptripcount_ln32' <Predicate = true> <Delay = 0.00>
ST_2 : Operation 37 [1/1] (0.00ns)   --->   "%specloopname_ln32 = specloopname void @_ssdm_op_SpecLoopName, void @empty_5" [C:/Users/LAB2_PC10/Desktop/CHINNA/files/relu.cpp:32]   --->   Operation 37 'specloopname' 'specloopname_ln32' <Predicate = true> <Delay = 0.00>
ST_2 : Operation 38 [1/2] ( I:0.45ns O:0.45ns )   --->   "%write_ln52 = write void @_ssdm_op_Write.axis.volatile.i16P0A.i2P0A.i2P0A.i1P0A, i16 %out_stream_V_data_V, i2 %out_stream_V_keep_V, i2 %out_stream_V_strb_V, i1 %out_stream_V_last_V, i16 %zext_ln44, i2 %p_s, i2 3, i1 %p_1" [C:/Users/LAB2_PC10/Desktop/CHINNA/files/relu.cpp:52]   --->   Operation 38 'write' 'write_ln52' <Predicate = true> <Delay = 0.45> <CoreInst = "regslice">   --->   Core 147 'regslice' <Latency = 0> <II = 1> <Delay = 0.59> <Adapter> <Opcode : 'read' 'write'>
ST_2 : Operation 39 [1/1] (0.42ns)   --->   "%ret_ln54 = ret" [C:/Users/LAB2_PC10/Desktop/CHINNA/files/relu.cpp:54]   --->   Operation 39 'ret' 'ret_ln54' <Predicate = (icmp_ln32)> <Delay = 0.42>


============================================================
+ Verbose Summary: Timing violations
============================================================
Target clock period: 5.000ns, clock uncertainty: 1.350ns.

 <State 1>: 1.679ns
The critical path consists of the following:
	axis read operation ('empty', C:/Users/LAB2_PC10/Desktop/CHINNA/files/relu.cpp:36) on port 'in_stream_V_data_V' (C:/Users/LAB2_PC10/Desktop/CHINNA/files/relu.cpp:36) [30]  (0.079 ns)
	'icmp' operation 1 bit ('icmp_ln44', C:/Users/LAB2_PC10/Desktop/CHINNA/files/relu.cpp:44) [35]  (0.853 ns)
	'select' operation 15 bit ('result', C:/Users/LAB2_PC10/Desktop/CHINNA/files/relu.cpp:44) [36]  (0.294 ns)
	axis write operation ('write_ln52', C:/Users/LAB2_PC10/Desktop/CHINNA/files/relu.cpp:52) on port 'out_stream_V_data_V' (C:/Users/LAB2_PC10/Desktop/CHINNA/files/relu.cpp:52) [38]  (0.000 ns)
	blocking operation 0.453 ns on control path)

 <State 2>: 0.453ns
The critical path consists of the following:
	axis write operation ('write_ln52', C:/Users/LAB2_PC10/Desktop/CHINNA/files/relu.cpp:52) on port 'out_stream_V_data_V' (C:/Users/LAB2_PC10/Desktop/CHINNA/files/relu.cpp:52) [38]  (0.453 ns)


============================================================
+ Verbose Summary: Binding
============================================================
N/A
* FSMD analyzer results:
  - Output states:
 - Input state : 
  - Chain level:
	State 1
	State 2


============================================================
+ Verbose Summary: Datapath Resource usage 
============================================================
N/A
