
*** Running vivado
    with args -log cnn_pipeline_zynq_ultra_ps_e_0_1.vds -m64 -product Vivado -mode batch -messageDb vivado.pb -notrace -source cnn_pipeline_zynq_ultra_ps_e_0_1.tcl



****** Vivado v2025.2 (64-bit)
  **** SW Build 6299465 on Fri Nov 14 19:35:11 GMT 2025
  **** IP Build 6300035 on Fri Nov 14 10:48:45 MST 2025
  **** SharedData Build 6298862 on Thu Nov 13 04:50:51 MST 2025
  **** Start of session at: Fri Jun 12 17:34:15 2026
    ** Copyright 1986-2022 Xilinx, Inc. All Rights Reserved.
    ** Copyright 2022-2025 Advanced Micro Devices, Inc. All Rights Reserved.

source cnn_pipeline_zynq_ultra_ps_e_0_1.tcl -notrace
create_project: Time (s): cpu = 00:00:12 ; elapsed = 00:00:09 . Memory (MB): peak = 659.328 ; gain = 218.219
INFO: [IP_Flow 19-234] Refreshing IP repositories
INFO: [IP_Flow 19-1700] Loaded user IP repository 'c:/CHINNA/HLS_workspace'.
INFO: [IP_Flow 19-2313] Loaded Vivado IP repository 'C:/2025.2/Vivado/data/ip'.
Command: synth_design -top cnn_pipeline_zynq_ultra_ps_e_0_1 -part xck26-sfvc784-2LV-c -incremental_mode off -mode out_of_context
Starting synth_design
Attempting to get a license for feature 'Synthesis' and/or device 'xck26'
INFO: [Common 17-349] Got license for feature 'Synthesis' and/or device 'xck26'
INFO: [Device 21-403] Loading part xck26-sfvc784-2LV-c
INFO: [Synth 8-7079] Multithreading enabled for synth_design using a maximum of 2 processes.
INFO: [Synth 8-7078] Launching helper process for spawning children vivado processes
INFO: [Synth 8-7075] Helper process launched with PID 31284
---------------------------------------------------------------------------------
Starting RTL Elaboration : Time (s): cpu = 00:00:07 ; elapsed = 00:00:09 . Memory (MB): peak = 1981.598 ; gain = 213.773
---------------------------------------------------------------------------------
INFO: [Synth 8-11241] undeclared symbol 'dp_audi_ref_clk', assumed default net type 'wire' [c:/CHINNA/Vivado_workspace/cnn_accelerator/cnn_accelerator.gen/sources_1/bd/cnn_pipeline/ip/cnn_pipeline_zynq_ultra_ps_e_0_1/hdl/zynq_ultra_ps_e_v3_5_8.v:2475]
INFO: [Synth 8-6157] synthesizing module 'cnn_pipeline_zynq_ultra_ps_e_0_1' [c:/CHINNA/Vivado_workspace/cnn_accelerator/cnn_accelerator.gen/sources_1/bd/cnn_pipeline/ip/cnn_pipeline_zynq_ultra_ps_e_0_1/synth/cnn_pipeline_zynq_ultra_ps_e_0_1.v:53]
INFO: [Synth 8-6157] synthesizing module 'zynq_ultra_ps_e_v3_5_8_zynq_ultra_ps_e' [c:/CHINNA/Vivado_workspace/cnn_accelerator/cnn_accelerator.gen/sources_1/bd/cnn_pipeline/ip/cnn_pipeline_zynq_ultra_ps_e_0_1/hdl/zynq_ultra_ps_e_v3_5_8.v:68]
INFO: [Synth 8-6157] synthesizing module 'BUFG_PS' [C:/2025.2/Vivado/scripts/rt/data/unisim_comp.v:2914]
INFO: [Synth 8-6155] done synthesizing module 'BUFG_PS' (0#1) [C:/2025.2/Vivado/scripts/rt/data/unisim_comp.v:2914]
INFO: [Synth 8-6157] synthesizing module 'PS8' [C:/2025.2/Vivado/scripts/rt/data/unisim_comp.v:141540]
INFO: [Synth 8-6155] done synthesizing module 'PS8' (0#1) [C:/2025.2/Vivado/scripts/rt/data/unisim_comp.v:141540]
WARNING: [Synth 8-689] width (5) of port connection 'EMIOSDIO0DATAIN' does not match port width (8) of module 'PS8' [c:/CHINNA/Vivado_workspace/cnn_accelerator/cnn_accelerator.gen/sources_1/bd/cnn_pipeline/ip/cnn_pipeline_zynq_ultra_ps_e_0_1/hdl/zynq_ultra_ps_e_v3_5_8.v:4659]
WARNING: [Synth 8-689] width (5) of port connection 'EMIOSDIO0DATAOUT' does not match port width (8) of module 'PS8' [c:/CHINNA/Vivado_workspace/cnn_accelerator/cnn_accelerator.gen/sources_1/bd/cnn_pipeline/ip/cnn_pipeline_zynq_ultra_ps_e_0_1/hdl/zynq_ultra_ps_e_v3_5_8.v:4660]
WARNING: [Synth 8-689] width (5) of port connection 'EMIOSDIO0DATAENA' does not match port width (8) of module 'PS8' [c:/CHINNA/Vivado_workspace/cnn_accelerator/cnn_accelerator.gen/sources_1/bd/cnn_pipeline/ip/cnn_pipeline_zynq_ultra_ps_e_0_1/hdl/zynq_ultra_ps_e_v3_5_8.v:4661]
WARNING: [Synth 8-689] width (5) of port connection 'EMIOSDIO1DATAIN' does not match port width (8) of module 'PS8' [c:/CHINNA/Vivado_workspace/cnn_accelerator/cnn_accelerator.gen/sources_1/bd/cnn_pipeline/ip/cnn_pipeline_zynq_ultra_ps_e_0_1/hdl/zynq_ultra_ps_e_v3_5_8.v:4672]
WARNING: [Synth 8-689] width (5) of port connection 'EMIOSDIO1DATAOUT' does not match port width (8) of module 'PS8' [c:/CHINNA/Vivado_workspace/cnn_accelerator/cnn_accelerator.gen/sources_1/bd/cnn_pipeline/ip/cnn_pipeline_zynq_ultra_ps_e_0_1/hdl/zynq_ultra_ps_e_v3_5_8.v:4673]
WARNING: [Synth 8-689] width (5) of port connection 'EMIOSDIO1DATAENA' does not match port width (8) of module 'PS8' [c:/CHINNA/Vivado_workspace/cnn_accelerator/cnn_accelerator.gen/sources_1/bd/cnn_pipeline/ip/cnn_pipeline_zynq_ultra_ps_e_0_1/hdl/zynq_ultra_ps_e_v3_5_8.v:4674]
WARNING: [Synth 8-7071] port 'PSS_ALTO_CORE_PAD_MGTTXN0OUT' of module 'PS8' is unconnected for instance 'PS8_i' [c:/CHINNA/Vivado_workspace/cnn_accelerator/cnn_accelerator.gen/sources_1/bd/cnn_pipeline/ip/cnn_pipeline_zynq_ultra_ps_e_0_1/hdl/zynq_ultra_ps_e_v3_5_8.v:3850]
WARNING: [Synth 8-7071] port 'PSS_ALTO_CORE_PAD_MGTTXN1OUT' of module 'PS8' is unconnected for instance 'PS8_i' [c:/CHINNA/Vivado_workspace/cnn_accelerator/cnn_accelerator.gen/sources_1/bd/cnn_pipeline/ip/cnn_pipeline_zynq_ultra_ps_e_0_1/hdl/zynq_ultra_ps_e_v3_5_8.v:3850]
WARNING: [Synth 8-7071] port 'PSS_ALTO_CORE_PAD_MGTTXN2OUT' of module 'PS8' is unconnected for instance 'PS8_i' [c:/CHINNA/Vivado_workspace/cnn_accelerator/cnn_accelerator.gen/sources_1/bd/cnn_pipeline/ip/cnn_pipeline_zynq_ultra_ps_e_0_1/hdl/zynq_ultra_ps_e_v3_5_8.v:3850]
WARNING: [Synth 8-7071] port 'PSS_ALTO_CORE_PAD_MGTTXN3OUT' of module 'PS8' is unconnected for instance 'PS8_i' [c:/CHINNA/Vivado_workspace/cnn_accelerator/cnn_accelerator.gen/sources_1/bd/cnn_pipeline/ip/cnn_pipeline_zynq_ultra_ps_e_0_1/hdl/zynq_ultra_ps_e_v3_5_8.v:3850]
WARNING: [Synth 8-7071] port 'PSS_ALTO_CORE_PAD_MGTTXP0OUT' of module 'PS8' is unconnected for instance 'PS8_i' [c:/CHINNA/Vivado_workspace/cnn_accelerator/cnn_accelerator.gen/sources_1/bd/cnn_pipeline/ip/cnn_pipeline_zynq_ultra_ps_e_0_1/hdl/zynq_ultra_ps_e_v3_5_8.v:3850]
WARNING: [Synth 8-7071] port 'PSS_ALTO_CORE_PAD_MGTTXP1OUT' of module 'PS8' is unconnected for instance 'PS8_i' [c:/CHINNA/Vivado_workspace/cnn_accelerator/cnn_accelerator.gen/sources_1/bd/cnn_pipeline/ip/cnn_pipeline_zynq_ultra_ps_e_0_1/hdl/zynq_ultra_ps_e_v3_5_8.v:3850]
WARNING: [Synth 8-7071] port 'PSS_ALTO_CORE_PAD_MGTTXP2OUT' of module 'PS8' is unconnected for instance 'PS8_i' [c:/CHINNA/Vivado_workspace/cnn_accelerator/cnn_accelerator.gen/sources_1/bd/cnn_pipeline/ip/cnn_pipeline_zynq_ultra_ps_e_0_1/hdl/zynq_ultra_ps_e_v3_5_8.v:3850]
WARNING: [Synth 8-7071] port 'PSS_ALTO_CORE_PAD_MGTTXP3OUT' of module 'PS8' is unconnected for instance 'PS8_i' [c:/CHINNA/Vivado_workspace/cnn_accelerator/cnn_accelerator.gen/sources_1/bd/cnn_pipeline/ip/cnn_pipeline_zynq_ultra_ps_e_0_1/hdl/zynq_ultra_ps_e_v3_5_8.v:3850]
WARNING: [Synth 8-7071] port 'PSS_ALTO_CORE_PAD_PADO' of module 'PS8' is unconnected for instance 'PS8_i' [c:/CHINNA/Vivado_workspace/cnn_accelerator/cnn_accelerator.gen/sources_1/bd/cnn_pipeline/ip/cnn_pipeline_zynq_ultra_ps_e_0_1/hdl/zynq_ultra_ps_e_v3_5_8.v:3850]
WARNING: [Synth 8-7071] port 'PSS_ALTO_CORE_PAD_BOOTMODE' of module 'PS8' is unconnected for instance 'PS8_i' [c:/CHINNA/Vivado_workspace/cnn_accelerator/cnn_accelerator.gen/sources_1/bd/cnn_pipeline/ip/cnn_pipeline_zynq_ultra_ps_e_0_1/hdl/zynq_ultra_ps_e_v3_5_8.v:3850]
WARNING: [Synth 8-7071] port 'PSS_ALTO_CORE_PAD_CLK' of module 'PS8' is unconnected for instance 'PS8_i' [c:/CHINNA/Vivado_workspace/cnn_accelerator/cnn_accelerator.gen/sources_1/bd/cnn_pipeline/ip/cnn_pipeline_zynq_ultra_ps_e_0_1/hdl/zynq_ultra_ps_e_v3_5_8.v:3850]
WARNING: [Synth 8-7071] port 'PSS_ALTO_CORE_PAD_DONEB' of module 'PS8' is unconnected for instance 'PS8_i' [c:/CHINNA/Vivado_workspace/cnn_accelerator/cnn_accelerator.gen/sources_1/bd/cnn_pipeline/ip/cnn_pipeline_zynq_ultra_ps_e_0_1/hdl/zynq_ultra_ps_e_v3_5_8.v:3850]
WARNING: [Synth 8-7071] port 'PSS_ALTO_CORE_PAD_DRAMA' of module 'PS8' is unconnected for instance 'PS8_i' [c:/CHINNA/Vivado_workspace/cnn_accelerator/cnn_accelerator.gen/sources_1/bd/cnn_pipeline/ip/cnn_pipeline_zynq_ultra_ps_e_0_1/hdl/zynq_ultra_ps_e_v3_5_8.v:3850]
WARNING: [Synth 8-7071] port 'PSS_ALTO_CORE_PAD_DRAMACTN' of module 'PS8' is unconnected for instance 'PS8_i' [c:/CHINNA/Vivado_workspace/cnn_accelerator/cnn_accelerator.gen/sources_1/bd/cnn_pipeline/ip/cnn_pipeline_zynq_ultra_ps_e_0_1/hdl/zynq_ultra_ps_e_v3_5_8.v:3850]
WARNING: [Synth 8-7071] port 'PSS_ALTO_CORE_PAD_DRAMALERTN' of module 'PS8' is unconnected for instance 'PS8_i' [c:/CHINNA/Vivado_workspace/cnn_accelerator/cnn_accelerator.gen/sources_1/bd/cnn_pipeline/ip/cnn_pipeline_zynq_ultra_ps_e_0_1/hdl/zynq_ultra_ps_e_v3_5_8.v:3850]
WARNING: [Synth 8-7071] port 'PSS_ALTO_CORE_PAD_DRAMBA' of module 'PS8' is unconnected for instance 'PS8_i' [c:/CHINNA/Vivado_workspace/cnn_accelerator/cnn_accelerator.gen/sources_1/bd/cnn_pipeline/ip/cnn_pipeline_zynq_ultra_ps_e_0_1/hdl/zynq_ultra_ps_e_v3_5_8.v:3850]
WARNING: [Synth 8-7071] port 'PSS_ALTO_CORE_PAD_DRAMBG' of module 'PS8' is unconnected for instance 'PS8_i' [c:/CHINNA/Vivado_workspace/cnn_accelerator/cnn_accelerator.gen/sources_1/bd/cnn_pipeline/ip/cnn_pipeline_zynq_ultra_ps_e_0_1/hdl/zynq_ultra_ps_e_v3_5_8.v:3850]
WARNING: [Synth 8-7071] port 'PSS_ALTO_CORE_PAD_DRAMCK' of module 'PS8' is unconnected for instance 'PS8_i' [c:/CHINNA/Vivado_workspace/cnn_accelerator/cnn_accelerator.gen/sources_1/bd/cnn_pipeline/ip/cnn_pipeline_zynq_ultra_ps_e_0_1/hdl/zynq_ultra_ps_e_v3_5_8.v:3850]
WARNING: [Synth 8-7071] port 'PSS_ALTO_CORE_PAD_DRAMCKE' of module 'PS8' is unconnected for instance 'PS8_i' [c:/CHINNA/Vivado_workspace/cnn_accelerator/cnn_accelerator.gen/sources_1/bd/cnn_pipeline/ip/cnn_pipeline_zynq_ultra_ps_e_0_1/hdl/zynq_ultra_ps_e_v3_5_8.v:3850]
WARNING: [Synth 8-7071] port 'PSS_ALTO_CORE_PAD_DRAMCKN' of module 'PS8' is unconnected for instance 'PS8_i' [c:/CHINNA/Vivado_workspace/cnn_accelerator/cnn_accelerator.gen/sources_1/bd/cnn_pipeline/ip/cnn_pipeline_zynq_ultra_ps_e_0_1/hdl/zynq_ultra_ps_e_v3_5_8.v:3850]
WARNING: [Synth 8-7071] port 'PSS_ALTO_CORE_PAD_DRAMCSN' of module 'PS8' is unconnected for instance 'PS8_i' [c:/CHINNA/Vivado_workspace/cnn_accelerator/cnn_accelerator.gen/sources_1/bd/cnn_pipeline/ip/cnn_pipeline_zynq_ultra_ps_e_0_1/hdl/zynq_ultra_ps_e_v3_5_8.v:3850]
WARNING: [Synth 8-7071] port 'PSS_ALTO_CORE_PAD_DRAMDM' of module 'PS8' is unconnected for instance 'PS8_i' [c:/CHINNA/Vivado_workspace/cnn_accelerator/cnn_accelerator.gen/sources_1/bd/cnn_pipeline/ip/cnn_pipeline_zynq_ultra_ps_e_0_1/hdl/zynq_ultra_ps_e_v3_5_8.v:3850]
WARNING: [Synth 8-7071] port 'PSS_ALTO_CORE_PAD_DRAMDQ' of module 'PS8' is unconnected for instance 'PS8_i' [c:/CHINNA/Vivado_workspace/cnn_accelerator/cnn_accelerator.gen/sources_1/bd/cnn_pipeline/ip/cnn_pipeline_zynq_ultra_ps_e_0_1/hdl/zynq_ultra_ps_e_v3_5_8.v:3850]
WARNING: [Synth 8-7071] port 'PSS_ALTO_CORE_PAD_DRAMDQS' of module 'PS8' is unconnected for instance 'PS8_i' [c:/CHINNA/Vivado_workspace/cnn_accelerator/cnn_accelerator.gen/sources_1/bd/cnn_pipeline/ip/cnn_pipeline_zynq_ultra_ps_e_0_1/hdl/zynq_ultra_ps_e_v3_5_8.v:3850]
WARNING: [Synth 8-7071] port 'PSS_ALTO_CORE_PAD_DRAMDQSN' of module 'PS8' is unconnected for instance 'PS8_i' [c:/CHINNA/Vivado_workspace/cnn_accelerator/cnn_accelerator.gen/sources_1/bd/cnn_pipeline/ip/cnn_pipeline_zynq_ultra_ps_e_0_1/hdl/zynq_ultra_ps_e_v3_5_8.v:3850]
WARNING: [Synth 8-7071] port 'PSS_ALTO_CORE_PAD_DRAMODT' of module 'PS8' is unconnected for instance 'PS8_i' [c:/CHINNA/Vivado_workspace/cnn_accelerator/cnn_accelerator.gen/sources_1/bd/cnn_pipeline/ip/cnn_pipeline_zynq_ultra_ps_e_0_1/hdl/zynq_ultra_ps_e_v3_5_8.v:3850]
WARNING: [Synth 8-7071] port 'PSS_ALTO_CORE_PAD_DRAMPARITY' of module 'PS8' is unconnected for instance 'PS8_i' [c:/CHINNA/Vivado_workspace/cnn_accelerator/cnn_accelerator.gen/sources_1/bd/cnn_pipeline/ip/cnn_pipeline_zynq_ultra_ps_e_0_1/hdl/zynq_ultra_ps_e_v3_5_8.v:3850]
WARNING: [Synth 8-7071] port 'PSS_ALTO_CORE_PAD_DRAMRAMRSTN' of module 'PS8' is unconnected for instance 'PS8_i' [c:/CHINNA/Vivado_workspace/cnn_accelerator/cnn_accelerator.gen/sources_1/bd/cnn_pipeline/ip/cnn_pipeline_zynq_ultra_ps_e_0_1/hdl/zynq_ultra_ps_e_v3_5_8.v:3850]
WARNING: [Synth 8-7071] port 'PSS_ALTO_CORE_PAD_ERROROUT' of module 'PS8' is unconnected for instance 'PS8_i' [c:/CHINNA/Vivado_workspace/cnn_accelerator/cnn_accelerator.gen/sources_1/bd/cnn_pipeline/ip/cnn_pipeline_zynq_ultra_ps_e_0_1/hdl/zynq_ultra_ps_e_v3_5_8.v:3850]
WARNING: [Synth 8-7071] port 'PSS_ALTO_CORE_PAD_ERRORSTATUS' of module 'PS8' is unconnected for instance 'PS8_i' [c:/CHINNA/Vivado_workspace/cnn_accelerator/cnn_accelerator.gen/sources_1/bd/cnn_pipeline/ip/cnn_pipeline_zynq_ultra_ps_e_0_1/hdl/zynq_ultra_ps_e_v3_5_8.v:3850]
WARNING: [Synth 8-7071] port 'PSS_ALTO_CORE_PAD_INITB' of module 'PS8' is unconnected for instance 'PS8_i' [c:/CHINNA/Vivado_workspace/cnn_accelerator/cnn_accelerator.gen/sources_1/bd/cnn_pipeline/ip/cnn_pipeline_zynq_ultra_ps_e_0_1/hdl/zynq_ultra_ps_e_v3_5_8.v:3850]
WARNING: [Synth 8-7071] port 'PSS_ALTO_CORE_PAD_JTAGTCK' of module 'PS8' is unconnected for instance 'PS8_i' [c:/CHINNA/Vivado_workspace/cnn_accelerator/cnn_accelerator.gen/sources_1/bd/cnn_pipeline/ip/cnn_pipeline_zynq_ultra_ps_e_0_1/hdl/zynq_ultra_ps_e_v3_5_8.v:3850]
WARNING: [Synth 8-7071] port 'PSS_ALTO_CORE_PAD_JTAGTDI' of module 'PS8' is unconnected for instance 'PS8_i' [c:/CHINNA/Vivado_workspace/cnn_accelerator/cnn_accelerator.gen/sources_1/bd/cnn_pipeline/ip/cnn_pipeline_zynq_ultra_ps_e_0_1/hdl/zynq_ultra_ps_e_v3_5_8.v:3850]
WARNING: [Synth 8-7071] port 'PSS_ALTO_CORE_PAD_JTAGTDO' of module 'PS8' is unconnected for instance 'PS8_i' [c:/CHINNA/Vivado_workspace/cnn_accelerator/cnn_accelerator.gen/sources_1/bd/cnn_pipeline/ip/cnn_pipeline_zynq_ultra_ps_e_0_1/hdl/zynq_ultra_ps_e_v3_5_8.v:3850]
WARNING: [Synth 8-7071] port 'PSS_ALTO_CORE_PAD_JTAGTMS' of module 'PS8' is unconnected for instance 'PS8_i' [c:/CHINNA/Vivado_workspace/cnn_accelerator/cnn_accelerator.gen/sources_1/bd/cnn_pipeline/ip/cnn_pipeline_zynq_ultra_ps_e_0_1/hdl/zynq_ultra_ps_e_v3_5_8.v:3850]
WARNING: [Synth 8-7071] port 'PSS_ALTO_CORE_PAD_MIO' of module 'PS8' is unconnected for instance 'PS8_i' [c:/CHINNA/Vivado_workspace/cnn_accelerator/cnn_accelerator.gen/sources_1/bd/cnn_pipeline/ip/cnn_pipeline_zynq_ultra_ps_e_0_1/hdl/zynq_ultra_ps_e_v3_5_8.v:3850]
WARNING: [Synth 8-7071] port 'PSS_ALTO_CORE_PAD_PORB' of module 'PS8' is unconnected for instance 'PS8_i' [c:/CHINNA/Vivado_workspace/cnn_accelerator/cnn_accelerator.gen/sources_1/bd/cnn_pipeline/ip/cnn_pipeline_zynq_ultra_ps_e_0_1/hdl/zynq_ultra_ps_e_v3_5_8.v:3850]
WARNING: [Synth 8-7071] port 'PSS_ALTO_CORE_PAD_PROGB' of module 'PS8' is unconnected for instance 'PS8_i' [c:/CHINNA/Vivado_workspace/cnn_accelerator/cnn_accelerator.gen/sources_1/bd/cnn_pipeline/ip/cnn_pipeline_zynq_ultra_ps_e_0_1/hdl/zynq_ultra_ps_e_v3_5_8.v:3850]
WARNING: [Synth 8-7071] port 'PSS_ALTO_CORE_PAD_RCALIBINOUT' of module 'PS8' is unconnected for instance 'PS8_i' [c:/CHINNA/Vivado_workspace/cnn_accelerator/cnn_accelerator.gen/sources_1/bd/cnn_pipeline/ip/cnn_pipeline_zynq_ultra_ps_e_0_1/hdl/zynq_ultra_ps_e_v3_5_8.v:3850]
WARNING: [Synth 8-7071] port 'PSS_ALTO_CORE_PAD_SRSTB' of module 'PS8' is unconnected for instance 'PS8_i' [c:/CHINNA/Vivado_workspace/cnn_accelerator/cnn_accelerator.gen/sources_1/bd/cnn_pipeline/ip/cnn_pipeline_zynq_ultra_ps_e_0_1/hdl/zynq_ultra_ps_e_v3_5_8.v:3850]
WARNING: [Synth 8-7071] port 'PSS_ALTO_CORE_PAD_ZQ' of module 'PS8' is unconnected for instance 'PS8_i' [c:/CHINNA/Vivado_workspace/cnn_accelerator/cnn_accelerator.gen/sources_1/bd/cnn_pipeline/ip/cnn_pipeline_zynq_ultra_ps_e_0_1/hdl/zynq_ultra_ps_e_v3_5_8.v:3850]
WARNING: [Synth 8-7071] port 'PSS_ALTO_CORE_PAD_MGTRXN0IN' of module 'PS8' is unconnected for instance 'PS8_i' [c:/CHINNA/Vivado_workspace/cnn_accelerator/cnn_accelerator.gen/sources_1/bd/cnn_pipeline/ip/cnn_pipeline_zynq_ultra_ps_e_0_1/hdl/zynq_ultra_ps_e_v3_5_8.v:3850]
WARNING: [Synth 8-7071] port 'PSS_ALTO_CORE_PAD_MGTRXN1IN' of module 'PS8' is unconnected for instance 'PS8_i' [c:/CHINNA/Vivado_workspace/cnn_accelerator/cnn_accelerator.gen/sources_1/bd/cnn_pipeline/ip/cnn_pipeline_zynq_ultra_ps_e_0_1/hdl/zynq_ultra_ps_e_v3_5_8.v:3850]
WARNING: [Synth 8-7071] port 'PSS_ALTO_CORE_PAD_MGTRXN2IN' of module 'PS8' is unconnected for instance 'PS8_i' [c:/CHINNA/Vivado_workspace/cnn_accelerator/cnn_accelerator.gen/sources_1/bd/cnn_pipeline/ip/cnn_pipeline_zynq_ultra_ps_e_0_1/hdl/zynq_ultra_ps_e_v3_5_8.v:3850]
WARNING: [Synth 8-7071] port 'PSS_ALTO_CORE_PAD_MGTRXN3IN' of module 'PS8' is unconnected for instance 'PS8_i' [c:/CHINNA/Vivado_workspace/cnn_accelerator/cnn_accelerator.gen/sources_1/bd/cnn_pipeline/ip/cnn_pipeline_zynq_ultra_ps_e_0_1/hdl/zynq_ultra_ps_e_v3_5_8.v:3850]
WARNING: [Synth 8-7071] port 'PSS_ALTO_CORE_PAD_MGTRXP0IN' of module 'PS8' is unconnected for instance 'PS8_i' [c:/CHINNA/Vivado_workspace/cnn_accelerator/cnn_accelerator.gen/sources_1/bd/cnn_pipeline/ip/cnn_pipeline_zynq_ultra_ps_e_0_1/hdl/zynq_ultra_ps_e_v3_5_8.v:3850]
WARNING: [Synth 8-7071] port 'PSS_ALTO_CORE_PAD_MGTRXP1IN' of module 'PS8' is unconnected for instance 'PS8_i' [c:/CHINNA/Vivado_workspace/cnn_accelerator/cnn_accelerator.gen/sources_1/bd/cnn_pipeline/ip/cnn_pipeline_zynq_ultra_ps_e_0_1/hdl/zynq_ultra_ps_e_v3_5_8.v:3850]
WARNING: [Synth 8-7071] port 'PSS_ALTO_CORE_PAD_MGTRXP2IN' of module 'PS8' is unconnected for instance 'PS8_i' [c:/CHINNA/Vivado_workspace/cnn_accelerator/cnn_accelerator.gen/sources_1/bd/cnn_pipeline/ip/cnn_pipeline_zynq_ultra_ps_e_0_1/hdl/zynq_ultra_ps_e_v3_5_8.v:3850]
WARNING: [Synth 8-7071] port 'PSS_ALTO_CORE_PAD_MGTRXP3IN' of module 'PS8' is unconnected for instance 'PS8_i' [c:/CHINNA/Vivado_workspace/cnn_accelerator/cnn_accelerator.gen/sources_1/bd/cnn_pipeline/ip/cnn_pipeline_zynq_ultra_ps_e_0_1/hdl/zynq_ultra_ps_e_v3_5_8.v:3850]
WARNING: [Synth 8-7071] port 'PSS_ALTO_CORE_PAD_PADI' of module 'PS8' is unconnected for instance 'PS8_i' [c:/CHINNA/Vivado_workspace/cnn_accelerator/cnn_accelerator.gen/sources_1/bd/cnn_pipeline/ip/cnn_pipeline_zynq_ultra_ps_e_0_1/hdl/zynq_ultra_ps_e_v3_5_8.v:3850]
WARNING: [Synth 8-7071] port 'PSS_ALTO_CORE_PAD_REFN0IN' of module 'PS8' is unconnected for instance 'PS8_i' [c:/CHINNA/Vivado_workspace/cnn_accelerator/cnn_accelerator.gen/sources_1/bd/cnn_pipeline/ip/cnn_pipeline_zynq_ultra_ps_e_0_1/hdl/zynq_ultra_ps_e_v3_5_8.v:3850]
WARNING: [Synth 8-7071] port 'PSS_ALTO_CORE_PAD_REFN1IN' of module 'PS8' is unconnected for instance 'PS8_i' [c:/CHINNA/Vivado_workspace/cnn_accelerator/cnn_accelerator.gen/sources_1/bd/cnn_pipeline/ip/cnn_pipeline_zynq_ultra_ps_e_0_1/hdl/zynq_ultra_ps_e_v3_5_8.v:3850]
WARNING: [Synth 8-7071] port 'PSS_ALTO_CORE_PAD_REFN2IN' of module 'PS8' is unconnected for instance 'PS8_i' [c:/CHINNA/Vivado_workspace/cnn_accelerator/cnn_accelerator.gen/sources_1/bd/cnn_pipeline/ip/cnn_pipeline_zynq_ultra_ps_e_0_1/hdl/zynq_ultra_ps_e_v3_5_8.v:3850]
WARNING: [Synth 8-7071] port 'PSS_ALTO_CORE_PAD_REFN3IN' of module 'PS8' is unconnected for instance 'PS8_i' [c:/CHINNA/Vivado_workspace/cnn_accelerator/cnn_accelerator.gen/sources_1/bd/cnn_pipeline/ip/cnn_pipeline_zynq_ultra_ps_e_0_1/hdl/zynq_ultra_ps_e_v3_5_8.v:3850]
WARNING: [Synth 8-7071] port 'PSS_ALTO_CORE_PAD_REFP0IN' of module 'PS8' is unconnected for instance 'PS8_i' [c:/CHINNA/Vivado_workspace/cnn_accelerator/cnn_accelerator.gen/sources_1/bd/cnn_pipeline/ip/cnn_pipeline_zynq_ultra_ps_e_0_1/hdl/zynq_ultra_ps_e_v3_5_8.v:3850]
WARNING: [Synth 8-7071] port 'PSS_ALTO_CORE_PAD_REFP1IN' of module 'PS8' is unconnected for instance 'PS8_i' [c:/CHINNA/Vivado_workspace/cnn_accelerator/cnn_accelerator.gen/sources_1/bd/cnn_pipeline/ip/cnn_pipeline_zynq_ultra_ps_e_0_1/hdl/zynq_ultra_ps_e_v3_5_8.v:3850]
WARNING: [Synth 8-7071] port 'PSS_ALTO_CORE_PAD_REFP2IN' of module 'PS8' is unconnected for instance 'PS8_i' [c:/CHINNA/Vivado_workspace/cnn_accelerator/cnn_accelerator.gen/sources_1/bd/cnn_pipeline/ip/cnn_pipeline_zynq_ultra_ps_e_0_1/hdl/zynq_ultra_ps_e_v3_5_8.v:3850]
WARNING: [Synth 8-7071] port 'PSS_ALTO_CORE_PAD_REFP3IN' of module 'PS8' is unconnected for instance 'PS8_i' [c:/CHINNA/Vivado_workspace/cnn_accelerator/cnn_accelerator.gen/sources_1/bd/cnn_pipeline/ip/cnn_pipeline_zynq_ultra_ps_e_0_1/hdl/zynq_ultra_ps_e_v3_5_8.v:3850]
WARNING: [Synth 8-7023] instance 'PS8_i' of module 'PS8' has 1015 connections declared, but only 957 given [c:/CHINNA/Vivado_workspace/cnn_accelerator/cnn_accelerator.gen/sources_1/bd/cnn_pipeline/ip/cnn_pipeline_zynq_ultra_ps_e_0_1/hdl/zynq_ultra_ps_e_v3_5_8.v:3850]
INFO: [Synth 8-6155] done synthesizing module 'zynq_ultra_ps_e_v3_5_8_zynq_ultra_ps_e' (0#1) [c:/CHINNA/Vivado_workspace/cnn_accelerator/cnn_accelerator.gen/sources_1/bd/cnn_pipeline/ip/cnn_pipeline_zynq_ultra_ps_e_0_1/hdl/zynq_ultra_ps_e_v3_5_8.v:68]
INFO: [Synth 8-7071] port 'emio_enet0_signal_detect' of module 'zynq_ultra_ps_e_v3_5_8_zynq_ultra_ps_e' is unconnected for instance 'inst' [c:/CHINNA/Vivado_workspace/cnn_accelerator/cnn_accelerator.gen/sources_1/bd/cnn_pipeline/ip/cnn_pipeline_zynq_ultra_ps_e_0_1/synth/cnn_pipeline_zynq_ultra_ps_e_0_1.v:496]
INFO: [Synth 8-7071] port 'emio_enet1_signal_detect' of module 'zynq_ultra_ps_e_v3_5_8_zynq_ultra_ps_e' is unconnected for instance 'inst' [c:/CHINNA/Vivado_workspace/cnn_accelerator/cnn_accelerator.gen/sources_1/bd/cnn_pipeline/ip/cnn_pipeline_zynq_ultra_ps_e_0_1/synth/cnn_pipeline_zynq_ultra_ps_e_0_1.v:496]
INFO: [Synth 8-7071] port 'emio_enet2_signal_detect' of module 'zynq_ultra_ps_e_v3_5_8_zynq_ultra_ps_e' is unconnected for instance 'inst' [c:/CHINNA/Vivado_workspace/cnn_accelerator/cnn_accelerator.gen/sources_1/bd/cnn_pipeline/ip/cnn_pipeline_zynq_ultra_ps_e_0_1/synth/cnn_pipeline_zynq_ultra_ps_e_0_1.v:496]
INFO: [Synth 8-7071] port 'emio_enet3_signal_detect' of module 'zynq_ultra_ps_e_v3_5_8_zynq_ultra_ps_e' is unconnected for instance 'inst' [c:/CHINNA/Vivado_workspace/cnn_accelerator/cnn_accelerator.gen/sources_1/bd/cnn_pipeline/ip/cnn_pipeline_zynq_ultra_ps_e_0_1/synth/cnn_pipeline_zynq_ultra_ps_e_0_1.v:496]
INFO: [Synth 8-7023] instance 'inst' of module 'zynq_ultra_ps_e_v3_5_8_zynq_ultra_ps_e' has 1493 connections declared, but only 1489 given [c:/CHINNA/Vivado_workspace/cnn_accelerator/cnn_accelerator.gen/sources_1/bd/cnn_pipeline/ip/cnn_pipeline_zynq_ultra_ps_e_0_1/synth/cnn_pipeline_zynq_ultra_ps_e_0_1.v:496]
INFO: [Synth 8-6155] done synthesizing module 'cnn_pipeline_zynq_ultra_ps_e_0_1' (0#1) [c:/CHINNA/Vivado_workspace/cnn_accelerator/cnn_accelerator.gen/sources_1/bd/cnn_pipeline/ip/cnn_pipeline_zynq_ultra_ps_e_0_1/synth/cnn_pipeline_zynq_ultra_ps_e_0_1.v:53]
WARNING: [Synth 8-3848] Net dp_audio_ref_clk in module/entity zynq_ultra_ps_e_v3_5_8_zynq_ultra_ps_e does not have driver. [c:/CHINNA/Vivado_workspace/cnn_accelerator/cnn_accelerator.gen/sources_1/bd/cnn_pipeline/ip/cnn_pipeline_zynq_ultra_ps_e_0_1/hdl/zynq_ultra_ps_e_v3_5_8.v:344]
WARNING: [Synth 8-3848] Net irq_ipi_pl_0 in module/entity zynq_ultra_ps_e_v3_5_8_zynq_ultra_ps_e does not have driver. [c:/CHINNA/Vivado_workspace/cnn_accelerator/cnn_accelerator.gen/sources_1/bd/cnn_pipeline/ip/cnn_pipeline_zynq_ultra_ps_e_0_1/hdl/zynq_ultra_ps_e_v3_5_8.v:1364]
WARNING: [Synth 8-3848] Net irq_ipi_pl_1 in module/entity zynq_ultra_ps_e_v3_5_8_zynq_ultra_ps_e does not have driver. [c:/CHINNA/Vivado_workspace/cnn_accelerator/cnn_accelerator.gen/sources_1/bd/cnn_pipeline/ip/cnn_pipeline_zynq_ultra_ps_e_0_1/hdl/zynq_ultra_ps_e_v3_5_8.v:1365]
WARNING: [Synth 8-3848] Net irq_ipi_pl_2 in module/entity zynq_ultra_ps_e_v3_5_8_zynq_ultra_ps_e does not have driver. [c:/CHINNA/Vivado_workspace/cnn_accelerator/cnn_accelerator.gen/sources_1/bd/cnn_pipeline/ip/cnn_pipeline_zynq_ultra_ps_e_0_1/hdl/zynq_ultra_ps_e_v3_5_8.v:1366]
WARNING: [Synth 8-3848] Net irq_ipi_pl_3 in module/entity zynq_ultra_ps_e_v3_5_8_zynq_ultra_ps_e does not have driver. [c:/CHINNA/Vivado_workspace/cnn_accelerator/cnn_accelerator.gen/sources_1/bd/cnn_pipeline/ip/cnn_pipeline_zynq_ultra_ps_e_0_1/hdl/zynq_ultra_ps_e_v3_5_8.v:1367]
WARNING: [Synth 8-3848] Net ps_pl_irq_usb3_0_otg in module/entity zynq_ultra_ps_e_v3_5_8_zynq_ultra_ps_e does not have driver. [c:/CHINNA/Vivado_workspace/cnn_accelerator/cnn_accelerator.gen/sources_1/bd/cnn_pipeline/ip/cnn_pipeline_zynq_ultra_ps_e_0_1/hdl/zynq_ultra_ps_e_v3_5_8.v:1439]
WARNING: [Synth 8-3848] Net ps_pl_irq_usb3_1_otg in module/entity zynq_ultra_ps_e_v3_5_8_zynq_ultra_ps_e does not have driver. [c:/CHINNA/Vivado_workspace/cnn_accelerator/cnn_accelerator.gen/sources_1/bd/cnn_pipeline/ip/cnn_pipeline_zynq_ultra_ps_e_0_1/hdl/zynq_ultra_ps_e_v3_5_8.v:1441]
INFO: [Synth 8-7129] Port dp_audio_ref_clk in module zynq_ultra_ps_e_v3_5_8_zynq_ultra_ps_e is either unconnected or has no load
INFO: [Synth 8-7129] Port irq_ipi_pl_0 in module zynq_ultra_ps_e_v3_5_8_zynq_ultra_ps_e is either unconnected or has no load
INFO: [Synth 8-7129] Port irq_ipi_pl_1 in module zynq_ultra_ps_e_v3_5_8_zynq_ultra_ps_e is either unconnected or has no load
INFO: [Synth 8-7129] Port irq_ipi_pl_2 in module zynq_ultra_ps_e_v3_5_8_zynq_ultra_ps_e is either unconnected or has no load
INFO: [Synth 8-7129] Port irq_ipi_pl_3 in module zynq_ultra_ps_e_v3_5_8_zynq_ultra_ps_e is either unconnected or has no load
INFO: [Synth 8-7129] Port ps_pl_irq_usb3_0_otg in module zynq_ultra_ps_e_v3_5_8_zynq_ultra_ps_e is either unconnected or has no load
INFO: [Synth 8-7129] Port ps_pl_irq_usb3_1_otg in module zynq_ultra_ps_e_v3_5_8_zynq_ultra_ps_e is either unconnected or has no load
INFO: [Synth 8-7129] Port saxihpc0_fpd_rclk in module zynq_ultra_ps_e_v3_5_8_zynq_ultra_ps_e is either unconnected or has no load
INFO: [Synth 8-7129] Port saxihpc0_fpd_wclk in module zynq_ultra_ps_e_v3_5_8_zynq_ultra_ps_e is either unconnected or has no load
INFO: [Synth 8-7129] Port saxihpc1_fpd_rclk in module zynq_ultra_ps_e_v3_5_8_zynq_ultra_ps_e is either unconnected or has no load
INFO: [Synth 8-7129] Port saxihpc1_fpd_wclk in module zynq_ultra_ps_e_v3_5_8_zynq_ultra_ps_e is either unconnected or has no load
INFO: [Synth 8-7129] Port saxihp0_fpd_rclk in module zynq_ultra_ps_e_v3_5_8_zynq_ultra_ps_e is either unconnected or has no load
INFO: [Synth 8-7129] Port saxihp0_fpd_wclk in module zynq_ultra_ps_e_v3_5_8_zynq_ultra_ps_e is either unconnected or has no load
INFO: [Synth 8-7129] Port saxihp1_fpd_rclk in module zynq_ultra_ps_e_v3_5_8_zynq_ultra_ps_e is either unconnected or has no load
INFO: [Synth 8-7129] Port saxihp1_fpd_wclk in module zynq_ultra_ps_e_v3_5_8_zynq_ultra_ps_e is either unconnected or has no load
INFO: [Synth 8-7129] Port saxihp2_fpd_rclk in module zynq_ultra_ps_e_v3_5_8_zynq_ultra_ps_e is either unconnected or has no load
INFO: [Synth 8-7129] Port saxihp2_fpd_wclk in module zynq_ultra_ps_e_v3_5_8_zynq_ultra_ps_e is either unconnected or has no load
INFO: [Synth 8-7129] Port saxihp3_fpd_rclk in module zynq_ultra_ps_e_v3_5_8_zynq_ultra_ps_e is either unconnected or has no load
INFO: [Synth 8-7129] Port saxihp3_fpd_wclk in module zynq_ultra_ps_e_v3_5_8_zynq_ultra_ps_e is either unconnected or has no load
INFO: [Synth 8-7129] Port saxi_lpd_rclk in module zynq_ultra_ps_e_v3_5_8_zynq_ultra_ps_e is either unconnected or has no load
INFO: [Synth 8-7129] Port saxi_lpd_wclk in module zynq_ultra_ps_e_v3_5_8_zynq_ultra_ps_e is either unconnected or has no load
INFO: [Synth 8-7129] Port sacefpd_awuser[15] in module zynq_ultra_ps_e_v3_5_8_zynq_ultra_ps_e is either unconnected or has no load
INFO: [Synth 8-7129] Port sacefpd_awuser[14] in module zynq_ultra_ps_e_v3_5_8_zynq_ultra_ps_e is either unconnected or has no load
INFO: [Synth 8-7129] Port sacefpd_awuser[13] in module zynq_ultra_ps_e_v3_5_8_zynq_ultra_ps_e is either unconnected or has no load
INFO: [Synth 8-7129] Port sacefpd_awuser[12] in module zynq_ultra_ps_e_v3_5_8_zynq_ultra_ps_e is either unconnected or has no load
INFO: [Synth 8-7129] Port sacefpd_awuser[11] in module zynq_ultra_ps_e_v3_5_8_zynq_ultra_ps_e is either unconnected or has no load
INFO: [Synth 8-7129] Port sacefpd_awuser[10] in module zynq_ultra_ps_e_v3_5_8_zynq_ultra_ps_e is either unconnected or has no load
INFO: [Synth 8-7129] Port sacefpd_awuser[9] in module zynq_ultra_ps_e_v3_5_8_zynq_ultra_ps_e is either unconnected or has no load
INFO: [Synth 8-7129] Port sacefpd_awuser[8] in module zynq_ultra_ps_e_v3_5_8_zynq_ultra_ps_e is either unconnected or has no load
INFO: [Synth 8-7129] Port sacefpd_awuser[7] in module zynq_ultra_ps_e_v3_5_8_zynq_ultra_ps_e is either unconnected or has no load
INFO: [Synth 8-7129] Port sacefpd_awuser[6] in module zynq_ultra_ps_e_v3_5_8_zynq_ultra_ps_e is either unconnected or has no load
INFO: [Synth 8-7129] Port sacefpd_aruser[15] in module zynq_ultra_ps_e_v3_5_8_zynq_ultra_ps_e is either unconnected or has no load
INFO: [Synth 8-7129] Port sacefpd_aruser[14] in module zynq_ultra_ps_e_v3_5_8_zynq_ultra_ps_e is either unconnected or has no load
INFO: [Synth 8-7129] Port sacefpd_aruser[13] in module zynq_ultra_ps_e_v3_5_8_zynq_ultra_ps_e is either unconnected or has no load
INFO: [Synth 8-7129] Port sacefpd_aruser[12] in module zynq_ultra_ps_e_v3_5_8_zynq_ultra_ps_e is either unconnected or has no load
INFO: [Synth 8-7129] Port sacefpd_aruser[11] in module zynq_ultra_ps_e_v3_5_8_zynq_ultra_ps_e is either unconnected or has no load
INFO: [Synth 8-7129] Port sacefpd_aruser[10] in module zynq_ultra_ps_e_v3_5_8_zynq_ultra_ps_e is either unconnected or has no load
INFO: [Synth 8-7129] Port sacefpd_aruser[9] in module zynq_ultra_ps_e_v3_5_8_zynq_ultra_ps_e is either unconnected or has no load
INFO: [Synth 8-7129] Port sacefpd_aruser[8] in module zynq_ultra_ps_e_v3_5_8_zynq_ultra_ps_e is either unconnected or has no load
INFO: [Synth 8-7129] Port sacefpd_aruser[7] in module zynq_ultra_ps_e_v3_5_8_zynq_ultra_ps_e is either unconnected or has no load
INFO: [Synth 8-7129] Port sacefpd_aruser[6] in module zynq_ultra_ps_e_v3_5_8_zynq_ultra_ps_e is either unconnected or has no load
INFO: [Synth 8-7129] Port test_adc_clk[3] in module zynq_ultra_ps_e_v3_5_8_zynq_ultra_ps_e is either unconnected or has no load
INFO: [Synth 8-7129] Port test_adc_clk[2] in module zynq_ultra_ps_e_v3_5_8_zynq_ultra_ps_e is either unconnected or has no load
INFO: [Synth 8-7129] Port test_adc_clk[1] in module zynq_ultra_ps_e_v3_5_8_zynq_ultra_ps_e is either unconnected or has no load
INFO: [Synth 8-7129] Port test_adc_clk[0] in module zynq_ultra_ps_e_v3_5_8_zynq_ultra_ps_e is either unconnected or has no load
INFO: [Synth 8-7129] Port test_adc_in[31] in module zynq_ultra_ps_e_v3_5_8_zynq_ultra_ps_e is either unconnected or has no load
INFO: [Synth 8-7129] Port test_adc_in[30] in module zynq_ultra_ps_e_v3_5_8_zynq_ultra_ps_e is either unconnected or has no load
INFO: [Synth 8-7129] Port test_adc_in[29] in module zynq_ultra_ps_e_v3_5_8_zynq_ultra_ps_e is either unconnected or has no load
INFO: [Synth 8-7129] Port test_adc_in[28] in module zynq_ultra_ps_e_v3_5_8_zynq_ultra_ps_e is either unconnected or has no load
INFO: [Synth 8-7129] Port test_adc_in[27] in module zynq_ultra_ps_e_v3_5_8_zynq_ultra_ps_e is either unconnected or has no load
INFO: [Synth 8-7129] Port test_adc_in[26] in module zynq_ultra_ps_e_v3_5_8_zynq_ultra_ps_e is either unconnected or has no load
INFO: [Synth 8-7129] Port test_adc_in[25] in module zynq_ultra_ps_e_v3_5_8_zynq_ultra_ps_e is either unconnected or has no load
INFO: [Synth 8-7129] Port test_adc_in[24] in module zynq_ultra_ps_e_v3_5_8_zynq_ultra_ps_e is either unconnected or has no load
INFO: [Synth 8-7129] Port test_adc_in[23] in module zynq_ultra_ps_e_v3_5_8_zynq_ultra_ps_e is either unconnected or has no load
INFO: [Synth 8-7129] Port test_adc_in[22] in module zynq_ultra_ps_e_v3_5_8_zynq_ultra_ps_e is either unconnected or has no load
INFO: [Synth 8-7129] Port test_adc_in[21] in module zynq_ultra_ps_e_v3_5_8_zynq_ultra_ps_e is either unconnected or has no load
INFO: [Synth 8-7129] Port test_adc_in[20] in module zynq_ultra_ps_e_v3_5_8_zynq_ultra_ps_e is either unconnected or has no load
INFO: [Synth 8-7129] Port test_adc_in[19] in module zynq_ultra_ps_e_v3_5_8_zynq_ultra_ps_e is either unconnected or has no load
INFO: [Synth 8-7129] Port test_adc_in[18] in module zynq_ultra_ps_e_v3_5_8_zynq_ultra_ps_e is either unconnected or has no load
INFO: [Synth 8-7129] Port test_adc_in[17] in module zynq_ultra_ps_e_v3_5_8_zynq_ultra_ps_e is either unconnected or has no load
INFO: [Synth 8-7129] Port test_adc_in[16] in module zynq_ultra_ps_e_v3_5_8_zynq_ultra_ps_e is either unconnected or has no load
INFO: [Synth 8-7129] Port test_adc_in[15] in module zynq_ultra_ps_e_v3_5_8_zynq_ultra_ps_e is either unconnected or has no load
INFO: [Synth 8-7129] Port test_adc_in[14] in module zynq_ultra_ps_e_v3_5_8_zynq_ultra_ps_e is either unconnected or has no load
INFO: [Synth 8-7129] Port test_adc_in[13] in module zynq_ultra_ps_e_v3_5_8_zynq_ultra_ps_e is either unconnected or has no load
INFO: [Synth 8-7129] Port test_adc_in[12] in module zynq_ultra_ps_e_v3_5_8_zynq_ultra_ps_e is either unconnected or has no load
INFO: [Synth 8-7129] Port test_adc_in[11] in module zynq_ultra_ps_e_v3_5_8_zynq_ultra_ps_e is either unconnected or has no load
INFO: [Synth 8-7129] Port test_adc_in[10] in module zynq_ultra_ps_e_v3_5_8_zynq_ultra_ps_e is either unconnected or has no load
INFO: [Synth 8-7129] Port test_adc_in[9] in module zynq_ultra_ps_e_v3_5_8_zynq_ultra_ps_e is either unconnected or has no load
INFO: [Synth 8-7129] Port test_adc_in[8] in module zynq_ultra_ps_e_v3_5_8_zynq_ultra_ps_e is either unconnected or has no load
INFO: [Synth 8-7129] Port test_adc_in[7] in module zynq_ultra_ps_e_v3_5_8_zynq_ultra_ps_e is either unconnected or has no load
INFO: [Synth 8-7129] Port test_adc_in[6] in module zynq_ultra_ps_e_v3_5_8_zynq_ultra_ps_e is either unconnected or has no load
INFO: [Synth 8-7129] Port test_adc_in[5] in module zynq_ultra_ps_e_v3_5_8_zynq_ultra_ps_e is either unconnected or has no load
INFO: [Synth 8-7129] Port test_adc_in[4] in module zynq_ultra_ps_e_v3_5_8_zynq_ultra_ps_e is either unconnected or has no load
INFO: [Synth 8-7129] Port test_adc_in[3] in module zynq_ultra_ps_e_v3_5_8_zynq_ultra_ps_e is either unconnected or has no load
INFO: [Synth 8-7129] Port test_adc_in[2] in module zynq_ultra_ps_e_v3_5_8_zynq_ultra_ps_e is either unconnected or has no load
INFO: [Synth 8-7129] Port test_adc_in[1] in module zynq_ultra_ps_e_v3_5_8_zynq_ultra_ps_e is either unconnected or has no load
INFO: [Synth 8-7129] Port test_adc_in[0] in module zynq_ultra_ps_e_v3_5_8_zynq_ultra_ps_e is either unconnected or has no load
INFO: [Synth 8-7129] Port test_adc2_in[31] in module zynq_ultra_ps_e_v3_5_8_zynq_ultra_ps_e is either unconnected or has no load
INFO: [Synth 8-7129] Port test_adc2_in[30] in module zynq_ultra_ps_e_v3_5_8_zynq_ultra_ps_e is either unconnected or has no load
INFO: [Synth 8-7129] Port test_adc2_in[29] in module zynq_ultra_ps_e_v3_5_8_zynq_ultra_ps_e is either unconnected or has no load
INFO: [Synth 8-7129] Port test_adc2_in[28] in module zynq_ultra_ps_e_v3_5_8_zynq_ultra_ps_e is either unconnected or has no load
INFO: [Synth 8-7129] Port test_adc2_in[27] in module zynq_ultra_ps_e_v3_5_8_zynq_ultra_ps_e is either unconnected or has no load
INFO: [Synth 8-7129] Port test_adc2_in[26] in module zynq_ultra_ps_e_v3_5_8_zynq_ultra_ps_e is either unconnected or has no load
INFO: [Synth 8-7129] Port test_adc2_in[25] in module zynq_ultra_ps_e_v3_5_8_zynq_ultra_ps_e is either unconnected or has no load
INFO: [Synth 8-7129] Port test_adc2_in[24] in module zynq_ultra_ps_e_v3_5_8_zynq_ultra_ps_e is either unconnected or has no load
INFO: [Synth 8-7129] Port test_adc2_in[23] in module zynq_ultra_ps_e_v3_5_8_zynq_ultra_ps_e is either unconnected or has no load
INFO: [Synth 8-7129] Port test_adc2_in[22] in module zynq_ultra_ps_e_v3_5_8_zynq_ultra_ps_e is either unconnected or has no load
INFO: [Synth 8-7129] Port test_adc2_in[21] in module zynq_ultra_ps_e_v3_5_8_zynq_ultra_ps_e is either unconnected or has no load
INFO: [Synth 8-7129] Port test_adc2_in[20] in module zynq_ultra_ps_e_v3_5_8_zynq_ultra_ps_e is either unconnected or has no load
INFO: [Synth 8-7129] Port test_adc2_in[19] in module zynq_ultra_ps_e_v3_5_8_zynq_ultra_ps_e is either unconnected or has no load
INFO: [Synth 8-7129] Port test_adc2_in[18] in module zynq_ultra_ps_e_v3_5_8_zynq_ultra_ps_e is either unconnected or has no load
INFO: [Synth 8-7129] Port test_adc2_in[17] in module zynq_ultra_ps_e_v3_5_8_zynq_ultra_ps_e is either unconnected or has no load
INFO: [Synth 8-7129] Port test_adc2_in[16] in module zynq_ultra_ps_e_v3_5_8_zynq_ultra_ps_e is either unconnected or has no load
INFO: [Synth 8-7129] Port test_adc2_in[15] in module zynq_ultra_ps_e_v3_5_8_zynq_ultra_ps_e is either unconnected or has no load
INFO: [Synth 8-7129] Port test_adc2_in[14] in module zynq_ultra_ps_e_v3_5_8_zynq_ultra_ps_e is either unconnected or has no load
INFO: [Synth 8-7129] Port test_adc2_in[13] in module zynq_ultra_ps_e_v3_5_8_zynq_ultra_ps_e is either unconnected or has no load
INFO: [Synth 8-7129] Port test_adc2_in[12] in module zynq_ultra_ps_e_v3_5_8_zynq_ultra_ps_e is either unconnected or has no load
INFO: [Synth 8-7129] Port test_adc2_in[11] in module zynq_ultra_ps_e_v3_5_8_zynq_ultra_ps_e is either unconnected or has no load
INFO: [Synth 8-7129] Port test_adc2_in[10] in module zynq_ultra_ps_e_v3_5_8_zynq_ultra_ps_e is either unconnected or has no load
INFO: [Synth 8-7129] Port test_adc2_in[9] in module zynq_ultra_ps_e_v3_5_8_zynq_ultra_ps_e is either unconnected or has no load
INFO: [Common 17-14] Message 'Synth 8-7129' appears 100 times and further instances of the messages will be disabled. Use the Tcl command set_msg_config to change the current settings.
---------------------------------------------------------------------------------
Finished RTL Elaboration : Time (s): cpu = 00:00:09 ; elapsed = 00:00:11 . Memory (MB): peak = 2111.980 ; gain = 344.156
---------------------------------------------------------------------------------
---------------------------------------------------------------------------------
Start Handling Custom Attributes
---------------------------------------------------------------------------------
---------------------------------------------------------------------------------
Finished Handling Custom Attributes : Time (s): cpu = 00:00:10 ; elapsed = 00:00:11 . Memory (MB): peak = 2111.980 ; gain = 344.156
---------------------------------------------------------------------------------
---------------------------------------------------------------------------------
Finished RTL Optimization Phase 1 : Time (s): cpu = 00:00:10 ; elapsed = 00:00:11 . Memory (MB): peak = 2111.980 ; gain = 344.156
---------------------------------------------------------------------------------
Netlist sorting complete. Time (s): cpu = 00:00:00 ; elapsed = 00:00:00.037 . Memory (MB): peak = 2111.980 ; gain = 0.000
INFO: [Project 1-570] Preparing netlist for logic optimization

Processing XDC Constraints
Initializing timing engine
Parsing XDC File [c:/CHINNA/Vivado_workspace/cnn_accelerator/cnn_accelerator.gen/sources_1/bd/cnn_pipeline/ip/cnn_pipeline_zynq_ultra_ps_e_0_1/cnn_pipeline_zynq_ultra_ps_e_0_1_ooc.xdc] for cell 'inst'
Finished Parsing XDC File [c:/CHINNA/Vivado_workspace/cnn_accelerator/cnn_accelerator.gen/sources_1/bd/cnn_pipeline/ip/cnn_pipeline_zynq_ultra_ps_e_0_1/cnn_pipeline_zynq_ultra_ps_e_0_1_ooc.xdc] for cell 'inst'
Parsing XDC File [c:/CHINNA/Vivado_workspace/cnn_accelerator/cnn_accelerator.gen/sources_1/bd/cnn_pipeline/ip/cnn_pipeline_zynq_ultra_ps_e_0_1/cnn_pipeline_zynq_ultra_ps_e_0_1.xdc] for cell 'inst'
create_clock: Time (s): cpu = 00:00:05 ; elapsed = 00:00:06 . Memory (MB): peak = 2120.070 ; gain = 4.359
Finished Parsing XDC File [c:/CHINNA/Vivado_workspace/cnn_accelerator/cnn_accelerator.gen/sources_1/bd/cnn_pipeline/ip/cnn_pipeline_zynq_ultra_ps_e_0_1/cnn_pipeline_zynq_ultra_ps_e_0_1.xdc] for cell 'inst'
Parsing XDC File [C:/CHINNA/Vivado_workspace/cnn_accelerator/cnn_accelerator.runs/cnn_pipeline_zynq_ultra_ps_e_0_1_synth_1/dont_touch.xdc]
Finished Parsing XDC File [C:/CHINNA/Vivado_workspace/cnn_accelerator/cnn_accelerator.runs/cnn_pipeline_zynq_ultra_ps_e_0_1_synth_1/dont_touch.xdc]
Completed Processing XDC Constraints

Netlist sorting complete. Time (s): cpu = 00:00:00 ; elapsed = 00:00:00 . Memory (MB): peak = 2120.070 ; gain = 0.000
INFO: [Project 1-111] Unisim Transformation Summary:
No Unisim elements were transformed.

Constraint Validation Runtime : Time (s): cpu = 00:00:00 ; elapsed = 00:00:00.119 . Memory (MB): peak = 2120.070 ; gain = 0.000
INFO: [Designutils 20-5008] Incremental synthesis strategy off
---------------------------------------------------------------------------------
Finished Constraint Validation : Time (s): cpu = 00:00:23 ; elapsed = 00:00:26 . Memory (MB): peak = 2120.070 ; gain = 352.246
---------------------------------------------------------------------------------
---------------------------------------------------------------------------------
Start Loading Part and Timing Information
---------------------------------------------------------------------------------
Loading part: xck26-sfvc784-2LV-c
INFO: [Synth 8-6742] Reading net delay rules and data
---------------------------------------------------------------------------------
Finished Loading Part and Timing Information : Time (s): cpu = 00:00:23 ; elapsed = 00:00:26 . Memory (MB): peak = 2120.070 ; gain = 352.246
---------------------------------------------------------------------------------
---------------------------------------------------------------------------------
Start Applying 'set_property' XDC Constraints
---------------------------------------------------------------------------------
---------------------------------------------------------------------------------
Finished applying 'set_property' XDC Constraints : Time (s): cpu = 00:00:23 ; elapsed = 00:00:26 . Memory (MB): peak = 2120.070 ; gain = 352.246
---------------------------------------------------------------------------------
---------------------------------------------------------------------------------
Finished RTL Optimization Phase 2 : Time (s): cpu = 00:00:23 ; elapsed = 00:00:26 . Memory (MB): peak = 2120.070 ; gain = 352.246
---------------------------------------------------------------------------------
---------------------------------------------------------------------------------
Start RTL Component Statistics 
---------------------------------------------------------------------------------
Detailed RTL Component Info : 
+---Registers : 
	                1 Bit    Registers := 1     
---------------------------------------------------------------------------------
Finished RTL Component Statistics 
---------------------------------------------------------------------------------
---------------------------------------------------------------------------------
Start Part Resource Summary
---------------------------------------------------------------------------------
Part Resources:
DSPs: 1248 (col length:96)
BRAMs: 288 (col length: RAMB18 96 RAMB36 48)
---------------------------------------------------------------------------------
Finished Part Resource Summary
---------------------------------------------------------------------------------
---------------------------------------------------------------------------------
Start Cross Boundary and Area Optimization
---------------------------------------------------------------------------------
---------------------------------------------------------------------------------
Finished Cross Boundary and Area Optimization : Time (s): cpu = 00:00:25 ; elapsed = 00:00:28 . Memory (MB): peak = 2120.070 ; gain = 352.246
---------------------------------------------------------------------------------
---------------------------------------------------------------------------------
Start Applying XDC Timing Constraints
---------------------------------------------------------------------------------
---------------------------------------------------------------------------------
Finished Applying XDC Timing Constraints : Time (s): cpu = 00:00:37 ; elapsed = 00:00:44 . Memory (MB): peak = 3814.652 ; gain = 2046.828
---------------------------------------------------------------------------------
---------------------------------------------------------------------------------
Start Timing Optimization
---------------------------------------------------------------------------------
---------------------------------------------------------------------------------
Finished Timing Optimization : Time (s): cpu = 00:00:37 ; elapsed = 00:00:44 . Memory (MB): peak = 3840.887 ; gain = 2073.062
---------------------------------------------------------------------------------
---------------------------------------------------------------------------------
Start Technology Mapping
---------------------------------------------------------------------------------
---------------------------------------------------------------------------------
Finished Technology Mapping : Time (s): cpu = 00:00:37 ; elapsed = 00:00:45 . Memory (MB): peak = 3846.328 ; gain = 2078.504
---------------------------------------------------------------------------------
---------------------------------------------------------------------------------
Start IO Insertion
---------------------------------------------------------------------------------
---------------------------------------------------------------------------------
Start Flattening Before IO Insertion
---------------------------------------------------------------------------------
---------------------------------------------------------------------------------
Finished Flattening Before IO Insertion
---------------------------------------------------------------------------------
---------------------------------------------------------------------------------
Start Final Netlist Cleanup
---------------------------------------------------------------------------------
---------------------------------------------------------------------------------
Finished Final Netlist Cleanup
---------------------------------------------------------------------------------

*** Running vivado
    with args -log cnn_pipeline_zynq_ultra_ps_e_0_1.vds -m64 -product Vivado -mode batch -messageDb vivado.pb -notrace -source cnn_pipeline_zynq_ultra_ps_e_0_1.tcl



****** Vivado v2025.2 (64-bit)
  **** SW Build 6299465 on Fri Nov 14 19:35:11 GMT 2025
  **** IP Build 6300035 on Fri Nov 14 10:48:45 MST 2025
  **** SharedData Build 6298862 on Thu Nov 13 04:50:51 MST 2025
  **** Start of session at: Fri Jun 12 17:35:47 2026
    ** Copyright 1986-2022 Xilinx, Inc. All Rights Reserved.
    ** Copyright 2022-2025 Advanced Micro Devices, Inc. All Rights Reserved.

source cnn_pipeline_zynq_ultra_ps_e_0_1.tcl -notrace
create_project: Time (s): cpu = 00:00:13 ; elapsed = 00:00:10 . Memory (MB): peak = 662.672 ; gain = 224.430
INFO: [IP_Flow 19-234] Refreshing IP repositories
INFO: [IP_Flow 19-1700] Loaded user IP repository 'c:/CHINNA/HLS_workspace'.
INFO: [IP_Flow 19-2313] Loaded Vivado IP repository 'C:/2025.2/Vivado/data/ip'.
Command: synth_design -top cnn_pipeline_zynq_ultra_ps_e_0_1 -part xck26-sfvc784-2LV-c -incremental_mode off -mode out_of_context
Starting synth_design
Attempting to get a license for feature 'Synthesis' and/or device 'xck26'
INFO: [Common 17-349] Got license for feature 'Synthesis' and/or device 'xck26'
INFO: [Device 21-403] Loading part xck26-sfvc784-2LV-c
INFO: [Synth 8-7079] Multithreading enabled for synth_design using a maximum of 2 processes.
INFO: [Synth 8-7078] Launching helper process for spawning children vivado processes
INFO: [Synth 8-7075] Helper process launched with PID 30564
---------------------------------------------------------------------------------
Starting RTL Elaboration : Time (s): cpu = 00:00:07 ; elapsed = 00:00:08 . Memory (MB): peak = 1976.395 ; gain = 210.320
---------------------------------------------------------------------------------
INFO: [Synth 8-11241] undeclared symbol 'dp_audi_ref_clk', assumed default net type 'wire' [c:/CHINNA/Vivado_workspace/cnn_accelerator/cnn_accelerator.gen/sources_1/bd/cnn_pipeline/ip/cnn_pipeline_zynq_ultra_ps_e_0_1/hdl/zynq_ultra_ps_e_v3_5_8.v:2475]
INFO: [Synth 8-6157] synthesizing module 'cnn_pipeline_zynq_ultra_ps_e_0_1' [c:/CHINNA/Vivado_workspace/cnn_accelerator/cnn_accelerator.gen/sources_1/bd/cnn_pipeline/ip/cnn_pipeline_zynq_ultra_ps_e_0_1/synth/cnn_pipeline_zynq_ultra_ps_e_0_1.v:53]
INFO: [Synth 8-6157] synthesizing module 'zynq_ultra_ps_e_v3_5_8_zynq_ultra_ps_e' [c:/CHINNA/Vivado_workspace/cnn_accelerator/cnn_accelerator.gen/sources_1/bd/cnn_pipeline/ip/cnn_pipeline_zynq_ultra_ps_e_0_1/hdl/zynq_ultra_ps_e_v3_5_8.v:68]
INFO: [Synth 8-6157] synthesizing module 'BUFG_PS' [C:/2025.2/Vivado/scripts/rt/data/unisim_comp.v:2914]
INFO: [Synth 8-6155] done synthesizing module 'BUFG_PS' (0#1) [C:/2025.2/Vivado/scripts/rt/data/unisim_comp.v:2914]
INFO: [Synth 8-6157] synthesizing module 'PS8' [C:/2025.2/Vivado/scripts/rt/data/unisim_comp.v:141540]
INFO: [Synth 8-6155] done synthesizing module 'PS8' (0#1) [C:/2025.2/Vivado/scripts/rt/data/unisim_comp.v:141540]
WARNING: [Synth 8-689] width (5) of port connection 'EMIOSDIO0DATAIN' does not match port width (8) of module 'PS8' [c:/CHINNA/Vivado_workspace/cnn_accelerator/cnn_accelerator.gen/sources_1/bd/cnn_pipeline/ip/cnn_pipeline_zynq_ultra_ps_e_0_1/hdl/zynq_ultra_ps_e_v3_5_8.v:4659]
WARNING: [Synth 8-689] width (5) of port connection 'EMIOSDIO0DATAOUT' does not match port width (8) of module 'PS8' [c:/CHINNA/Vivado_workspace/cnn_accelerator/cnn_accelerator.gen/sources_1/bd/cnn_pipeline/ip/cnn_pipeline_zynq_ultra_ps_e_0_1/hdl/zynq_ultra_ps_e_v3_5_8.v:4660]
WARNING: [Synth 8-689] width (5) of port connection 'EMIOSDIO0DATAENA' does not match port width (8) of module 'PS8' [c:/CHINNA/Vivado_workspace/cnn_accelerator/cnn_accelerator.gen/sources_1/bd/cnn_pipeline/ip/cnn_pipeline_zynq_ultra_ps_e_0_1/hdl/zynq_ultra_ps_e_v3_5_8.v:4661]
WARNING: [Synth 8-689] width (5) of port connection 'EMIOSDIO1DATAIN' does not match port width (8) of module 'PS8' [c:/CHINNA/Vivado_workspace/cnn_accelerator/cnn_accelerator.gen/sources_1/bd/cnn_pipeline/ip/cnn_pipeline_zynq_ultra_ps_e_0_1/hdl/zynq_ultra_ps_e_v3_5_8.v:4672]
WARNING: [Synth 8-689] width (5) of port connection 'EMIOSDIO1DATAOUT' does not match port width (8) of module 'PS8' [c:/CHINNA/Vivado_workspace/cnn_accelerator/cnn_accelerator.gen/sources_1/bd/cnn_pipeline/ip/cnn_pipeline_zynq_ultra_ps_e_0_1/hdl/zynq_ultra_ps_e_v3_5_8.v:4673]
WARNING: [Synth 8-689] width (5) of port connection 'EMIOSDIO1DATAENA' does not match port width (8) of module 'PS8' [c:/CHINNA/Vivado_workspace/cnn_accelerator/cnn_accelerator.gen/sources_1/bd/cnn_pipeline/ip/cnn_pipeline_zynq_ultra_ps_e_0_1/hdl/zynq_ultra_ps_e_v3_5_8.v:4674]
WARNING: [Synth 8-7071] port 'PSS_ALTO_CORE_PAD_MGTTXN0OUT' of module 'PS8' is unconnected for instance 'PS8_i' [c:/CHINNA/Vivado_workspace/cnn_accelerator/cnn_accelerator.gen/sources_1/bd/cnn_pipeline/ip/cnn_pipeline_zynq_ultra_ps_e_0_1/hdl/zynq_ultra_ps_e_v3_5_8.v:3850]
WARNING: [Synth 8-7071] port 'PSS_ALTO_CORE_PAD_MGTTXN1OUT' of module 'PS8' is unconnected for instance 'PS8_i' [c:/CHINNA/Vivado_workspace/cnn_accelerator/cnn_accelerator.gen/sources_1/bd/cnn_pipeline/ip/cnn_pipeline_zynq_ultra_ps_e_0_1/hdl/zynq_ultra_ps_e_v3_5_8.v:3850]
WARNING: [Synth 8-7071] port 'PSS_ALTO_CORE_PAD_MGTTXN2OUT' of module 'PS8' is unconnected for instance 'PS8_i' [c:/CHINNA/Vivado_workspace/cnn_accelerator/cnn_accelerator.gen/sources_1/bd/cnn_pipeline/ip/cnn_pipeline_zynq_ultra_ps_e_0_1/hdl/zynq_ultra_ps_e_v3_5_8.v:3850]
WARNING: [Synth 8-7071] port 'PSS_ALTO_CORE_PAD_MGTTXN3OUT' of module 'PS8' is unconnected for instance 'PS8_i' [c:/CHINNA/Vivado_workspace/cnn_accelerator/cnn_accelerator.gen/sources_1/bd/cnn_pipeline/ip/cnn_pipeline_zynq_ultra_ps_e_0_1/hdl/zynq_ultra_ps_e_v3_5_8.v:3850]
WARNING: [Synth 8-7071] port 'PSS_ALTO_CORE_PAD_MGTTXP0OUT' of module 'PS8' is unconnected for instance 'PS8_i' [c:/CHINNA/Vivado_workspace/cnn_accelerator/cnn_accelerator.gen/sources_1/bd/cnn_pipeline/ip/cnn_pipeline_zynq_ultra_ps_e_0_1/hdl/zynq_ultra_ps_e_v3_5_8.v:3850]
WARNING: [Synth 8-7071] port 'PSS_ALTO_CORE_PAD_MGTTXP1OUT' of module 'PS8' is unconnected for instance 'PS8_i' [c:/CHINNA/Vivado_workspace/cnn_accelerator/cnn_accelerator.gen/sources_1/bd/cnn_pipeline/ip/cnn_pipeline_zynq_ultra_ps_e_0_1/hdl/zynq_ultra_ps_e_v3_5_8.v:3850]
WARNING: [Synth 8-7071] port 'PSS_ALTO_CORE_PAD_MGTTXP2OUT' of module 'PS8' is unconnected for instance 'PS8_i' [c:/CHINNA/Vivado_workspace/cnn_accelerator/cnn_accelerator.gen/sources_1/bd/cnn_pipeline/ip/cnn_pipeline_zynq_ultra_ps_e_0_1/hdl/zynq_ultra_ps_e_v3_5_8.v:3850]
WARNING: [Synth 8-7071] port 'PSS_ALTO_CORE_PAD_MGTTXP3OUT' of module 'PS8' is unconnected for instance 'PS8_i' [c:/CHINNA/Vivado_workspace/cnn_accelerator/cnn_accelerator.gen/sources_1/bd/cnn_pipeline/ip/cnn_pipeline_zynq_ultra_ps_e_0_1/hdl/zynq_ultra_ps_e_v3_5_8.v:3850]
WARNING: [Synth 8-7071] port 'PSS_ALTO_CORE_PAD_PADO' of module 'PS8' is unconnected for instance 'PS8_i' [c:/CHINNA/Vivado_workspace/cnn_accelerator/cnn_accelerator.gen/sources_1/bd/cnn_pipeline/ip/cnn_pipeline_zynq_ultra_ps_e_0_1/hdl/zynq_ultra_ps_e_v3_5_8.v:3850]
WARNING: [Synth 8-7071] port 'PSS_ALTO_CORE_PAD_BOOTMODE' of module 'PS8' is unconnected for instance 'PS8_i' [c:/CHINNA/Vivado_workspace/cnn_accelerator/cnn_accelerator.gen/sources_1/bd/cnn_pipeline/ip/cnn_pipeline_zynq_ultra_ps_e_0_1/hdl/zynq_ultra_ps_e_v3_5_8.v:3850]
WARNING: [Synth 8-7071] port 'PSS_ALTO_CORE_PAD_CLK' of module 'PS8' is unconnected for instance 'PS8_i' [c:/CHINNA/Vivado_workspace/cnn_accelerator/cnn_accelerator.gen/sources_1/bd/cnn_pipeline/ip/cnn_pipeline_zynq_ultra_ps_e_0_1/hdl/zynq_ultra_ps_e_v3_5_8.v:3850]
WARNING: [Synth 8-7071] port 'PSS_ALTO_CORE_PAD_DONEB' of module 'PS8' is unconnected for instance 'PS8_i' [c:/CHINNA/Vivado_workspace/cnn_accelerator/cnn_accelerator.gen/sources_1/bd/cnn_pipeline/ip/cnn_pipeline_zynq_ultra_ps_e_0_1/hdl/zynq_ultra_ps_e_v3_5_8.v:3850]
WARNING: [Synth 8-7071] port 'PSS_ALTO_CORE_PAD_DRAMA' of module 'PS8' is unconnected for instance 'PS8_i' [c:/CHINNA/Vivado_workspace/cnn_accelerator/cnn_accelerator.gen/sources_1/bd/cnn_pipeline/ip/cnn_pipeline_zynq_ultra_ps_e_0_1/hdl/zynq_ultra_ps_e_v3_5_8.v:3850]
WARNING: [Synth 8-7071] port 'PSS_ALTO_CORE_PAD_DRAMACTN' of module 'PS8' is unconnected for instance 'PS8_i' [c:/CHINNA/Vivado_workspace/cnn_accelerator/cnn_accelerator.gen/sources_1/bd/cnn_pipeline/ip/cnn_pipeline_zynq_ultra_ps_e_0_1/hdl/zynq_ultra_ps_e_v3_5_8.v:3850]
WARNING: [Synth 8-7071] port 'PSS_ALTO_CORE_PAD_DRAMALERTN' of module 'PS8' is unconnected for instance 'PS8_i' [c:/CHINNA/Vivado_workspace/cnn_accelerator/cnn_accelerator.gen/sources_1/bd/cnn_pipeline/ip/cnn_pipeline_zynq_ultra_ps_e_0_1/hdl/zynq_ultra_ps_e_v3_5_8.v:3850]
WARNING: [Synth 8-7071] port 'PSS_ALTO_CORE_PAD_DRAMBA' of module 'PS8' is unconnected for instance 'PS8_i' [c:/CHINNA/Vivado_workspace/cnn_accelerator/cnn_accelerator.gen/sources_1/bd/cnn_pipeline/ip/cnn_pipeline_zynq_ultra_ps_e_0_1/hdl/zynq_ultra_ps_e_v3_5_8.v:3850]
WARNING: [Synth 8-7071] port 'PSS_ALTO_CORE_PAD_DRAMBG' of module 'PS8' is unconnected for instance 'PS8_i' [c:/CHINNA/Vivado_workspace/cnn_accelerator/cnn_accelerator.gen/sources_1/bd/cnn_pipeline/ip/cnn_pipeline_zynq_ultra_ps_e_0_1/hdl/zynq_ultra_ps_e_v3_5_8.v:3850]
WARNING: [Synth 8-7071] port 'PSS_ALTO_CORE_PAD_DRAMCK' of module 'PS8' is unconnected for instance 'PS8_i' [c:/CHINNA/Vivado_workspace/cnn_accelerator/cnn_accelerator.gen/sources_1/bd/cnn_pipeline/ip/cnn_pipeline_zynq_ultra_ps_e_0_1/hdl/zynq_ultra_ps_e_v3_5_8.v:3850]
WARNING: [Synth 8-7071] port 'PSS_ALTO_CORE_PAD_DRAMCKE' of module 'PS8' is unconnected for instance 'PS8_i' [c:/CHINNA/Vivado_workspace/cnn_accelerator/cnn_accelerator.gen/sources_1/bd/cnn_pipeline/ip/cnn_pipeline_zynq_ultra_ps_e_0_1/hdl/zynq_ultra_ps_e_v3_5_8.v:3850]
WARNING: [Synth 8-7071] port 'PSS_ALTO_CORE_PAD_DRAMCKN' of module 'PS8' is unconnected for instance 'PS8_i' [c:/CHINNA/Vivado_workspace/cnn_accelerator/cnn_accelerator.gen/sources_1/bd/cnn_pipeline/ip/cnn_pipeline_zynq_ultra_ps_e_0_1/hdl/zynq_ultra_ps_e_v3_5_8.v:3850]
WARNING: [Synth 8-7071] port 'PSS_ALTO_CORE_PAD_DRAMCSN' of module 'PS8' is unconnected for instance 'PS8_i' [c:/CHINNA/Vivado_workspace/cnn_accelerator/cnn_accelerator.gen/sources_1/bd/cnn_pipeline/ip/cnn_pipeline_zynq_ultra_ps_e_0_1/hdl/zynq_ultra_ps_e_v3_5_8.v:3850]
WARNING: [Synth 8-7071] port 'PSS_ALTO_CORE_PAD_DRAMDM' of module 'PS8' is unconnected for instance 'PS8_i' [c:/CHINNA/Vivado_workspace/cnn_accelerator/cnn_accelerator.gen/sources_1/bd/cnn_pipeline/ip/cnn_pipeline_zynq_ultra_ps_e_0_1/hdl/zynq_ultra_ps_e_v3_5_8.v:3850]
WARNING: [Synth 8-7071] port 'PSS_ALTO_CORE_PAD_DRAMDQ' of module 'PS8' is unconnected for instance 'PS8_i' [c:/CHINNA/Vivado_workspace/cnn_accelerator/cnn_accelerator.gen/sources_1/bd/cnn_pipeline/ip/cnn_pipeline_zynq_ultra_ps_e_0_1/hdl/zynq_ultra_ps_e_v3_5_8.v:3850]
WARNING: [Synth 8-7071] port 'PSS_ALTO_CORE_PAD_DRAMDQS' of module 'PS8' is unconnected for instance 'PS8_i' [c:/CHINNA/Vivado_workspace/cnn_accelerator/cnn_accelerator.gen/sources_1/bd/cnn_pipeline/ip/cnn_pipeline_zynq_ultra_ps_e_0_1/hdl/zynq_ultra_ps_e_v3_5_8.v:3850]
WARNING: [Synth 8-7071] port 'PSS_ALTO_CORE_PAD_DRAMDQSN' of module 'PS8' is unconnected for instance 'PS8_i' [c:/CHINNA/Vivado_workspace/cnn_accelerator/cnn_accelerator.gen/sources_1/bd/cnn_pipeline/ip/cnn_pipeline_zynq_ultra_ps_e_0_1/hdl/zynq_ultra_ps_e_v3_5_8.v:3850]
WARNING: [Synth 8-7071] port 'PSS_ALTO_CORE_PAD_DRAMODT' of module 'PS8' is unconnected for instance 'PS8_i' [c:/CHINNA/Vivado_workspace/cnn_accelerator/cnn_accelerator.gen/sources_1/bd/cnn_pipeline/ip/cnn_pipeline_zynq_ultra_ps_e_0_1/hdl/zynq_ultra_ps_e_v3_5_8.v:3850]
WARNING: [Synth 8-7071] port 'PSS_ALTO_CORE_PAD_DRAMPARITY' of module 'PS8' is unconnected for instance 'PS8_i' [c:/CHINNA/Vivado_workspace/cnn_accelerator/cnn_accelerator.gen/sources_1/bd/cnn_pipeline/ip/cnn_pipeline_zynq_ultra_ps_e_0_1/hdl/zynq_ultra_ps_e_v3_5_8.v:3850]
WARNING: [Synth 8-7071] port 'PSS_ALTO_CORE_PAD_DRAMRAMRSTN' of module 'PS8' is unconnected for instance 'PS8_i' [c:/CHINNA/Vivado_workspace/cnn_accelerator/cnn_accelerator.gen/sources_1/bd/cnn_pipeline/ip/cnn_pipeline_zynq_ultra_ps_e_0_1/hdl/zynq_ultra_ps_e_v3_5_8.v:3850]
WARNING: [Synth 8-7071] port 'PSS_ALTO_CORE_PAD_ERROROUT' of module 'PS8' is unconnected for instance 'PS8_i' [c:/CHINNA/Vivado_workspace/cnn_accelerator/cnn_accelerator.gen/sources_1/bd/cnn_pipeline/ip/cnn_pipeline_zynq_ultra_ps_e_0_1/hdl/zynq_ultra_ps_e_v3_5_8.v:3850]
WARNING: [Synth 8-7071] port 'PSS_ALTO_CORE_PAD_ERRORSTATUS' of module 'PS8' is unconnected for instance 'PS8_i' [c:/CHINNA/Vivado_workspace/cnn_accelerator/cnn_accelerator.gen/sources_1/bd/cnn_pipeline/ip/cnn_pipeline_zynq_ultra_ps_e_0_1/hdl/zynq_ultra_ps_e_v3_5_8.v:3850]
WARNING: [Synth 8-7071] port 'PSS_ALTO_CORE_PAD_INITB' of module 'PS8' is unconnected for instance 'PS8_i' [c:/CHINNA/Vivado_workspace/cnn_accelerator/cnn_accelerator.gen/sources_1/bd/cnn_pipeline/ip/cnn_pipeline_zynq_ultra_ps_e_0_1/hdl/zynq_ultra_ps_e_v3_5_8.v:3850]
WARNING: [Synth 8-7071] port 'PSS_ALTO_CORE_PAD_JTAGTCK' of module 'PS8' is unconnected for instance 'PS8_i' [c:/CHINNA/Vivado_workspace/cnn_accelerator/cnn_accelerator.gen/sources_1/bd/cnn_pipeline/ip/cnn_pipeline_zynq_ultra_ps_e_0_1/hdl/zynq_ultra_ps_e_v3_5_8.v:3850]
WARNING: [Synth 8-7071] port 'PSS_ALTO_CORE_PAD_JTAGTDI' of module 'PS8' is unconnected for instance 'PS8_i' [c:/CHINNA/Vivado_workspace/cnn_accelerator/cnn_accelerator.gen/sources_1/bd/cnn_pipeline/ip/cnn_pipeline_zynq_ultra_ps_e_0_1/hdl/zynq_ultra_ps_e_v3_5_8.v:3850]
WARNING: [Synth 8-7071] port 'PSS_ALTO_CORE_PAD_JTAGTDO' of module 'PS8' is unconnected for instance 'PS8_i' [c:/CHINNA/Vivado_workspace/cnn_accelerator/cnn_accelerator.gen/sources_1/bd/cnn_pipeline/ip/cnn_pipeline_zynq_ultra_ps_e_0_1/hdl/zynq_ultra_ps_e_v3_5_8.v:3850]
WARNING: [Synth 8-7071] port 'PSS_ALTO_CORE_PAD_JTAGTMS' of module 'PS8' is unconnected for instance 'PS8_i' [c:/CHINNA/Vivado_workspace/cnn_accelerator/cnn_accelerator.gen/sources_1/bd/cnn_pipeline/ip/cnn_pipeline_zynq_ultra_ps_e_0_1/hdl/zynq_ultra_ps_e_v3_5_8.v:3850]
WARNING: [Synth 8-7071] port 'PSS_ALTO_CORE_PAD_MIO' of module 'PS8' is unconnected for instance 'PS8_i' [c:/CHINNA/Vivado_workspace/cnn_accelerator/cnn_accelerator.gen/sources_1/bd/cnn_pipeline/ip/cnn_pipeline_zynq_ultra_ps_e_0_1/hdl/zynq_ultra_ps_e_v3_5_8.v:3850]
WARNING: [Synth 8-7071] port 'PSS_ALTO_CORE_PAD_PORB' of module 'PS8' is unconnected for instance 'PS8_i' [c:/CHINNA/Vivado_workspace/cnn_accelerator/cnn_accelerator.gen/sources_1/bd/cnn_pipeline/ip/cnn_pipeline_zynq_ultra_ps_e_0_1/hdl/zynq_ultra_ps_e_v3_5_8.v:3850]
WARNING: [Synth 8-7071] port 'PSS_ALTO_CORE_PAD_PROGB' of module 'PS8' is unconnected for instance 'PS8_i' [c:/CHINNA/Vivado_workspace/cnn_accelerator/cnn_accelerator.gen/sources_1/bd/cnn_pipeline/ip/cnn_pipeline_zynq_ultra_ps_e_0_1/hdl/zynq_ultra_ps_e_v3_5_8.v:3850]
WARNING: [Synth 8-7071] port 'PSS_ALTO_CORE_PAD_RCALIBINOUT' of module 'PS8' is unconnected for instance 'PS8_i' [c:/CHINNA/Vivado_workspace/cnn_accelerator/cnn_accelerator.gen/sources_1/bd/cnn_pipeline/ip/cnn_pipeline_zynq_ultra_ps_e_0_1/hdl/zynq_ultra_ps_e_v3_5_8.v:3850]
WARNING: [Synth 8-7071] port 'PSS_ALTO_CORE_PAD_SRSTB' of module 'PS8' is unconnected for instance 'PS8_i' [c:/CHINNA/Vivado_workspace/cnn_accelerator/cnn_accelerator.gen/sources_1/bd/cnn_pipeline/ip/cnn_pipeline_zynq_ultra_ps_e_0_1/hdl/zynq_ultra_ps_e_v3_5_8.v:3850]
WARNING: [Synth 8-7071] port 'PSS_ALTO_CORE_PAD_ZQ' of module 'PS8' is unconnected for instance 'PS8_i' [c:/CHINNA/Vivado_workspace/cnn_accelerator/cnn_accelerator.gen/sources_1/bd/cnn_pipeline/ip/cnn_pipeline_zynq_ultra_ps_e_0_1/hdl/zynq_ultra_ps_e_v3_5_8.v:3850]
WARNING: [Synth 8-7071] port 'PSS_ALTO_CORE_PAD_MGTRXN0IN' of module 'PS8' is unconnected for instance 'PS8_i' [c:/CHINNA/Vivado_workspace/cnn_accelerator/cnn_accelerator.gen/sources_1/bd/cnn_pipeline/ip/cnn_pipeline_zynq_ultra_ps_e_0_1/hdl/zynq_ultra_ps_e_v3_5_8.v:3850]
WARNING: [Synth 8-7071] port 'PSS_ALTO_CORE_PAD_MGTRXN1IN' of module 'PS8' is unconnected for instance 'PS8_i' [c:/CHINNA/Vivado_workspace/cnn_accelerator/cnn_accelerator.gen/sources_1/bd/cnn_pipeline/ip/cnn_pipeline_zynq_ultra_ps_e_0_1/hdl/zynq_ultra_ps_e_v3_5_8.v:3850]
WARNING: [Synth 8-7071] port 'PSS_ALTO_CORE_PAD_MGTRXN2IN' of module 'PS8' is unconnected for instance 'PS8_i' [c:/CHINNA/Vivado_workspace/cnn_accelerator/cnn_accelerator.gen/sources_1/bd/cnn_pipeline/ip/cnn_pipeline_zynq_ultra_ps_e_0_1/hdl/zynq_ultra_ps_e_v3_5_8.v:3850]
WARNING: [Synth 8-7071] port 'PSS_ALTO_CORE_PAD_MGTRXN3IN' of module 'PS8' is unconnected for instance 'PS8_i' [c:/CHINNA/Vivado_workspace/cnn_accelerator/cnn_accelerator.gen/sources_1/bd/cnn_pipeline/ip/cnn_pipeline_zynq_ultra_ps_e_0_1/hdl/zynq_ultra_ps_e_v3_5_8.v:3850]
WARNING: [Synth 8-7071] port 'PSS_ALTO_CORE_PAD_MGTRXP0IN' of module 'PS8' is unconnected for instance 'PS8_i' [c:/CHINNA/Vivado_workspace/cnn_accelerator/cnn_accelerator.gen/sources_1/bd/cnn_pipeline/ip/cnn_pipeline_zynq_ultra_ps_e_0_1/hdl/zynq_ultra_ps_e_v3_5_8.v:3850]
WARNING: [Synth 8-7071] port 'PSS_ALTO_CORE_PAD_MGTRXP1IN' of module 'PS8' is unconnected for instance 'PS8_i' [c:/CHINNA/Vivado_workspace/cnn_accelerator/cnn_accelerator.gen/sources_1/bd/cnn_pipeline/ip/cnn_pipeline_zynq_ultra_ps_e_0_1/hdl/zynq_ultra_ps_e_v3_5_8.v:3850]
WARNING: [Synth 8-7071] port 'PSS_ALTO_CORE_PAD_MGTRXP2IN' of module 'PS8' is unconnected for instance 'PS8_i' [c:/CHINNA/Vivado_workspace/cnn_accelerator/cnn_accelerator.gen/sources_1/bd/cnn_pipeline/ip/cnn_pipeline_zynq_ultra_ps_e_0_1/hdl/zynq_ultra_ps_e_v3_5_8.v:3850]
WARNING: [Synth 8-7071] port 'PSS_ALTO_CORE_PAD_MGTRXP3IN' of module 'PS8' is unconnected for instance 'PS8_i' [c:/CHINNA/Vivado_workspace/cnn_accelerator/cnn_accelerator.gen/sources_1/bd/cnn_pipeline/ip/cnn_pipeline_zynq_ultra_ps_e_0_1/hdl/zynq_ultra_ps_e_v3_5_8.v:3850]
WARNING: [Synth 8-7071] port 'PSS_ALTO_CORE_PAD_PADI' of module 'PS8' is unconnected for instance 'PS8_i' [c:/CHINNA/Vivado_workspace/cnn_accelerator/cnn_accelerator.gen/sources_1/bd/cnn_pipeline/ip/cnn_pipeline_zynq_ultra_ps_e_0_1/hdl/zynq_ultra_ps_e_v3_5_8.v:3850]
WARNING: [Synth 8-7071] port 'PSS_ALTO_CORE_PAD_REFN0IN' of module 'PS8' is unconnected for instance 'PS8_i' [c:/CHINNA/Vivado_workspace/cnn_accelerator/cnn_accelerator.gen/sources_1/bd/cnn_pipeline/ip/cnn_pipeline_zynq_ultra_ps_e_0_1/hdl/zynq_ultra_ps_e_v3_5_8.v:3850]
WARNING: [Synth 8-7071] port 'PSS_ALTO_CORE_PAD_REFN1IN' of module 'PS8' is unconnected for instance 'PS8_i' [c:/CHINNA/Vivado_workspace/cnn_accelerator/cnn_accelerator.gen/sources_1/bd/cnn_pipeline/ip/cnn_pipeline_zynq_ultra_ps_e_0_1/hdl/zynq_ultra_ps_e_v3_5_8.v:3850]
WARNING: [Synth 8-7071] port 'PSS_ALTO_CORE_PAD_REFN2IN' of module 'PS8' is unconnected for instance 'PS8_i' [c:/CHINNA/Vivado_workspace/cnn_accelerator/cnn_accelerator.gen/sources_1/bd/cnn_pipeline/ip/cnn_pipeline_zynq_ultra_ps_e_0_1/hdl/zynq_ultra_ps_e_v3_5_8.v:3850]
WARNING: [Synth 8-7071] port 'PSS_ALTO_CORE_PAD_REFN3IN' of module 'PS8' is unconnected for instance 'PS8_i' [c:/CHINNA/Vivado_workspace/cnn_accelerator/cnn_accelerator.gen/sources_1/bd/cnn_pipeline/ip/cnn_pipeline_zynq_ultra_ps_e_0_1/hdl/zynq_ultra_ps_e_v3_5_8.v:3850]
WARNING: [Synth 8-7071] port 'PSS_ALTO_CORE_PAD_REFP0IN' of module 'PS8' is unconnected for instance 'PS8_i' [c:/CHINNA/Vivado_workspace/cnn_accelerator/cnn_accelerator.gen/sources_1/bd/cnn_pipeline/ip/cnn_pipeline_zynq_ultra_ps_e_0_1/hdl/zynq_ultra_ps_e_v3_5_8.v:3850]
WARNING: [Synth 8-7071] port 'PSS_ALTO_CORE_PAD_REFP1IN' of module 'PS8' is unconnected for instance 'PS8_i' [c:/CHINNA/Vivado_workspace/cnn_accelerator/cnn_accelerator.gen/sources_1/bd/cnn_pipeline/ip/cnn_pipeline_zynq_ultra_ps_e_0_1/hdl/zynq_ultra_ps_e_v3_5_8.v:3850]
WARNING: [Synth 8-7071] port 'PSS_ALTO_CORE_PAD_REFP2IN' of module 'PS8' is unconnected for instance 'PS8_i' [c:/CHINNA/Vivado_workspace/cnn_accelerator/cnn_accelerator.gen/sources_1/bd/cnn_pipeline/ip/cnn_pipeline_zynq_ultra_ps_e_0_1/hdl/zynq_ultra_ps_e_v3_5_8.v:3850]
WARNING: [Synth 8-7071] port 'PSS_ALTO_CORE_PAD_REFP3IN' of module 'PS8' is unconnected for instance 'PS8_i' [c:/CHINNA/Vivado_workspace/cnn_accelerator/cnn_accelerator.gen/sources_1/bd/cnn_pipeline/ip/cnn_pipeline_zynq_ultra_ps_e_0_1/hdl/zynq_ultra_ps_e_v3_5_8.v:3850]
WARNING: [Synth 8-7023] instance 'PS8_i' of module 'PS8' has 1015 connections declared, but only 957 given [c:/CHINNA/Vivado_workspace/cnn_accelerator/cnn_accelerator.gen/sources_1/bd/cnn_pipeline/ip/cnn_pipeline_zynq_ultra_ps_e_0_1/hdl/zynq_ultra_ps_e_v3_5_8.v:3850]
INFO: [Synth 8-6155] done synthesizing module 'zynq_ultra_ps_e_v3_5_8_zynq_ultra_ps_e' (0#1) [c:/CHINNA/Vivado_workspace/cnn_accelerator/cnn_accelerator.gen/sources_1/bd/cnn_pipeline/ip/cnn_pipeline_zynq_ultra_ps_e_0_1/hdl/zynq_ultra_ps_e_v3_5_8.v:68]
INFO: [Synth 8-7071] port 'emio_enet0_signal_detect' of module 'zynq_ultra_ps_e_v3_5_8_zynq_ultra_ps_e' is unconnected for instance 'inst' [c:/CHINNA/Vivado_workspace/cnn_accelerator/cnn_accelerator.gen/sources_1/bd/cnn_pipeline/ip/cnn_pipeline_zynq_ultra_ps_e_0_1/synth/cnn_pipeline_zynq_ultra_ps_e_0_1.v:496]
INFO: [Synth 8-7071] port 'emio_enet1_signal_detect' of module 'zynq_ultra_ps_e_v3_5_8_zynq_ultra_ps_e' is unconnected for instance 'inst' [c:/CHINNA/Vivado_workspace/cnn_accelerator/cnn_accelerator.gen/sources_1/bd/cnn_pipeline/ip/cnn_pipeline_zynq_ultra_ps_e_0_1/synth/cnn_pipeline_zynq_ultra_ps_e_0_1.v:496]
INFO: [Synth 8-7071] port 'emio_enet2_signal_detect' of module 'zynq_ultra_ps_e_v3_5_8_zynq_ultra_ps_e' is unconnected for instance 'inst' [c:/CHINNA/Vivado_workspace/cnn_accelerator/cnn_accelerator.gen/sources_1/bd/cnn_pipeline/ip/cnn_pipeline_zynq_ultra_ps_e_0_1/synth/cnn_pipeline_zynq_ultra_ps_e_0_1.v:496]
INFO: [Synth 8-7071] port 'emio_enet3_signal_detect' of module 'zynq_ultra_ps_e_v3_5_8_zynq_ultra_ps_e' is unconnected for instance 'inst' [c:/CHINNA/Vivado_workspace/cnn_accelerator/cnn_accelerator.gen/sources_1/bd/cnn_pipeline/ip/cnn_pipeline_zynq_ultra_ps_e_0_1/synth/cnn_pipeline_zynq_ultra_ps_e_0_1.v:496]
INFO: [Synth 8-7023] instance 'inst' of module 'zynq_ultra_ps_e_v3_5_8_zynq_ultra_ps_e' has 1493 connections declared, but only 1489 given [c:/CHINNA/Vivado_workspace/cnn_accelerator/cnn_accelerator.gen/sources_1/bd/cnn_pipeline/ip/cnn_pipeline_zynq_ultra_ps_e_0_1/synth/cnn_pipeline_zynq_ultra_ps_e_0_1.v:496]
INFO: [Synth 8-6155] done synthesizing module 'cnn_pipeline_zynq_ultra_ps_e_0_1' (0#1) [c:/CHINNA/Vivado_workspace/cnn_accelerator/cnn_accelerator.gen/sources_1/bd/cnn_pipeline/ip/cnn_pipeline_zynq_ultra_ps_e_0_1/synth/cnn_pipeline_zynq_ultra_ps_e_0_1.v:53]
WARNING: [Synth 8-3848] Net dp_audio_ref_clk in module/entity zynq_ultra_ps_e_v3_5_8_zynq_ultra_ps_e does not have driver. [c:/CHINNA/Vivado_workspace/cnn_accelerator/cnn_accelerator.gen/sources_1/bd/cnn_pipeline/ip/cnn_pipeline_zynq_ultra_ps_e_0_1/hdl/zynq_ultra_ps_e_v3_5_8.v:344]
WARNING: [Synth 8-3848] Net irq_ipi_pl_0 in module/entity zynq_ultra_ps_e_v3_5_8_zynq_ultra_ps_e does not have driver. [c:/CHINNA/Vivado_workspace/cnn_accelerator/cnn_accelerator.gen/sources_1/bd/cnn_pipeline/ip/cnn_pipeline_zynq_ultra_ps_e_0_1/hdl/zynq_ultra_ps_e_v3_5_8.v:1364]
WARNING: [Synth 8-3848] Net irq_ipi_pl_1 in module/entity zynq_ultra_ps_e_v3_5_8_zynq_ultra_ps_e does not have driver. [c:/CHINNA/Vivado_workspace/cnn_accelerator/cnn_accelerator.gen/sources_1/bd/cnn_pipeline/ip/cnn_pipeline_zynq_ultra_ps_e_0_1/hdl/zynq_ultra_ps_e_v3_5_8.v:1365]
WARNING: [Synth 8-3848] Net irq_ipi_pl_2 in module/entity zynq_ultra_ps_e_v3_5_8_zynq_ultra_ps_e does not have driver. [c:/CHINNA/Vivado_workspace/cnn_accelerator/cnn_accelerator.gen/sources_1/bd/cnn_pipeline/ip/cnn_pipeline_zynq_ultra_ps_e_0_1/hdl/zynq_ultra_ps_e_v3_5_8.v:1366]
WARNING: [Synth 8-3848] Net irq_ipi_pl_3 in module/entity zynq_ultra_ps_e_v3_5_8_zynq_ultra_ps_e does not have driver. [c:/CHINNA/Vivado_workspace/cnn_accelerator/cnn_accelerator.gen/sources_1/bd/cnn_pipeline/ip/cnn_pipeline_zynq_ultra_ps_e_0_1/hdl/zynq_ultra_ps_e_v3_5_8.v:1367]
WARNING: [Synth 8-3848] Net ps_pl_irq_usb3_0_otg in module/entity zynq_ultra_ps_e_v3_5_8_zynq_ultra_ps_e does not have driver. [c:/CHINNA/Vivado_workspace/cnn_accelerator/cnn_accelerator.gen/sources_1/bd/cnn_pipeline/ip/cnn_pipeline_zynq_ultra_ps_e_0_1/hdl/zynq_ultra_ps_e_v3_5_8.v:1439]
WARNING: [Synth 8-3848] Net ps_pl_irq_usb3_1_otg in module/entity zynq_ultra_ps_e_v3_5_8_zynq_ultra_ps_e does not have driver. [c:/CHINNA/Vivado_workspace/cnn_accelerator/cnn_accelerator.gen/sources_1/bd/cnn_pipeline/ip/cnn_pipeline_zynq_ultra_ps_e_0_1/hdl/zynq_ultra_ps_e_v3_5_8.v:1441]
INFO: [Synth 8-7129] Port dp_audio_ref_clk in module zynq_ultra_ps_e_v3_5_8_zynq_ultra_ps_e is either unconnected or has no load
INFO: [Synth 8-7129] Port irq_ipi_pl_0 in module zynq_ultra_ps_e_v3_5_8_zynq_ultra_ps_e is either unconnected or has no load
INFO: [Synth 8-7129] Port irq_ipi_pl_1 in module zynq_ultra_ps_e_v3_5_8_zynq_ultra_ps_e is either unconnected or has no load
INFO: [Synth 8-7129] Port irq_ipi_pl_2 in module zynq_ultra_ps_e_v3_5_8_zynq_ultra_ps_e is either unconnected or has no load
INFO: [Synth 8-7129] Port irq_ipi_pl_3 in module zynq_ultra_ps_e_v3_5_8_zynq_ultra_ps_e is either unconnected or has no load
INFO: [Synth 8-7129] Port ps_pl_irq_usb3_0_otg in module zynq_ultra_ps_e_v3_5_8_zynq_ultra_ps_e is either unconnected or has no load
INFO: [Synth 8-7129] Port ps_pl_irq_usb3_1_otg in module zynq_ultra_ps_e_v3_5_8_zynq_ultra_ps_e is either unconnected or has no load
INFO: [Synth 8-7129] Port saxihpc0_fpd_rclk in module zynq_ultra_ps_e_v3_5_8_zynq_ultra_ps_e is either unconnected or has no load
INFO: [Synth 8-7129] Port saxihpc0_fpd_wclk in module zynq_ultra_ps_e_v3_5_8_zynq_ultra_ps_e is either unconnected or has no load
INFO: [Synth 8-7129] Port saxihpc1_fpd_rclk in module zynq_ultra_ps_e_v3_5_8_zynq_ultra_ps_e is either unconnected or has no load
INFO: [Synth 8-7129] Port saxihpc1_fpd_wclk in module zynq_ultra_ps_e_v3_5_8_zynq_ultra_ps_e is either unconnected or has no load
INFO: [Synth 8-7129] Port saxihp0_fpd_rclk in module zynq_ultra_ps_e_v3_5_8_zynq_ultra_ps_e is either unconnected or has no load
INFO: [Synth 8-7129] Port saxihp0_fpd_wclk in module zynq_ultra_ps_e_v3_5_8_zynq_ultra_ps_e is either unconnected or has no load
INFO: [Synth 8-7129] Port saxihp1_fpd_rclk in module zynq_ultra_ps_e_v3_5_8_zynq_ultra_ps_e is either unconnected or has no load
INFO: [Synth 8-7129] Port saxihp1_fpd_wclk in module zynq_ultra_ps_e_v3_5_8_zynq_ultra_ps_e is either unconnected or has no load
INFO: [Synth 8-7129] Port saxihp2_fpd_rclk in module zynq_ultra_ps_e_v3_5_8_zynq_ultra_ps_e is either unconnected or has no load
INFO: [Synth 8-7129] Port saxihp2_fpd_wclk in module zynq_ultra_ps_e_v3_5_8_zynq_ultra_ps_e is either unconnected or has no load
INFO: [Synth 8-7129] Port saxihp3_fpd_rclk in module zynq_ultra_ps_e_v3_5_8_zynq_ultra_ps_e is either unconnected or has no load
INFO: [Synth 8-7129] Port saxihp3_fpd_wclk in module zynq_ultra_ps_e_v3_5_8_zynq_ultra_ps_e is either unconnected or has no load
INFO: [Synth 8-7129] Port saxi_lpd_rclk in module zynq_ultra_ps_e_v3_5_8_zynq_ultra_ps_e is either unconnected or has no load
INFO: [Synth 8-7129] Port saxi_lpd_wclk in module zynq_ultra_ps_e_v3_5_8_zynq_ultra_ps_e is either unconnected or has no load
INFO: [Synth 8-7129] Port sacefpd_awuser[15] in module zynq_ultra_ps_e_v3_5_8_zynq_ultra_ps_e is either unconnected or has no load
INFO: [Synth 8-7129] Port sacefpd_awuser[14] in module zynq_ultra_ps_e_v3_5_8_zynq_ultra_ps_e is either unconnected or has no load
INFO: [Synth 8-7129] Port sacefpd_awuser[13] in module zynq_ultra_ps_e_v3_5_8_zynq_ultra_ps_e is either unconnected or has no load
INFO: [Synth 8-7129] Port sacefpd_awuser[12] in module zynq_ultra_ps_e_v3_5_8_zynq_ultra_ps_e is either unconnected or has no load
INFO: [Synth 8-7129] Port sacefpd_awuser[11] in module zynq_ultra_ps_e_v3_5_8_zynq_ultra_ps_e is either unconnected or has no load
INFO: [Synth 8-7129] Port sacefpd_awuser[10] in module zynq_ultra_ps_e_v3_5_8_zynq_ultra_ps_e is either unconnected or has no load
INFO: [Synth 8-7129] Port sacefpd_awuser[9] in module zynq_ultra_ps_e_v3_5_8_zynq_ultra_ps_e is either unconnected or has no load
INFO: [Synth 8-7129] Port sacefpd_awuser[8] in module zynq_ultra_ps_e_v3_5_8_zynq_ultra_ps_e is either unconnected or has no load
INFO: [Synth 8-7129] Port sacefpd_awuser[7] in module zynq_ultra_ps_e_v3_5_8_zynq_ultra_ps_e is either unconnected or has no load
INFO: [Synth 8-7129] Port sacefpd_awuser[6] in module zynq_ultra_ps_e_v3_5_8_zynq_ultra_ps_e is either unconnected or has no load
INFO: [Synth 8-7129] Port sacefpd_aruser[15] in module zynq_ultra_ps_e_v3_5_8_zynq_ultra_ps_e is either unconnected or has no load
INFO: [Synth 8-7129] Port sacefpd_aruser[14] in module zynq_ultra_ps_e_v3_5_8_zynq_ultra_ps_e is either unconnected or has no load
INFO: [Synth 8-7129] Port sacefpd_aruser[13] in module zynq_ultra_ps_e_v3_5_8_zynq_ultra_ps_e is either unconnected or has no load
INFO: [Synth 8-7129] Port sacefpd_aruser[12] in module zynq_ultra_ps_e_v3_5_8_zynq_ultra_ps_e is either unconnected or has no load
INFO: [Synth 8-7129] Port sacefpd_aruser[11] in module zynq_ultra_ps_e_v3_5_8_zynq_ultra_ps_e is either unconnected or has no load
INFO: [Synth 8-7129] Port sacefpd_aruser[10] in module zynq_ultra_ps_e_v3_5_8_zynq_ultra_ps_e is either unconnected or has no load
INFO: [Synth 8-7129] Port sacefpd_aruser[9] in module zynq_ultra_ps_e_v3_5_8_zynq_ultra_ps_e is either unconnected or has no load
INFO: [Synth 8-7129] Port sacefpd_aruser[8] in module zynq_ultra_ps_e_v3_5_8_zynq_ultra_ps_e is either unconnected or has no load
INFO: [Synth 8-7129] Port sacefpd_aruser[7] in module zynq_ultra_ps_e_v3_5_8_zynq_ultra_ps_e is either unconnected or has no load
INFO: [Synth 8-7129] Port sacefpd_aruser[6] in module zynq_ultra_ps_e_v3_5_8_zynq_ultra_ps_e is either unconnected or has no load
INFO: [Synth 8-7129] Port test_adc_clk[3] in module zynq_ultra_ps_e_v3_5_8_zynq_ultra_ps_e is either unconnected or has no load
INFO: [Synth 8-7129] Port test_adc_clk[2] in module zynq_ultra_ps_e_v3_5_8_zynq_ultra_ps_e is either unconnected or has no load
INFO: [Synth 8-7129] Port test_adc_clk[1] in module zynq_ultra_ps_e_v3_5_8_zynq_ultra_ps_e is either unconnected or has no load
INFO: [Synth 8-7129] Port test_adc_clk[0] in module zynq_ultra_ps_e_v3_5_8_zynq_ultra_ps_e is either unconnected or has no load
INFO: [Synth 8-7129] Port test_adc_in[31] in module zynq_ultra_ps_e_v3_5_8_zynq_ultra_ps_e is either unconnected or has no load
INFO: [Synth 8-7129] Port test_adc_in[30] in module zynq_ultra_ps_e_v3_5_8_zynq_ultra_ps_e is either unconnected or has no load
INFO: [Synth 8-7129] Port test_adc_in[29] in module zynq_ultra_ps_e_v3_5_8_zynq_ultra_ps_e is either unconnected or has no load
INFO: [Synth 8-7129] Port test_adc_in[28] in module zynq_ultra_ps_e_v3_5_8_zynq_ultra_ps_e is either unconnected or has no load
INFO: [Synth 8-7129] Port test_adc_in[27] in module zynq_ultra_ps_e_v3_5_8_zynq_ultra_ps_e is either unconnected or has no load
INFO: [Synth 8-7129] Port test_adc_in[26] in module zynq_ultra_ps_e_v3_5_8_zynq_ultra_ps_e is either unconnected or has no load
INFO: [Synth 8-7129] Port test_adc_in[25] in module zynq_ultra_ps_e_v3_5_8_zynq_ultra_ps_e is either unconnected or has no load
INFO: [Synth 8-7129] Port test_adc_in[24] in module zynq_ultra_ps_e_v3_5_8_zynq_ultra_ps_e is either unconnected or has no load
INFO: [Synth 8-7129] Port test_adc_in[23] in module zynq_ultra_ps_e_v3_5_8_zynq_ultra_ps_e is either unconnected or has no load
INFO: [Synth 8-7129] Port test_adc_in[22] in module zynq_ultra_ps_e_v3_5_8_zynq_ultra_ps_e is either unconnected or has no load
INFO: [Synth 8-7129] Port test_adc_in[21] in module zynq_ultra_ps_e_v3_5_8_zynq_ultra_ps_e is either unconnected or has no load
INFO: [Synth 8-7129] Port test_adc_in[20] in module zynq_ultra_ps_e_v3_5_8_zynq_ultra_ps_e is either unconnected or has no load
INFO: [Synth 8-7129] Port test_adc_in[19] in module zynq_ultra_ps_e_v3_5_8_zynq_ultra_ps_e is either unconnected or has no load
INFO: [Synth 8-7129] Port test_adc_in[18] in module zynq_ultra_ps_e_v3_5_8_zynq_ultra_ps_e is either unconnected or has no load
INFO: [Synth 8-7129] Port test_adc_in[17] in module zynq_ultra_ps_e_v3_5_8_zynq_ultra_ps_e is either unconnected or has no load
INFO: [Synth 8-7129] Port test_adc_in[16] in module zynq_ultra_ps_e_v3_5_8_zynq_ultra_ps_e is either unconnected or has no load
INFO: [Synth 8-7129] Port test_adc_in[15] in module zynq_ultra_ps_e_v3_5_8_zynq_ultra_ps_e is either unconnected or has no load
INFO: [Synth 8-7129] Port test_adc_in[14] in module zynq_ultra_ps_e_v3_5_8_zynq_ultra_ps_e is either unconnected or has no load
INFO: [Synth 8-7129] Port test_adc_in[13] in module zynq_ultra_ps_e_v3_5_8_zynq_ultra_ps_e is either unconnected or has no load
INFO: [Synth 8-7129] Port test_adc_in[12] in module zynq_ultra_ps_e_v3_5_8_zynq_ultra_ps_e is either unconnected or has no load
INFO: [Synth 8-7129] Port test_adc_in[11] in module zynq_ultra_ps_e_v3_5_8_zynq_ultra_ps_e is either unconnected or has no load
INFO: [Synth 8-7129] Port test_adc_in[10] in module zynq_ultra_ps_e_v3_5_8_zynq_ultra_ps_e is either unconnected or has no load
INFO: [Synth 8-7129] Port test_adc_in[9] in module zynq_ultra_ps_e_v3_5_8_zynq_ultra_ps_e is either unconnected or has no load
INFO: [Synth 8-7129] Port test_adc_in[8] in module zynq_ultra_ps_e_v3_5_8_zynq_ultra_ps_e is either unconnected or has no load
INFO: [Synth 8-7129] Port test_adc_in[7] in module zynq_ultra_ps_e_v3_5_8_zynq_ultra_ps_e is either unconnected or has no load
INFO: [Synth 8-7129] Port test_adc_in[6] in module zynq_ultra_ps_e_v3_5_8_zynq_ultra_ps_e is either unconnected or has no load
INFO: [Synth 8-7129] Port test_adc_in[5] in module zynq_ultra_ps_e_v3_5_8_zynq_ultra_ps_e is either unconnected or has no load
INFO: [Synth 8-7129] Port test_adc_in[4] in module zynq_ultra_ps_e_v3_5_8_zynq_ultra_ps_e is either unconnected or has no load
INFO: [Synth 8-7129] Port test_adc_in[3] in module zynq_ultra_ps_e_v3_5_8_zynq_ultra_ps_e is either unconnected or has no load
INFO: [Synth 8-7129] Port test_adc_in[2] in module zynq_ultra_ps_e_v3_5_8_zynq_ultra_ps_e is either unconnected or has no load
INFO: [Synth 8-7129] Port test_adc_in[1] in module zynq_ultra_ps_e_v3_5_8_zynq_ultra_ps_e is either unconnected or has no load
INFO: [Synth 8-7129] Port test_adc_in[0] in module zynq_ultra_ps_e_v3_5_8_zynq_ultra_ps_e is either unconnected or has no load
INFO: [Synth 8-7129] Port test_adc2_in[31] in module zynq_ultra_ps_e_v3_5_8_zynq_ultra_ps_e is either unconnected or has no load
INFO: [Synth 8-7129] Port test_adc2_in[30] in module zynq_ultra_ps_e_v3_5_8_zynq_ultra_ps_e is either unconnected or has no load
INFO: [Synth 8-7129] Port test_adc2_in[29] in module zynq_ultra_ps_e_v3_5_8_zynq_ultra_ps_e is either unconnected or has no load
INFO: [Synth 8-7129] Port test_adc2_in[28] in module zynq_ultra_ps_e_v3_5_8_zynq_ultra_ps_e is either unconnected or has no load
INFO: [Synth 8-7129] Port test_adc2_in[27] in module zynq_ultra_ps_e_v3_5_8_zynq_ultra_ps_e is either unconnected or has no load
INFO: [Synth 8-7129] Port test_adc2_in[26] in module zynq_ultra_ps_e_v3_5_8_zynq_ultra_ps_e is either unconnected or has no load
INFO: [Synth 8-7129] Port test_adc2_in[25] in module zynq_ultra_ps_e_v3_5_8_zynq_ultra_ps_e is either unconnected or has no load
INFO: [Synth 8-7129] Port test_adc2_in[24] in module zynq_ultra_ps_e_v3_5_8_zynq_ultra_ps_e is either unconnected or has no load
INFO: [Synth 8-7129] Port test_adc2_in[23] in module zynq_ultra_ps_e_v3_5_8_zynq_ultra_ps_e is either unconnected or has no load
INFO: [Synth 8-7129] Port test_adc2_in[22] in module zynq_ultra_ps_e_v3_5_8_zynq_ultra_ps_e is either unconnected or has no load
INFO: [Synth 8-7129] Port test_adc2_in[21] in module zynq_ultra_ps_e_v3_5_8_zynq_ultra_ps_e is either unconnected or has no load
INFO: [Synth 8-7129] Port test_adc2_in[20] in module zynq_ultra_ps_e_v3_5_8_zynq_ultra_ps_e is either unconnected or has no load
INFO: [Synth 8-7129] Port test_adc2_in[19] in module zynq_ultra_ps_e_v3_5_8_zynq_ultra_ps_e is either unconnected or has no load
INFO: [Synth 8-7129] Port test_adc2_in[18] in module zynq_ultra_ps_e_v3_5_8_zynq_ultra_ps_e is either unconnected or has no load
INFO: [Synth 8-7129] Port test_adc2_in[17] in module zynq_ultra_ps_e_v3_5_8_zynq_ultra_ps_e is either unconnected or has no load
INFO: [Synth 8-7129] Port test_adc2_in[16] in module zynq_ultra_ps_e_v3_5_8_zynq_ultra_ps_e is either unconnected or has no load
INFO: [Synth 8-7129] Port test_adc2_in[15] in module zynq_ultra_ps_e_v3_5_8_zynq_ultra_ps_e is either unconnected or has no load
INFO: [Synth 8-7129] Port test_adc2_in[14] in module zynq_ultra_ps_e_v3_5_8_zynq_ultra_ps_e is either unconnected or has no load
INFO: [Synth 8-7129] Port test_adc2_in[13] in module zynq_ultra_ps_e_v3_5_8_zynq_ultra_ps_e is either unconnected or has no load
INFO: [Synth 8-7129] Port test_adc2_in[12] in module zynq_ultra_ps_e_v3_5_8_zynq_ultra_ps_e is either unconnected or has no load
INFO: [Synth 8-7129] Port test_adc2_in[11] in module zynq_ultra_ps_e_v3_5_8_zynq_ultra_ps_e is either unconnected or has no load
INFO: [Synth 8-7129] Port test_adc2_in[10] in module zynq_ultra_ps_e_v3_5_8_zynq_ultra_ps_e is either unconnected or has no load
INFO: [Synth 8-7129] Port test_adc2_in[9] in module zynq_ultra_ps_e_v3_5_8_zynq_ultra_ps_e is either unconnected or has no load
INFO: [Common 17-14] Message 'Synth 8-7129' appears 100 times and further instances of the messages will be disabled. Use the Tcl command set_msg_config to change the current settings.
---------------------------------------------------------------------------------
Finished RTL Elaboration : Time (s): cpu = 00:00:09 ; elapsed = 00:00:10 . Memory (MB): peak = 2111.734 ; gain = 345.660
---------------------------------------------------------------------------------
---------------------------------------------------------------------------------
Start Handling Custom Attributes
---------------------------------------------------------------------------------
---------------------------------------------------------------------------------
Finished Handling Custom Attributes : Time (s): cpu = 00:00:09 ; elapsed = 00:00:10 . Memory (MB): peak = 2111.734 ; gain = 345.660
---------------------------------------------------------------------------------
---------------------------------------------------------------------------------
Finished RTL Optimization Phase 1 : Time (s): cpu = 00:00:09 ; elapsed = 00:00:10 . Memory (MB): peak = 2111.734 ; gain = 345.660
---------------------------------------------------------------------------------
Netlist sorting complete. Time (s): cpu = 00:00:00 ; elapsed = 00:00:00.036 . Memory (MB): peak = 2111.734 ; gain = 0.000
INFO: [Project 1-570] Preparing netlist for logic optimization

Processing XDC Constraints
Initializing timing engine
Parsing XDC File [c:/CHINNA/Vivado_workspace/cnn_accelerator/cnn_accelerator.gen/sources_1/bd/cnn_pipeline/ip/cnn_pipeline_zynq_ultra_ps_e_0_1/cnn_pipeline_zynq_ultra_ps_e_0_1_ooc.xdc] for cell 'inst'
Finished Parsing XDC File [c:/CHINNA/Vivado_workspace/cnn_accelerator/cnn_accelerator.gen/sources_1/bd/cnn_pipeline/ip/cnn_pipeline_zynq_ultra_ps_e_0_1/cnn_pipeline_zynq_ultra_ps_e_0_1_ooc.xdc] for cell 'inst'
Parsing XDC File [c:/CHINNA/Vivado_workspace/cnn_accelerator/cnn_accelerator.gen/sources_1/bd/cnn_pipeline/ip/cnn_pipeline_zynq_ultra_ps_e_0_1/cnn_pipeline_zynq_ultra_ps_e_0_1.xdc] for cell 'inst'
create_clock: Time (s): cpu = 00:00:05 ; elapsed = 00:00:05 . Memory (MB): peak = 2124.137 ; gain = 0.027
Finished Parsing XDC File [c:/CHINNA/Vivado_workspace/cnn_accelerator/cnn_accelerator.gen/sources_1/bd/cnn_pipeline/ip/cnn_pipeline_zynq_ultra_ps_e_0_1/cnn_pipeline_zynq_ultra_ps_e_0_1.xdc] for cell 'inst'
Parsing XDC File [C:/CHINNA/Vivado_workspace/cnn_accelerator/cnn_accelerator.runs/cnn_pipeline_zynq_ultra_ps_e_0_1_synth_1/dont_touch.xdc]
Finished Parsing XDC File [C:/CHINNA/Vivado_workspace/cnn_accelerator/cnn_accelerator.runs/cnn_pipeline_zynq_ultra_ps_e_0_1_synth_1/dont_touch.xdc]
Completed Processing XDC Constraints

Netlist sorting complete. Time (s): cpu = 00:00:00 ; elapsed = 00:00:00 . Memory (MB): peak = 2124.137 ; gain = 0.000
INFO: [Project 1-111] Unisim Transformation Summary:
No Unisim elements were transformed.

Constraint Validation Runtime : Time (s): cpu = 00:00:00 ; elapsed = 00:00:00.101 . Memory (MB): peak = 2124.137 ; gain = 0.000
INFO: [Designutils 20-5008] Incremental synthesis strategy off
---------------------------------------------------------------------------------
Finished Constraint Validation : Time (s): cpu = 00:00:22 ; elapsed = 00:00:24 . Memory (MB): peak = 2124.137 ; gain = 358.062
---------------------------------------------------------------------------------
---------------------------------------------------------------------------------
Start Loading Part and Timing Information
---------------------------------------------------------------------------------
Loading part: xck26-sfvc784-2LV-c
INFO: [Synth 8-6742] Reading net delay rules and data
---------------------------------------------------------------------------------
Finished Loading Part and Timing Information : Time (s): cpu = 00:00:22 ; elapsed = 00:00:24 . Memory (MB): peak = 2124.137 ; gain = 358.062
---------------------------------------------------------------------------------
---------------------------------------------------------------------------------
Start Applying 'set_property' XDC Constraints
---------------------------------------------------------------------------------
---------------------------------------------------------------------------------
Finished applying 'set_property' XDC Constraints : Time (s): cpu = 00:00:22 ; elapsed = 00:00:24 . Memory (MB): peak = 2124.137 ; gain = 358.062
---------------------------------------------------------------------------------
---------------------------------------------------------------------------------
Finished RTL Optimization Phase 2 : Time (s): cpu = 00:00:22 ; elapsed = 00:00:25 . Memory (MB): peak = 2124.137 ; gain = 358.062
---------------------------------------------------------------------------------
---------------------------------------------------------------------------------
Start RTL Component Statistics 
---------------------------------------------------------------------------------
Detailed RTL Component Info : 
+---Registers : 
	                1 Bit    Registers := 1     
---------------------------------------------------------------------------------
Finished RTL Component Statistics 
---------------------------------------------------------------------------------
---------------------------------------------------------------------------------
Start Part Resource Summary
---------------------------------------------------------------------------------
Part Resources:
DSPs: 1248 (col length:96)
BRAMs: 288 (col length: RAMB18 96 RAMB36 48)
---------------------------------------------------------------------------------
Finished Part Resource Summary
---------------------------------------------------------------------------------
---------------------------------------------------------------------------------
Start Cross Boundary and Area Optimization
---------------------------------------------------------------------------------
---------------------------------------------------------------------------------
Finished Cross Boundary and Area Optimization : Time (s): cpu = 00:00:24 ; elapsed = 00:00:26 . Memory (MB): peak = 2124.137 ; gain = 358.062
---------------------------------------------------------------------------------
---------------------------------------------------------------------------------
Start Applying XDC Timing Constraints
---------------------------------------------------------------------------------
---------------------------------------------------------------------------------
Finished Applying XDC Timing Constraints : Time (s): cpu = 00:00:36 ; elapsed = 00:00:41 . Memory (MB): peak = 3816.668 ; gain = 2050.594
---------------------------------------------------------------------------------
---------------------------------------------------------------------------------
Start Timing Optimization
---------------------------------------------------------------------------------
---------------------------------------------------------------------------------
Finished Timing Optimization : Time (s): cpu = 00:00:36 ; elapsed = 00:00:41 . Memory (MB): peak = 3842.688 ; gain = 2076.613
---------------------------------------------------------------------------------
---------------------------------------------------------------------------------
Start Technology Mapping
---------------------------------------------------------------------------------
---------------------------------------------------------------------------------
Finished Technology Mapping : Time (s): cpu = 00:00:36 ; elapsed = 00:00:41 . Memory (MB): peak = 3847.754 ; gain = 2081.680
---------------------------------------------------------------------------------
---------------------------------------------------------------------------------
Start IO Insertion
---------------------------------------------------------------------------------
---------------------------------------------------------------------------------
Start Flattening Before IO Insertion
---------------------------------------------------------------------------------
---------------------------------------------------------------------------------
Finished Flattening Before IO Insertion
---------------------------------------------------------------------------------
---------------------------------------------------------------------------------
Start Final Netlist Cleanup
---------------------------------------------------------------------------------
---------------------------------------------------------------------------------
Finished Final Netlist Cleanup
---------------------------------------------------------------------------------
---------------------------------------------------------------------------------
Finished IO Insertion : Time (s): cpu = 00:00:42 ; elapsed = 00:00:51 . Memory (MB): peak = 4094.508 ; gain = 2328.434
---------------------------------------------------------------------------------
---------------------------------------------------------------------------------
Start Renaming Generated Instances
---------------------------------------------------------------------------------
---------------------------------------------------------------------------------
Finished Renaming Generated Instances : Time (s): cpu = 00:00:42 ; elapsed = 00:00:51 . Memory (MB): peak = 4094.508 ; gain = 2328.434
---------------------------------------------------------------------------------
---------------------------------------------------------------------------------
Start Rebuilding User Hierarchy
---------------------------------------------------------------------------------
---------------------------------------------------------------------------------
Finished Rebuilding User Hierarchy : Time (s): cpu = 00:00:42 ; elapsed = 00:00:51 . Memory (MB): peak = 4094.508 ; gain = 2328.434
---------------------------------------------------------------------------------
---------------------------------------------------------------------------------
Start Renaming Generated Ports
---------------------------------------------------------------------------------
---------------------------------------------------------------------------------
Finished Renaming Generated Ports : Time (s): cpu = 00:00:42 ; elapsed = 00:00:51 . Memory (MB): peak = 4094.508 ; gain = 2328.434
---------------------------------------------------------------------------------
---------------------------------------------------------------------------------
Start Handling Custom Attributes
---------------------------------------------------------------------------------
---------------------------------------------------------------------------------
Finished Handling Custom Attributes : Time (s): cpu = 00:00:42 ; elapsed = 00:00:51 . Memory (MB): peak = 4094.508 ; gain = 2328.434
---------------------------------------------------------------------------------
---------------------------------------------------------------------------------
Start Renaming Generated Nets
---------------------------------------------------------------------------------
---------------------------------------------------------------------------------
Finished Renaming Generated Nets : Time (s): cpu = 00:00:42 ; elapsed = 00:00:51 . Memory (MB): peak = 4094.508 ; gain = 2328.434
---------------------------------------------------------------------------------
---------------------------------------------------------------------------------
Start Writing Synthesis Report
---------------------------------------------------------------------------------

Report BlackBoxes: 
+-+--------------+----------+
| |BlackBox name |Instances |
+-+--------------+----------+
+-+--------------+----------+

Report Cell Usage: 
+------+--------+------+
|      |Cell    |Count |
+------+--------+------+
|1     |BUFG_PS |     1|
|2     |LUT1    |   264|
|3     |PS8     |     1|
+------+--------+------+
---------------------------------------------------------------------------------
Finished Writing Synthesis Report : Time (s): cpu = 00:00:42 ; elapsed = 00:00:51 . Memory (MB): peak = 4094.508 ; gain = 2328.434
---------------------------------------------------------------------------------
Synthesis finished with 0 errors, 0 critical warnings and 0 warnings.
Synthesis Optimization Runtime : Time (s): cpu = 00:00:27 ; elapsed = 00:00:50 . Memory (MB): peak = 4094.508 ; gain = 2316.031
Synthesis Optimization Complete : Time (s): cpu = 00:00:43 ; elapsed = 00:00:58 . Memory (MB): peak = 4094.508 ; gain = 2328.434
INFO: [Project 1-571] Translating synthesized netlist
Netlist sorting complete. Time (s): cpu = 00:00:00 ; elapsed = 00:00:00.036 . Memory (MB): peak = 4094.508 ; gain = 0.000
INFO: [Project 1-570] Preparing netlist for logic optimization
INFO: [Opt 31-138] Pushed 0 inverter(s) to 0 load pin(s).
Netlist sorting complete. Time (s): cpu = 00:00:00 ; elapsed = 00:00:00 . Memory (MB): peak = 4094.508 ; gain = 0.000
INFO: [Project 1-111] Unisim Transformation Summary:
No Unisim elements were transformed.

Synth Design complete | Checksum: b212ce96
INFO: [Common 17-83] Releasing license: Synthesis
132 Infos, 72 Warnings, 0 Critical Warnings and 0 Errors encountered.
synth_design completed successfully
synth_design: Time (s): cpu = 00:00:52 ; elapsed = 00:01:16 . Memory (MB): peak = 4094.508 ; gain = 3366.461
INFO: [Common 17-1381] The checkpoint 'C:/CHINNA/Vivado_workspace/cnn_accelerator/cnn_accelerator.runs/cnn_pipeline_zynq_ultra_ps_e_0_1_synth_1/cnn_pipeline_zynq_ultra_ps_e_0_1.dcp' has been generated.
INFO: [Coretcl 2-1648] Added synthesis output to IP cache for IP cnn_pipeline_zynq_ultra_ps_e_0_1, cache-ID = a56ddbc42c119970
INFO: [Common 17-1381] The checkpoint 'C:/CHINNA/Vivado_workspace/cnn_accelerator/cnn_accelerator.runs/cnn_pipeline_zynq_ultra_ps_e_0_1_synth_1/cnn_pipeline_zynq_ultra_ps_e_0_1.dcp' has been generated.
INFO: [Vivado 12-24828] Executing command : report_utilization -file cnn_pipeline_zynq_ultra_ps_e_0_1_utilization_synth.rpt -pb cnn_pipeline_zynq_ultra_ps_e_0_1_utilization_synth.pb
INFO: [Common 17-206] Exiting Vivado at Fri Jun 12 17:37:26 2026...
