

================================================================
== Vitis HLS Report for 'maxpool'
================================================================
* Date:           Thu Jun 11 16:03:30 2026

* Version:        2025.2 (Build 6295257 on Nov 14 2025)
* Project:        maxpool
* Solution:       hls (Vivado IP Flow Target)
* Product family: zynquplus
* Target device:  xck26-sfvc784-2LV-c


================================================================
== Performance Estimates
================================================================
+ Timing: 
    * Summary: 
    +--------+---------+----------+------------+
    |  Clock |  Target | Estimated| Uncertainty|
    +--------+---------+----------+------------+
    |ap_clk  |  5.00 ns|  3.269 ns|     1.35 ns|
    +--------+---------+----------+------------+

+ Latency: 
    * Summary: 
    +---------+---------+----------+----------+-----+-----+---------+
    |  Latency (cycles) |  Latency (absolute) |  Interval | Pipeline|
    |   min   |   max   |    min   |    max   | min | max |   Type  |
    +---------+---------+----------+----------+-----+-----+---------+
    |       37|       37|  0.185 us|  0.185 us|   38|   38|       no|
    +---------+---------+----------+----------+-----+-----+---------+

    + Detail: 
        * Instance: 
        +---------------------------------------------+----------------------------------+---------+---------+-----------+-----------+-----+-----+-------------------+
        |                                             |                                  |  Latency (cycles) |   Latency (absolute)  |  Interval |      Pipeline     |
        |                   Instance                  |              Module              |   min   |   max   |    min    |    max    | min | max |        Type       |
        +---------------------------------------------+----------------------------------+---------+---------+-----------+-----------+-----+-----+-------------------+
        |grp_maxpool_Pipeline_READ_INPUT_fu_132       |maxpool_Pipeline_READ_INPUT       |       18|       18|  90.000 ns|  90.000 ns|    0|    0|  loop pipeline stp|
        |grp_maxpool_Pipeline_POOL_OR_POOL_OC_fu_160  |maxpool_Pipeline_POOL_OR_POOL_OC  |        6|        6|  30.000 ns|  30.000 ns|    0|    0|  loop pipeline stp|
        |grp_maxpool_Pipeline_WRITE_OUTPUT_fu_184     |maxpool_Pipeline_WRITE_OUTPUT     |        6|        6|  30.000 ns|  30.000 ns|    0|    0|  loop pipeline stp|
        +---------------------------------------------+----------------------------------+---------+---------+-----------+-----------+-----+-----+-------------------+

        * Loop: 
        N/A



================================================================
== Utilization Estimates
================================================================
* Summary: 
+-----------------+---------+------+--------+--------+-----+
|       Name      | BRAM_18K|  DSP |   FF   |   LUT  | URAM|
+-----------------+---------+------+--------+--------+-----+
|DSP              |        -|     -|       -|       -|    -|
|Expression       |        -|     -|       0|       2|    -|
|FIFO             |        -|     -|       -|       -|    -|
|Instance         |        -|     -|     415|     786|    -|
|Memory           |        -|     -|       -|       -|    -|
|Multiplexer      |        -|     -|       0|      94|    -|
|Register         |        -|     -|      32|       -|    -|
+-----------------+---------+------+--------+--------+-----+
|Total            |        0|     0|     447|     882|    0|
+-----------------+---------+------+--------+--------+-----+
|Available        |      288|  1248|  234240|  117120|   64|
+-----------------+---------+------+--------+--------+-----+
|Utilization (%)  |        0|     0|      ~0|      ~0|    0|
+-----------------+---------+------+--------+--------+-----+

+ Detail: 
    * Instance: 
    +---------------------------------------------+----------------------------------+---------+----+-----+-----+-----+
    |                   Instance                  |              Module              | BRAM_18K| DSP|  FF | LUT | URAM|
    +---------------------------------------------+----------------------------------+---------+----+-----+-----+-----+
    |grp_maxpool_Pipeline_POOL_OR_POOL_OC_fu_160  |maxpool_Pipeline_POOL_OR_POOL_OC  |        0|   0|  124|  583|    0|
    |grp_maxpool_Pipeline_READ_INPUT_fu_132       |maxpool_Pipeline_READ_INPUT       |        0|   0|  268|   74|    0|
    |grp_maxpool_Pipeline_WRITE_OUTPUT_fu_184     |maxpool_Pipeline_WRITE_OUTPUT     |        0|   0|   23|  129|    0|
    +---------------------------------------------+----------------------------------+---------+----+-----+-----+-----+
    |Total                                        |                                  |        0|   0|  415|  786|    0|
    +---------------------------------------------+----------------------------------+---------+----+-----+-----+-----+

    * DSP: 
    N/A

    * Memory: 
    N/A

    * FIFO: 
    N/A

    * Expression: 
    +------------------------------------------------------------+----------+----+---+----+------------+------------+
    |                        Variable Name                       | Operation| DSP| FF| LUT| Bitwidth P0| Bitwidth P1|
    +------------------------------------------------------------+----------+----+---+----+------------+------------+
    |grp_maxpool_Pipeline_WRITE_OUTPUT_fu_184_out_stream_TREADY  |       and|   0|  0|   2|           1|           1|
    +------------------------------------------------------------+----------+----+---+----+------------+------------+
    |Total                                                       |          |   0|  0|   2|           1|           1|
    +------------------------------------------------------------+----------+----+---+----+------------+------------+

    * Multiplexer: 
    +-------------------------------+----+-----------+-----+-----------+
    |              Name             | LUT| Input Size| Bits| Total Bits|
    +-------------------------------+----+-----------+-----+-----------+
    |ap_NS_fsm                      |  49|          9|    1|          9|
    |in_stream_TREADY_int_regslice  |   9|          2|    1|          2|
    |out_stream_TDATA_int_regslice  |   9|          2|   16|         32|
    |out_stream_TKEEP_int_regslice  |   9|          2|    2|          4|
    |out_stream_TLAST_int_regslice  |   9|          2|    1|          2|
    |out_stream_TSTRB_int_regslice  |   9|          2|    2|          4|
    +-------------------------------+----+-----------+-----+-----------+
    |Total                          |  94|         19|   23|         53|
    +-------------------------------+----+-----------+-----+-----------+

    * Register: 
    +----------------------------------------------------------+----+----+-----+-----------+
    |                           Name                           | FF | LUT| Bits| Const Bits|
    +----------------------------------------------------------+----+----+-----+-----------+
    |ap_CS_fsm                                                 |   8|   0|    8|          0|
    |grp_maxpool_Pipeline_POOL_OR_POOL_OC_fu_160_ap_start_reg  |   1|   0|    1|          0|
    |grp_maxpool_Pipeline_READ_INPUT_fu_132_ap_start_reg       |   1|   0|    1|          0|
    |grp_maxpool_Pipeline_WRITE_OUTPUT_fu_184_ap_start_reg     |   1|   0|    1|          0|
    |out_stream_TDATA_reg                                      |  16|   0|   16|          0|
    |out_stream_TKEEP_reg                                      |   2|   0|    2|          0|
    |out_stream_TLAST_reg                                      |   1|   0|    1|          0|
    |out_stream_TSTRB_reg                                      |   2|   0|    2|          0|
    +----------------------------------------------------------+----+----+-----+-----------+
    |Total                                                     |  32|   0|   32|          0|
    +----------------------------------------------------------+----+----+-----+-----------+



================================================================
== Interface
================================================================
* Summary: 
+-------------------+-----+-----+------------+---------------------+--------------+
|     RTL Ports     | Dir | Bits|  Protocol  |    Source Object    |    C Type    |
+-------------------+-----+-----+------------+---------------------+--------------+
|ap_clk             |   in|    1|  ap_ctrl_hs|              maxpool|  return value|
|ap_rst_n           |   in|    1|  ap_ctrl_hs|              maxpool|  return value|
|ap_start           |   in|    1|  ap_ctrl_hs|              maxpool|  return value|
|ap_done            |  out|    1|  ap_ctrl_hs|              maxpool|  return value|
|ap_idle            |  out|    1|  ap_ctrl_hs|              maxpool|  return value|
|ap_ready           |  out|    1|  ap_ctrl_hs|              maxpool|  return value|
|in_stream_TDATA    |   in|   16|        axis|   in_stream_V_data_V|       pointer|
|in_stream_TVALID   |   in|    1|        axis|   in_stream_V_last_V|       pointer|
|in_stream_TREADY   |  out|    1|        axis|   in_stream_V_last_V|       pointer|
|in_stream_TLAST    |   in|    1|        axis|   in_stream_V_last_V|       pointer|
|in_stream_TKEEP    |   in|    2|        axis|   in_stream_V_keep_V|       pointer|
|in_stream_TSTRB    |   in|    2|        axis|   in_stream_V_strb_V|       pointer|
|out_stream_TDATA   |  out|   16|        axis|  out_stream_V_data_V|       pointer|
|out_stream_TVALID  |  out|    1|        axis|  out_stream_V_last_V|       pointer|
|out_stream_TREADY  |   in|    1|        axis|  out_stream_V_last_V|       pointer|
|out_stream_TLAST   |  out|    1|        axis|  out_stream_V_last_V|       pointer|
|out_stream_TKEEP   |  out|    2|        axis|  out_stream_V_keep_V|       pointer|
|out_stream_TSTRB   |  out|    2|        axis|  out_stream_V_strb_V|       pointer|
+-------------------+-----+-----+------------+---------------------+--------------+

