

================================================================
== Vitis HLS Report for 'maxpool_Pipeline_WRITE_OUTPUT'
================================================================
* Date:           Thu Jun 11 16:03:30 2026

* Version:        2025.2 (Build 6295257 on Nov 14 2025)
* Project:        maxpool
* Solution:       hls (Vivado IP Flow Target)
* Product family: zynquplus
* Target device:  xck26-sfvc784-2LV-c


================================================================
== Performance Estimates
================================================================
+ Timing: 
    * Summary: 
    +--------+---------+----------+------------+
    |  Clock |  Target | Estimated| Uncertainty|
    +--------+---------+----------+------------+
    |ap_clk  |  5.00 ns|  1.527 ns|     1.35 ns|
    +--------+---------+----------+------------+

+ Latency: 
    * Summary: 
    +---------+---------+-----------+-----------+-----+-----+-------------------+
    |  Latency (cycles) |   Latency (absolute)  |  Interval |      Pipeline     |
    |   min   |   max   |    min    |    max    | min | max |        Type       |
    +---------+---------+-----------+-----------+-----+-----+-------------------+
    |        6|        6|  30.000 ns|  30.000 ns|    0|    0|  loop pipeline stp|
    +---------+---------+-----------+-----------+-----+-----+-------------------+

    + Detail: 
        * Instance: 
        N/A

        * Loop: 
        +----------------+---------+---------+----------+-----------+-----------+------+----------+
        |                |  Latency (cycles) | Iteration|  Initiation Interval  | Trip |          |
        |    Loop Name   |   min   |   max   |  Latency |  achieved |   target  | Count| Pipelined|
        +----------------+---------+---------+----------+-----------+-----------+------+----------+
        |- WRITE_OUTPUT  |        4|        4|         2|          1|          1|     4|       yes|
        +----------------+---------+---------+----------+-----------+-----------+------+----------+



================================================================
== Utilization Estimates
================================================================
* Summary: 
+-----------------+---------+------+--------+--------+-----+
|       Name      | BRAM_18K|  DSP |   FF   |   LUT  | URAM|
+-----------------+---------+------+--------+--------+-----+
|DSP              |        -|     -|       -|       -|    -|
|Expression       |        -|     -|       0|      84|    -|
|FIFO             |        -|     -|       -|       -|    -|
|Instance         |        -|     -|       -|       -|    -|
|Memory           |        -|     -|       -|       -|    -|
|Multiplexer      |        -|     -|       0|      45|    -|
|Register         |        -|     -|      23|       -|    -|
+-----------------+---------+------+--------+--------+-----+
|Total            |        0|     0|      23|     129|    0|
+-----------------+---------+------+--------+--------+-----+
|Available        |      288|  1248|  234240|  117120|   64|
+-----------------+---------+------+--------+--------+-----+
|Utilization (%)  |        0|     0|      ~0|      ~0|    0|
+-----------------+---------+------+--------+--------+-----+

+ Detail: 
    * Instance: 
    N/A

    * DSP: 
    N/A

    * Memory: 
    N/A

    * FIFO: 
    N/A

    * Expression: 
    +--------------------------------+----------+----+---+----+------------+------------+
    |          Variable Name         | Operation| DSP| FF| LUT| Bitwidth P0| Bitwidth P1|
    +--------------------------------+----------+----+---+----+------------+------------+
    |i_2_fu_122_p2                   |         +|   0|  0|  10|           3|           1|
    |ap_block_pp0_stage0_01001_grp1  |       and|   0|  0|   2|           1|           1|
    |icmp_ln63_fu_116_p2             |      icmp|   0|  0|  12|           3|           4|
    |icmp_ln70_fu_164_p2             |      icmp|   0|  0|  10|           3|           2|
    |select_ln68_1_fu_140_p3         |    select|   0|  0|  16|           1|          16|
    |select_ln68_2_fu_156_p3         |    select|   0|  0|  16|           1|          16|
    |select_ln68_fu_132_p3           |    select|   0|  0|  16|           1|          16|
    |ap_enable_pp0                   |       xor|   0|  0|   2|           1|           2|
    +--------------------------------+----------+----+---+----+------------+------------+
    |Total                           |          |   0|  0|  84|          14|          58|
    +--------------------------------+----------+----+---+----+------------+------------+

    * Multiplexer: 
    +-------------------------+----+-----------+-----+-----------+
    |           Name          | LUT| Input Size| Bits| Total Bits|
    +-------------------------+----+-----------+-----+-----------+
    |ap_done_int              |   9|          2|    1|          2|
    |ap_enable_reg_pp0_iter1  |   9|          2|    1|          2|
    |ap_sig_allocacmp_i_1     |   9|          2|    3|          6|
    |i_fu_62                  |   9|          2|    3|          6|
    |out_stream_TDATA_blk_n   |   9|          2|    1|          2|
    +-------------------------+----+-----------+-----+-----------+
    |Total                    |  45|         10|    9|         18|
    +-------------------------+----+-----------+-----+-----------+

    * Register: 
    +-------------------------+----+----+-----+-----------+
    |           Name          | FF | LUT| Bits| Const Bits|
    +-------------------------+----+----+-----+-----------+
    |ap_CS_fsm                |   1|   0|    1|          0|
    |ap_done_reg              |   1|   0|    1|          0|
    |ap_enable_reg_pp0_iter1  |   1|   0|    1|          0|
    |i_fu_62                  |   3|   0|    3|          0|
    |icmp_ln70_reg_190        |   1|   0|    1|          0|
    |select_ln68_2_reg_185    |  16|   0|   16|          0|
    +-------------------------+----+----+-----+-----------+
    |Total                    |  23|   0|   23|          0|
    +-------------------------+----+----+-----+-----------+



================================================================
== Interface
================================================================
* Summary: 
+-------------------+-----+-----+------------+-------------------------------+--------------+
|     RTL Ports     | Dir | Bits|  Protocol  |         Source Object         |    C Type    |
+-------------------+-----+-----+------------+-------------------------------+--------------+
|ap_clk             |   in|    1|  ap_ctrl_hs|  maxpool_Pipeline_WRITE_OUTPUT|  return value|
|ap_rst             |   in|    1|  ap_ctrl_hs|  maxpool_Pipeline_WRITE_OUTPUT|  return value|
|ap_start           |   in|    1|  ap_ctrl_hs|  maxpool_Pipeline_WRITE_OUTPUT|  return value|
|ap_done            |  out|    1|  ap_ctrl_hs|  maxpool_Pipeline_WRITE_OUTPUT|  return value|
|ap_idle            |  out|    1|  ap_ctrl_hs|  maxpool_Pipeline_WRITE_OUTPUT|  return value|
|ap_ready           |  out|    1|  ap_ctrl_hs|  maxpool_Pipeline_WRITE_OUTPUT|  return value|
|out_stream_TREADY  |   in|    1|        axis|            out_stream_V_data_V|       pointer|
|out_stream_TDATA   |  out|   16|        axis|            out_stream_V_data_V|       pointer|
|output_1_reload    |   in|   16|     ap_none|                output_1_reload|        scalar|
|output_reload      |   in|   16|     ap_none|                  output_reload|        scalar|
|output_3_reload    |   in|   16|     ap_none|                output_3_reload|        scalar|
|output_2_reload    |   in|   16|     ap_none|                output_2_reload|        scalar|
|out_stream_TVALID  |  out|    1|        axis|            out_stream_V_last_V|       pointer|
|out_stream_TLAST   |  out|    1|        axis|            out_stream_V_last_V|       pointer|
|out_stream_TKEEP   |  out|    2|        axis|            out_stream_V_keep_V|       pointer|
|out_stream_TSTRB   |  out|    2|        axis|            out_stream_V_strb_V|       pointer|
+-------------------+-----+-----+------------+-------------------------------+--------------+

