

================================================================
== Vitis HLS Report for 'maxpool_Pipeline_READ_INPUT'
================================================================
* Date:           Thu Jun 11 16:03:28 2026

* Version:        2025.2 (Build 6295257 on Nov 14 2025)
* Project:        maxpool
* Solution:       hls (Vivado IP Flow Target)
* Product family: zynquplus
* Target device:  xck26-sfvc784-2LV-c


================================================================
== Performance Estimates
================================================================
+ Timing: 
    * Summary: 
    +--------+---------+----------+------------+
    |  Clock |  Target | Estimated| Uncertainty|
    +--------+---------+----------+------------+
    |ap_clk  |  5.00 ns|  1.643 ns|     1.35 ns|
    +--------+---------+----------+------------+

+ Latency: 
    * Summary: 
    +---------+---------+-----------+-----------+-----+-----+-------------------+
    |  Latency (cycles) |   Latency (absolute)  |  Interval |      Pipeline     |
    |   min   |   max   |    min    |    max    | min | max |        Type       |
    +---------+---------+-----------+-----------+-----+-----+-------------------+
    |       18|       18|  90.000 ns|  90.000 ns|    0|    0|  loop pipeline stp|
    +---------+---------+-----------+-----------+-----+-----+-------------------+

    + Detail: 
        * Instance: 
        N/A

        * Loop: 
        +--------------+---------+---------+----------+-----------+-----------+------+----------+
        |              |  Latency (cycles) | Iteration|  Initiation Interval  | Trip |          |
        |   Loop Name  |   min   |   max   |  Latency |  achieved |   target  | Count| Pipelined|
        +--------------+---------+---------+----------+-----------+-----------+------+----------+
        |- READ_INPUT  |       16|       16|         2|          1|          1|    16|       yes|
        +--------------+---------+---------+----------+-----------+-----------+------+----------+



================================================================
== Utilization Estimates
================================================================
* Summary: 
+-----------------+---------+------+--------+--------+-----+
|       Name      | BRAM_18K|  DSP |   FF   |   LUT  | URAM|
+-----------------+---------+------+--------+--------+-----+
|DSP              |        -|     -|       -|       -|    -|
|Expression       |        -|     -|       0|      29|    -|
|FIFO             |        -|     -|       -|       -|    -|
|Instance         |        -|     -|       -|       -|    -|
|Memory           |        -|     -|       -|       -|    -|
|Multiplexer      |        -|     -|       0|      45|    -|
|Register         |        -|     -|     268|       -|    -|
+-----------------+---------+------+--------+--------+-----+
|Total            |        0|     0|     268|      74|    0|
+-----------------+---------+------+--------+--------+-----+
|Available        |      288|  1248|  234240|  117120|   64|
+-----------------+---------+------+--------+--------+-----+
|Utilization (%)  |        0|     0|      ~0|      ~0|    0|
+-----------------+---------+------+--------+--------+-----+

+ Detail: 
    * Instance: 
    N/A

    * DSP: 
    N/A

    * Memory: 
    N/A

    * FIFO: 
    N/A

    * Expression: 
    +--------------------------------+----------+----+---+----+------------+------------+
    |          Variable Name         | Operation| DSP| FF| LUT| Bitwidth P0| Bitwidth P1|
    +--------------------------------+----------+----+---+----+------------+------------+
    |i_4_fu_307_p2                   |         +|   0|  0|  12|           5|           1|
    |ap_block_pp0_stage0_01001_grp1  |       and|   0|  0|   2|           1|           1|
    |icmp_ln34_fu_301_p2             |      icmp|   0|  0|  13|           5|           6|
    |ap_enable_pp0                   |       xor|   0|  0|   2|           1|           2|
    +--------------------------------+----------+----+---+----+------------+------------+
    |Total                           |          |   0|  0|  29|          12|          10|
    +--------------------------------+----------+----+---+----+------------+------------+

    * Multiplexer: 
    +-------------------------+----+-----------+-----+-----------+
    |           Name          | LUT| Input Size| Bits| Total Bits|
    +-------------------------+----+-----------+-----+-----------+
    |ap_done_int              |   9|          2|    1|          2|
    |ap_enable_reg_pp0_iter1  |   9|          2|    1|          2|
    |ap_sig_allocacmp_i_3     |   9|          2|    5|         10|
    |i_fu_92                  |   9|          2|    5|         10|
    |in_stream_TDATA_blk_n    |   9|          2|    1|          2|
    +-------------------------+----+-----------+-----+-----------+
    |Total                    |  45|         10|   13|         26|
    +-------------------------+----+-----------+-----+-----------+

    * Register: 
    +-------------------------+----+----+-----+-----------+
    |           Name          | FF | LUT| Bits| Const Bits|
    +-------------------------+----+----+-----+-----------+
    |ap_CS_fsm                |   1|   0|    1|          0|
    |ap_done_reg              |   1|   0|    1|          0|
    |ap_enable_reg_pp0_iter1  |   1|   0|    1|          0|
    |i_fu_92                  |   5|   0|    5|          0|
    |input_10_fu_136          |  16|   0|   16|          0|
    |input_11_fu_140          |  16|   0|   16|          0|
    |input_12_fu_144          |  16|   0|   16|          0|
    |input_13_fu_148          |  16|   0|   16|          0|
    |input_14_fu_152          |  16|   0|   16|          0|
    |input_15_fu_156          |  16|   0|   16|          0|
    |input_1_fu_100           |  16|   0|   16|          0|
    |input_2_fu_104           |  16|   0|   16|          0|
    |input_3_fu_108           |  16|   0|   16|          0|
    |input_4_fu_112           |  16|   0|   16|          0|
    |input_5_fu_116           |  16|   0|   16|          0|
    |input_6_fu_120           |  16|   0|   16|          0|
    |input_7_fu_124           |  16|   0|   16|          0|
    |input_8_fu_128           |  16|   0|   16|          0|
    |input_9_fu_132           |  16|   0|   16|          0|
    |input_fu_96              |  16|   0|   16|          0|
    |trunc_ln34_reg_597       |   2|   0|    2|          0|
    |trunc_ln_reg_601         |   2|   0|    2|          0|
    +-------------------------+----+----+-----+-----------+
    |Total                    | 268|   0|  268|          0|
    +-------------------------+----+----+-----+-----------+



================================================================
== Interface
================================================================
* Summary: 
+---------------------+-----+-----+------------+-----------------------------+--------------+
|      RTL Ports      | Dir | Bits|  Protocol  |        Source Object        |    C Type    |
+---------------------+-----+-----+------------+-----------------------------+--------------+
|ap_clk               |   in|    1|  ap_ctrl_hs|  maxpool_Pipeline_READ_INPUT|  return value|
|ap_rst               |   in|    1|  ap_ctrl_hs|  maxpool_Pipeline_READ_INPUT|  return value|
|ap_start             |   in|    1|  ap_ctrl_hs|  maxpool_Pipeline_READ_INPUT|  return value|
|ap_done              |  out|    1|  ap_ctrl_hs|  maxpool_Pipeline_READ_INPUT|  return value|
|ap_idle              |  out|    1|  ap_ctrl_hs|  maxpool_Pipeline_READ_INPUT|  return value|
|ap_ready             |  out|    1|  ap_ctrl_hs|  maxpool_Pipeline_READ_INPUT|  return value|
|in_stream_TVALID     |   in|    1|        axis|           in_stream_V_data_V|       pointer|
|in_stream_TDATA      |   in|   16|        axis|           in_stream_V_data_V|       pointer|
|in_stream_TREADY     |  out|    1|        axis|           in_stream_V_last_V|       pointer|
|in_stream_TLAST      |   in|    1|        axis|           in_stream_V_last_V|       pointer|
|in_stream_TKEEP      |   in|    2|        axis|           in_stream_V_keep_V|       pointer|
|in_stream_TSTRB      |   in|    2|        axis|           in_stream_V_strb_V|       pointer|
|input_15_out         |  out|   16|      ap_vld|                 input_15_out|       pointer|
|input_15_out_ap_vld  |  out|    1|      ap_vld|                 input_15_out|       pointer|
|input_14_out         |  out|   16|      ap_vld|                 input_14_out|       pointer|
|input_14_out_ap_vld  |  out|    1|      ap_vld|                 input_14_out|       pointer|
|input_13_out         |  out|   16|      ap_vld|                 input_13_out|       pointer|
|input_13_out_ap_vld  |  out|    1|      ap_vld|                 input_13_out|       pointer|
|input_12_out         |  out|   16|      ap_vld|                 input_12_out|       pointer|
|input_12_out_ap_vld  |  out|    1|      ap_vld|                 input_12_out|       pointer|
|input_11_out         |  out|   16|      ap_vld|                 input_11_out|       pointer|
|input_11_out_ap_vld  |  out|    1|      ap_vld|                 input_11_out|       pointer|
|input_10_out         |  out|   16|      ap_vld|                 input_10_out|       pointer|
|input_10_out_ap_vld  |  out|    1|      ap_vld|                 input_10_out|       pointer|
|input_9_out          |  out|   16|      ap_vld|                  input_9_out|       pointer|
|input_9_out_ap_vld   |  out|    1|      ap_vld|                  input_9_out|       pointer|
|input_8_out          |  out|   16|      ap_vld|                  input_8_out|       pointer|
|input_8_out_ap_vld   |  out|    1|      ap_vld|                  input_8_out|       pointer|
|input_7_out          |  out|   16|      ap_vld|                  input_7_out|       pointer|
|input_7_out_ap_vld   |  out|    1|      ap_vld|                  input_7_out|       pointer|
|input_6_out          |  out|   16|      ap_vld|                  input_6_out|       pointer|
|input_6_out_ap_vld   |  out|    1|      ap_vld|                  input_6_out|       pointer|
|input_5_out          |  out|   16|      ap_vld|                  input_5_out|       pointer|
|input_5_out_ap_vld   |  out|    1|      ap_vld|                  input_5_out|       pointer|
|input_4_out          |  out|   16|      ap_vld|                  input_4_out|       pointer|
|input_4_out_ap_vld   |  out|    1|      ap_vld|                  input_4_out|       pointer|
|input_3_out          |  out|   16|      ap_vld|                  input_3_out|       pointer|
|input_3_out_ap_vld   |  out|    1|      ap_vld|                  input_3_out|       pointer|
|input_2_out          |  out|   16|      ap_vld|                  input_2_out|       pointer|
|input_2_out_ap_vld   |  out|    1|      ap_vld|                  input_2_out|       pointer|
|input_1_out          |  out|   16|      ap_vld|                  input_1_out|       pointer|
|input_1_out_ap_vld   |  out|    1|      ap_vld|                  input_1_out|       pointer|
|input_out            |  out|   16|      ap_vld|                    input_out|       pointer|
|input_out_ap_vld     |  out|    1|      ap_vld|                    input_out|       pointer|
+---------------------+-----+-----+------------+-----------------------------+--------------+

