

================================================================
== Vitis HLS Report for 'maxpool_Pipeline_POOL_OR_POOL_OC'
================================================================
* Date:           Thu Jun 11 16:03:29 2026

* Version:        2025.2 (Build 6295257 on Nov 14 2025)
* Project:        maxpool
* Solution:       hls (Vivado IP Flow Target)
* Product family: zynquplus
* Target device:  xck26-sfvc784-2LV-c


================================================================
== Performance Estimates
================================================================
+ Timing: 
    * Summary: 
    +--------+---------+----------+------------+
    |  Clock |  Target | Estimated| Uncertainty|
    +--------+---------+----------+------------+
    |ap_clk  |  5.00 ns|  3.269 ns|     1.35 ns|
    +--------+---------+----------+------------+

+ Latency: 
    * Summary: 
    +---------+---------+-----------+-----------+-----+-----+-------------------+
    |  Latency (cycles) |   Latency (absolute)  |  Interval |      Pipeline     |
    |   min   |   max   |    min    |    max    | min | max |        Type       |
    +---------+---------+-----------+-----------+-----+-----+-------------------+
    |        6|        6|  30.000 ns|  30.000 ns|    0|    0|  loop pipeline stp|
    +---------+---------+-----------+-----------+-----+-----+-------------------+

    + Detail: 
        * Instance: 
        N/A

        * Loop: 
        +-------------------+---------+---------+----------+-----------+-----------+------+----------+
        |                   |  Latency (cycles) | Iteration|  Initiation Interval  | Trip |          |
        |     Loop Name     |   min   |   max   |  Latency |  achieved |   target  | Count| Pipelined|
        +-------------------+---------+---------+----------+-----------+-----------+------+----------+
        |- POOL_OR_POOL_OC  |        4|        4|         2|          1|          1|     4|       yes|
        +-------------------+---------+---------+----------+-----------+-----------+------+----------+



================================================================
== Utilization Estimates
================================================================
* Summary: 
+-----------------+---------+------+--------+--------+-----+
|       Name      | BRAM_18K|  DSP |   FF   |   LUT  | URAM|
+-----------------+---------+------+--------+--------+-----+
|DSP              |        -|     -|       -|       -|    -|
|Expression       |        -|     -|       0|     511|    -|
|FIFO             |        -|     -|       -|       -|    -|
|Instance         |        -|     -|       -|       -|    -|
|Memory           |        -|     -|       -|       -|    -|
|Multiplexer      |        -|     -|       0|      72|    -|
|Register         |        -|     -|     124|       -|    -|
+-----------------+---------+------+--------+--------+-----+
|Total            |        0|     0|     124|     583|    0|
+-----------------+---------+------+--------+--------+-----+
|Available        |      288|  1248|  234240|  117120|   64|
+-----------------+---------+------+--------+--------+-----+
|Utilization (%)  |        0|     0|      ~0|      ~0|    0|
+-----------------+---------+------+--------+--------+-----+

+ Detail: 
    * Instance: 
    N/A

    * DSP: 
    N/A

    * Memory: 
    N/A

    * FIFO: 
    N/A

    * Expression: 
    +-------------------------+----------+----+---+----+------------+------------+
    |      Variable Name      | Operation| DSP| FF| LUT| Bitwidth P0| Bitwidth P1|
    +-------------------------+----------+----+---+----+------------+------------+
    |add_ln45_1_fu_286_p2     |         +|   0|  0|   9|           2|           1|
    |add_ln45_fu_252_p2       |         +|   0|  0|  10|           3|           1|
    |and_ln30_fu_280_p2       |       and|   0|  0|   2|           1|           1|
    |icmp_ln45_fu_246_p2      |      icmp|   0|  0|  12|           3|           4|
    |icmp_ln46_fu_268_p2      |      icmp|   0|  0|  10|           2|           3|
    |icmp_ln48_fu_334_p2      |      icmp|   0|  0|   9|           2|           1|
    |icmp_ln55_1_fu_469_p2    |      icmp|   0|  0|  23|          16|          16|
    |icmp_ln55_2_fu_479_p2    |      icmp|   0|  0|  23|          16|          16|
    |icmp_ln55_fu_372_p2      |      icmp|   0|  0|  23|          16|          16|
    |icmp_ln58_fu_312_p2      |      icmp|   0|  0|   9|           2|           1|
    |first_iter_0_fu_306_p2   |        or|   0|  0|   2|           1|           1|
    |max_val_3_fu_473_p3      |    select|   0|  0|  16|           1|          16|
    |max_val_4_fu_484_p3      |    select|   0|  0|  16|           1|          16|
    |max_val_5_fu_340_p3      |    select|   0|  0|  16|           1|          16|
    |max_val_fu_378_p3        |    select|   0|  0|  16|           1|          16|
    |output_4_fu_540_p3       |    select|   0|  0|  16|           1|          16|
    |output_5_fu_533_p3       |    select|   0|  0|  16|           1|          16|
    |output_6_fu_526_p3       |    select|   0|  0|  16|           1|          16|
    |output_7_fu_519_p3       |    select|   0|  0|  16|           1|          16|
    |select_ln45_fu_292_p3    |    select|   0|  0|   2|           1|           2|
    |select_ln46_fu_434_p3    |    select|   0|  0|   3|           1|           3|
    |select_ln48_1_fu_326_p3  |    select|   0|  0|  16|           1|          16|
    |select_ln48_fu_318_p3    |    select|   0|  0|  16|           1|          16|
    |select_ln53_1_fu_356_p3  |    select|   0|  0|  16|           1|          16|
    |select_ln53_3_fu_386_p3  |    select|   0|  0|  16|           1|          16|
    |select_ln53_4_fu_394_p3  |    select|   0|  0|  16|           1|          16|
    |select_ln53_6_fu_410_p3  |    select|   0|  0|  16|           1|          16|
    |select_ln53_7_fu_418_p3  |    select|   0|  0|  16|           1|          16|
    |select_ln53_fu_348_p3    |    select|   0|  0|  16|           1|          16|
    |select_ln58_1_fu_498_p3  |    select|   0|  0|  16|           1|          16|
    |select_ln58_2_fu_505_p3  |    select|   0|  0|  16|           1|          16|
    |select_ln58_3_fu_512_p3  |    select|   0|  0|  16|           1|          16|
    |select_ln58_fu_491_p3    |    select|   0|  0|  16|           1|          16|
    |v_3_fu_426_p3            |    select|   0|  0|  16|           1|          16|
    |v_4_fu_402_p3            |    select|   0|  0|  16|           1|          16|
    |v_fu_364_p3              |    select|   0|  0|  16|           1|          16|
    |ap_enable_pp0            |       xor|   0|  0|   2|           1|           2|
    |oc_cast_not_fu_300_p2    |       xor|   0|  0|   2|           1|           2|
    |xor_ln30_fu_274_p2       |       xor|   0|  0|   2|           1|           2|
    +-------------------------+----------+----+---+----+------------+------------+
    |Total                    |          |   0|  0| 511|          92|         440|
    +-------------------------+----------+----+---+----+------------+------------+

    * Multiplexer: 
    +--------------------------------------+----+-----------+-----+-----------+
    |                 Name                 | LUT| Input Size| Bits| Total Bits|
    +--------------------------------------+----+-----------+-----+-----------+
    |ap_done_int                           |   9|          2|    1|          2|
    |ap_enable_reg_pp0_iter1               |   9|          2|    1|          2|
    |ap_sig_allocacmp_indvar_flatten_load  |   9|          2|    3|          6|
    |ap_sig_allocacmp_oc_load              |   9|          2|    2|          4|
    |ap_sig_allocacmp_or_load              |   9|          2|    2|          4|
    |indvar_flatten_fu_100                 |   9|          2|    3|          6|
    |oc_s_fu_76                            |   9|          2|    2|          4|
    |or_s_fu_96                            |   9|          2|    2|          4|
    +--------------------------------------+----+-----------+-----+-----------+
    |Total                                 |  72|         16|   16|         32|
    +--------------------------------------+----+-----------+-----+-----------+

    * Register: 
    +-------------------------+----+----+-----+-----------+
    |           Name          | FF | LUT| Bits| Const Bits|
    +-------------------------+----+----+-----+-----------+
    |ap_CS_fsm                |   1|   0|    1|          0|
    |ap_done_reg              |   1|   0|    1|          0|
    |ap_enable_reg_pp0_iter1  |   1|   0|    1|          0|
    |first_iter_0_reg_635     |   1|   0|    1|          0|
    |icmp_ln58_reg_643        |   1|   0|    1|          0|
    |indvar_flatten_fu_100    |   3|   0|    3|          0|
    |max_val_reg_651          |  16|   0|   16|          0|
    |oc_s_fu_76               |   2|   0|    2|          0|
    |or_s_fu_96               |   2|   0|    2|          0|
    |output_1_fu_84           |  16|   0|   16|          0|
    |output_2_fu_88           |  16|   0|   16|          0|
    |output_3_fu_92           |  16|   0|   16|          0|
    |output_fu_80             |  16|   0|   16|          0|
    |v_3_reg_663              |  16|   0|   16|          0|
    |v_4_reg_657              |  16|   0|   16|          0|
    +-------------------------+----+----+-----+-----------+
    |Total                    | 124|   0|  124|          0|
    +-------------------------+----+----+-----+-----------+



================================================================
== Interface
================================================================
* Summary: 
+---------------------+-----+-----+------------+----------------------------------+--------------+
|      RTL Ports      | Dir | Bits|  Protocol  |           Source Object          |    C Type    |
+---------------------+-----+-----+------------+----------------------------------+--------------+
|ap_clk               |   in|    1|  ap_ctrl_hs|  maxpool_Pipeline_POOL_OR_POOL_OC|  return value|
|ap_rst               |   in|    1|  ap_ctrl_hs|  maxpool_Pipeline_POOL_OR_POOL_OC|  return value|
|ap_start             |   in|    1|  ap_ctrl_hs|  maxpool_Pipeline_POOL_OR_POOL_OC|  return value|
|ap_done              |  out|    1|  ap_ctrl_hs|  maxpool_Pipeline_POOL_OR_POOL_OC|  return value|
|ap_idle              |  out|    1|  ap_ctrl_hs|  maxpool_Pipeline_POOL_OR_POOL_OC|  return value|
|ap_ready             |  out|    1|  ap_ctrl_hs|  maxpool_Pipeline_POOL_OR_POOL_OC|  return value|
|input_2_reload       |   in|   16|     ap_none|                    input_2_reload|        scalar|
|input_reload         |   in|   16|     ap_none|                      input_reload|        scalar|
|input_10_reload      |   in|   16|     ap_none|                   input_10_reload|        scalar|
|input_8_reload       |   in|   16|     ap_none|                    input_8_reload|        scalar|
|input_3_reload       |   in|   16|     ap_none|                    input_3_reload|        scalar|
|input_1_reload       |   in|   16|     ap_none|                    input_1_reload|        scalar|
|input_11_reload      |   in|   16|     ap_none|                   input_11_reload|        scalar|
|input_9_reload       |   in|   16|     ap_none|                    input_9_reload|        scalar|
|input_6_reload       |   in|   16|     ap_none|                    input_6_reload|        scalar|
|input_4_reload       |   in|   16|     ap_none|                    input_4_reload|        scalar|
|input_14_reload      |   in|   16|     ap_none|                   input_14_reload|        scalar|
|input_12_reload      |   in|   16|     ap_none|                   input_12_reload|        scalar|
|input_7_reload       |   in|   16|     ap_none|                    input_7_reload|        scalar|
|input_5_reload       |   in|   16|     ap_none|                    input_5_reload|        scalar|
|input_15_reload      |   in|   16|     ap_none|                   input_15_reload|        scalar|
|input_13_reload      |   in|   16|     ap_none|                   input_13_reload|        scalar|
|output_3_out         |  out|   16|      ap_vld|                      output_3_out|       pointer|
|output_3_out_ap_vld  |  out|    1|      ap_vld|                      output_3_out|       pointer|
|output_2_out         |  out|   16|      ap_vld|                      output_2_out|       pointer|
|output_2_out_ap_vld  |  out|    1|      ap_vld|                      output_2_out|       pointer|
|output_1_out         |  out|   16|      ap_vld|                      output_1_out|       pointer|
|output_1_out_ap_vld  |  out|    1|      ap_vld|                      output_1_out|       pointer|
|output_out           |  out|   16|      ap_vld|                        output_out|       pointer|
|output_out_ap_vld    |  out|    1|      ap_vld|                        output_out|       pointer|
+---------------------+-----+-----+------------+----------------------------------+--------------+

