

================================================================
== Vitis HLS Report for 'conv2d_Pipeline_READ_WEIGHTS'
================================================================
* Date:           Thu Jun 11 15:51:12 2026

* Version:        2025.2 (Build 6295257 on Nov 14 2025)
* Project:        conv2d
* Solution:       hls (Vivado IP Flow Target)
* Product family: zynquplus
* Target device:  xck26-sfvc784-2LV-c


================================================================
== Performance Estimates
================================================================
+ Timing: 
    * Summary: 
    +--------+---------+----------+------------+
    |  Clock |  Target | Estimated| Uncertainty|
    +--------+---------+----------+------------+
    |ap_clk  |  5.00 ns|  2.042 ns|     1.35 ns|
    +--------+---------+----------+------------+

+ Latency: 
    * Summary: 
    +---------+---------+-----------+-----------+-----+-----+-------------------+
    |  Latency (cycles) |   Latency (absolute)  |  Interval |      Pipeline     |
    |   min   |   max   |    min    |    max    | min | max |        Type       |
    +---------+---------+-----------+-----------+-----+-----+-------------------+
    |       11|       11|  55.000 ns|  55.000 ns|    0|    0|  loop pipeline stp|
    +---------+---------+-----------+-----------+-----+-----+-------------------+

    + Detail: 
        * Instance: 
        N/A

        * Loop: 
        +----------------+---------+---------+----------+-----------+-----------+------+----------+
        |                |  Latency (cycles) | Iteration|  Initiation Interval  | Trip |          |
        |    Loop Name   |   min   |   max   |  Latency |  achieved |   target  | Count| Pipelined|
        +----------------+---------+---------+----------+-----------+-----------+------+----------+
        |- READ_WEIGHTS  |        9|        9|         2|          1|          1|     9|       yes|
        +----------------+---------+---------+----------+-----------+-----------+------+----------+

============================================================
+ Verbose Summary: Synthesis Manager
============================================================
InlineROM: 1
ExposeGlobal: 0
============================================================
+ Verbose Summary: CDFG Model
============================================================
IsTopModel: 0
ResetActiveHigh: 1
IsCombinational: 0
IsDatapathOnly: 0
HasWiredReturn: 1
HasMFsm: 2
HasVarLatency: 1
IsPipeline: 0
IsRtlPipelined: 0
IsInstanceOverlapped: 0
IsDontTouch: 0
HasImplIP: 0
IsGatedGlobalClock: 0

+ Individual pipeline summary: 
  * Pipeline-0: initiation interval (II) = 1, depth = 2


============================================================
+ Verbose Summary: Schedule
============================================================
* Number of FSM states : 2
* Pipeline : 1
  Pipeline-0 : II = 1, D = 2, States = { 1 2 }
* Dataflow Pipeline: 0

* FSM state transitions: 
1 --> 2 
2 --> 

* FSM state operations: 

State 1 <SV = 0> <Delay = 2.04>
ST_1 : Operation 5 [1/1] (0.00ns)   --->   "%phi_urem16 = alloca i32 1"   --->   Operation 5 'alloca' 'phi_urem16' <Predicate = true> <Delay = 0.00>
ST_1 : Operation 6 [1/1] (0.00ns)   --->   "%phi_mul14 = alloca i32 1"   --->   Operation 6 'alloca' 'phi_mul14' <Predicate = true> <Delay = 0.00>
ST_1 : Operation 7 [1/1] (0.00ns)   --->   "%rem = alloca i32 1" [C:/Users/LAB2_PC10/Desktop/CHINNA/files/conv2d.cpp:79]   --->   Operation 7 'alloca' 'rem' <Predicate = true> <Delay = 0.00>
ST_1 : Operation 8 [1/1] (0.00ns)   --->   "%empty = alloca i32 1"   --->   Operation 8 'alloca' 'empty' <Predicate = true> <Delay = 0.00>
ST_1 : Operation 9 [1/1] (0.00ns)   --->   "%empty_19 = alloca i32 1"   --->   Operation 9 'alloca' 'empty_19' <Predicate = true> <Delay = 0.00>
ST_1 : Operation 10 [1/1] (0.00ns)   --->   "%empty_20 = alloca i32 1"   --->   Operation 10 'alloca' 'empty_20' <Predicate = true> <Delay = 0.00>
ST_1 : Operation 11 [1/1] (0.00ns)   --->   "%empty_21 = alloca i32 1"   --->   Operation 11 'alloca' 'empty_21' <Predicate = true> <Delay = 0.00>
ST_1 : Operation 12 [1/1] (0.00ns)   --->   "%empty_22 = alloca i32 1"   --->   Operation 12 'alloca' 'empty_22' <Predicate = true> <Delay = 0.00>
ST_1 : Operation 13 [1/1] (0.00ns)   --->   "%empty_23 = alloca i32 1"   --->   Operation 13 'alloca' 'empty_23' <Predicate = true> <Delay = 0.00>
ST_1 : Operation 14 [1/1] (0.00ns)   --->   "%empty_24 = alloca i32 1"   --->   Operation 14 'alloca' 'empty_24' <Predicate = true> <Delay = 0.00>
ST_1 : Operation 15 [1/1] (0.00ns)   --->   "%empty_25 = alloca i32 1"   --->   Operation 15 'alloca' 'empty_25' <Predicate = true> <Delay = 0.00>
ST_1 : Operation 16 [1/1] (0.00ns)   --->   "%empty_26 = alloca i32 1"   --->   Operation 16 'alloca' 'empty_26' <Predicate = true> <Delay = 0.00>
ST_1 : Operation 17 [1/1] (0.00ns)   --->   "%specaxissidechannel_ln0 = specaxissidechannel void @_ssdm_op_SpecAXISSideChannel, i16 %weight_stream_V_data_V, i2 %weight_stream_V_keep_V, i2 %weight_stream_V_strb_V, i1 0, i1 %weight_stream_V_last_V, i1 0, i1 0, void @empty_4"   --->   Operation 17 'specaxissidechannel' 'specaxissidechannel_ln0' <Predicate = true> <Delay = 0.00>
ST_1 : Operation 18 [1/1] (0.00ns)   --->   "%specinterface_ln0 = specinterface void @_ssdm_op_SpecInterface, i1 %weight_stream_V_last_V, i2 %weight_stream_V_strb_V, i2 %weight_stream_V_keep_V, i16 %weight_stream_V_data_V, void @empty, i32 0, i32 0, void @empty_0, i32 0, i32 0, void @empty_1, void @empty_1, void @empty_1, i32 0, i32 0, i32 0, i32 0, void @empty_1, void @empty_1, i32 4294967295, i32 0, i32 0, i32 0"   --->   Operation 18 'specinterface' 'specinterface_ln0' <Predicate = true> <Delay = 0.00>
ST_1 : Operation 19 [1/1] (0.42ns)   --->   "%store_ln79 = store i4 0, i4 %rem" [C:/Users/LAB2_PC10/Desktop/CHINNA/files/conv2d.cpp:79]   --->   Operation 19 'store' 'store_ln79' <Predicate = true> <Delay = 0.42>
ST_1 : Operation 20 [1/1] (0.42ns)   --->   "%store_ln0 = store i8 0, i8 %phi_mul14"   --->   Operation 20 'store' 'store_ln0' <Predicate = true> <Delay = 0.42>
ST_1 : Operation 21 [1/1] (0.42ns)   --->   "%store_ln0 = store i4 0, i4 %phi_urem16"   --->   Operation 21 'store' 'store_ln0' <Predicate = true> <Delay = 0.42>
ST_1 : Operation 22 [1/1] (0.00ns)   --->   "%br_ln73 = br void %for.inc38" [C:/Users/LAB2_PC10/Desktop/CHINNA/files/conv2d.cpp:73]   --->   Operation 22 'br' 'br_ln73' <Predicate = true> <Delay = 0.00>
ST_1 : Operation 23 [1/1] (0.00ns)   --->   "%phi_urem16_load = load i4 %phi_urem16" [C:/Users/LAB2_PC10/Desktop/CHINNA/files/conv2d.cpp:73]   --->   Operation 23 'load' 'phi_urem16_load' <Predicate = true> <Delay = 0.00>
ST_1 : Operation 24 [1/1] (0.00ns)   --->   "%i_2 = load i4 %rem" [C:/Users/LAB2_PC10/Desktop/CHINNA/files/conv2d.cpp:73]   --->   Operation 24 'load' 'i_2' <Predicate = true> <Delay = 0.00>
ST_1 : Operation 25 [1/1] (0.79ns)   --->   "%icmp_ln73 = icmp_eq  i4 %i_2, i4 9" [C:/Users/LAB2_PC10/Desktop/CHINNA/files/conv2d.cpp:73]   --->   Operation 25 'icmp' 'icmp_ln73' <Predicate = true> <Delay = 0.79> <CoreInst = "Cmp">   --->   Core 9 'Cmp' <Latency = 0> <II = 1> <Delay = 0.79> <FuncUnit> <Opcode : 'seteq' 'setne' 'setle' 'setge' 'setlt' 'setgt'> <InPorts = 2> <OutPorts = 1>
ST_1 : Operation 26 [1/1] (0.79ns)   --->   "%i = add i4 %i_2, i4 1" [C:/Users/LAB2_PC10/Desktop/CHINNA/files/conv2d.cpp:73]   --->   Operation 26 'add' 'i' <Predicate = true> <Delay = 0.79> <CoreInst = "Adder">   --->   Core 1 'Adder' <Latency = 0> <II = 1> <Delay = 0.79> <FuncUnit> <Opcode : 'add' 'sub'> <InPorts = 2> <OutPorts = 1>
ST_1 : Operation 27 [1/1] (0.00ns)   --->   "%br_ln73 = br i1 %icmp_ln73, void %for.inc38.split, void %CONV_OC.exitStub" [C:/Users/LAB2_PC10/Desktop/CHINNA/files/conv2d.cpp:73]   --->   Operation 27 'br' 'br_ln73' <Predicate = true> <Delay = 0.00>
ST_1 : Operation 28 [1/1] (0.00ns)   --->   "%phi_mul14_load = load i8 %phi_mul14" [C:/Users/LAB2_PC10/Desktop/CHINNA/files/conv2d.cpp:81]   --->   Operation 28 'load' 'phi_mul14_load' <Predicate = (!icmp_ln73)> <Delay = 0.00>
ST_1 : Operation 29 [1/1] (0.76ns)   --->   "%add_ln81 = add i8 %phi_mul14_load, i8 22" [C:/Users/LAB2_PC10/Desktop/CHINNA/files/conv2d.cpp:81]   --->   Operation 29 'add' 'add_ln81' <Predicate = (!icmp_ln73)> <Delay = 0.76> <CoreInst = "Adder">   --->   Core 1 'Adder' <Latency = 0> <II = 1> <Delay = 0.76> <FuncUnit> <Opcode : 'add' 'sub'> <InPorts = 2> <OutPorts = 1>
ST_1 : Operation 30 [1/1] (0.00ns)   --->   "%trunc_ln4 = partselect i2 @_ssdm_op_PartSelect.i2.i8.i32.i32, i8 %phi_mul14_load, i32 6, i32 7" [C:/Users/LAB2_PC10/Desktop/CHINNA/files/conv2d.cpp:81]   --->   Operation 30 'partselect' 'trunc_ln4' <Predicate = (!icmp_ln73)> <Delay = 0.00>
ST_1 : Operation 31 [1/1] (0.00ns)   --->   "%trunc_ln83 = trunc i4 %phi_urem16_load" [C:/Users/LAB2_PC10/Desktop/CHINNA/files/conv2d.cpp:83]   --->   Operation 31 'trunc' 'trunc_ln83' <Predicate = (!icmp_ln73)> <Delay = 0.00>
ST_1 : Operation 32 [1/1] (0.54ns)   --->   "%switch_ln83 = switch i2 %trunc_ln4, void %.case.2411, i2 0, void %.case.0409, i2 1, void %.case.1410" [C:/Users/LAB2_PC10/Desktop/CHINNA/files/conv2d.cpp:83]   --->   Operation 32 'switch' 'switch_ln83' <Predicate = (!icmp_ln73)> <Delay = 0.54>
ST_1 : Operation 33 [1/1] (0.54ns)   --->   "%switch_ln83 = switch i2 %trunc_ln83, void %.case.2421, i2 0, void %.case.1410..exit408_crit_edge, i2 1, void %.case.1420" [C:/Users/LAB2_PC10/Desktop/CHINNA/files/conv2d.cpp:83]   --->   Operation 33 'switch' 'switch_ln83' <Predicate = (!icmp_ln73 & trunc_ln4 == 1)> <Delay = 0.54>
ST_1 : Operation 34 [1/1] (0.54ns)   --->   "%switch_ln83 = switch i2 %trunc_ln83, void %.case.2416, i2 0, void %.case.0409..exit408_crit_edge, i2 1, void %.case.1415" [C:/Users/LAB2_PC10/Desktop/CHINNA/files/conv2d.cpp:83]   --->   Operation 34 'switch' 'switch_ln83' <Predicate = (!icmp_ln73 & trunc_ln4 == 0)> <Delay = 0.54>
ST_1 : Operation 35 [1/1] (0.54ns)   --->   "%switch_ln83 = switch i2 %trunc_ln83, void %.case.2426, i2 0, void %.case.2411..exit408_crit_edge, i2 1, void %.case.1425" [C:/Users/LAB2_PC10/Desktop/CHINNA/files/conv2d.cpp:83]   --->   Operation 35 'switch' 'switch_ln83' <Predicate = (!icmp_ln73 & trunc_ln4 != 0 & trunc_ln4 != 1)> <Delay = 0.54>
ST_1 : Operation 36 [1/1] (0.79ns)   --->   "%add_ln73_1 = add i4 %phi_urem16_load, i4 1" [C:/Users/LAB2_PC10/Desktop/CHINNA/files/conv2d.cpp:73]   --->   Operation 36 'add' 'add_ln73_1' <Predicate = (!icmp_ln73)> <Delay = 0.79> <CoreInst = "Adder">   --->   Core 1 'Adder' <Latency = 0> <II = 1> <Delay = 0.79> <FuncUnit> <Opcode : 'add' 'sub'> <InPorts = 2> <OutPorts = 1>
ST_1 : Operation 37 [1/1] (0.79ns)   --->   "%icmp_ln73_1 = icmp_eq  i4 %phi_urem16_load, i4 2" [C:/Users/LAB2_PC10/Desktop/CHINNA/files/conv2d.cpp:73]   --->   Operation 37 'icmp' 'icmp_ln73_1' <Predicate = (!icmp_ln73)> <Delay = 0.79> <CoreInst = "Cmp">   --->   Core 9 'Cmp' <Latency = 0> <II = 1> <Delay = 0.79> <FuncUnit> <Opcode : 'seteq' 'setne' 'setle' 'setge' 'setlt' 'setgt'> <InPorts = 2> <OutPorts = 1>
ST_1 : Operation 38 [1/1] (0.39ns)   --->   "%select_ln73 = select i1 %icmp_ln73_1, i4 0, i4 %add_ln73_1" [C:/Users/LAB2_PC10/Desktop/CHINNA/files/conv2d.cpp:73]   --->   Operation 38 'select' 'select_ln73' <Predicate = (!icmp_ln73)> <Delay = 0.39> <CoreInst = "Sel">   --->   Core 73 'Sel' <Latency = 0> <II = 1> <Delay = 0.39> <FuncUnit> <Opcode : 'select'> <InPorts = 3> <OutPorts = 1>
ST_1 : Operation 39 [1/1] (0.42ns)   --->   "%store_ln79 = store i4 %i, i4 %rem" [C:/Users/LAB2_PC10/Desktop/CHINNA/files/conv2d.cpp:79]   --->   Operation 39 'store' 'store_ln79' <Predicate = (!icmp_ln73)> <Delay = 0.42>
ST_1 : Operation 40 [1/1] (0.42ns)   --->   "%store_ln81 = store i8 %add_ln81, i8 %phi_mul14" [C:/Users/LAB2_PC10/Desktop/CHINNA/files/conv2d.cpp:81]   --->   Operation 40 'store' 'store_ln81' <Predicate = (!icmp_ln73)> <Delay = 0.42>
ST_1 : Operation 41 [1/1] (0.42ns)   --->   "%store_ln73 = store i4 %select_ln73, i4 %phi_urem16" [C:/Users/LAB2_PC10/Desktop/CHINNA/files/conv2d.cpp:73]   --->   Operation 41 'store' 'store_ln73' <Predicate = (!icmp_ln73)> <Delay = 0.42>
ST_1 : Operation 42 [1/1] (0.00ns)   --->   "%br_ln73 = br void %for.inc38" [C:/Users/LAB2_PC10/Desktop/CHINNA/files/conv2d.cpp:73]   --->   Operation 42 'br' 'br_ln73' <Predicate = (!icmp_ln73)> <Delay = 0.00>
ST_1 : Operation 66 [1/1] (0.00ns)   --->   "%p_load22 = load i16 %empty"   --->   Operation 66 'load' 'p_load22' <Predicate = (icmp_ln73)> <Delay = 0.00>
ST_1 : Operation 67 [1/1] (0.00ns)   --->   "%p_load21 = load i16 %empty_19"   --->   Operation 67 'load' 'p_load21' <Predicate = (icmp_ln73)> <Delay = 0.00>
ST_1 : Operation 68 [1/1] (0.00ns)   --->   "%p_load20 = load i16 %empty_20"   --->   Operation 68 'load' 'p_load20' <Predicate = (icmp_ln73)> <Delay = 0.00>
ST_1 : Operation 69 [1/1] (0.00ns)   --->   "%p_load19 = load i16 %empty_21"   --->   Operation 69 'load' 'p_load19' <Predicate = (icmp_ln73)> <Delay = 0.00>
ST_1 : Operation 70 [1/1] (0.00ns)   --->   "%p_load18 = load i16 %empty_22"   --->   Operation 70 'load' 'p_load18' <Predicate = (icmp_ln73)> <Delay = 0.00>
ST_1 : Operation 71 [1/1] (0.00ns)   --->   "%p_load17 = load i16 %empty_23"   --->   Operation 71 'load' 'p_load17' <Predicate = (icmp_ln73)> <Delay = 0.00>
ST_1 : Operation 72 [1/1] (0.00ns)   --->   "%p_load16 = load i16 %empty_24"   --->   Operation 72 'load' 'p_load16' <Predicate = (icmp_ln73)> <Delay = 0.00>
ST_1 : Operation 73 [1/1] (0.00ns)   --->   "%p_load15 = load i16 %empty_25"   --->   Operation 73 'load' 'p_load15' <Predicate = (icmp_ln73)> <Delay = 0.00>
ST_1 : Operation 74 [1/1] (0.00ns)   --->   "%p_load = load i16 %empty_26"   --->   Operation 74 'load' 'p_load' <Predicate = (icmp_ln73)> <Delay = 0.00>
ST_1 : Operation 75 [1/1] (0.00ns)   --->   "%write_ln0 = write void @_ssdm_op_Write.ap_auto.i16P0A, i16 %p_out, i16 %p_load"   --->   Operation 75 'write' 'write_ln0' <Predicate = (icmp_ln73)> <Delay = 0.00>
ST_1 : Operation 76 [1/1] (0.00ns)   --->   "%write_ln0 = write void @_ssdm_op_Write.ap_auto.i16P0A, i16 %p_out1, i16 %p_load15"   --->   Operation 76 'write' 'write_ln0' <Predicate = (icmp_ln73)> <Delay = 0.00>
ST_1 : Operation 77 [1/1] (0.00ns)   --->   "%write_ln0 = write void @_ssdm_op_Write.ap_auto.i16P0A, i16 %p_out2, i16 %p_load16"   --->   Operation 77 'write' 'write_ln0' <Predicate = (icmp_ln73)> <Delay = 0.00>
ST_1 : Operation 78 [1/1] (0.00ns)   --->   "%write_ln0 = write void @_ssdm_op_Write.ap_auto.i16P0A, i16 %p_out3, i16 %p_load17"   --->   Operation 78 'write' 'write_ln0' <Predicate = (icmp_ln73)> <Delay = 0.00>
ST_1 : Operation 79 [1/1] (0.00ns)   --->   "%write_ln0 = write void @_ssdm_op_Write.ap_auto.i16P0A, i16 %p_out4, i16 %p_load18"   --->   Operation 79 'write' 'write_ln0' <Predicate = (icmp_ln73)> <Delay = 0.00>
ST_1 : Operation 80 [1/1] (0.00ns)   --->   "%write_ln0 = write void @_ssdm_op_Write.ap_auto.i16P0A, i16 %p_out5, i16 %p_load19"   --->   Operation 80 'write' 'write_ln0' <Predicate = (icmp_ln73)> <Delay = 0.00>
ST_1 : Operation 81 [1/1] (0.00ns)   --->   "%write_ln0 = write void @_ssdm_op_Write.ap_auto.i16P0A, i16 %p_out6, i16 %p_load20"   --->   Operation 81 'write' 'write_ln0' <Predicate = (icmp_ln73)> <Delay = 0.00>
ST_1 : Operation 82 [1/1] (0.00ns)   --->   "%write_ln0 = write void @_ssdm_op_Write.ap_auto.i16P0A, i16 %p_out7, i16 %p_load21"   --->   Operation 82 'write' 'write_ln0' <Predicate = (icmp_ln73)> <Delay = 0.00>
ST_1 : Operation 83 [1/1] (0.00ns)   --->   "%write_ln0 = write void @_ssdm_op_Write.ap_auto.i16P0A, i16 %p_out8, i16 %p_load22"   --->   Operation 83 'write' 'write_ln0' <Predicate = (icmp_ln73)> <Delay = 0.00>
ST_1 : Operation 84 [1/1] (0.42ns)   --->   "%ret_ln0 = ret"   --->   Operation 84 'ret' 'ret_ln0' <Predicate = (icmp_ln73)> <Delay = 0.42>

State 2 <SV = 1> <Delay = 0.07>
ST_2 : Operation 43 [1/1] (0.00ns)   --->   "%specpipeline_ln74 = specpipeline void @_ssdm_op_SpecPipeline, i32 1, i32 0, i32 0, i32 0, i32 4294967295, void @empty_1" [C:/Users/LAB2_PC10/Desktop/CHINNA/files/conv2d.cpp:74]   --->   Operation 43 'specpipeline' 'specpipeline_ln74' <Predicate = true> <Delay = 0.00>
ST_2 : Operation 44 [1/1] (0.00ns)   --->   "%speclooptripcount_ln73 = speclooptripcount void @_ssdm_op_SpecLoopTripCount, i64 9, i64 9, i64 9" [C:/Users/LAB2_PC10/Desktop/CHINNA/files/conv2d.cpp:73]   --->   Operation 44 'speclooptripcount' 'speclooptripcount_ln73' <Predicate = true> <Delay = 0.00>
ST_2 : Operation 45 [1/1] (0.00ns)   --->   "%specloopname_ln73 = specloopname void @_ssdm_op_SpecLoopName, void @empty_8" [C:/Users/LAB2_PC10/Desktop/CHINNA/files/conv2d.cpp:73]   --->   Operation 45 'specloopname' 'specloopname_ln73' <Predicate = true> <Delay = 0.00>
ST_2 : Operation 46 [1/1] ( I:0.07ns O:0.07ns )   --->   "%empty_27 = read i21 @_ssdm_op_Read.axis.volatile.i16P0A.i2P0A.i2P0A.i1P0A, i16 %weight_stream_V_data_V, i2 %weight_stream_V_keep_V, i2 %weight_stream_V_strb_V, i1 %weight_stream_V_last_V" [C:/Users/LAB2_PC10/Desktop/CHINNA/files/conv2d.cpp:75]   --->   Operation 46 'read' 'empty_27' <Predicate = true> <Delay = 0.07> <CoreInst = "regslice">   --->   Core 147 'regslice' <Latency = 0> <II = 1> <Delay = 0.59> <Adapter> <Opcode : 'read' 'write'>
ST_2 : Operation 47 [1/1] (0.00ns)   --->   "%pkt_data = extractvalue i21 %empty_27" [C:/Users/LAB2_PC10/Desktop/CHINNA/files/conv2d.cpp:75]   --->   Operation 47 'extractvalue' 'pkt_data' <Predicate = true> <Delay = 0.00>
ST_2 : Operation 48 [1/1] (0.00ns)   --->   "%store_ln75 = store i16 %pkt_data, i16 %empty_22" [C:/Users/LAB2_PC10/Desktop/CHINNA/files/conv2d.cpp:75]   --->   Operation 48 'store' 'store_ln75' <Predicate = (trunc_ln4 == 1 & trunc_ln83 == 1)> <Delay = 0.00>
ST_2 : Operation 49 [1/1] (0.00ns)   --->   "%br_ln83 = br void %.exit408" [C:/Users/LAB2_PC10/Desktop/CHINNA/files/conv2d.cpp:83]   --->   Operation 49 'br' 'br_ln83' <Predicate = (trunc_ln4 == 1 & trunc_ln83 == 1)> <Delay = 0.00>
ST_2 : Operation 50 [1/1] (0.00ns)   --->   "%store_ln75 = store i16 %pkt_data, i16 %empty_21" [C:/Users/LAB2_PC10/Desktop/CHINNA/files/conv2d.cpp:75]   --->   Operation 50 'store' 'store_ln75' <Predicate = (trunc_ln4 == 1 & trunc_ln83 == 0)> <Delay = 0.00>
ST_2 : Operation 51 [1/1] (0.00ns)   --->   "%br_ln83 = br void %.exit408" [C:/Users/LAB2_PC10/Desktop/CHINNA/files/conv2d.cpp:83]   --->   Operation 51 'br' 'br_ln83' <Predicate = (trunc_ln4 == 1 & trunc_ln83 == 0)> <Delay = 0.00>
ST_2 : Operation 52 [1/1] (0.00ns)   --->   "%store_ln75 = store i16 %pkt_data, i16 %empty_23" [C:/Users/LAB2_PC10/Desktop/CHINNA/files/conv2d.cpp:75]   --->   Operation 52 'store' 'store_ln75' <Predicate = (trunc_ln4 == 1 & trunc_ln83 != 0 & trunc_ln83 != 1)> <Delay = 0.00>
ST_2 : Operation 53 [1/1] (0.00ns)   --->   "%br_ln83 = br void %.exit408" [C:/Users/LAB2_PC10/Desktop/CHINNA/files/conv2d.cpp:83]   --->   Operation 53 'br' 'br_ln83' <Predicate = (trunc_ln4 == 1 & trunc_ln83 != 0 & trunc_ln83 != 1)> <Delay = 0.00>
ST_2 : Operation 54 [1/1] (0.00ns)   --->   "%store_ln75 = store i16 %pkt_data, i16 %empty_19" [C:/Users/LAB2_PC10/Desktop/CHINNA/files/conv2d.cpp:75]   --->   Operation 54 'store' 'store_ln75' <Predicate = (trunc_ln4 == 0 & trunc_ln83 == 1)> <Delay = 0.00>
ST_2 : Operation 55 [1/1] (0.00ns)   --->   "%br_ln83 = br void %.exit408" [C:/Users/LAB2_PC10/Desktop/CHINNA/files/conv2d.cpp:83]   --->   Operation 55 'br' 'br_ln83' <Predicate = (trunc_ln4 == 0 & trunc_ln83 == 1)> <Delay = 0.00>
ST_2 : Operation 56 [1/1] (0.00ns)   --->   "%store_ln75 = store i16 %pkt_data, i16 %empty" [C:/Users/LAB2_PC10/Desktop/CHINNA/files/conv2d.cpp:75]   --->   Operation 56 'store' 'store_ln75' <Predicate = (trunc_ln4 == 0 & trunc_ln83 == 0)> <Delay = 0.00>
ST_2 : Operation 57 [1/1] (0.00ns)   --->   "%br_ln83 = br void %.exit408" [C:/Users/LAB2_PC10/Desktop/CHINNA/files/conv2d.cpp:83]   --->   Operation 57 'br' 'br_ln83' <Predicate = (trunc_ln4 == 0 & trunc_ln83 == 0)> <Delay = 0.00>
ST_2 : Operation 58 [1/1] (0.00ns)   --->   "%store_ln75 = store i16 %pkt_data, i16 %empty_20" [C:/Users/LAB2_PC10/Desktop/CHINNA/files/conv2d.cpp:75]   --->   Operation 58 'store' 'store_ln75' <Predicate = (trunc_ln4 == 0 & trunc_ln83 != 0 & trunc_ln83 != 1)> <Delay = 0.00>
ST_2 : Operation 59 [1/1] (0.00ns)   --->   "%br_ln83 = br void %.exit408" [C:/Users/LAB2_PC10/Desktop/CHINNA/files/conv2d.cpp:83]   --->   Operation 59 'br' 'br_ln83' <Predicate = (trunc_ln4 == 0 & trunc_ln83 != 0 & trunc_ln83 != 1)> <Delay = 0.00>
ST_2 : Operation 60 [1/1] (0.00ns)   --->   "%store_ln75 = store i16 %pkt_data, i16 %empty_25" [C:/Users/LAB2_PC10/Desktop/CHINNA/files/conv2d.cpp:75]   --->   Operation 60 'store' 'store_ln75' <Predicate = (trunc_ln4 != 0 & trunc_ln4 != 1 & trunc_ln83 == 1)> <Delay = 0.00>
ST_2 : Operation 61 [1/1] (0.00ns)   --->   "%br_ln83 = br void %.exit408" [C:/Users/LAB2_PC10/Desktop/CHINNA/files/conv2d.cpp:83]   --->   Operation 61 'br' 'br_ln83' <Predicate = (trunc_ln4 != 0 & trunc_ln4 != 1 & trunc_ln83 == 1)> <Delay = 0.00>
ST_2 : Operation 62 [1/1] (0.00ns)   --->   "%store_ln75 = store i16 %pkt_data, i16 %empty_24" [C:/Users/LAB2_PC10/Desktop/CHINNA/files/conv2d.cpp:75]   --->   Operation 62 'store' 'store_ln75' <Predicate = (trunc_ln4 != 0 & trunc_ln4 != 1 & trunc_ln83 == 0)> <Delay = 0.00>
ST_2 : Operation 63 [1/1] (0.00ns)   --->   "%br_ln83 = br void %.exit408" [C:/Users/LAB2_PC10/Desktop/CHINNA/files/conv2d.cpp:83]   --->   Operation 63 'br' 'br_ln83' <Predicate = (trunc_ln4 != 0 & trunc_ln4 != 1 & trunc_ln83 == 0)> <Delay = 0.00>
ST_2 : Operation 64 [1/1] (0.00ns)   --->   "%store_ln75 = store i16 %pkt_data, i16 %empty_26" [C:/Users/LAB2_PC10/Desktop/CHINNA/files/conv2d.cpp:75]   --->   Operation 64 'store' 'store_ln75' <Predicate = (trunc_ln4 != 0 & trunc_ln4 != 1 & trunc_ln83 != 0 & trunc_ln83 != 1)> <Delay = 0.00>
ST_2 : Operation 65 [1/1] (0.00ns)   --->   "%br_ln83 = br void %.exit408" [C:/Users/LAB2_PC10/Desktop/CHINNA/files/conv2d.cpp:83]   --->   Operation 65 'br' 'br_ln83' <Predicate = (trunc_ln4 != 0 & trunc_ln4 != 1 & trunc_ln83 != 0 & trunc_ln83 != 1)> <Delay = 0.00>


============================================================
+ Verbose Summary: Binding
============================================================
STG Binding: 
---------------- STG Properties BEGIN ----------------
- Is combinational: 0
- Is one-state seq: 0
- Is datapath-only: 0
- Is pipelined: 0
- Is top level: 0
Port [ Return ] is wired: 1; IO mode=ap_ctrl_hs:ce=0
Port [ weight_stream_V_data_V]:  wired=1; compound=1; hidden=0; nouse=0; global=0; static=0; extern=0; dir=0; type=0; pingpong=0; private_global=0; IO mode=axis:ce=0
Port [ weight_stream_V_keep_V]:  wired=1; compound=1; hidden=0; nouse=0; global=0; static=0; extern=0; dir=0; type=0; pingpong=0; private_global=0; IO mode=axis:ce=0
Port [ weight_stream_V_strb_V]:  wired=1; compound=1; hidden=0; nouse=0; global=0; static=0; extern=0; dir=0; type=0; pingpong=0; private_global=0; IO mode=axis:ce=0
Port [ weight_stream_V_last_V]:  wired=1; compound=1; hidden=0; nouse=0; global=0; static=0; extern=0; dir=0; type=0; pingpong=0; private_global=0; IO mode=axis:ce=0
Port [ p_out]:  wired=1; compound=0; hidden=0; nouse=0; global=0; static=0; extern=0; dir=1; type=0; pingpong=0; private_global=0; IO mode=ap_vld:ce=0
Port [ p_out1]:  wired=1; compound=0; hidden=0; nouse=0; global=0; static=0; extern=0; dir=1; type=0; pingpong=0; private_global=0; IO mode=ap_vld:ce=0
Port [ p_out2]:  wired=1; compound=0; hidden=0; nouse=0; global=0; static=0; extern=0; dir=1; type=0; pingpong=0; private_global=0; IO mode=ap_vld:ce=0
Port [ p_out3]:  wired=1; compound=0; hidden=0; nouse=0; global=0; static=0; extern=0; dir=1; type=0; pingpong=0; private_global=0; IO mode=ap_vld:ce=0
Port [ p_out4]:  wired=1; compound=0; hidden=0; nouse=0; global=0; static=0; extern=0; dir=1; type=0; pingpong=0; private_global=0; IO mode=ap_vld:ce=0
Port [ p_out5]:  wired=1; compound=0; hidden=0; nouse=0; global=0; static=0; extern=0; dir=1; type=0; pingpong=0; private_global=0; IO mode=ap_vld:ce=0
Port [ p_out6]:  wired=1; compound=0; hidden=0; nouse=0; global=0; static=0; extern=0; dir=1; type=0; pingpong=0; private_global=0; IO mode=ap_vld:ce=0
Port [ p_out7]:  wired=1; compound=0; hidden=0; nouse=0; global=0; static=0; extern=0; dir=1; type=0; pingpong=0; private_global=0; IO mode=ap_vld:ce=0
Port [ p_out8]:  wired=1; compound=0; hidden=0; nouse=0; global=0; static=0; extern=0; dir=1; type=0; pingpong=0; private_global=0; IO mode=ap_vld:ce=0
---------------- STG Properties END ------------------

---------------- Datapath Model BEGIN ----------------

<LifeTime>
<method=bitvector/>
phi_urem16              (alloca             ) [ 010]
phi_mul14               (alloca             ) [ 010]
rem                     (alloca             ) [ 010]
empty                   (alloca             ) [ 011]
empty_19                (alloca             ) [ 011]
empty_20                (alloca             ) [ 011]
empty_21                (alloca             ) [ 011]
empty_22                (alloca             ) [ 011]
empty_23                (alloca             ) [ 011]
empty_24                (alloca             ) [ 011]
empty_25                (alloca             ) [ 011]
empty_26                (alloca             ) [ 011]
specaxissidechannel_ln0 (specaxissidechannel) [ 000]
specinterface_ln0       (specinterface      ) [ 000]
store_ln79              (store              ) [ 000]
store_ln0               (store              ) [ 000]
store_ln0               (store              ) [ 000]
br_ln73                 (br                 ) [ 000]
phi_urem16_load         (load               ) [ 000]
i_2                     (load               ) [ 000]
icmp_ln73               (icmp               ) [ 010]
i                       (add                ) [ 000]
br_ln73                 (br                 ) [ 000]
phi_mul14_load          (load               ) [ 000]
add_ln81                (add                ) [ 000]
trunc_ln4               (partselect         ) [ 011]
trunc_ln83              (trunc              ) [ 011]
switch_ln83             (switch             ) [ 000]
switch_ln83             (switch             ) [ 000]
switch_ln83             (switch             ) [ 000]
switch_ln83             (switch             ) [ 000]
add_ln73_1              (add                ) [ 000]
icmp_ln73_1             (icmp               ) [ 000]
select_ln73             (select             ) [ 000]
store_ln79              (store              ) [ 000]
store_ln81              (store              ) [ 000]
store_ln73              (store              ) [ 000]
br_ln73                 (br                 ) [ 000]
specpipeline_ln74       (specpipeline       ) [ 000]
speclooptripcount_ln73  (speclooptripcount  ) [ 000]
specloopname_ln73       (specloopname       ) [ 000]
empty_27                (read               ) [ 000]
pkt_data                (extractvalue       ) [ 000]
store_ln75              (store              ) [ 000]
br_ln83                 (br                 ) [ 000]
store_ln75              (store              ) [ 000]
br_ln83                 (br                 ) [ 000]
store_ln75              (store              ) [ 000]
br_ln83                 (br                 ) [ 000]
store_ln75              (store              ) [ 000]
br_ln83                 (br                 ) [ 000]
store_ln75              (store              ) [ 000]
br_ln83                 (br                 ) [ 000]
store_ln75              (store              ) [ 000]
br_ln83                 (br                 ) [ 000]
store_ln75              (store              ) [ 000]
br_ln83                 (br                 ) [ 000]
store_ln75              (store              ) [ 000]
br_ln83                 (br                 ) [ 000]
store_ln75              (store              ) [ 000]
br_ln83                 (br                 ) [ 000]
p_load22                (load               ) [ 000]
p_load21                (load               ) [ 000]
p_load20                (load               ) [ 000]
p_load19                (load               ) [ 000]
p_load18                (load               ) [ 000]
p_load17                (load               ) [ 000]
p_load16                (load               ) [ 000]
p_load15                (load               ) [ 000]
p_load                  (load               ) [ 000]
write_ln0               (write              ) [ 000]
write_ln0               (write              ) [ 000]
write_ln0               (write              ) [ 000]
write_ln0               (write              ) [ 000]
write_ln0               (write              ) [ 000]
write_ln0               (write              ) [ 000]
write_ln0               (write              ) [ 000]
write_ln0               (write              ) [ 000]
write_ln0               (write              ) [ 000]
ret_ln0                 (ret                ) [ 000]
</LifeTime>

<model>

<comp_list>
<comp id="0" class="1000" name="weight_stream_V_data_V">
<pin_list>
<pin id="1" dir="1" index="0" bw="1" slack="0"/>
</pin_list>
<bind>
<StgValue><ssdm name="weight_stream_V_data_V"/></StgValue>
</bind>
</comp>

<comp id="2" class="1000" name="weight_stream_V_keep_V">
<pin_list>
<pin id="3" dir="1" index="0" bw="1" slack="0"/>
</pin_list>
<bind>
<StgValue><ssdm name="weight_stream_V_keep_V"/></StgValue>
</bind>
</comp>

<comp id="4" class="1000" name="weight_stream_V_strb_V">
<pin_list>
<pin id="5" dir="1" index="0" bw="1" slack="0"/>
</pin_list>
<bind>
<StgValue><ssdm name="weight_stream_V_strb_V"/></StgValue>
</bind>
</comp>

<comp id="6" class="1000" name="weight_stream_V_last_V">
<pin_list>
<pin id="7" dir="1" index="0" bw="1" slack="0"/>
</pin_list>
<bind>
<StgValue><ssdm name="weight_stream_V_last_V"/></StgValue>
</bind>
</comp>

<comp id="8" class="1000" name="p_out">
<pin_list>
<pin id="9" dir="1" index="0" bw="1" slack="0"/>
</pin_list>
<bind>
<StgValue><ssdm name="p_out"/></StgValue>
</bind>
</comp>

<comp id="10" class="1000" name="p_out1">
<pin_list>
<pin id="11" dir="1" index="0" bw="1" slack="0"/>
</pin_list>
<bind>
<StgValue><ssdm name="p_out1"/></StgValue>
</bind>
</comp>

<comp id="12" class="1000" name="p_out2">
<pin_list>
<pin id="13" dir="1" index="0" bw="1" slack="0"/>
</pin_list>
<bind>
<StgValue><ssdm name="p_out2"/></StgValue>
</bind>
</comp>

<comp id="14" class="1000" name="p_out3">
<pin_list>
<pin id="15" dir="1" index="0" bw="1" slack="0"/>
</pin_list>
<bind>
<StgValue><ssdm name="p_out3"/></StgValue>
</bind>
</comp>

<comp id="16" class="1000" name="p_out4">
<pin_list>
<pin id="17" dir="1" index="0" bw="1" slack="0"/>
</pin_list>
<bind>
<StgValue><ssdm name="p_out4"/></StgValue>
</bind>
</comp>

<comp id="18" class="1000" name="p_out5">
<pin_list>
<pin id="19" dir="1" index="0" bw="1" slack="0"/>
</pin_list>
<bind>
<StgValue><ssdm name="p_out5"/></StgValue>
</bind>
</comp>

<comp id="20" class="1000" name="p_out6">
<pin_list>
<pin id="21" dir="1" index="0" bw="1" slack="0"/>
</pin_list>
<bind>
<StgValue><ssdm name="p_out6"/></StgValue>
</bind>
</comp>

<comp id="22" class="1000" name="p_out7">
<pin_list>
<pin id="23" dir="1" index="0" bw="1" slack="0"/>
</pin_list>
<bind>
<StgValue><ssdm name="p_out7"/></StgValue>
</bind>
</comp>

<comp id="24" class="1000" name="p_out8">
<pin_list>
<pin id="25" dir="1" index="0" bw="1" slack="0"/>
</pin_list>
<bind>
<StgValue><ssdm name="p_out8"/></StgValue>
</bind>
</comp>

<comp id="26" class="1001" name="const_26">
<pin_list>
<pin id="27" dir="1" index="0" bw="1" slack="0"/>
</pin_list>
<bind>
<StgValue><ssdm name=""/></StgValue>
</bind>
</comp>

<comp id="28" class="1001" name="const_28">
<pin_list>
<pin id="29" dir="1" index="0" bw="1" slack="2147483647"/>
</pin_list>
<bind>
<StgValue><ssdm name="_ssdm_op_SpecAXISSideChannel"/></StgValue>
</bind>
</comp>

<comp id="30" class="1001" name="const_30">
<pin_list>
<pin id="31" dir="1" index="0" bw="1" slack="2147483647"/>
</pin_list>
<bind>
<StgValue><ssdm name=""/></StgValue>
</bind>
</comp>

<comp id="32" class="1001" name="const_32">
<pin_list>
<pin id="33" dir="1" index="0" bw="1" slack="2147483647"/>
</pin_list>
<bind>
<StgValue><ssdm name="empty_4"/></StgValue>
</bind>
</comp>

<comp id="34" class="1001" name="const_34">
<pin_list>
<pin id="35" dir="1" index="0" bw="1" slack="2147483647"/>
</pin_list>
<bind>
<StgValue><ssdm name="_ssdm_op_SpecInterface"/></StgValue>
</bind>
</comp>

<comp id="36" class="1001" name="const_36">
<pin_list>
<pin id="37" dir="1" index="0" bw="1" slack="2147483647"/>
</pin_list>
<bind>
<StgValue><ssdm name="empty"/></StgValue>
</bind>
</comp>

<comp id="38" class="1001" name="const_38">
<pin_list>
<pin id="39" dir="1" index="0" bw="1" slack="2147483647"/>
</pin_list>
<bind>
<StgValue><ssdm name=""/></StgValue>
</bind>
</comp>

<comp id="40" class="1001" name="const_40">
<pin_list>
<pin id="41" dir="1" index="0" bw="1" slack="2147483647"/>
</pin_list>
<bind>
<StgValue><ssdm name="empty_0"/></StgValue>
</bind>
</comp>

<comp id="42" class="1001" name="const_42">
<pin_list>
<pin id="43" dir="1" index="0" bw="1" slack="2147483647"/>
</pin_list>
<bind>
<StgValue><ssdm name="empty_1"/></StgValue>
</bind>
</comp>

<comp id="44" class="1001" name="const_44">
<pin_list>
<pin id="45" dir="1" index="0" bw="1" slack="2147483647"/>
</pin_list>
<bind>
<StgValue><ssdm name=""/></StgValue>
</bind>
</comp>

<comp id="46" class="1001" name="const_46">
<pin_list>
<pin id="47" dir="1" index="0" bw="1" slack="0"/>
</pin_list>
<bind>
<StgValue><ssdm name=""/></StgValue>
</bind>
</comp>

<comp id="48" class="1001" name="const_48">
<pin_list>
<pin id="49" dir="1" index="0" bw="1" slack="0"/>
</pin_list>
<bind>
<StgValue><ssdm name=""/></StgValue>
</bind>
</comp>

<comp id="50" class="1001" name="const_50">
<pin_list>
<pin id="51" dir="1" index="0" bw="1" slack="0"/>
</pin_list>
<bind>
<StgValue><ssdm name=""/></StgValue>
</bind>
</comp>

<comp id="52" class="1001" name="const_52">
<pin_list>
<pin id="53" dir="1" index="0" bw="1" slack="0"/>
</pin_list>
<bind>
<StgValue><ssdm name=""/></StgValue>
</bind>
</comp>

<comp id="54" class="1001" name="const_54">
<pin_list>
<pin id="55" dir="1" index="0" bw="1" slack="0"/>
</pin_list>
<bind>
<StgValue><ssdm name=""/></StgValue>
</bind>
</comp>

<comp id="56" class="1001" name="const_56">
<pin_list>
<pin id="57" dir="1" index="0" bw="1" slack="0"/>
</pin_list>
<bind>
<StgValue><ssdm name="_ssdm_op_PartSelect.i2.i8.i32.i32"/></StgValue>
</bind>
</comp>

<comp id="58" class="1001" name="const_58">
<pin_list>
<pin id="59" dir="1" index="0" bw="1" slack="0"/>
</pin_list>
<bind>
<StgValue><ssdm name=""/></StgValue>
</bind>
</comp>

<comp id="60" class="1001" name="const_60">
<pin_list>
<pin id="61" dir="1" index="0" bw="1" slack="0"/>
</pin_list>
<bind>
<StgValue><ssdm name=""/></StgValue>
</bind>
</comp>

<comp id="62" class="1001" name="const_62">
<pin_list>
<pin id="63" dir="1" index="0" bw="1" slack="0"/>
</pin_list>
<bind>
<StgValue><ssdm name=""/></StgValue>
</bind>
</comp>

<comp id="64" class="1001" name="const_64">
<pin_list>
<pin id="65" dir="1" index="0" bw="1" slack="0"/>
</pin_list>
<bind>
<StgValue><ssdm name=""/></StgValue>
</bind>
</comp>

<comp id="66" class="1001" name="const_66">
<pin_list>
<pin id="67" dir="1" index="0" bw="1" slack="0"/>
</pin_list>
<bind>
<StgValue><ssdm name=""/></StgValue>
</bind>
</comp>

<comp id="68" class="1001" name="const_68">
<pin_list>
<pin id="69" dir="1" index="0" bw="1" slack="2147483647"/>
</pin_list>
<bind>
<StgValue><ssdm name="_ssdm_op_SpecPipeline"/></StgValue>
</bind>
</comp>

<comp id="70" class="1001" name="const_70">
<pin_list>
<pin id="71" dir="1" index="0" bw="1" slack="2147483647"/>
</pin_list>
<bind>
<StgValue><ssdm name="_ssdm_op_SpecLoopTripCount"/></StgValue>
</bind>
</comp>

<comp id="72" class="1001" name="const_72">
<pin_list>
<pin id="73" dir="1" index="0" bw="1" slack="2147483647"/>
</pin_list>
<bind>
<StgValue><ssdm name=""/></StgValue>
</bind>
</comp>

<comp id="74" class="1001" name="const_74">
<pin_list>
<pin id="75" dir="1" index="0" bw="1" slack="2147483647"/>
</pin_list>
<bind>
<StgValue><ssdm name="_ssdm_op_SpecLoopName"/></StgValue>
</bind>
</comp>

<comp id="76" class="1001" name="const_76">
<pin_list>
<pin id="77" dir="1" index="0" bw="1" slack="2147483647"/>
</pin_list>
<bind>
<StgValue><ssdm name="empty_8"/></StgValue>
</bind>
</comp>

<comp id="78" class="1001" name="const_78">
<pin_list>
<pin id="79" dir="1" index="0" bw="1" slack="0"/>
</pin_list>
<bind>
<StgValue><ssdm name="_ssdm_op_Read.axis.volatile.i16P0A.i2P0A.i2P0A.i1P0A"/></StgValue>
</bind>
</comp>

<comp id="80" class="1001" name="const_80">
<pin_list>
<pin id="81" dir="1" index="0" bw="1" slack="0"/>
</pin_list>
<bind>
<StgValue><ssdm name="_ssdm_op_Write.ap_auto.i16P0A"/></StgValue>
</bind>
</comp>

<comp id="82" class="1004" name="phi_urem16_fu_82">
<pin_list>
<pin id="83" dir="0" index="0" bw="1" slack="0"/>
<pin id="84" dir="1" index="1" bw="4" slack="0"/>
</pin_list>
<bind>
<opcode="alloca(26) " fcode="alloca"/>
<opset="phi_urem16/1 "/>
</bind>
</comp>

<comp id="86" class="1004" name="phi_mul14_fu_86">
<pin_list>
<pin id="87" dir="0" index="0" bw="1" slack="0"/>
<pin id="88" dir="1" index="1" bw="8" slack="0"/>
</pin_list>
<bind>
<opcode="alloca(26) " fcode="alloca"/>
<opset="phi_mul14/1 "/>
</bind>
</comp>

<comp id="90" class="1004" name="rem_fu_90">
<pin_list>
<pin id="91" dir="0" index="0" bw="1" slack="0"/>
<pin id="92" dir="1" index="1" bw="4" slack="0"/>
</pin_list>
<bind>
<opcode="alloca(26) " fcode="alloca"/>
<opset="rem/1 "/>
</bind>
</comp>

<comp id="94" class="1004" name="empty_fu_94">
<pin_list>
<pin id="95" dir="0" index="0" bw="1" slack="0"/>
<pin id="96" dir="1" index="1" bw="16" slack="0"/>
</pin_list>
<bind>
<opcode="alloca(26) " fcode="alloca"/>
<opset="empty/1 "/>
</bind>
</comp>

<comp id="98" class="1004" name="empty_19_fu_98">
<pin_list>
<pin id="99" dir="0" index="0" bw="1" slack="0"/>
<pin id="100" dir="1" index="1" bw="16" slack="0"/>
</pin_list>
<bind>
<opcode="alloca(26) " fcode="alloca"/>
<opset="empty_19/1 "/>
</bind>
</comp>

<comp id="102" class="1004" name="empty_20_fu_102">
<pin_list>
<pin id="103" dir="0" index="0" bw="1" slack="0"/>
<pin id="104" dir="1" index="1" bw="16" slack="0"/>
</pin_list>
<bind>
<opcode="alloca(26) " fcode="alloca"/>
<opset="empty_20/1 "/>
</bind>
</comp>

<comp id="106" class="1004" name="empty_21_fu_106">
<pin_list>
<pin id="107" dir="0" index="0" bw="1" slack="0"/>
<pin id="108" dir="1" index="1" bw="16" slack="0"/>
</pin_list>
<bind>
<opcode="alloca(26) " fcode="alloca"/>
<opset="empty_21/1 "/>
</bind>
</comp>

<comp id="110" class="1004" name="empty_22_fu_110">
<pin_list>
<pin id="111" dir="0" index="0" bw="1" slack="0"/>
<pin id="112" dir="1" index="1" bw="16" slack="0"/>
</pin_list>
<bind>
<opcode="alloca(26) " fcode="alloca"/>
<opset="empty_22/1 "/>
</bind>
</comp>

<comp id="114" class="1004" name="empty_23_fu_114">
<pin_list>
<pin id="115" dir="0" index="0" bw="1" slack="0"/>
<pin id="116" dir="1" index="1" bw="16" slack="0"/>
</pin_list>
<bind>
<opcode="alloca(26) " fcode="alloca"/>
<opset="empty_23/1 "/>
</bind>
</comp>

<comp id="118" class="1004" name="empty_24_fu_118">
<pin_list>
<pin id="119" dir="0" index="0" bw="1" slack="0"/>
<pin id="120" dir="1" index="1" bw="16" slack="0"/>
</pin_list>
<bind>
<opcode="alloca(26) " fcode="alloca"/>
<opset="empty_24/1 "/>
</bind>
</comp>

<comp id="122" class="1004" name="empty_25_fu_122">
<pin_list>
<pin id="123" dir="0" index="0" bw="1" slack="0"/>
<pin id="124" dir="1" index="1" bw="16" slack="0"/>
</pin_list>
<bind>
<opcode="alloca(26) " fcode="alloca"/>
<opset="empty_25/1 "/>
</bind>
</comp>

<comp id="126" class="1004" name="empty_26_fu_126">
<pin_list>
<pin id="127" dir="0" index="0" bw="1" slack="0"/>
<pin id="128" dir="1" index="1" bw="16" slack="0"/>
</pin_list>
<bind>
<opcode="alloca(26) " fcode="alloca"/>
<opset="empty_26/1 "/>
</bind>
</comp>

<comp id="130" class="1004" name="empty_27_read_fu_130">
<pin_list>
<pin id="131" dir="0" index="0" bw="21" slack="0"/>
<pin id="132" dir="0" index="1" bw="16" slack="0"/>
<pin id="133" dir="0" index="2" bw="2" slack="0"/>
<pin id="134" dir="0" index="3" bw="2" slack="0"/>
<pin id="135" dir="0" index="4" bw="1" slack="0"/>
<pin id="136" dir="1" index="5" bw="21" slack="0"/>
</pin_list>
<bind>
<opcode="read(1150) " fcode="read"/>
<opset="empty_27/2 "/>
</bind>
</comp>

<comp id="142" class="1004" name="write_ln0_write_fu_142">
<pin_list>
<pin id="143" dir="0" index="0" bw="0" slack="0"/>
<pin id="144" dir="0" index="1" bw="16" slack="0"/>
<pin id="145" dir="0" index="2" bw="16" slack="0"/>
<pin id="146" dir="1" index="3" bw="0" slack="2147483647"/>
</pin_list>
<bind>
<opcode="write(1151) " fcode="write"/>
<opset="write_ln0/1 "/>
</bind>
</comp>

<comp id="149" class="1004" name="write_ln0_write_fu_149">
<pin_list>
<pin id="150" dir="0" index="0" bw="0" slack="0"/>
<pin id="151" dir="0" index="1" bw="16" slack="0"/>
<pin id="152" dir="0" index="2" bw="16" slack="0"/>
<pin id="153" dir="1" index="3" bw="0" slack="2147483647"/>
</pin_list>
<bind>
<opcode="write(1151) " fcode="write"/>
<opset="write_ln0/1 "/>
</bind>
</comp>

<comp id="156" class="1004" name="write_ln0_write_fu_156">
<pin_list>
<pin id="157" dir="0" index="0" bw="0" slack="0"/>
<pin id="158" dir="0" index="1" bw="16" slack="0"/>
<pin id="159" dir="0" index="2" bw="16" slack="0"/>
<pin id="160" dir="1" index="3" bw="0" slack="2147483647"/>
</pin_list>
<bind>
<opcode="write(1151) " fcode="write"/>
<opset="write_ln0/1 "/>
</bind>
</comp>

<comp id="163" class="1004" name="write_ln0_write_fu_163">
<pin_list>
<pin id="164" dir="0" index="0" bw="0" slack="0"/>
<pin id="165" dir="0" index="1" bw="16" slack="0"/>
<pin id="166" dir="0" index="2" bw="16" slack="0"/>
<pin id="167" dir="1" index="3" bw="0" slack="2147483647"/>
</pin_list>
<bind>
<opcode="write(1151) " fcode="write"/>
<opset="write_ln0/1 "/>
</bind>
</comp>

<comp id="170" class="1004" name="write_ln0_write_fu_170">
<pin_list>
<pin id="171" dir="0" index="0" bw="0" slack="0"/>
<pin id="172" dir="0" index="1" bw="16" slack="0"/>
<pin id="173" dir="0" index="2" bw="16" slack="0"/>
<pin id="174" dir="1" index="3" bw="0" slack="2147483647"/>
</pin_list>
<bind>
<opcode="write(1151) " fcode="write"/>
<opset="write_ln0/1 "/>
</bind>
</comp>

<comp id="177" class="1004" name="write_ln0_write_fu_177">
<pin_list>
<pin id="178" dir="0" index="0" bw="0" slack="0"/>
<pin id="179" dir="0" index="1" bw="16" slack="0"/>
<pin id="180" dir="0" index="2" bw="16" slack="0"/>
<pin id="181" dir="1" index="3" bw="0" slack="2147483647"/>
</pin_list>
<bind>
<opcode="write(1151) " fcode="write"/>
<opset="write_ln0/1 "/>
</bind>
</comp>

<comp id="184" class="1004" name="write_ln0_write_fu_184">
<pin_list>
<pin id="185" dir="0" index="0" bw="0" slack="0"/>
<pin id="186" dir="0" index="1" bw="16" slack="0"/>
<pin id="187" dir="0" index="2" bw="16" slack="0"/>
<pin id="188" dir="1" index="3" bw="0" slack="2147483647"/>
</pin_list>
<bind>
<opcode="write(1151) " fcode="write"/>
<opset="write_ln0/1 "/>
</bind>
</comp>

<comp id="191" class="1004" name="write_ln0_write_fu_191">
<pin_list>
<pin id="192" dir="0" index="0" bw="0" slack="0"/>
<pin id="193" dir="0" index="1" bw="16" slack="0"/>
<pin id="194" dir="0" index="2" bw="16" slack="0"/>
<pin id="195" dir="1" index="3" bw="0" slack="2147483647"/>
</pin_list>
<bind>
<opcode="write(1151) " fcode="write"/>
<opset="write_ln0/1 "/>
</bind>
</comp>

<comp id="198" class="1004" name="write_ln0_write_fu_198">
<pin_list>
<pin id="199" dir="0" index="0" bw="0" slack="0"/>
<pin id="200" dir="0" index="1" bw="16" slack="0"/>
<pin id="201" dir="0" index="2" bw="16" slack="0"/>
<pin id="202" dir="1" index="3" bw="0" slack="2147483647"/>
</pin_list>
<bind>
<opcode="write(1151) " fcode="write"/>
<opset="write_ln0/1 "/>
</bind>
</comp>

<comp id="205" class="1004" name="grp_fu_205">
<pin_list>
<pin id="206" dir="0" index="0" bw="2" slack="0"/>
<pin id="207" dir="0" index="1" bw="1" slack="0"/>
<pin id="208" dir="0" index="2" bw="1" slack="0"/>
<pin id="209" dir="1" index="3" bw="0" slack="2147483647"/>
</pin_list>
<bind>
<opcode="switch(3) " fcode="switch"/>
<opset="switch_ln83/1 switch_ln83/1 switch_ln83/1 "/>
</bind>
</comp>

<comp id="212" class="1004" name="store_ln79_store_fu_212">
<pin_list>
<pin id="213" dir="0" index="0" bw="1" slack="0"/>
<pin id="214" dir="0" index="1" bw="4" slack="0"/>
<pin id="215" dir="1" index="2" bw="0" slack="2147483647"/>
</pin_list>
<bind>
<opcode="store(28) " fcode="store"/>
<opset="store_ln79/1 "/>
</bind>
</comp>

<comp id="217" class="1004" name="store_ln0_store_fu_217">
<pin_list>
<pin id="218" dir="0" index="0" bw="1" slack="0"/>
<pin id="219" dir="0" index="1" bw="8" slack="0"/>
<pin id="220" dir="1" index="2" bw="0" slack="2147483647"/>
</pin_list>
<bind>
<opcode="store(28) " fcode="store"/>
<opset="store_ln0/1 "/>
</bind>
</comp>

<comp id="222" class="1004" name="store_ln0_store_fu_222">
<pin_list>
<pin id="223" dir="0" index="0" bw="1" slack="0"/>
<pin id="224" dir="0" index="1" bw="4" slack="0"/>
<pin id="225" dir="1" index="2" bw="0" slack="2147483647"/>
</pin_list>
<bind>
<opcode="store(28) " fcode="store"/>
<opset="store_ln0/1 "/>
</bind>
</comp>

<comp id="227" class="1004" name="phi_urem16_load_load_fu_227">
<pin_list>
<pin id="228" dir="0" index="0" bw="4" slack="0"/>
<pin id="229" dir="1" index="1" bw="4" slack="0"/>
</pin_list>
<bind>
<opcode="load(27) " fcode="load"/>
<opset="phi_urem16_load/1 "/>
</bind>
</comp>

<comp id="230" class="1004" name="i_2_load_fu_230">
<pin_list>
<pin id="231" dir="0" index="0" bw="4" slack="0"/>
<pin id="232" dir="1" index="1" bw="4" slack="0"/>
</pin_list>
<bind>
<opcode="load(27) " fcode="load"/>
<opset="i_2/1 "/>
</bind>
</comp>

<comp id="233" class="1004" name="icmp_ln73_fu_233">
<pin_list>
<pin id="234" dir="0" index="0" bw="4" slack="0"/>
<pin id="235" dir="0" index="1" bw="4" slack="0"/>
<pin id="236" dir="1" index="2" bw="1" slack="2147483647"/>
</pin_list>
<bind>
<opcode="icmp(45) " fcode="icmp"/>
<opset="icmp_ln73/1 "/>
</bind>
</comp>

<comp id="239" class="1004" name="i_fu_239">
<pin_list>
<pin id="240" dir="0" index="0" bw="4" slack="0"/>
<pin id="241" dir="0" index="1" bw="1" slack="0"/>
<pin id="242" dir="1" index="2" bw="4" slack="0"/>
</pin_list>
<bind>
<opcode="add(8) " fcode="add"/>
<opset="i/1 "/>
</bind>
</comp>

<comp id="245" class="1004" name="phi_mul14_load_load_fu_245">
<pin_list>
<pin id="246" dir="0" index="0" bw="8" slack="0"/>
<pin id="247" dir="1" index="1" bw="8" slack="0"/>
</pin_list>
<bind>
<opcode="load(27) " fcode="load"/>
<opset="phi_mul14_load/1 "/>
</bind>
</comp>

<comp id="248" class="1004" name="add_ln81_fu_248">
<pin_list>
<pin id="249" dir="0" index="0" bw="8" slack="0"/>
<pin id="250" dir="0" index="1" bw="6" slack="0"/>
<pin id="251" dir="1" index="2" bw="8" slack="0"/>
</pin_list>
<bind>
<opcode="add(8) " fcode="add"/>
<opset="add_ln81/1 "/>
</bind>
</comp>

<comp id="254" class="1004" name="trunc_ln4_fu_254">
<pin_list>
<pin id="255" dir="0" index="0" bw="2" slack="0"/>
<pin id="256" dir="0" index="1" bw="8" slack="0"/>
<pin id="257" dir="0" index="2" bw="4" slack="0"/>
<pin id="258" dir="0" index="3" bw="4" slack="0"/>
<pin id="259" dir="1" index="4" bw="2" slack="0"/>
</pin_list>
<bind>
<opcode="partselect(1002) " fcode="partselect"/>
<opset="trunc_ln4/1 "/>
</bind>
</comp>

<comp id="264" class="1004" name="trunc_ln83_fu_264">
<pin_list>
<pin id="265" dir="0" index="0" bw="4" slack="0"/>
<pin id="266" dir="1" index="1" bw="2" slack="0"/>
</pin_list>
<bind>
<opcode="trunc(33) " fcode="trunc"/>
<opset="trunc_ln83/1 "/>
</bind>
</comp>

<comp id="269" class="1004" name="switch_ln83_fu_269">
<pin_list>
<pin id="270" dir="0" index="0" bw="2" slack="0"/>
<pin id="271" dir="0" index="1" bw="1" slack="0"/>
<pin id="272" dir="0" index="2" bw="1" slack="0"/>
<pin id="273" dir="1" index="3" bw="0" slack="2147483647"/>
</pin_list>
<bind>
<opcode="switch(3) " fcode="switch"/>
<opset="switch_ln83/1 "/>
</bind>
</comp>

<comp id="277" class="1004" name="add_ln73_1_fu_277">
<pin_list>
<pin id="278" dir="0" index="0" bw="4" slack="0"/>
<pin id="279" dir="0" index="1" bw="1" slack="0"/>
<pin id="280" dir="1" index="2" bw="4" slack="0"/>
</pin_list>
<bind>
<opcode="add(8) " fcode="add"/>
<opset="add_ln73_1/1 "/>
</bind>
</comp>

<comp id="283" class="1004" name="icmp_ln73_1_fu_283">
<pin_list>
<pin id="284" dir="0" index="0" bw="4" slack="0"/>
<pin id="285" dir="0" index="1" bw="3" slack="0"/>
<pin id="286" dir="1" index="2" bw="1" slack="0"/>
</pin_list>
<bind>
<opcode="icmp(45) " fcode="icmp"/>
<opset="icmp_ln73_1/1 "/>
</bind>
</comp>

<comp id="289" class="1004" name="select_ln73_fu_289">
<pin_list>
<pin id="290" dir="0" index="0" bw="1" slack="0"/>
<pin id="291" dir="0" index="1" bw="1" slack="0"/>
<pin id="292" dir="0" index="2" bw="4" slack="0"/>
<pin id="293" dir="1" index="3" bw="4" slack="0"/>
</pin_list>
<bind>
<opcode="select(49) " fcode="select"/>
<opset="select_ln73/1 "/>
</bind>
</comp>

<comp id="297" class="1004" name="store_ln79_store_fu_297">
<pin_list>
<pin id="298" dir="0" index="0" bw="4" slack="0"/>
<pin id="299" dir="0" index="1" bw="4" slack="0"/>
<pin id="300" dir="1" index="2" bw="0" slack="2147483647"/>
</pin_list>
<bind>
<opcode="store(28) " fcode="store"/>
<opset="store_ln79/1 "/>
</bind>
</comp>

<comp id="302" class="1004" name="store_ln81_store_fu_302">
<pin_list>
<pin id="303" dir="0" index="0" bw="8" slack="0"/>
<pin id="304" dir="0" index="1" bw="8" slack="0"/>
<pin id="305" dir="1" index="2" bw="0" slack="2147483647"/>
</pin_list>
<bind>
<opcode="store(28) " fcode="store"/>
<opset="store_ln81/1 "/>
</bind>
</comp>

<comp id="307" class="1004" name="store_ln73_store_fu_307">
<pin_list>
<pin id="308" dir="0" index="0" bw="4" slack="0"/>
<pin id="309" dir="0" index="1" bw="4" slack="0"/>
<pin id="310" dir="1" index="2" bw="0" slack="2147483647"/>
</pin_list>
<bind>
<opcode="store(28) " fcode="store"/>
<opset="store_ln73/1 "/>
</bind>
</comp>

<comp id="312" class="1004" name="pkt_data_fu_312">
<pin_list>
<pin id="313" dir="0" index="0" bw="21" slack="0"/>
<pin id="314" dir="1" index="1" bw="16" slack="0"/>
</pin_list>
<bind>
<opcode="extractvalue(56) " fcode="extractvalue"/>
<opset="pkt_data/2 "/>
</bind>
</comp>

<comp id="316" class="1004" name="store_ln75_store_fu_316">
<pin_list>
<pin id="317" dir="0" index="0" bw="16" slack="0"/>
<pin id="318" dir="0" index="1" bw="16" slack="1"/>
<pin id="319" dir="1" index="2" bw="0" slack="2147483647"/>
</pin_list>
<bind>
<opcode="store(28) " fcode="store"/>
<opset="store_ln75/2 "/>
</bind>
</comp>

<comp id="321" class="1004" name="store_ln75_store_fu_321">
<pin_list>
<pin id="322" dir="0" index="0" bw="16" slack="0"/>
<pin id="323" dir="0" index="1" bw="16" slack="1"/>
<pin id="324" dir="1" index="2" bw="0" slack="2147483647"/>
</pin_list>
<bind>
<opcode="store(28) " fcode="store"/>
<opset="store_ln75/2 "/>
</bind>
</comp>

<comp id="326" class="1004" name="store_ln75_store_fu_326">
<pin_list>
<pin id="327" dir="0" index="0" bw="16" slack="0"/>
<pin id="328" dir="0" index="1" bw="16" slack="1"/>
<pin id="329" dir="1" index="2" bw="0" slack="2147483647"/>
</pin_list>
<bind>
<opcode="store(28) " fcode="store"/>
<opset="store_ln75/2 "/>
</bind>
</comp>

<comp id="331" class="1004" name="store_ln75_store_fu_331">
<pin_list>
<pin id="332" dir="0" index="0" bw="16" slack="0"/>
<pin id="333" dir="0" index="1" bw="16" slack="1"/>
<pin id="334" dir="1" index="2" bw="0" slack="2147483647"/>
</pin_list>
<bind>
<opcode="store(28) " fcode="store"/>
<opset="store_ln75/2 "/>
</bind>
</comp>

<comp id="336" class="1004" name="store_ln75_store_fu_336">
<pin_list>
<pin id="337" dir="0" index="0" bw="16" slack="0"/>
<pin id="338" dir="0" index="1" bw="16" slack="1"/>
<pin id="339" dir="1" index="2" bw="0" slack="2147483647"/>
</pin_list>
<bind>
<opcode="store(28) " fcode="store"/>
<opset="store_ln75/2 "/>
</bind>
</comp>

<comp id="341" class="1004" name="store_ln75_store_fu_341">
<pin_list>
<pin id="342" dir="0" index="0" bw="16" slack="0"/>
<pin id="343" dir="0" index="1" bw="16" slack="1"/>
<pin id="344" dir="1" index="2" bw="0" slack="2147483647"/>
</pin_list>
<bind>
<opcode="store(28) " fcode="store"/>
<opset="store_ln75/2 "/>
</bind>
</comp>

<comp id="346" class="1004" name="store_ln75_store_fu_346">
<pin_list>
<pin id="347" dir="0" index="0" bw="16" slack="0"/>
<pin id="348" dir="0" index="1" bw="16" slack="1"/>
<pin id="349" dir="1" index="2" bw="0" slack="2147483647"/>
</pin_list>
<bind>
<opcode="store(28) " fcode="store"/>
<opset="store_ln75/2 "/>
</bind>
</comp>

<comp id="351" class="1004" name="store_ln75_store_fu_351">
<pin_list>
<pin id="352" dir="0" index="0" bw="16" slack="0"/>
<pin id="353" dir="0" index="1" bw="16" slack="1"/>
<pin id="354" dir="1" index="2" bw="0" slack="2147483647"/>
</pin_list>
<bind>
<opcode="store(28) " fcode="store"/>
<opset="store_ln75/2 "/>
</bind>
</comp>

<comp id="356" class="1004" name="store_ln75_store_fu_356">
<pin_list>
<pin id="357" dir="0" index="0" bw="16" slack="0"/>
<pin id="358" dir="0" index="1" bw="16" slack="1"/>
<pin id="359" dir="1" index="2" bw="0" slack="2147483647"/>
</pin_list>
<bind>
<opcode="store(28) " fcode="store"/>
<opset="store_ln75/2 "/>
</bind>
</comp>

<comp id="361" class="1004" name="p_load22_load_fu_361">
<pin_list>
<pin id="362" dir="0" index="0" bw="16" slack="0"/>
<pin id="363" dir="1" index="1" bw="16" slack="0"/>
</pin_list>
<bind>
<opcode="load(27) " fcode="load"/>
<opset="p_load22/1 "/>
</bind>
</comp>

<comp id="365" class="1004" name="p_load21_load_fu_365">
<pin_list>
<pin id="366" dir="0" index="0" bw="16" slack="0"/>
<pin id="367" dir="1" index="1" bw="16" slack="0"/>
</pin_list>
<bind>
<opcode="load(27) " fcode="load"/>
<opset="p_load21/1 "/>
</bind>
</comp>

<comp id="369" class="1004" name="p_load20_load_fu_369">
<pin_list>
<pin id="370" dir="0" index="0" bw="16" slack="0"/>
<pin id="371" dir="1" index="1" bw="16" slack="0"/>
</pin_list>
<bind>
<opcode="load(27) " fcode="load"/>
<opset="p_load20/1 "/>
</bind>
</comp>

<comp id="373" class="1004" name="p_load19_load_fu_373">
<pin_list>
<pin id="374" dir="0" index="0" bw="16" slack="0"/>
<pin id="375" dir="1" index="1" bw="16" slack="0"/>
</pin_list>
<bind>
<opcode="load(27) " fcode="load"/>
<opset="p_load19/1 "/>
</bind>
</comp>

<comp id="377" class="1004" name="p_load18_load_fu_377">
<pin_list>
<pin id="378" dir="0" index="0" bw="16" slack="0"/>
<pin id="379" dir="1" index="1" bw="16" slack="0"/>
</pin_list>
<bind>
<opcode="load(27) " fcode="load"/>
<opset="p_load18/1 "/>
</bind>
</comp>

<comp id="381" class="1004" name="p_load17_load_fu_381">
<pin_list>
<pin id="382" dir="0" index="0" bw="16" slack="0"/>
<pin id="383" dir="1" index="1" bw="16" slack="0"/>
</pin_list>
<bind>
<opcode="load(27) " fcode="load"/>
<opset="p_load17/1 "/>
</bind>
</comp>

<comp id="385" class="1004" name="p_load16_load_fu_385">
<pin_list>
<pin id="386" dir="0" index="0" bw="16" slack="0"/>
<pin id="387" dir="1" index="1" bw="16" slack="0"/>
</pin_list>
<bind>
<opcode="load(27) " fcode="load"/>
<opset="p_load16/1 "/>
</bind>
</comp>

<comp id="389" class="1004" name="p_load15_load_fu_389">
<pin_list>
<pin id="390" dir="0" index="0" bw="16" slack="0"/>
<pin id="391" dir="1" index="1" bw="16" slack="0"/>
</pin_list>
<bind>
<opcode="load(27) " fcode="load"/>
<opset="p_load15/1 "/>
</bind>
</comp>

<comp id="393" class="1004" name="p_load_load_fu_393">
<pin_list>
<pin id="394" dir="0" index="0" bw="16" slack="0"/>
<pin id="395" dir="1" index="1" bw="16" slack="0"/>
</pin_list>
<bind>
<opcode="load(27) " fcode="load"/>
<opset="p_load/1 "/>
</bind>
</comp>

<comp id="397" class="1005" name="phi_urem16_reg_397">
<pin_list>
<pin id="398" dir="0" index="0" bw="4" slack="0"/>
<pin id="399" dir="1" index="1" bw="4" slack="0"/>
</pin_list>
<bind>
<opset="phi_urem16 "/>
</bind>
</comp>

<comp id="404" class="1005" name="phi_mul14_reg_404">
<pin_list>
<pin id="405" dir="0" index="0" bw="8" slack="0"/>
<pin id="406" dir="1" index="1" bw="8" slack="0"/>
</pin_list>
<bind>
<opset="phi_mul14 "/>
</bind>
</comp>

<comp id="411" class="1005" name="rem_reg_411">
<pin_list>
<pin id="412" dir="0" index="0" bw="4" slack="0"/>
<pin id="413" dir="1" index="1" bw="4" slack="0"/>
</pin_list>
<bind>
<opset="rem "/>
</bind>
</comp>

<comp id="418" class="1005" name="empty_reg_418">
<pin_list>
<pin id="419" dir="0" index="0" bw="16" slack="0"/>
<pin id="420" dir="1" index="1" bw="16" slack="0"/>
</pin_list>
<bind>
<opset="empty "/>
</bind>
</comp>

<comp id="424" class="1005" name="empty_19_reg_424">
<pin_list>
<pin id="425" dir="0" index="0" bw="16" slack="0"/>
<pin id="426" dir="1" index="1" bw="16" slack="0"/>
</pin_list>
<bind>
<opset="empty_19 "/>
</bind>
</comp>

<comp id="430" class="1005" name="empty_20_reg_430">
<pin_list>
<pin id="431" dir="0" index="0" bw="16" slack="0"/>
<pin id="432" dir="1" index="1" bw="16" slack="0"/>
</pin_list>
<bind>
<opset="empty_20 "/>
</bind>
</comp>

<comp id="436" class="1005" name="empty_21_reg_436">
<pin_list>
<pin id="437" dir="0" index="0" bw="16" slack="0"/>
<pin id="438" dir="1" index="1" bw="16" slack="0"/>
</pin_list>
<bind>
<opset="empty_21 "/>
</bind>
</comp>

<comp id="442" class="1005" name="empty_22_reg_442">
<pin_list>
<pin id="443" dir="0" index="0" bw="16" slack="0"/>
<pin id="444" dir="1" index="1" bw="16" slack="0"/>
</pin_list>
<bind>
<opset="empty_22 "/>
</bind>
</comp>

<comp id="448" class="1005" name="empty_23_reg_448">
<pin_list>
<pin id="449" dir="0" index="0" bw="16" slack="0"/>
<pin id="450" dir="1" index="1" bw="16" slack="0"/>
</pin_list>
<bind>
<opset="empty_23 "/>
</bind>
</comp>

<comp id="454" class="1005" name="empty_24_reg_454">
<pin_list>
<pin id="455" dir="0" index="0" bw="16" slack="0"/>
<pin id="456" dir="1" index="1" bw="16" slack="0"/>
</pin_list>
<bind>
<opset="empty_24 "/>
</bind>
</comp>

<comp id="460" class="1005" name="empty_25_reg_460">
<pin_list>
<pin id="461" dir="0" index="0" bw="16" slack="0"/>
<pin id="462" dir="1" index="1" bw="16" slack="0"/>
</pin_list>
<bind>
<opset="empty_25 "/>
</bind>
</comp>

<comp id="466" class="1005" name="empty_26_reg_466">
<pin_list>
<pin id="467" dir="0" index="0" bw="16" slack="0"/>
<pin id="468" dir="1" index="1" bw="16" slack="0"/>
</pin_list>
<bind>
<opset="empty_26 "/>
</bind>
</comp>

<comp id="475" class="1005" name="trunc_ln4_reg_475">
<pin_list>
<pin id="476" dir="0" index="0" bw="2" slack="1"/>
<pin id="477" dir="1" index="1" bw="2" slack="2147483647"/>
</pin_list>
<bind>
<opset="trunc_ln4 "/>
</bind>
</comp>

<comp id="479" class="1005" name="trunc_ln83_reg_479">
<pin_list>
<pin id="480" dir="0" index="0" bw="2" slack="1"/>
<pin id="481" dir="1" index="1" bw="2" slack="2147483647"/>
</pin_list>
<bind>
<opset="trunc_ln83 "/>
</bind>
</comp>

</comp_list>

<net_list>
<net id="85"><net_src comp="26" pin="0"/><net_sink comp="82" pin=0"/></net>

<net id="89"><net_src comp="26" pin="0"/><net_sink comp="86" pin=0"/></net>

<net id="93"><net_src comp="26" pin="0"/><net_sink comp="90" pin=0"/></net>

<net id="97"><net_src comp="26" pin="0"/><net_sink comp="94" pin=0"/></net>

<net id="101"><net_src comp="26" pin="0"/><net_sink comp="98" pin=0"/></net>

<net id="105"><net_src comp="26" pin="0"/><net_sink comp="102" pin=0"/></net>

<net id="109"><net_src comp="26" pin="0"/><net_sink comp="106" pin=0"/></net>

<net id="113"><net_src comp="26" pin="0"/><net_sink comp="110" pin=0"/></net>

<net id="117"><net_src comp="26" pin="0"/><net_sink comp="114" pin=0"/></net>

<net id="121"><net_src comp="26" pin="0"/><net_sink comp="118" pin=0"/></net>

<net id="125"><net_src comp="26" pin="0"/><net_sink comp="122" pin=0"/></net>

<net id="129"><net_src comp="26" pin="0"/><net_sink comp="126" pin=0"/></net>

<net id="137"><net_src comp="78" pin="0"/><net_sink comp="130" pin=0"/></net>

<net id="138"><net_src comp="0" pin="0"/><net_sink comp="130" pin=1"/></net>

<net id="139"><net_src comp="2" pin="0"/><net_sink comp="130" pin=2"/></net>

<net id="140"><net_src comp="4" pin="0"/><net_sink comp="130" pin=3"/></net>

<net id="141"><net_src comp="6" pin="0"/><net_sink comp="130" pin=4"/></net>

<net id="147"><net_src comp="80" pin="0"/><net_sink comp="142" pin=0"/></net>

<net id="148"><net_src comp="8" pin="0"/><net_sink comp="142" pin=1"/></net>

<net id="154"><net_src comp="80" pin="0"/><net_sink comp="149" pin=0"/></net>

<net id="155"><net_src comp="10" pin="0"/><net_sink comp="149" pin=1"/></net>

<net id="161"><net_src comp="80" pin="0"/><net_sink comp="156" pin=0"/></net>

<net id="162"><net_src comp="12" pin="0"/><net_sink comp="156" pin=1"/></net>

<net id="168"><net_src comp="80" pin="0"/><net_sink comp="163" pin=0"/></net>

<net id="169"><net_src comp="14" pin="0"/><net_sink comp="163" pin=1"/></net>

<net id="175"><net_src comp="80" pin="0"/><net_sink comp="170" pin=0"/></net>

<net id="176"><net_src comp="16" pin="0"/><net_sink comp="170" pin=1"/></net>

<net id="182"><net_src comp="80" pin="0"/><net_sink comp="177" pin=0"/></net>

<net id="183"><net_src comp="18" pin="0"/><net_sink comp="177" pin=1"/></net>

<net id="189"><net_src comp="80" pin="0"/><net_sink comp="184" pin=0"/></net>

<net id="190"><net_src comp="20" pin="0"/><net_sink comp="184" pin=1"/></net>

<net id="196"><net_src comp="80" pin="0"/><net_sink comp="191" pin=0"/></net>

<net id="197"><net_src comp="22" pin="0"/><net_sink comp="191" pin=1"/></net>

<net id="203"><net_src comp="80" pin="0"/><net_sink comp="198" pin=0"/></net>

<net id="204"><net_src comp="24" pin="0"/><net_sink comp="198" pin=1"/></net>

<net id="210"><net_src comp="62" pin="0"/><net_sink comp="205" pin=1"/></net>

<net id="211"><net_src comp="64" pin="0"/><net_sink comp="205" pin=2"/></net>

<net id="216"><net_src comp="46" pin="0"/><net_sink comp="212" pin=0"/></net>

<net id="221"><net_src comp="48" pin="0"/><net_sink comp="217" pin=0"/></net>

<net id="226"><net_src comp="46" pin="0"/><net_sink comp="222" pin=0"/></net>

<net id="237"><net_src comp="230" pin="1"/><net_sink comp="233" pin=0"/></net>

<net id="238"><net_src comp="50" pin="0"/><net_sink comp="233" pin=1"/></net>

<net id="243"><net_src comp="230" pin="1"/><net_sink comp="239" pin=0"/></net>

<net id="244"><net_src comp="52" pin="0"/><net_sink comp="239" pin=1"/></net>

<net id="252"><net_src comp="245" pin="1"/><net_sink comp="248" pin=0"/></net>

<net id="253"><net_src comp="54" pin="0"/><net_sink comp="248" pin=1"/></net>

<net id="260"><net_src comp="56" pin="0"/><net_sink comp="254" pin=0"/></net>

<net id="261"><net_src comp="245" pin="1"/><net_sink comp="254" pin=1"/></net>

<net id="262"><net_src comp="58" pin="0"/><net_sink comp="254" pin=2"/></net>

<net id="263"><net_src comp="60" pin="0"/><net_sink comp="254" pin=3"/></net>

<net id="267"><net_src comp="227" pin="1"/><net_sink comp="264" pin=0"/></net>

<net id="268"><net_src comp="264" pin="1"/><net_sink comp="205" pin=0"/></net>

<net id="274"><net_src comp="254" pin="4"/><net_sink comp="269" pin=0"/></net>

<net id="275"><net_src comp="62" pin="0"/><net_sink comp="269" pin=1"/></net>

<net id="276"><net_src comp="64" pin="0"/><net_sink comp="269" pin=2"/></net>

<net id="281"><net_src comp="227" pin="1"/><net_sink comp="277" pin=0"/></net>

<net id="282"><net_src comp="52" pin="0"/><net_sink comp="277" pin=1"/></net>

<net id="287"><net_src comp="227" pin="1"/><net_sink comp="283" pin=0"/></net>

<net id="288"><net_src comp="66" pin="0"/><net_sink comp="283" pin=1"/></net>

<net id="294"><net_src comp="283" pin="2"/><net_sink comp="289" pin=0"/></net>

<net id="295"><net_src comp="46" pin="0"/><net_sink comp="289" pin=1"/></net>

<net id="296"><net_src comp="277" pin="2"/><net_sink comp="289" pin=2"/></net>

<net id="301"><net_src comp="239" pin="2"/><net_sink comp="297" pin=0"/></net>

<net id="306"><net_src comp="248" pin="2"/><net_sink comp="302" pin=0"/></net>

<net id="311"><net_src comp="289" pin="3"/><net_sink comp="307" pin=0"/></net>

<net id="315"><net_src comp="130" pin="5"/><net_sink comp="312" pin=0"/></net>

<net id="320"><net_src comp="312" pin="1"/><net_sink comp="316" pin=0"/></net>

<net id="325"><net_src comp="312" pin="1"/><net_sink comp="321" pin=0"/></net>

<net id="330"><net_src comp="312" pin="1"/><net_sink comp="326" pin=0"/></net>

<net id="335"><net_src comp="312" pin="1"/><net_sink comp="331" pin=0"/></net>

<net id="340"><net_src comp="312" pin="1"/><net_sink comp="336" pin=0"/></net>

<net id="345"><net_src comp="312" pin="1"/><net_sink comp="341" pin=0"/></net>

<net id="350"><net_src comp="312" pin="1"/><net_sink comp="346" pin=0"/></net>

<net id="355"><net_src comp="312" pin="1"/><net_sink comp="351" pin=0"/></net>

<net id="360"><net_src comp="312" pin="1"/><net_sink comp="356" pin=0"/></net>

<net id="364"><net_src comp="361" pin="1"/><net_sink comp="198" pin=2"/></net>

<net id="368"><net_src comp="365" pin="1"/><net_sink comp="191" pin=2"/></net>

<net id="372"><net_src comp="369" pin="1"/><net_sink comp="184" pin=2"/></net>

<net id="376"><net_src comp="373" pin="1"/><net_sink comp="177" pin=2"/></net>

<net id="380"><net_src comp="377" pin="1"/><net_sink comp="170" pin=2"/></net>

<net id="384"><net_src comp="381" pin="1"/><net_sink comp="163" pin=2"/></net>

<net id="388"><net_src comp="385" pin="1"/><net_sink comp="156" pin=2"/></net>

<net id="392"><net_src comp="389" pin="1"/><net_sink comp="149" pin=2"/></net>

<net id="396"><net_src comp="393" pin="1"/><net_sink comp="142" pin=2"/></net>

<net id="400"><net_src comp="82" pin="1"/><net_sink comp="397" pin=0"/></net>

<net id="401"><net_src comp="397" pin="1"/><net_sink comp="222" pin=1"/></net>

<net id="402"><net_src comp="397" pin="1"/><net_sink comp="227" pin=0"/></net>

<net id="403"><net_src comp="397" pin="1"/><net_sink comp="307" pin=1"/></net>

<net id="407"><net_src comp="86" pin="1"/><net_sink comp="404" pin=0"/></net>

<net id="408"><net_src comp="404" pin="1"/><net_sink comp="217" pin=1"/></net>

<net id="409"><net_src comp="404" pin="1"/><net_sink comp="245" pin=0"/></net>

<net id="410"><net_src comp="404" pin="1"/><net_sink comp="302" pin=1"/></net>

<net id="414"><net_src comp="90" pin="1"/><net_sink comp="411" pin=0"/></net>

<net id="415"><net_src comp="411" pin="1"/><net_sink comp="212" pin=1"/></net>

<net id="416"><net_src comp="411" pin="1"/><net_sink comp="230" pin=0"/></net>

<net id="417"><net_src comp="411" pin="1"/><net_sink comp="297" pin=1"/></net>

<net id="421"><net_src comp="94" pin="1"/><net_sink comp="418" pin=0"/></net>

<net id="422"><net_src comp="418" pin="1"/><net_sink comp="336" pin=1"/></net>

<net id="423"><net_src comp="418" pin="1"/><net_sink comp="361" pin=0"/></net>

<net id="427"><net_src comp="98" pin="1"/><net_sink comp="424" pin=0"/></net>

<net id="428"><net_src comp="424" pin="1"/><net_sink comp="331" pin=1"/></net>

<net id="429"><net_src comp="424" pin="1"/><net_sink comp="365" pin=0"/></net>

<net id="433"><net_src comp="102" pin="1"/><net_sink comp="430" pin=0"/></net>

<net id="434"><net_src comp="430" pin="1"/><net_sink comp="341" pin=1"/></net>

<net id="435"><net_src comp="430" pin="1"/><net_sink comp="369" pin=0"/></net>

<net id="439"><net_src comp="106" pin="1"/><net_sink comp="436" pin=0"/></net>

<net id="440"><net_src comp="436" pin="1"/><net_sink comp="321" pin=1"/></net>

<net id="441"><net_src comp="436" pin="1"/><net_sink comp="373" pin=0"/></net>

<net id="445"><net_src comp="110" pin="1"/><net_sink comp="442" pin=0"/></net>

<net id="446"><net_src comp="442" pin="1"/><net_sink comp="316" pin=1"/></net>

<net id="447"><net_src comp="442" pin="1"/><net_sink comp="377" pin=0"/></net>

<net id="451"><net_src comp="114" pin="1"/><net_sink comp="448" pin=0"/></net>

<net id="452"><net_src comp="448" pin="1"/><net_sink comp="326" pin=1"/></net>

<net id="453"><net_src comp="448" pin="1"/><net_sink comp="381" pin=0"/></net>

<net id="457"><net_src comp="118" pin="1"/><net_sink comp="454" pin=0"/></net>

<net id="458"><net_src comp="454" pin="1"/><net_sink comp="351" pin=1"/></net>

<net id="459"><net_src comp="454" pin="1"/><net_sink comp="385" pin=0"/></net>

<net id="463"><net_src comp="122" pin="1"/><net_sink comp="460" pin=0"/></net>

<net id="464"><net_src comp="460" pin="1"/><net_sink comp="346" pin=1"/></net>

<net id="465"><net_src comp="460" pin="1"/><net_sink comp="389" pin=0"/></net>

<net id="469"><net_src comp="126" pin="1"/><net_sink comp="466" pin=0"/></net>

<net id="470"><net_src comp="466" pin="1"/><net_sink comp="356" pin=1"/></net>

<net id="471"><net_src comp="466" pin="1"/><net_sink comp="393" pin=0"/></net>

<net id="478"><net_src comp="254" pin="4"/><net_sink comp="475" pin=0"/></net>

<net id="482"><net_src comp="264" pin="1"/><net_sink comp="479" pin=0"/></net>

</net_list>

</model> 
---------------- Datapath Model END ------------------

* FSMD analyzer results:
  - Output states:
	Port: p_out | {1 }
	Port: p_out1 | {1 }
	Port: p_out2 | {1 }
	Port: p_out3 | {1 }
	Port: p_out4 | {1 }
	Port: p_out5 | {1 }
	Port: p_out6 | {1 }
	Port: p_out7 | {1 }
	Port: p_out8 | {1 }
 - Input state : 
	Port: conv2d_Pipeline_READ_WEIGHTS : weight_stream_V_data_V | {2 }
	Port: conv2d_Pipeline_READ_WEIGHTS : weight_stream_V_keep_V | {2 }
	Port: conv2d_Pipeline_READ_WEIGHTS : weight_stream_V_strb_V | {2 }
	Port: conv2d_Pipeline_READ_WEIGHTS : weight_stream_V_last_V | {2 }
  - Chain level:
	State 1
		store_ln79 : 1
		store_ln0 : 1
		store_ln0 : 1
		phi_urem16_load : 1
		i_2 : 1
		icmp_ln73 : 2
		i : 2
		br_ln73 : 3
		phi_mul14_load : 1
		add_ln81 : 2
		trunc_ln4 : 2
		trunc_ln83 : 2
		switch_ln83 : 3
		switch_ln83 : 3
		switch_ln83 : 3
		switch_ln83 : 3
		add_ln73_1 : 2
		icmp_ln73_1 : 2
		select_ln73 : 3
		store_ln79 : 3
		store_ln81 : 3
		store_ln73 : 4
		p_load22 : 1
		p_load21 : 1
		p_load20 : 1
		p_load19 : 1
		p_load18 : 1
		p_load17 : 1
		p_load16 : 1
		p_load15 : 1
		p_load : 1
		write_ln0 : 2
		write_ln0 : 2
		write_ln0 : 2
		write_ln0 : 2
		write_ln0 : 2
		write_ln0 : 2
		write_ln0 : 2
		write_ln0 : 2
		write_ln0 : 2
	State 2
		store_ln75 : 1
		store_ln75 : 1
		store_ln75 : 1
		store_ln75 : 1
		store_ln75 : 1
		store_ln75 : 1
		store_ln75 : 1
		store_ln75 : 1
		store_ln75 : 1


============================================================
+ Verbose Summary: Datapath Resource usage 
============================================================

* Functional unit list:
|----------|------------------------|---------|---------|
| Operation|     Functional Unit    |    FF   |   LUT   |
|----------|------------------------|---------|---------|
|          |        i_fu_239        |    0    |    12   |
|    add   |     add_ln81_fu_248    |    0    |    15   |
|          |    add_ln73_1_fu_277   |    0    |    12   |
|----------|------------------------|---------|---------|
|   icmp   |    icmp_ln73_fu_233    |    0    |    12   |
|          |   icmp_ln73_1_fu_283   |    0    |    12   |
|----------|------------------------|---------|---------|
|  select  |   select_ln73_fu_289   |    0    |    4    |
|----------|------------------------|---------|---------|
|   read   |  empty_27_read_fu_130  |    0    |    0    |
|----------|------------------------|---------|---------|
|          | write_ln0_write_fu_142 |    0    |    0    |
|          | write_ln0_write_fu_149 |    0    |    0    |
|          | write_ln0_write_fu_156 |    0    |    0    |
|          | write_ln0_write_fu_163 |    0    |    0    |
|   write  | write_ln0_write_fu_170 |    0    |    0    |
|          | write_ln0_write_fu_177 |    0    |    0    |
|          | write_ln0_write_fu_184 |    0    |    0    |
|          | write_ln0_write_fu_191 |    0    |    0    |
|          | write_ln0_write_fu_198 |    0    |    0    |
|----------|------------------------|---------|---------|
|  switch  |       grp_fu_205       |    0    |    0    |
|          |   switch_ln83_fu_269   |    0    |    0    |
|----------|------------------------|---------|---------|
|partselect|    trunc_ln4_fu_254    |    0    |    0    |
|----------|------------------------|---------|---------|
|   trunc  |    trunc_ln83_fu_264   |    0    |    0    |
|----------|------------------------|---------|---------|
|extractvalue|     pkt_data_fu_312    |    0    |    0    |
|----------|------------------------|---------|---------|
|   Total  |                        |    0    |    67   |
|----------|------------------------|---------|---------|

Memories:
N/A

* Register list:
+------------------+--------+
|                  |   FF   |
+------------------+--------+
| empty_19_reg_424 |   16   |
| empty_20_reg_430 |   16   |
| empty_21_reg_436 |   16   |
| empty_22_reg_442 |   16   |
| empty_23_reg_448 |   16   |
| empty_24_reg_454 |   16   |
| empty_25_reg_460 |   16   |
| empty_26_reg_466 |   16   |
|   empty_reg_418  |   16   |
| phi_mul14_reg_404|    8   |
|phi_urem16_reg_397|    4   |
|    rem_reg_411   |    4   |
| trunc_ln4_reg_475|    2   |
|trunc_ln83_reg_479|    2   |
+------------------+--------+
|       Total      |   164  |
+------------------+--------+

* Multiplexer (MUX) list: 
|--------|------|------|------|--------|
|  Comp  |  Pin | Size |  BW  | S x BW |
|--------|------|------|------|--------|
|  Total |      |      |      |    0   |
|--------|------|------|------|--------|



* Summary:
+-----------+--------+--------+
|           |   FF   |   LUT  |
+-----------+--------+--------+
|  Function |    0   |   67   |
|   Memory  |    -   |    -   |
|Multiplexer|    -   |    -   |
|  Register |   164  |    -   |
+-----------+--------+--------+
|   Total   |   164  |   67   |
+-----------+--------+--------+
