

================================================================
== Vitis HLS Report for 'conv2d_Pipeline_WRITE_OUTPUT'
================================================================
* Date:           Thu Jun 11 15:51:13 2026

* Version:        2025.2 (Build 6295257 on Nov 14 2025)
* Project:        conv2d
* Solution:       hls (Vivado IP Flow Target)
* Product family: zynquplus
* Target device:  xck26-sfvc784-2LV-c


================================================================
== Performance Estimates
================================================================
+ Timing: 
    * Summary: 
    +--------+---------+----------+------------+
    |  Clock |  Target | Estimated| Uncertainty|
    +--------+---------+----------+------------+
    |ap_clk  |  5.00 ns|  2.042 ns|     1.35 ns|
    +--------+---------+----------+------------+

+ Latency: 
    * Summary: 
    +---------+---------+-----------+-----------+-----+-----+-------------------+
    |  Latency (cycles) |   Latency (absolute)  |  Interval |      Pipeline     |
    |   min   |   max   |    min    |    max    | min | max |        Type       |
    +---------+---------+-----------+-----------+-----+-----+-------------------+
    |       11|       11|  55.000 ns|  55.000 ns|    0|    0|  loop pipeline stp|
    +---------+---------+-----------+-----------+-----+-----+-------------------+

    + Detail: 
        * Instance: 
        N/A

        * Loop: 
        +----------------+---------+---------+----------+-----------+-----------+------+----------+
        |                |  Latency (cycles) | Iteration|  Initiation Interval  | Trip |          |
        |    Loop Name   |   min   |   max   |  Latency |  achieved |   target  | Count| Pipelined|
        +----------------+---------+---------+----------+-----------+-----------+------+----------+
        |- WRITE_OUTPUT  |        9|        9|         2|          1|          1|     9|       yes|
        +----------------+---------+---------+----------+-----------+-----------+------+----------+

============================================================
+ Verbose Summary: Synthesis Manager
============================================================
InlineROM: 1
ExposeGlobal: 0
============================================================
+ Verbose Summary: CDFG Model
============================================================
IsTopModel: 0
ResetActiveHigh: 1
IsCombinational: 0
IsDatapathOnly: 0
HasWiredReturn: 1
HasMFsm: 2
HasVarLatency: 1
IsPipeline: 0
IsRtlPipelined: 0
IsInstanceOverlapped: 0
IsDontTouch: 0
HasImplIP: 0
IsGatedGlobalClock: 0

+ Individual pipeline summary: 
  * Pipeline-0: initiation interval (II) = 1, depth = 2


============================================================
+ Verbose Summary: Schedule
============================================================
* Number of FSM states : 2
* Pipeline : 1
  Pipeline-0 : II = 1, D = 2, States = { 1 2 }
* Dataflow Pipeline: 0

* FSM state transitions: 
1 --> 2 
2 --> 

* FSM state operations: 

State 1 <SV = 0> <Delay = 2.04>
ST_1 : Operation 5 [1/1] (0.00ns)   --->   "%phi_urem24 = alloca i32 1"   --->   Operation 5 'alloca' 'phi_urem24' <Predicate = true> <Delay = 0.00>
ST_1 : Operation 6 [1/1] (0.00ns)   --->   "%phi_mul22 = alloca i32 1"   --->   Operation 6 'alloca' 'phi_mul22' <Predicate = true> <Delay = 0.00>
ST_1 : Operation 7 [1/1] (0.00ns)   --->   "%rem = alloca i32 1" [C:/Users/LAB2_PC10/Desktop/CHINNA/files/conv2d.cpp:112]   --->   Operation 7 'alloca' 'rem' <Predicate = true> <Delay = 0.00>
ST_1 : Operation 8 [1/1] (0.00ns)   --->   "%specaxissidechannel_ln0 = specaxissidechannel void @_ssdm_op_SpecAXISSideChannel, i16 %out_stream_V_data_V, i2 %out_stream_V_keep_V, i2 %out_stream_V_strb_V, i1 0, i1 %out_stream_V_last_V, i1 0, i1 0, void @empty_3"   --->   Operation 8 'specaxissidechannel' 'specaxissidechannel_ln0' <Predicate = true> <Delay = 0.00>
ST_1 : Operation 9 [1/1] (0.00ns)   --->   "%specinterface_ln0 = specinterface void @_ssdm_op_SpecInterface, i1 %out_stream_V_last_V, i2 %out_stream_V_strb_V, i2 %out_stream_V_keep_V, i16 %out_stream_V_data_V, void @empty, i32 0, i32 0, void @empty_0, i32 0, i32 0, void @empty_1, void @empty_1, void @empty_1, i32 0, i32 0, i32 0, i32 0, void @empty_1, void @empty_1, i32 4294967295, i32 0, i32 0, i32 0"   --->   Operation 9 'specinterface' 'specinterface_ln0' <Predicate = true> <Delay = 0.00>
ST_1 : Operation 10 [1/1] (0.00ns)   --->   "%output_8_reload_read = read i16 @_ssdm_op_Read.ap_auto.i16, i16 %output_8_reload"   --->   Operation 10 'read' 'output_8_reload_read' <Predicate = true> <Delay = 0.00>
ST_1 : Operation 11 [1/1] (0.00ns)   --->   "%output_7_reload_read = read i16 @_ssdm_op_Read.ap_auto.i16, i16 %output_7_reload"   --->   Operation 11 'read' 'output_7_reload_read' <Predicate = true> <Delay = 0.00>
ST_1 : Operation 12 [1/1] (0.00ns)   --->   "%output_6_reload_read = read i16 @_ssdm_op_Read.ap_auto.i16, i16 %output_6_reload"   --->   Operation 12 'read' 'output_6_reload_read' <Predicate = true> <Delay = 0.00>
ST_1 : Operation 13 [1/1] (0.00ns)   --->   "%output_5_reload_read = read i16 @_ssdm_op_Read.ap_auto.i16, i16 %output_5_reload"   --->   Operation 13 'read' 'output_5_reload_read' <Predicate = true> <Delay = 0.00>
ST_1 : Operation 14 [1/1] (0.00ns)   --->   "%output_4_reload_read = read i16 @_ssdm_op_Read.ap_auto.i16, i16 %output_4_reload"   --->   Operation 14 'read' 'output_4_reload_read' <Predicate = true> <Delay = 0.00>
ST_1 : Operation 15 [1/1] (0.00ns)   --->   "%output_3_reload_read = read i16 @_ssdm_op_Read.ap_auto.i16, i16 %output_3_reload"   --->   Operation 15 'read' 'output_3_reload_read' <Predicate = true> <Delay = 0.00>
ST_1 : Operation 16 [1/1] (0.00ns)   --->   "%output_2_reload_read = read i16 @_ssdm_op_Read.ap_auto.i16, i16 %output_2_reload"   --->   Operation 16 'read' 'output_2_reload_read' <Predicate = true> <Delay = 0.00>
ST_1 : Operation 17 [1/1] (0.00ns)   --->   "%output_1_reload_read = read i16 @_ssdm_op_Read.ap_auto.i16, i16 %output_1_reload"   --->   Operation 17 'read' 'output_1_reload_read' <Predicate = true> <Delay = 0.00>
ST_1 : Operation 18 [1/1] (0.00ns)   --->   "%output_reload_read = read i16 @_ssdm_op_Read.ap_auto.i16, i16 %output_reload"   --->   Operation 18 'read' 'output_reload_read' <Predicate = true> <Delay = 0.00>
ST_1 : Operation 19 [1/1] (0.42ns)   --->   "%store_ln112 = store i4 0, i4 %rem" [C:/Users/LAB2_PC10/Desktop/CHINNA/files/conv2d.cpp:112]   --->   Operation 19 'store' 'store_ln112' <Predicate = true> <Delay = 0.42>
ST_1 : Operation 20 [1/1] (0.42ns)   --->   "%store_ln0 = store i8 0, i8 %phi_mul22"   --->   Operation 20 'store' 'store_ln0' <Predicate = true> <Delay = 0.42>
ST_1 : Operation 21 [1/1] (0.42ns)   --->   "%store_ln0 = store i4 0, i4 %phi_urem24"   --->   Operation 21 'store' 'store_ln0' <Predicate = true> <Delay = 0.42>
ST_1 : Operation 22 [1/1] (0.00ns)   --->   "%br_ln0 = br void %for.inc137"   --->   Operation 22 'br' 'br_ln0' <Predicate = true> <Delay = 0.00>
ST_1 : Operation 23 [1/1] (0.00ns)   --->   "%i_1 = load i4 %rem" [C:/Users/LAB2_PC10/Desktop/CHINNA/files/conv2d.cpp:109]   --->   Operation 23 'load' 'i_1' <Predicate = true> <Delay = 0.00>
ST_1 : Operation 24 [1/1] (0.79ns)   --->   "%icmp_ln109 = icmp_eq  i4 %i_1, i4 9" [C:/Users/LAB2_PC10/Desktop/CHINNA/files/conv2d.cpp:109]   --->   Operation 24 'icmp' 'icmp_ln109' <Predicate = true> <Delay = 0.79> <CoreInst = "Cmp">   --->   Core 9 'Cmp' <Latency = 0> <II = 1> <Delay = 0.79> <FuncUnit> <Opcode : 'seteq' 'setne' 'setle' 'setge' 'setlt' 'setgt'> <InPorts = 2> <OutPorts = 1>
ST_1 : Operation 25 [1/1] (0.79ns)   --->   "%i = add i4 %i_1, i4 1" [C:/Users/LAB2_PC10/Desktop/CHINNA/files/conv2d.cpp:109]   --->   Operation 25 'add' 'i' <Predicate = true> <Delay = 0.79> <CoreInst = "Adder">   --->   Core 1 'Adder' <Latency = 0> <II = 1> <Delay = 0.79> <FuncUnit> <Opcode : 'add' 'sub'> <InPorts = 2> <OutPorts = 1>
ST_1 : Operation 26 [1/1] (0.00ns)   --->   "%br_ln109 = br i1 %icmp_ln109, void %for.inc137.split, void %for.end139.exitStub" [C:/Users/LAB2_PC10/Desktop/CHINNA/files/conv2d.cpp:109]   --->   Operation 26 'br' 'br_ln109' <Predicate = true> <Delay = 0.00>
ST_1 : Operation 27 [1/1] (0.00ns)   --->   "%phi_urem24_load = load i4 %phi_urem24" [C:/Users/LAB2_PC10/Desktop/CHINNA/files/conv2d.cpp:110]   --->   Operation 27 'load' 'phi_urem24_load' <Predicate = (!icmp_ln109)> <Delay = 0.00>
ST_1 : Operation 28 [1/1] (0.00ns)   --->   "%phi_mul22_load = load i8 %phi_mul22" [C:/Users/LAB2_PC10/Desktop/CHINNA/files/conv2d.cpp:113]   --->   Operation 28 'load' 'phi_mul22_load' <Predicate = (!icmp_ln109)> <Delay = 0.00>
ST_1 : Operation 29 [1/1] (0.79ns)   --->   "%add_ln110 = add i4 %phi_urem24_load, i4 1" [C:/Users/LAB2_PC10/Desktop/CHINNA/files/conv2d.cpp:110]   --->   Operation 29 'add' 'add_ln110' <Predicate = (!icmp_ln109)> <Delay = 0.79> <CoreInst = "Adder">   --->   Core 1 'Adder' <Latency = 0> <II = 1> <Delay = 0.79> <FuncUnit> <Opcode : 'add' 'sub'> <InPorts = 2> <OutPorts = 1>
ST_1 : Operation 30 [1/1] (0.79ns)   --->   "%icmp_ln110 = icmp_eq  i4 %phi_urem24_load, i4 2" [C:/Users/LAB2_PC10/Desktop/CHINNA/files/conv2d.cpp:110]   --->   Operation 30 'icmp' 'icmp_ln110' <Predicate = (!icmp_ln109)> <Delay = 0.79> <CoreInst = "Cmp">   --->   Core 9 'Cmp' <Latency = 0> <II = 1> <Delay = 0.79> <FuncUnit> <Opcode : 'seteq' 'setne' 'setle' 'setge' 'setlt' 'setgt'> <InPorts = 2> <OutPorts = 1>
ST_1 : Operation 31 [1/1] (0.39ns)   --->   "%select_ln110 = select i1 %icmp_ln110, i4 0, i4 %add_ln110" [C:/Users/LAB2_PC10/Desktop/CHINNA/files/conv2d.cpp:110]   --->   Operation 31 'select' 'select_ln110' <Predicate = (!icmp_ln109)> <Delay = 0.39> <CoreInst = "Sel">   --->   Core 73 'Sel' <Latency = 0> <II = 1> <Delay = 0.39> <FuncUnit> <Opcode : 'select'> <InPorts = 3> <OutPorts = 1>
ST_1 : Operation 32 [1/1] (0.76ns)   --->   "%add_ln113 = add i8 %phi_mul22_load, i8 22" [C:/Users/LAB2_PC10/Desktop/CHINNA/files/conv2d.cpp:113]   --->   Operation 32 'add' 'add_ln113' <Predicate = (!icmp_ln109)> <Delay = 0.76> <CoreInst = "Adder">   --->   Core 1 'Adder' <Latency = 0> <II = 1> <Delay = 0.76> <FuncUnit> <Opcode : 'add' 'sub'> <InPorts = 2> <OutPorts = 1>
ST_1 : Operation 33 [1/1] (0.00ns)   --->   "%trunc_ln6 = partselect i2 @_ssdm_op_PartSelect.i2.i8.i32.i32, i8 %phi_mul22_load, i32 6, i32 7" [C:/Users/LAB2_PC10/Desktop/CHINNA/files/conv2d.cpp:113]   --->   Operation 33 'partselect' 'trunc_ln6' <Predicate = (!icmp_ln109)> <Delay = 0.00>
ST_1 : Operation 34 [1/1] (0.00ns)   --->   "%trunc_ln116 = trunc i4 %phi_urem24_load" [C:/Users/LAB2_PC10/Desktop/CHINNA/files/conv2d.cpp:116]   --->   Operation 34 'trunc' 'trunc_ln116' <Predicate = (!icmp_ln109)> <Delay = 0.00>
ST_1 : Operation 35 [1/1] (0.42ns)   --->   "%tmp = sparsemux i16 @_ssdm_op_SparseMux.ap_auto.3i16.i16.i2, i2 0, i16 %output_reload_read, i2 1, i16 %output_1_reload_read, i2 2, i16 %output_2_reload_read, i16 0, i2 %trunc_ln116" [C:/Users/LAB2_PC10/Desktop/CHINNA/files/conv2d.cpp:116]   --->   Operation 35 'sparsemux' 'tmp' <Predicate = (!icmp_ln109)> <Delay = 0.42> <CoreInst = "OneHotSparseMux_HasDef">   --->   Core 152 'OneHotSparseMux_HasDef' <Latency = 0> <II = 1> <Delay = 0.42> <FuncUnit> <Opcode : 'sparsemux'> <InPorts = 2> <OutPorts = 1>
ST_1 : Operation 36 [1/1] (0.42ns)   --->   "%tmp_1 = sparsemux i16 @_ssdm_op_SparseMux.ap_auto.3i16.i16.i2, i2 0, i16 %output_3_reload_read, i2 1, i16 %output_4_reload_read, i2 2, i16 %output_5_reload_read, i16 0, i2 %trunc_ln116" [C:/Users/LAB2_PC10/Desktop/CHINNA/files/conv2d.cpp:116]   --->   Operation 36 'sparsemux' 'tmp_1' <Predicate = (!icmp_ln109)> <Delay = 0.42> <CoreInst = "OneHotSparseMux_HasDef">   --->   Core 152 'OneHotSparseMux_HasDef' <Latency = 0> <II = 1> <Delay = 0.42> <FuncUnit> <Opcode : 'sparsemux'> <InPorts = 2> <OutPorts = 1>
ST_1 : Operation 37 [1/1] (0.42ns)   --->   "%tmp_2 = sparsemux i16 @_ssdm_op_SparseMux.ap_auto.3i16.i16.i2, i2 0, i16 %output_6_reload_read, i2 1, i16 %output_7_reload_read, i2 2, i16 %output_8_reload_read, i16 0, i2 %trunc_ln116" [C:/Users/LAB2_PC10/Desktop/CHINNA/files/conv2d.cpp:116]   --->   Operation 37 'sparsemux' 'tmp_2' <Predicate = (!icmp_ln109)> <Delay = 0.42> <CoreInst = "OneHotSparseMux_HasDef">   --->   Core 152 'OneHotSparseMux_HasDef' <Latency = 0> <II = 1> <Delay = 0.42> <FuncUnit> <Opcode : 'sparsemux'> <InPorts = 2> <OutPorts = 1>
ST_1 : Operation 38 [1/1] (0.42ns)   --->   "%p_0 = sparsemux i16 @_ssdm_op_SparseMux.ap_auto.3i16.i16.i2, i2 0, i16 %tmp, i2 1, i16 %tmp_1, i2 2, i16 %tmp_2, i16 0, i2 %trunc_ln6" [C:/Users/LAB2_PC10/Desktop/CHINNA/files/conv2d.cpp:116]   --->   Operation 38 'sparsemux' 'p_0' <Predicate = (!icmp_ln109)> <Delay = 0.42> <CoreInst = "OneHotSparseMux_HasDef">   --->   Core 152 'OneHotSparseMux_HasDef' <Latency = 0> <II = 1> <Delay = 0.42> <FuncUnit> <Opcode : 'sparsemux'> <InPorts = 2> <OutPorts = 1>
ST_1 : Operation 39 [1/1] (0.79ns)   --->   "%icmp_ln118 = icmp_eq  i4 %i_1, i4 8" [C:/Users/LAB2_PC10/Desktop/CHINNA/files/conv2d.cpp:118]   --->   Operation 39 'icmp' 'icmp_ln118' <Predicate = (!icmp_ln109)> <Delay = 0.79> <CoreInst = "Cmp">   --->   Core 9 'Cmp' <Latency = 0> <II = 1> <Delay = 0.79> <FuncUnit> <Opcode : 'seteq' 'setne' 'setle' 'setge' 'setlt' 'setgt'> <InPorts = 2> <OutPorts = 1>
ST_1 : Operation 40 [1/1] (0.42ns)   --->   "%store_ln112 = store i4 %i, i4 %rem" [C:/Users/LAB2_PC10/Desktop/CHINNA/files/conv2d.cpp:112]   --->   Operation 40 'store' 'store_ln112' <Predicate = (!icmp_ln109)> <Delay = 0.42>
ST_1 : Operation 41 [1/1] (0.42ns)   --->   "%store_ln113 = store i8 %add_ln113, i8 %phi_mul22" [C:/Users/LAB2_PC10/Desktop/CHINNA/files/conv2d.cpp:113]   --->   Operation 41 'store' 'store_ln113' <Predicate = (!icmp_ln109)> <Delay = 0.42>
ST_1 : Operation 42 [1/1] (0.42ns)   --->   "%store_ln110 = store i4 %select_ln110, i4 %phi_urem24" [C:/Users/LAB2_PC10/Desktop/CHINNA/files/conv2d.cpp:110]   --->   Operation 42 'store' 'store_ln110' <Predicate = (!icmp_ln109)> <Delay = 0.42>
ST_1 : Operation 48 [1/1] (0.42ns)   --->   "%ret_ln0 = ret"   --->   Operation 48 'ret' 'ret_ln0' <Predicate = (icmp_ln109)> <Delay = 0.42>

State 2 <SV = 1> <Delay = 0.45>
ST_2 : Operation 43 [1/1] (0.00ns)   --->   "%specpipeline_ln110 = specpipeline void @_ssdm_op_SpecPipeline, i32 1, i32 0, i32 0, i32 0, i32 4294967295, void @empty_1" [C:/Users/LAB2_PC10/Desktop/CHINNA/files/conv2d.cpp:110]   --->   Operation 43 'specpipeline' 'specpipeline_ln110' <Predicate = true> <Delay = 0.00>
ST_2 : Operation 44 [1/1] (0.00ns)   --->   "%speclooptripcount_ln109 = speclooptripcount void @_ssdm_op_SpecLoopTripCount, i64 9, i64 9, i64 9" [C:/Users/LAB2_PC10/Desktop/CHINNA/files/conv2d.cpp:109]   --->   Operation 44 'speclooptripcount' 'speclooptripcount_ln109' <Predicate = true> <Delay = 0.00>
ST_2 : Operation 45 [1/1] (0.00ns)   --->   "%specloopname_ln109 = specloopname void @_ssdm_op_SpecLoopName, void @empty_7" [C:/Users/LAB2_PC10/Desktop/CHINNA/files/conv2d.cpp:109]   --->   Operation 45 'specloopname' 'specloopname_ln109' <Predicate = true> <Delay = 0.00>
ST_2 : Operation 46 [1/1] ( I:0.45ns O:0.45ns )   --->   "%write_ln119 = write void @_ssdm_op_Write.axis.volatile.i16P0A.i2P0A.i2P0A.i1P0A, i16 %out_stream_V_data_V, i2 %out_stream_V_keep_V, i2 %out_stream_V_strb_V, i1 %out_stream_V_last_V, i16 %p_0, i2 3, i2 3, i1 %icmp_ln118" [C:/Users/LAB2_PC10/Desktop/CHINNA/files/conv2d.cpp:119]   --->   Operation 46 'write' 'write_ln119' <Predicate = true> <Delay = 0.45> <CoreInst = "regslice">   --->   Core 147 'regslice' <Latency = 0> <II = 1> <Delay = 0.59> <Adapter> <Opcode : 'read' 'write'>
ST_2 : Operation 47 [1/1] (0.00ns)   --->   "%br_ln109 = br void %for.inc137" [C:/Users/LAB2_PC10/Desktop/CHINNA/files/conv2d.cpp:109]   --->   Operation 47 'br' 'br_ln109' <Predicate = true> <Delay = 0.00>


============================================================
+ Verbose Summary: Timing violations
============================================================
Target clock period: 5.000ns, clock uncertainty: 1.350ns.

 <State 1>: 2.042ns
The critical path consists of the following:
	'store' operation ('store_ln0') of constant 0 4 bit on local variable 'phi_urem24' [30]  (0.427 ns)
	'load' operation 4 bit ('phi_urem24_load', C:/Users/LAB2_PC10/Desktop/CHINNA/files/conv2d.cpp:110) on local variable 'phi_urem24' [38]  (0.000 ns)
	'icmp' operation 1 bit ('icmp_ln110', C:/Users/LAB2_PC10/Desktop/CHINNA/files/conv2d.cpp:110) [41]  (0.797 ns)
	'select' operation 4 bit ('select_ln110', C:/Users/LAB2_PC10/Desktop/CHINNA/files/conv2d.cpp:110) [42]  (0.391 ns)
	'store' operation ('store_ln110', C:/Users/LAB2_PC10/Desktop/CHINNA/files/conv2d.cpp:110) of variable 'select_ln110', C:/Users/LAB2_PC10/Desktop/CHINNA/files/conv2d.cpp:110 4 bit on local variable 'phi_urem24' [57]  (0.427 ns)

 <State 2>: 0.453ns
The critical path consists of the following:
	axis write operation ('write_ln119', C:/Users/LAB2_PC10/Desktop/CHINNA/files/conv2d.cpp:119) on port 'out_stream_V_data_V' (C:/Users/LAB2_PC10/Desktop/CHINNA/files/conv2d.cpp:119) [54]  (0.453 ns)


============================================================
+ Verbose Summary: Binding
============================================================
N/A
* FSMD analyzer results:
  - Output states:
 - Input state : 
  - Chain level:
	State 1
	State 2


============================================================
+ Verbose Summary: Datapath Resource usage 
============================================================
N/A
