================================================================
== Vivado RTL Synthesis Results
================================================================
+ General Information:
    * Date:            Thu Jun 11 13:05:46 +0530 2026
    * Version:         2025.2 (Build 6295257 on Nov 14 2025)
    * Project:         maxpool
    * Solution:        hls (Vivado IP Flow Target)
    * Product family:  zynquplus
    * Target device:   xck26-sfvc784-2LV-c


================================================================
== Run Constraints & Options
================================================================
+ Design Constraints & Options:
    * RTL Synthesis target clock:  5 ns
    * C-Synthesis target clock:    5 ns
    * C-Synthesis uncertainty:     27%

+ RTL Synthesis Options:
    * config_export -vivado_synth_strategy:     default
    * config_export -vivado_synth_design_args:  -directive sdx_optimization_effort_high

+ Reporting Options:
    * config_export -vivado_report_level:      2
    * config_export -vivado_max_timing_paths:  10


================================================================
== RTL Synthesis Resource Summary
================================================================
LUT:              135
FF:               62
DSP:              0
BRAM:             0
URAM:             0
SRL:              0


================================================================
== RTL Synthesis Timing Summary
================================================================
* Timing was met
+----------------+-------------+
| Timing         | Period (ns) |
+----------------+-------------+
| Target         | 5.000       |
| Post-Synthesis | 2.169       |
+----------------+-------------+


================================================================
== RTL Synthesis Resources
================================================================
+----------------------------+-----+----+-----+------+------+-----+--------+------+---------+----------+--------+
| Name                       | LUT | FF | DSP | BRAM | URAM | SRL | Pragma | Impl | Latency | Variable | Source |
+----------------------------+-----+----+-----+------+------+-----+--------+------+---------+----------+--------+
| inst                       |     |    |     |      |      |     |        |      |         |          |        |
|   (inst)                   |     |    |     |      |      |     |        |      |         |          |        |
|   flow_control_loop_pipe_U |     |    |     |      |      |     |        |      |         |          |        |
+----------------------------+-----+----+-----+------+------+-----+--------+------+---------+----------+--------+


================================================================
== RTL Synthesis Fail Fast
================================================================
+-----------------------------------------------------------+-----------+--------+--------+
| Criteria                                                  | Guideline | Actual | Status |
+-----------------------------------------------------------+-----------+--------+--------+
| LUT                                                       | 70%       | 0.12%  | OK     |
| FD                                                        | 50%       | 0.03%  | OK     |
| LUTRAM+SRL                                                | 25%       | 0.00%  | OK     |
| CARRY8                                                    | 25%       | 0.02%  | OK     |
| MUXF7                                                     | 15%       | 0.00%  | OK     |
| DSP                                                       | 80%       | 0.00%  | OK     |
| RAMB/FIFO                                                 | 80%       | 0.00%  | OK     |
| URAM                                                      | 80%       | 0.00%  | OK     |
| DSP+RAMB+URAM (Avg)                                       | 70%       | 0.00%  | OK     |
| BUFGCE* + BUFGCTRL                                        | 24        | 0      | OK     |
| DONT_TOUCH (cells/nets)                                   | 0         | 0      | OK     |
| MARK_DEBUG (nets)                                         | 0         | 0      | OK     |
| Control Sets                                              | 2196      | 2      | OK     |
| Average Fanout for modules > 100k cells                   | 4         | 2.77   | OK     |
| Max Average Fanout for modules > 100k cells               | 4         | 0      | OK     |
| Non-FD high fanout nets > 10k loads                       | 0         | 0      | OK     |
+-----------------------------------------------------------+-----------+--------+--------+
| TIMING-6 (No common primary clock between related clocks) | 0         | 0      | OK     |
| TIMING-7 (No common node between related clocks)          | 0         | 0      | OK     |
| TIMING-8 (No common period between related clocks)        | 0         | 0      | OK     |
| TIMING-14 (LUT on the clock tree)                         | 0         | 0      | OK     |
| TIMING-35 (No common node in paths with the same clock)   | 0         | 0      | OK     |
+-----------------------------------------------------------+-----------+--------+--------+
| Number of paths above max LUT budgeting (0.391ns)         | 0         | 0      | OK     |
| Number of paths above max Net budgeting (0.263ns)         | 0         | 0      | OK     |
+-----------------------------------------------------------+-----------+--------+--------+


================================================================
== RTL Synthesis Timing Paths
================================================================
* Timing was met
+-------+-------+-------------------------------+---------------------------+--------------+------------+----------------+----------------+--------------+
| Path  | SLACK | STARTPOINT PIN                | ENDPOINT PIN              | LOGIC LEVELS | MAX FANOUT | DATAPATH DELAY | DATAPATH LOGIC | DATAPATH NET |
|       |       |                               |                           |              |            |                |          DELAY |        DELAY |
+-------+-------+-------------------------------+---------------------------+--------------+------------+----------------+----------------+--------------+
| Path1 | 2.831 | ap_enable_reg_pp0_iter1_reg/C | max_val_reg_525_reg[11]/D |            6 |         64 |          2.166 |          0.875 |        1.291 |
| Path2 | 2.831 | ap_enable_reg_pp0_iter1_reg/C | max_val_reg_525_reg[13]/D |            6 |         64 |          2.166 |          0.875 |        1.291 |
| Path3 | 2.831 | ap_enable_reg_pp0_iter1_reg/C | max_val_reg_525_reg[15]/D |            6 |         64 |          2.166 |          0.875 |        1.291 |
| Path4 | 2.831 | ap_enable_reg_pp0_iter1_reg/C | max_val_reg_525_reg[1]/D  |            6 |         64 |          2.166 |          0.875 |        1.291 |
| Path5 | 2.831 | ap_enable_reg_pp0_iter1_reg/C | max_val_reg_525_reg[3]/D  |            6 |         64 |          2.166 |          0.875 |        1.291 |
+-------+-------+-------------------------------+---------------------------+--------------+------------+----------------+----------------+--------------+

    +------------------------------------------------------+-------------------+
    | Path1 Cells                                          | Primitive Type    |
    +------------------------------------------------------+-------------------+
    | ap_enable_reg_pp0_iter1_reg                          | REGISTER.SDR.FDRE |
    | flow_control_loop_pipe_U/icmp_ln78_reg_543[0]_i_2    | CLB.LUT.LUT4      |
    | flow_control_loop_pipe_U/val_4_reg_531[15]_i_3       | CLB.LUT.LUT5      |
    | flow_control_loop_pipe_U/max_val_reg_525[0]_i_2      | CLB.LUT.LUT6      |
    | flow_control_loop_pipe_U/max_val_reg_525[15]_i_12    | CLB.LUT.LUT4      |
    | flow_control_loop_pipe_U/max_val_reg_525_reg[15]_i_4 | CLB.CARRY.CARRY8  |
    | flow_control_loop_pipe_U/max_val_reg_525[11]_i_1     | CLB.LUT.LUT3      |
    | max_val_reg_525_reg[11]                              | REGISTER.SDR.FDRE |
    +------------------------------------------------------+-------------------+

    +------------------------------------------------------+-------------------+
    | Path2 Cells                                          | Primitive Type    |
    +------------------------------------------------------+-------------------+
    | ap_enable_reg_pp0_iter1_reg                          | REGISTER.SDR.FDRE |
    | flow_control_loop_pipe_U/icmp_ln78_reg_543[0]_i_2    | CLB.LUT.LUT4      |
    | flow_control_loop_pipe_U/val_4_reg_531[15]_i_3       | CLB.LUT.LUT5      |
    | flow_control_loop_pipe_U/max_val_reg_525[0]_i_2      | CLB.LUT.LUT6      |
    | flow_control_loop_pipe_U/max_val_reg_525[15]_i_12    | CLB.LUT.LUT4      |
    | flow_control_loop_pipe_U/max_val_reg_525_reg[15]_i_4 | CLB.CARRY.CARRY8  |
    | flow_control_loop_pipe_U/max_val_reg_525[13]_i_1     | CLB.LUT.LUT3      |
    | max_val_reg_525_reg[13]                              | REGISTER.SDR.FDRE |
    +------------------------------------------------------+-------------------+

    +------------------------------------------------------+-------------------+
    | Path3 Cells                                          | Primitive Type    |
    +------------------------------------------------------+-------------------+
    | ap_enable_reg_pp0_iter1_reg                          | REGISTER.SDR.FDRE |
    | flow_control_loop_pipe_U/icmp_ln78_reg_543[0]_i_2    | CLB.LUT.LUT4      |
    | flow_control_loop_pipe_U/val_4_reg_531[15]_i_3       | CLB.LUT.LUT5      |
    | flow_control_loop_pipe_U/max_val_reg_525[0]_i_2      | CLB.LUT.LUT6      |
    | flow_control_loop_pipe_U/max_val_reg_525[15]_i_12    | CLB.LUT.LUT4      |
    | flow_control_loop_pipe_U/max_val_reg_525_reg[15]_i_4 | CLB.CARRY.CARRY8  |
    | flow_control_loop_pipe_U/max_val_reg_525[15]_i_1     | CLB.LUT.LUT3      |
    | max_val_reg_525_reg[15]                              | REGISTER.SDR.FDRE |
    +------------------------------------------------------+-------------------+

    +------------------------------------------------------+-------------------+
    | Path4 Cells                                          | Primitive Type    |
    +------------------------------------------------------+-------------------+
    | ap_enable_reg_pp0_iter1_reg                          | REGISTER.SDR.FDRE |
    | flow_control_loop_pipe_U/icmp_ln78_reg_543[0]_i_2    | CLB.LUT.LUT4      |
    | flow_control_loop_pipe_U/val_4_reg_531[15]_i_3       | CLB.LUT.LUT5      |
    | flow_control_loop_pipe_U/max_val_reg_525[0]_i_2      | CLB.LUT.LUT6      |
    | flow_control_loop_pipe_U/max_val_reg_525[15]_i_12    | CLB.LUT.LUT4      |
    | flow_control_loop_pipe_U/max_val_reg_525_reg[15]_i_4 | CLB.CARRY.CARRY8  |
    | flow_control_loop_pipe_U/max_val_reg_525[1]_i_1      | CLB.LUT.LUT3      |
    | max_val_reg_525_reg[1]                               | REGISTER.SDR.FDRE |
    +------------------------------------------------------+-------------------+

    +------------------------------------------------------+-------------------+
    | Path5 Cells                                          | Primitive Type    |
    +------------------------------------------------------+-------------------+
    | ap_enable_reg_pp0_iter1_reg                          | REGISTER.SDR.FDRE |
    | flow_control_loop_pipe_U/icmp_ln78_reg_543[0]_i_2    | CLB.LUT.LUT4      |
    | flow_control_loop_pipe_U/val_4_reg_531[15]_i_3       | CLB.LUT.LUT5      |
    | flow_control_loop_pipe_U/max_val_reg_525[0]_i_2      | CLB.LUT.LUT6      |
    | flow_control_loop_pipe_U/max_val_reg_525[15]_i_12    | CLB.LUT.LUT4      |
    | flow_control_loop_pipe_U/max_val_reg_525_reg[15]_i_4 | CLB.CARRY.CARRY8  |
    | flow_control_loop_pipe_U/max_val_reg_525[3]_i_1      | CLB.LUT.LUT3      |
    | max_val_reg_525_reg[3]                               | REGISTER.SDR.FDRE |
    +------------------------------------------------------+-------------------+


================================================================
== RTL Synthesis Vivado Reports
================================================================
+--------------------------+----------------------------------------------------------------+
| Report Type              | Report Location                                                |
+--------------------------+----------------------------------------------------------------+
| design_analysis          | impl/verilog/report/maxpool_design_analysis_synth.rpt          |
| failfast                 | impl/verilog/report/maxpool_failfast_synth.rpt                 |
| power                    | impl/verilog/report/maxpool_power_synth.rpt                    |
| timing                   | impl/verilog/report/maxpool_timing_synth.rpt                   |
| timing_paths             | impl/verilog/report/maxpool_timing_paths_synth.rpt             |
| utilization              | impl/verilog/report/maxpool_utilization_synth.rpt              |
| utilization_hierarchical | impl/verilog/report/maxpool_utilization_hierarchical_synth.rpt |
+--------------------------+----------------------------------------------------------------+


