================================================================
== Vivado Place & Route Results
================================================================
+ General Information:
    * Date:            Thu Jun 11 13:05:46 +0530 2026
    * Version:         2025.2 (Build 6295257 on Nov 14 2025)
    * Project:         maxpool
    * Solution:        hls (Vivado IP Flow Target)
    * Product family:  zynquplus
    * Target device:   xck26-sfvc784-2LV-c


================================================================
== Run Constraints & Options
================================================================
+ Design Constraints & Options:
    * Place & Route target clock:  5 ns
    * C-Synthesis target clock:    5 ns
    * C-Synthesis uncertainty:     27%

+ RTL Synthesis Options:
    * config_export -vivado_synth_strategy:     default
    * config_export -vivado_synth_design_args:  -directive sdx_optimization_effort_high

+ Place & Route Options:
    * config_export -vivado_impl_strategy:  default
    * config_export -vivado_phys_opt:       auto

+ Reporting Options:
    * config_export -vivado_report_level:      2
    * config_export -vivado_max_timing_paths:  10


================================================================
== Place & Route Resource Summary
================================================================
LUT:              135
FF:               62
DSP:              0
BRAM:             0
URAM:             0
SRL:              0


================================================================
== Place & Route Timing Summary
================================================================
* Timing was met
+----------------+-------------+
| Timing         | Period (ns) |
+----------------+-------------+
| Target         | 5.000       |
| Post-Synthesis | 2.169       |
| Post-Route     | 2.648       |
+----------------+-------------+


================================================================
== Place & Route Resources
================================================================
+----------------------------+-----+----+-----+------+------+-----+--------+------+---------+----------+--------+
| Name                       | LUT | FF | DSP | BRAM | URAM | SRL | Pragma | Impl | Latency | Variable | Source |
+----------------------------+-----+----+-----+------+------+-----+--------+------+---------+----------+--------+
| inst                       |     |    |     |      |      |     |        |      |         |          |        |
|   (inst)                   |     |    |     |      |      |     |        |      |         |          |        |
|   flow_control_loop_pipe_U |     |    |     |      |      |     |        |      |         |          |        |
+----------------------------+-----+----+-----+------+------+-----+--------+------+---------+----------+--------+


================================================================
== Place & Route Fail Fast
================================================================
+-----------------------------------------------------------+-----------+--------+--------+
| Criteria                                                  | Guideline | Actual | Status |
+-----------------------------------------------------------+-----------+--------+--------+
| LUT                                                       | 70%       | 0.12%  | OK     |
| FD                                                        | 50%       | 0.03%  | OK     |
| LUTRAM+SRL                                                | 25%       | 0.00%  | OK     |
| CARRY8                                                    | 25%       | 0.02%  | OK     |
| MUXF7                                                     | 15%       | 0.00%  | OK     |
| DSP                                                       | 80%       | 0.00%  | OK     |
| RAMB/FIFO                                                 | 80%       | 0.00%  | OK     |
| URAM                                                      | 80%       | 0.00%  | OK     |
| DSP+RAMB+URAM (Avg)                                       | 70%       | 0.00%  | OK     |
| BUFGCE* + BUFGCTRL                                        | 24        | 0      | OK     |
| DONT_TOUCH (cells/nets)                                   | 0         | 0      | OK     |
| MARK_DEBUG (nets)                                         | 0         | 0      | OK     |
| Control Sets                                              | 2196      | 2      | OK     |
| Average Fanout for modules > 100k cells                   | 4         | 2.77   | OK     |
| Max Average Fanout for modules > 100k cells               | 4         | 0      | OK     |
| Non-FD high fanout nets > 10k loads                       | 0         | 0      | OK     |
+-----------------------------------------------------------+-----------+--------+--------+
| TIMING-6 (No common primary clock between related clocks) | 0         | 0      | OK     |
| TIMING-7 (No common node between related clocks)          | 0         | 0      | OK     |
| TIMING-8 (No common period between related clocks)        | 0         | 0      | OK     |
| TIMING-14 (LUT on the clock tree)                         | 0         | 0      | OK     |
| TIMING-35 (No common node in paths with the same clock)   | 0         | 0      | OK     |
+-----------------------------------------------------------+-----------+--------+--------+
| Number of paths above max LUT budgeting (0.391ns)         | 0         | 0      | OK     |
| Number of paths above max Net budgeting (0.263ns)         | 0         | 0      | OK     |
+-----------------------------------------------------------+-----------+--------+--------+


================================================================
== Place & Route Timing Paths
================================================================
* Timing was met
+-------+-------+----------------------------+---------------------------+--------------+------------+----------------+----------------+--------------+
| Path  | SLACK | STARTPOINT PIN             | ENDPOINT PIN              | LOGIC LEVELS | MAX FANOUT | DATAPATH DELAY | DATAPATH LOGIC | DATAPATH NET |
|       |       |                            |                           |              |            |                |          DELAY |        DELAY |
+-------+-------+----------------------------+---------------------------+--------------+------------+----------------+----------------+--------------+
| Path1 | 2.352 | icmp_ln78_reg_543_reg[0]/C | max_val_reg_525_reg[0]/D  |            6 |         64 |          2.643 |          1.231 |        1.412 |
| Path2 | 2.359 | icmp_ln78_reg_543_reg[0]/C | max_val_reg_525_reg[12]/D |            6 |         64 |          2.636 |          1.246 |        1.390 |
| Path3 | 2.408 | icmp_ln78_reg_543_reg[0]/C | max_val_reg_525_reg[1]/D  |            6 |         64 |          2.589 |          1.232 |        1.357 |
| Path4 | 2.409 | icmp_ln78_reg_543_reg[0]/C | max_val_reg_525_reg[10]/D |            6 |         64 |          2.587 |          1.177 |        1.410 |
| Path5 | 2.412 | icmp_ln78_reg_543_reg[0]/C | max_val_reg_525_reg[13]/D |            6 |         64 |          2.585 |          1.251 |        1.334 |
+-------+-------+----------------------------+---------------------------+--------------+------------+----------------+----------------+--------------+

    +------------------------------------------------------+-------------------+
    | Path1 Cells                                          | Primitive Type    |
    +------------------------------------------------------+-------------------+
    | icmp_ln78_reg_543_reg[0]                             | REGISTER.SDR.FDRE |
    | flow_control_loop_pipe_U/icmp_ln78_reg_543[0]_i_2    | CLB.LUT.LUT4      |
    | flow_control_loop_pipe_U/val_4_reg_531[15]_i_2       | CLB.LUT.LUT6      |
    | flow_control_loop_pipe_U/max_val_reg_525[2]_i_3      | CLB.LUT.LUT6      |
    | flow_control_loop_pipe_U/max_val_reg_525[15]_i_19    | CLB.LUT.LUT4      |
    | flow_control_loop_pipe_U/max_val_reg_525_reg[15]_i_4 | CLB.CARRY.CARRY8  |
    | flow_control_loop_pipe_U/max_val_reg_525[0]_i_1      | CLB.LUT.LUT3      |
    | max_val_reg_525_reg[0]                               | REGISTER.SDR.FDRE |
    +------------------------------------------------------+-------------------+

    +------------------------------------------------------+-------------------+
    | Path2 Cells                                          | Primitive Type    |
    +------------------------------------------------------+-------------------+
    | icmp_ln78_reg_543_reg[0]                             | REGISTER.SDR.FDRE |
    | flow_control_loop_pipe_U/icmp_ln78_reg_543[0]_i_2    | CLB.LUT.LUT4      |
    | flow_control_loop_pipe_U/val_4_reg_531[15]_i_2       | CLB.LUT.LUT6      |
    | flow_control_loop_pipe_U/max_val_reg_525[2]_i_3      | CLB.LUT.LUT6      |
    | flow_control_loop_pipe_U/max_val_reg_525[15]_i_19    | CLB.LUT.LUT4      |
    | flow_control_loop_pipe_U/max_val_reg_525_reg[15]_i_4 | CLB.CARRY.CARRY8  |
    | flow_control_loop_pipe_U/max_val_reg_525[12]_i_1     | CLB.LUT.LUT3      |
    | max_val_reg_525_reg[12]                              | REGISTER.SDR.FDRE |
    +------------------------------------------------------+-------------------+

    +------------------------------------------------------+-------------------+
    | Path3 Cells                                          | Primitive Type    |
    +------------------------------------------------------+-------------------+
    | icmp_ln78_reg_543_reg[0]                             | REGISTER.SDR.FDRE |
    | flow_control_loop_pipe_U/icmp_ln78_reg_543[0]_i_2    | CLB.LUT.LUT4      |
    | flow_control_loop_pipe_U/val_4_reg_531[15]_i_2       | CLB.LUT.LUT6      |
    | flow_control_loop_pipe_U/max_val_reg_525[2]_i_3      | CLB.LUT.LUT6      |
    | flow_control_loop_pipe_U/max_val_reg_525[15]_i_19    | CLB.LUT.LUT4      |
    | flow_control_loop_pipe_U/max_val_reg_525_reg[15]_i_4 | CLB.CARRY.CARRY8  |
    | flow_control_loop_pipe_U/max_val_reg_525[1]_i_1      | CLB.LUT.LUT3      |
    | max_val_reg_525_reg[1]                               | REGISTER.SDR.FDRE |
    +------------------------------------------------------+-------------------+

    +------------------------------------------------------+-------------------+
    | Path4 Cells                                          | Primitive Type    |
    +------------------------------------------------------+-------------------+
    | icmp_ln78_reg_543_reg[0]                             | REGISTER.SDR.FDRE |
    | flow_control_loop_pipe_U/icmp_ln78_reg_543[0]_i_2    | CLB.LUT.LUT4      |
    | flow_control_loop_pipe_U/val_4_reg_531[15]_i_2       | CLB.LUT.LUT6      |
    | flow_control_loop_pipe_U/max_val_reg_525[2]_i_3      | CLB.LUT.LUT6      |
    | flow_control_loop_pipe_U/max_val_reg_525[15]_i_19    | CLB.LUT.LUT4      |
    | flow_control_loop_pipe_U/max_val_reg_525_reg[15]_i_4 | CLB.CARRY.CARRY8  |
    | flow_control_loop_pipe_U/max_val_reg_525[10]_i_1     | CLB.LUT.LUT3      |
    | max_val_reg_525_reg[10]                              | REGISTER.SDR.FDRE |
    +------------------------------------------------------+-------------------+

    +------------------------------------------------------+-------------------+
    | Path5 Cells                                          | Primitive Type    |
    +------------------------------------------------------+-------------------+
    | icmp_ln78_reg_543_reg[0]                             | REGISTER.SDR.FDRE |
    | flow_control_loop_pipe_U/icmp_ln78_reg_543[0]_i_2    | CLB.LUT.LUT4      |
    | flow_control_loop_pipe_U/val_4_reg_531[15]_i_2       | CLB.LUT.LUT6      |
    | flow_control_loop_pipe_U/max_val_reg_525[2]_i_3      | CLB.LUT.LUT6      |
    | flow_control_loop_pipe_U/max_val_reg_525[15]_i_19    | CLB.LUT.LUT4      |
    | flow_control_loop_pipe_U/max_val_reg_525_reg[15]_i_4 | CLB.CARRY.CARRY8  |
    | flow_control_loop_pipe_U/max_val_reg_525[13]_i_1     | CLB.LUT.LUT3      |
    | max_val_reg_525_reg[13]                              | REGISTER.SDR.FDRE |
    +------------------------------------------------------+-------------------+


================================================================
== Place & Route Vivado Reports
================================================================
+--------------------------+-----------------------------------------------------------------+
| Report Type              | Report Location                                                 |
+--------------------------+-----------------------------------------------------------------+
| design_analysis          | impl/verilog/report/maxpool_design_analysis_routed.rpt          |
| failfast                 | impl/verilog/report/maxpool_failfast_routed.rpt                 |
| power                    | impl/verilog/report/maxpool_power_routed.rpt                    |
| status                   | impl/verilog/report/maxpool_status_routed.rpt                   |
| timing                   | impl/verilog/report/maxpool_timing_routed.rpt                   |
| timing_paths             | impl/verilog/report/maxpool_timing_paths_routed.rpt             |
| utilization              | impl/verilog/report/maxpool_utilization_routed.rpt              |
| utilization_hierarchical | impl/verilog/report/maxpool_utilization_hierarchical_routed.rpt |
+--------------------------+-----------------------------------------------------------------+


