

================================================================
== Vitis HLS Report for 'maxpool'
================================================================
* Date:           Thu Jun 11 16:03:28 2026

* Version:        2025.2 (Build 6295257 on Nov 14 2025)
* Project:        maxpool
* Solution:       hls (Vivado IP Flow Target)
* Product family: zynquplus
* Target device:  xck26-sfvc784-2LV-c


================================================================
== Performance Estimates
================================================================
+ Timing: 
    * Summary: 
    +--------+---------+----------+------------+
    |  Clock |  Target | Estimated| Uncertainty|
    +--------+---------+----------+------------+
    |ap_clk  |  5.00 ns|  3.269 ns|     1.35 ns|
    +--------+---------+----------+------------+

+ Latency: 
    * Summary: 
    +---------+---------+----------+----------+-----+-----+---------+
    |  Latency (cycles) |  Latency (absolute) |  Interval | Pipeline|
    |   min   |   max   |    min   |    max   | min | max |   Type  |
    +---------+---------+----------+----------+-----+-----+---------+
    |       37|       37|  0.185 us|  0.185 us|   38|   38|       no|
    +---------+---------+----------+----------+-----+-----+---------+

    + Detail: 
        * Instance: 
        N/A

        * Loop: 
        N/A

============================================================
+ Verbose Summary: Synthesis Manager
============================================================
InlineROM: 1
ExposeGlobal: 0
============================================================
+ Verbose Summary: CDFG Model
============================================================
IsTopModel: 1
ResetActiveHigh: 1
IsCombinational: 0
IsDatapathOnly: 0
HasWiredReturn: 1
HasMFsm: 0
HasVarLatency: 1
IsPipeline: 0
IsRtlPipelined: 0
IsInstanceOverlapped: 0
IsDontTouch: 0
HasImplIP: 0
IsGatedGlobalClock: 0


============================================================
+ Verbose Summary: Schedule
============================================================
* Number of FSM states : 8
* Pipeline : 0
* Dataflow Pipeline: 0

* FSM state transitions: 
1 --> 2 
2 --> 3 
3 --> 4 
4 --> 5 
5 --> 6 
6 --> 7 
7 --> 8 
8 --> 

* FSM state operations: 

State 1 <SV = 0> <Delay = 0.00>
ST_1 : Operation 9 [1/1] (0.00ns)   --->   "%output_loc = alloca i64 1"   --->   Operation 9 'alloca' 'output_loc' <Predicate = true> <Delay = 0.00>
ST_1 : Operation 10 [1/1] (0.00ns)   --->   "%output_1_loc = alloca i64 1"   --->   Operation 10 'alloca' 'output_1_loc' <Predicate = true> <Delay = 0.00>
ST_1 : Operation 11 [1/1] (0.00ns)   --->   "%output_2_loc = alloca i64 1"   --->   Operation 11 'alloca' 'output_2_loc' <Predicate = true> <Delay = 0.00>
ST_1 : Operation 12 [1/1] (0.00ns)   --->   "%output_3_loc = alloca i64 1"   --->   Operation 12 'alloca' 'output_3_loc' <Predicate = true> <Delay = 0.00>
ST_1 : Operation 13 [1/1] (0.00ns)   --->   "%input_loc = alloca i64 1"   --->   Operation 13 'alloca' 'input_loc' <Predicate = true> <Delay = 0.00>
ST_1 : Operation 14 [1/1] (0.00ns)   --->   "%input_1_loc = alloca i64 1"   --->   Operation 14 'alloca' 'input_1_loc' <Predicate = true> <Delay = 0.00>
ST_1 : Operation 15 [1/1] (0.00ns)   --->   "%input_2_loc = alloca i64 1"   --->   Operation 15 'alloca' 'input_2_loc' <Predicate = true> <Delay = 0.00>
ST_1 : Operation 16 [1/1] (0.00ns)   --->   "%input_3_loc = alloca i64 1"   --->   Operation 16 'alloca' 'input_3_loc' <Predicate = true> <Delay = 0.00>
ST_1 : Operation 17 [1/1] (0.00ns)   --->   "%input_4_loc = alloca i64 1"   --->   Operation 17 'alloca' 'input_4_loc' <Predicate = true> <Delay = 0.00>
ST_1 : Operation 18 [1/1] (0.00ns)   --->   "%input_5_loc = alloca i64 1"   --->   Operation 18 'alloca' 'input_5_loc' <Predicate = true> <Delay = 0.00>
ST_1 : Operation 19 [1/1] (0.00ns)   --->   "%input_6_loc = alloca i64 1"   --->   Operation 19 'alloca' 'input_6_loc' <Predicate = true> <Delay = 0.00>
ST_1 : Operation 20 [1/1] (0.00ns)   --->   "%input_7_loc = alloca i64 1"   --->   Operation 20 'alloca' 'input_7_loc' <Predicate = true> <Delay = 0.00>
ST_1 : Operation 21 [1/1] (0.00ns)   --->   "%input_8_loc = alloca i64 1"   --->   Operation 21 'alloca' 'input_8_loc' <Predicate = true> <Delay = 0.00>
ST_1 : Operation 22 [1/1] (0.00ns)   --->   "%input_9_loc = alloca i64 1"   --->   Operation 22 'alloca' 'input_9_loc' <Predicate = true> <Delay = 0.00>
ST_1 : Operation 23 [1/1] (0.00ns)   --->   "%input_10_loc = alloca i64 1"   --->   Operation 23 'alloca' 'input_10_loc' <Predicate = true> <Delay = 0.00>
ST_1 : Operation 24 [1/1] (0.00ns)   --->   "%input_11_loc = alloca i64 1"   --->   Operation 24 'alloca' 'input_11_loc' <Predicate = true> <Delay = 0.00>
ST_1 : Operation 25 [1/1] (0.00ns)   --->   "%input_12_loc = alloca i64 1"   --->   Operation 25 'alloca' 'input_12_loc' <Predicate = true> <Delay = 0.00>
ST_1 : Operation 26 [1/1] (0.00ns)   --->   "%input_13_loc = alloca i64 1"   --->   Operation 26 'alloca' 'input_13_loc' <Predicate = true> <Delay = 0.00>
ST_1 : Operation 27 [1/1] (0.00ns)   --->   "%input_14_loc = alloca i64 1"   --->   Operation 27 'alloca' 'input_14_loc' <Predicate = true> <Delay = 0.00>
ST_1 : Operation 28 [1/1] (0.00ns)   --->   "%input_15_loc = alloca i64 1"   --->   Operation 28 'alloca' 'input_15_loc' <Predicate = true> <Delay = 0.00>

State 2 <SV = 1> <Delay = 0.07>
ST_2 : Operation 29 [2/2] (0.07ns)   --->   "%call_ln0 = call void @maxpool_Pipeline_READ_INPUT, i16 %in_stream_V_data_V, i2 %in_stream_V_keep_V, i2 %in_stream_V_strb_V, i1 %in_stream_V_last_V, i16 %input_15_loc, i16 %input_14_loc, i16 %input_13_loc, i16 %input_12_loc, i16 %input_11_loc, i16 %input_10_loc, i16 %input_9_loc, i16 %input_8_loc, i16 %input_7_loc, i16 %input_6_loc, i16 %input_5_loc, i16 %input_4_loc, i16 %input_3_loc, i16 %input_2_loc, i16 %input_1_loc, i16 %input_loc"   --->   Operation 29 'call' 'call_ln0' <Predicate = true> <Delay = 0.07> <CoreType = "Generic">   --->   Generic Core

State 3 <SV = 2> <Delay = 1.64>
ST_3 : Operation 30 [1/2] (1.64ns)   --->   "%call_ln0 = call void @maxpool_Pipeline_READ_INPUT, i16 %in_stream_V_data_V, i2 %in_stream_V_keep_V, i2 %in_stream_V_strb_V, i1 %in_stream_V_last_V, i16 %input_15_loc, i16 %input_14_loc, i16 %input_13_loc, i16 %input_12_loc, i16 %input_11_loc, i16 %input_10_loc, i16 %input_9_loc, i16 %input_8_loc, i16 %input_7_loc, i16 %input_6_loc, i16 %input_5_loc, i16 %input_4_loc, i16 %input_3_loc, i16 %input_2_loc, i16 %input_1_loc, i16 %input_loc"   --->   Operation 30 'call' 'call_ln0' <Predicate = true> <Delay = 1.64> <CoreType = "Generic">   --->   Generic Core

State 4 <SV = 3> <Delay = 1.92>
ST_4 : Operation 31 [1/1] (0.00ns)   --->   "%input_15_loc_load = load i16 %input_15_loc"   --->   Operation 31 'load' 'input_15_loc_load' <Predicate = true> <Delay = 0.00>
ST_4 : Operation 32 [1/1] (0.00ns)   --->   "%input_14_loc_load = load i16 %input_14_loc"   --->   Operation 32 'load' 'input_14_loc_load' <Predicate = true> <Delay = 0.00>
ST_4 : Operation 33 [1/1] (0.00ns)   --->   "%input_13_loc_load = load i16 %input_13_loc"   --->   Operation 33 'load' 'input_13_loc_load' <Predicate = true> <Delay = 0.00>
ST_4 : Operation 34 [1/1] (0.00ns)   --->   "%input_12_loc_load = load i16 %input_12_loc"   --->   Operation 34 'load' 'input_12_loc_load' <Predicate = true> <Delay = 0.00>
ST_4 : Operation 35 [1/1] (0.00ns)   --->   "%input_11_loc_load = load i16 %input_11_loc"   --->   Operation 35 'load' 'input_11_loc_load' <Predicate = true> <Delay = 0.00>
ST_4 : Operation 36 [1/1] (0.00ns)   --->   "%input_10_loc_load = load i16 %input_10_loc"   --->   Operation 36 'load' 'input_10_loc_load' <Predicate = true> <Delay = 0.00>
ST_4 : Operation 37 [1/1] (0.00ns)   --->   "%input_9_loc_load = load i16 %input_9_loc"   --->   Operation 37 'load' 'input_9_loc_load' <Predicate = true> <Delay = 0.00>
ST_4 : Operation 38 [1/1] (0.00ns)   --->   "%input_8_loc_load = load i16 %input_8_loc"   --->   Operation 38 'load' 'input_8_loc_load' <Predicate = true> <Delay = 0.00>
ST_4 : Operation 39 [1/1] (0.00ns)   --->   "%input_7_loc_load = load i16 %input_7_loc"   --->   Operation 39 'load' 'input_7_loc_load' <Predicate = true> <Delay = 0.00>
ST_4 : Operation 40 [1/1] (0.00ns)   --->   "%input_6_loc_load = load i16 %input_6_loc"   --->   Operation 40 'load' 'input_6_loc_load' <Predicate = true> <Delay = 0.00>
ST_4 : Operation 41 [1/1] (0.00ns)   --->   "%input_5_loc_load = load i16 %input_5_loc"   --->   Operation 41 'load' 'input_5_loc_load' <Predicate = true> <Delay = 0.00>
ST_4 : Operation 42 [1/1] (0.00ns)   --->   "%input_4_loc_load = load i16 %input_4_loc"   --->   Operation 42 'load' 'input_4_loc_load' <Predicate = true> <Delay = 0.00>
ST_4 : Operation 43 [1/1] (0.00ns)   --->   "%input_3_loc_load = load i16 %input_3_loc"   --->   Operation 43 'load' 'input_3_loc_load' <Predicate = true> <Delay = 0.00>
ST_4 : Operation 44 [1/1] (0.00ns)   --->   "%input_2_loc_load = load i16 %input_2_loc"   --->   Operation 44 'load' 'input_2_loc_load' <Predicate = true> <Delay = 0.00>
ST_4 : Operation 45 [1/1] (0.00ns)   --->   "%input_1_loc_load = load i16 %input_1_loc"   --->   Operation 45 'load' 'input_1_loc_load' <Predicate = true> <Delay = 0.00>
ST_4 : Operation 46 [1/1] (0.00ns)   --->   "%input_loc_load = load i16 %input_loc"   --->   Operation 46 'load' 'input_loc_load' <Predicate = true> <Delay = 0.00>
ST_4 : Operation 47 [2/2] (1.92ns)   --->   "%call_ln0 = call void @maxpool_Pipeline_POOL_OR_POOL_OC, i16 %input_2_loc_load, i16 %input_loc_load, i16 %input_10_loc_load, i16 %input_8_loc_load, i16 %input_3_loc_load, i16 %input_1_loc_load, i16 %input_11_loc_load, i16 %input_9_loc_load, i16 %input_6_loc_load, i16 %input_4_loc_load, i16 %input_14_loc_load, i16 %input_12_loc_load, i16 %input_7_loc_load, i16 %input_5_loc_load, i16 %input_15_loc_load, i16 %input_13_loc_load, i16 %output_3_loc, i16 %output_2_loc, i16 %output_1_loc, i16 %output_loc"   --->   Operation 47 'call' 'call_ln0' <Predicate = true> <Delay = 1.92> <CoreType = "Generic">   --->   Generic Core

State 5 <SV = 4> <Delay = 1.52>
ST_5 : Operation 48 [1/2] (1.52ns)   --->   "%call_ln0 = call void @maxpool_Pipeline_POOL_OR_POOL_OC, i16 %input_2_loc_load, i16 %input_loc_load, i16 %input_10_loc_load, i16 %input_8_loc_load, i16 %input_3_loc_load, i16 %input_1_loc_load, i16 %input_11_loc_load, i16 %input_9_loc_load, i16 %input_6_loc_load, i16 %input_4_loc_load, i16 %input_14_loc_load, i16 %input_12_loc_load, i16 %input_7_loc_load, i16 %input_5_loc_load, i16 %input_15_loc_load, i16 %input_13_loc_load, i16 %output_3_loc, i16 %output_2_loc, i16 %output_1_loc, i16 %output_loc"   --->   Operation 48 'call' 'call_ln0' <Predicate = true> <Delay = 1.52> <CoreType = "Generic">   --->   Generic Core

State 6 <SV = 5> <Delay = 0.71>
ST_6 : Operation 49 [1/1] (0.00ns)   --->   "%output_3_loc_load = load i16 %output_3_loc"   --->   Operation 49 'load' 'output_3_loc_load' <Predicate = true> <Delay = 0.00>
ST_6 : Operation 50 [1/1] (0.00ns)   --->   "%output_2_loc_load = load i16 %output_2_loc"   --->   Operation 50 'load' 'output_2_loc_load' <Predicate = true> <Delay = 0.00>
ST_6 : Operation 51 [1/1] (0.00ns)   --->   "%output_1_loc_load = load i16 %output_1_loc"   --->   Operation 51 'load' 'output_1_loc_load' <Predicate = true> <Delay = 0.00>
ST_6 : Operation 52 [1/1] (0.00ns)   --->   "%output_loc_load = load i16 %output_loc"   --->   Operation 52 'load' 'output_loc_load' <Predicate = true> <Delay = 0.00>
ST_6 : Operation 53 [2/2] (0.71ns)   --->   "%call_ln0 = call void @maxpool_Pipeline_WRITE_OUTPUT, i16 %output_1_loc_load, i16 %output_loc_load, i16 %output_3_loc_load, i16 %output_2_loc_load, i16 %out_stream_V_data_V, i2 %out_stream_V_keep_V, i2 %out_stream_V_strb_V, i1 %out_stream_V_last_V"   --->   Operation 53 'call' 'call_ln0' <Predicate = true> <Delay = 0.71> <CoreType = "Generic">   --->   Generic Core

State 7 <SV = 6> <Delay = 1.52>
ST_7 : Operation 54 [1/2] (1.52ns)   --->   "%call_ln0 = call void @maxpool_Pipeline_WRITE_OUTPUT, i16 %output_1_loc_load, i16 %output_loc_load, i16 %output_3_loc_load, i16 %output_2_loc_load, i16 %out_stream_V_data_V, i2 %out_stream_V_keep_V, i2 %out_stream_V_strb_V, i1 %out_stream_V_last_V"   --->   Operation 54 'call' 'call_ln0' <Predicate = true> <Delay = 1.52> <CoreType = "Generic">   --->   Generic Core

State 8 <SV = 7> <Delay = 0.00>
ST_8 : Operation 55 [1/1] (0.00ns)   --->   "%spectopmodule_ln16 = spectopmodule void @_ssdm_op_SpecTopModule, void @empty_4" [C:/Users/LAB2_PC10/Desktop/CHINNA/files/maxpool.cpp:16]   --->   Operation 55 'spectopmodule' 'spectopmodule_ln16' <Predicate = true> <Delay = 0.00>
ST_8 : Operation 56 [1/1] (0.00ns)   --->   "%specinterface_ln0 = specinterface void @_ssdm_op_SpecInterface, i16 %in_stream_V_data_V, i2 %in_stream_V_keep_V, i2 %in_stream_V_strb_V, i1 %in_stream_V_last_V, void @empty, i32 1, i32 1, void @empty_0, i32 0, i32 0, void @empty_1, void @empty_1, void @empty_1, i32 0, i32 0, i32 0, i32 0, void @empty_1, void @empty_1, i32 4294967295, i32 0, i32 0, i32 0"   --->   Operation 56 'specinterface' 'specinterface_ln0' <Predicate = true> <Delay = 0.00>
ST_8 : Operation 57 [1/1] (0.00ns)   --->   "%specbitsmap_ln0 = specbitsmap void @_ssdm_op_SpecBitsMap, i16 %in_stream_V_data_V"   --->   Operation 57 'specbitsmap' 'specbitsmap_ln0' <Predicate = true> <Delay = 0.00>
ST_8 : Operation 58 [1/1] (0.00ns)   --->   "%specbitsmap_ln0 = specbitsmap void @_ssdm_op_SpecBitsMap, i2 %in_stream_V_keep_V"   --->   Operation 58 'specbitsmap' 'specbitsmap_ln0' <Predicate = true> <Delay = 0.00>
ST_8 : Operation 59 [1/1] (0.00ns)   --->   "%specbitsmap_ln0 = specbitsmap void @_ssdm_op_SpecBitsMap, i2 %in_stream_V_strb_V"   --->   Operation 59 'specbitsmap' 'specbitsmap_ln0' <Predicate = true> <Delay = 0.00>
ST_8 : Operation 60 [1/1] (0.00ns)   --->   "%specbitsmap_ln0 = specbitsmap void @_ssdm_op_SpecBitsMap, i1 %in_stream_V_last_V"   --->   Operation 60 'specbitsmap' 'specbitsmap_ln0' <Predicate = true> <Delay = 0.00>
ST_8 : Operation 61 [1/1] (0.00ns)   --->   "%specinterface_ln0 = specinterface void @_ssdm_op_SpecInterface, i16 %out_stream_V_data_V, i2 %out_stream_V_keep_V, i2 %out_stream_V_strb_V, i1 %out_stream_V_last_V, void @empty, i32 1, i32 1, void @empty_0, i32 0, i32 0, void @empty_1, void @empty_1, void @empty_1, i32 0, i32 0, i32 0, i32 0, void @empty_1, void @empty_1, i32 4294967295, i32 0, i32 0, i32 0"   --->   Operation 61 'specinterface' 'specinterface_ln0' <Predicate = true> <Delay = 0.00>
ST_8 : Operation 62 [1/1] (0.00ns)   --->   "%specbitsmap_ln0 = specbitsmap void @_ssdm_op_SpecBitsMap, i16 %out_stream_V_data_V"   --->   Operation 62 'specbitsmap' 'specbitsmap_ln0' <Predicate = true> <Delay = 0.00>
ST_8 : Operation 63 [1/1] (0.00ns)   --->   "%specbitsmap_ln0 = specbitsmap void @_ssdm_op_SpecBitsMap, i2 %out_stream_V_keep_V"   --->   Operation 63 'specbitsmap' 'specbitsmap_ln0' <Predicate = true> <Delay = 0.00>
ST_8 : Operation 64 [1/1] (0.00ns)   --->   "%specbitsmap_ln0 = specbitsmap void @_ssdm_op_SpecBitsMap, i2 %out_stream_V_strb_V"   --->   Operation 64 'specbitsmap' 'specbitsmap_ln0' <Predicate = true> <Delay = 0.00>
ST_8 : Operation 65 [1/1] (0.00ns)   --->   "%specbitsmap_ln0 = specbitsmap void @_ssdm_op_SpecBitsMap, i1 %out_stream_V_last_V"   --->   Operation 65 'specbitsmap' 'specbitsmap_ln0' <Predicate = true> <Delay = 0.00>
ST_8 : Operation 66 [1/1] (0.00ns)   --->   "%specaxissidechannel_ln34 = specaxissidechannel void @_ssdm_op_SpecAXISSideChannel, i16 %out_stream_V_data_V, i2 %out_stream_V_keep_V, i2 %out_stream_V_strb_V, i1 0, i1 %out_stream_V_last_V, i1 0, i1 0, void @empty_2" [C:/Users/LAB2_PC10/Desktop/CHINNA/files/maxpool.cpp:34]   --->   Operation 66 'specaxissidechannel' 'specaxissidechannel_ln34' <Predicate = true> <Delay = 0.00>
ST_8 : Operation 67 [1/1] (0.00ns)   --->   "%specaxissidechannel_ln34 = specaxissidechannel void @_ssdm_op_SpecAXISSideChannel, i16 %in_stream_V_data_V, i2 %in_stream_V_keep_V, i2 %in_stream_V_strb_V, i1 0, i1 %in_stream_V_last_V, i1 0, i1 0, void @empty_3" [C:/Users/LAB2_PC10/Desktop/CHINNA/files/maxpool.cpp:34]   --->   Operation 67 'specaxissidechannel' 'specaxissidechannel_ln34' <Predicate = true> <Delay = 0.00>
ST_8 : Operation 68 [1/1] (0.00ns)   --->   "%ret_ln73 = ret" [C:/Users/LAB2_PC10/Desktop/CHINNA/files/maxpool.cpp:73]   --->   Operation 68 'ret' 'ret_ln73' <Predicate = true> <Delay = 0.00>


============================================================
+ Verbose Summary: Timing violations
============================================================
Target clock period: 5.000ns, clock uncertainty: 1.350ns.

 <State 1>: 0.000ns
The critical path consists of the following:

 <State 2>: 0.079ns
The critical path consists of the following:
	'call' operation ('call_ln0') to 'maxpool_Pipeline_READ_INPUT' [42]  (0.079 ns)

 <State 3>: 1.643ns
The critical path consists of the following:
	'call' operation ('call_ln0') to 'maxpool_Pipeline_READ_INPUT' [42]  (1.643 ns)

 <State 4>: 1.924ns
The critical path consists of the following:
	'load' operation 16 bit ('input_15_loc_load') on local variable 'input_15_loc' [43]  (0.000 ns)
	'call' operation ('call_ln0') to 'maxpool_Pipeline_POOL_OR_POOL_OC' [59]  (1.924 ns)

 <State 5>: 1.527ns
The critical path consists of the following:
	'call' operation ('call_ln0') to 'maxpool_Pipeline_POOL_OR_POOL_OC' [59]  (1.527 ns)

 <State 6>: 0.714ns
The critical path consists of the following:
	'load' operation 16 bit ('output_3_loc_load') on local variable 'output_3_loc' [60]  (0.000 ns)
	'call' operation ('call_ln0') to 'maxpool_Pipeline_WRITE_OUTPUT' [64]  (0.714 ns)

 <State 7>: 1.527ns
The critical path consists of the following:
	'call' operation ('call_ln0') to 'maxpool_Pipeline_WRITE_OUTPUT' [64]  (1.527 ns)

 <State 8>: 0.000ns
The critical path consists of the following:


============================================================
+ Verbose Summary: Binding
============================================================
N/A
* FSMD analyzer results:
  - Output states:
 - Input state : 
  - Chain level:
	State 1
	State 2
	State 3
	State 4
	State 5
	State 6
	State 7
	State 8


============================================================
+ Verbose Summary: Datapath Resource usage 
============================================================
N/A
