

================================================================
== Vitis HLS Report for 'maxpool_Pipeline_POOL_OR_POOL_OC'
================================================================
* Date:           Thu Jun 11 16:03:27 2026

* Version:        2025.2 (Build 6295257 on Nov 14 2025)
* Project:        maxpool
* Solution:       hls (Vivado IP Flow Target)
* Product family: zynquplus
* Target device:  xck26-sfvc784-2LV-c


================================================================
== Performance Estimates
================================================================
+ Timing: 
    * Summary: 
    +--------+---------+----------+------------+
    |  Clock |  Target | Estimated| Uncertainty|
    +--------+---------+----------+------------+
    |ap_clk  |  5.00 ns|  3.269 ns|     1.35 ns|
    +--------+---------+----------+------------+

+ Latency: 
    * Summary: 
    +---------+---------+-----------+-----------+-----+-----+-------------------+
    |  Latency (cycles) |   Latency (absolute)  |  Interval |      Pipeline     |
    |   min   |   max   |    min    |    max    | min | max |        Type       |
    +---------+---------+-----------+-----------+-----+-----+-------------------+
    |        6|        6|  30.000 ns|  30.000 ns|    0|    0|  loop pipeline stp|
    +---------+---------+-----------+-----------+-----+-----+-------------------+

    + Detail: 
        * Instance: 
        N/A

        * Loop: 
        +-------------------+---------+---------+----------+-----------+-----------+------+----------+
        |                   |  Latency (cycles) | Iteration|  Initiation Interval  | Trip |          |
        |     Loop Name     |   min   |   max   |  Latency |  achieved |   target  | Count| Pipelined|
        +-------------------+---------+---------+----------+-----------+-----------+------+----------+
        |- POOL_OR_POOL_OC  |        4|        4|         2|          1|          1|     4|       yes|
        +-------------------+---------+---------+----------+-----------+-----------+------+----------+

============================================================
+ Verbose Summary: Synthesis Manager
============================================================
InlineROM: 1
ExposeGlobal: 0
============================================================
+ Verbose Summary: CDFG Model
============================================================
IsTopModel: 0
ResetActiveHigh: 1
IsCombinational: 0
IsDatapathOnly: 0
HasWiredReturn: 1
HasMFsm: 2
HasVarLatency: 1
IsPipeline: 0
IsRtlPipelined: 0
IsInstanceOverlapped: 0
IsDontTouch: 0
HasImplIP: 0
IsGatedGlobalClock: 0

+ Individual pipeline summary: 
  * Pipeline-0: initiation interval (II) = 1, depth = 2


============================================================
+ Verbose Summary: Schedule
============================================================
* Number of FSM states : 2
* Pipeline : 1
  Pipeline-0 : II = 1, D = 2, States = { 1 2 }
* Dataflow Pipeline: 0

* FSM state transitions: 
1 --> 2 
2 --> 

* FSM state operations: 

State 1 <SV = 0> <Delay = 3.26>
ST_1 : Operation 5 [1/1] (0.00ns)   --->   "%oc_s = alloca i32 1" [C:/Users/LAB2_PC10/Desktop/CHINNA/files/maxpool.cpp:46]   --->   Operation 5 'alloca' 'oc_s' <Predicate = true> <Delay = 0.00>
ST_1 : Operation 6 [1/1] (0.00ns)   --->   "%output = alloca i32 1" [C:/Users/LAB2_PC10/Desktop/CHINNA/files/maxpool.cpp:30]   --->   Operation 6 'alloca' 'output' <Predicate = true> <Delay = 0.00>
ST_1 : Operation 7 [1/1] (0.00ns)   --->   "%output_1 = alloca i32 1" [C:/Users/LAB2_PC10/Desktop/CHINNA/files/maxpool.cpp:30]   --->   Operation 7 'alloca' 'output_1' <Predicate = true> <Delay = 0.00>
ST_1 : Operation 8 [1/1] (0.00ns)   --->   "%output_2 = alloca i32 1" [C:/Users/LAB2_PC10/Desktop/CHINNA/files/maxpool.cpp:30]   --->   Operation 8 'alloca' 'output_2' <Predicate = true> <Delay = 0.00>
ST_1 : Operation 9 [1/1] (0.00ns)   --->   "%output_3 = alloca i32 1" [C:/Users/LAB2_PC10/Desktop/CHINNA/files/maxpool.cpp:30]   --->   Operation 9 'alloca' 'output_3' <Predicate = true> <Delay = 0.00>
ST_1 : Operation 10 [1/1] (0.00ns)   --->   "%or_s = alloca i32 1" [C:/Users/LAB2_PC10/Desktop/CHINNA/files/maxpool.cpp:45]   --->   Operation 10 'alloca' 'or_s' <Predicate = true> <Delay = 0.00>
ST_1 : Operation 11 [1/1] (0.00ns)   --->   "%indvar_flatten = alloca i32 1"   --->   Operation 11 'alloca' 'indvar_flatten' <Predicate = true> <Delay = 0.00>
ST_1 : Operation 12 [1/1] (0.00ns)   --->   "%input_13_reload_read = read i16 @_ssdm_op_Read.ap_auto.i16, i16 %input_13_reload"   --->   Operation 12 'read' 'input_13_reload_read' <Predicate = true> <Delay = 0.00>
ST_1 : Operation 13 [1/1] (0.00ns)   --->   "%input_15_reload_read = read i16 @_ssdm_op_Read.ap_auto.i16, i16 %input_15_reload"   --->   Operation 13 'read' 'input_15_reload_read' <Predicate = true> <Delay = 0.00>
ST_1 : Operation 14 [1/1] (0.00ns)   --->   "%input_5_reload_read = read i16 @_ssdm_op_Read.ap_auto.i16, i16 %input_5_reload"   --->   Operation 14 'read' 'input_5_reload_read' <Predicate = true> <Delay = 0.00>
ST_1 : Operation 15 [1/1] (0.00ns)   --->   "%input_7_reload_read = read i16 @_ssdm_op_Read.ap_auto.i16, i16 %input_7_reload"   --->   Operation 15 'read' 'input_7_reload_read' <Predicate = true> <Delay = 0.00>
ST_1 : Operation 16 [1/1] (0.00ns)   --->   "%input_12_reload_read = read i16 @_ssdm_op_Read.ap_auto.i16, i16 %input_12_reload"   --->   Operation 16 'read' 'input_12_reload_read' <Predicate = true> <Delay = 0.00>
ST_1 : Operation 17 [1/1] (0.00ns)   --->   "%input_14_reload_read = read i16 @_ssdm_op_Read.ap_auto.i16, i16 %input_14_reload"   --->   Operation 17 'read' 'input_14_reload_read' <Predicate = true> <Delay = 0.00>
ST_1 : Operation 18 [1/1] (0.00ns)   --->   "%input_4_reload_read = read i16 @_ssdm_op_Read.ap_auto.i16, i16 %input_4_reload"   --->   Operation 18 'read' 'input_4_reload_read' <Predicate = true> <Delay = 0.00>
ST_1 : Operation 19 [1/1] (0.00ns)   --->   "%input_6_reload_read = read i16 @_ssdm_op_Read.ap_auto.i16, i16 %input_6_reload"   --->   Operation 19 'read' 'input_6_reload_read' <Predicate = true> <Delay = 0.00>
ST_1 : Operation 20 [1/1] (0.00ns)   --->   "%input_9_reload_read = read i16 @_ssdm_op_Read.ap_auto.i16, i16 %input_9_reload"   --->   Operation 20 'read' 'input_9_reload_read' <Predicate = true> <Delay = 0.00>
ST_1 : Operation 21 [1/1] (0.00ns)   --->   "%input_11_reload_read = read i16 @_ssdm_op_Read.ap_auto.i16, i16 %input_11_reload"   --->   Operation 21 'read' 'input_11_reload_read' <Predicate = true> <Delay = 0.00>
ST_1 : Operation 22 [1/1] (0.00ns)   --->   "%input_1_reload_read = read i16 @_ssdm_op_Read.ap_auto.i16, i16 %input_1_reload"   --->   Operation 22 'read' 'input_1_reload_read' <Predicate = true> <Delay = 0.00>
ST_1 : Operation 23 [1/1] (0.00ns)   --->   "%input_3_reload_read = read i16 @_ssdm_op_Read.ap_auto.i16, i16 %input_3_reload"   --->   Operation 23 'read' 'input_3_reload_read' <Predicate = true> <Delay = 0.00>
ST_1 : Operation 24 [1/1] (0.00ns)   --->   "%input_8_reload_read = read i16 @_ssdm_op_Read.ap_auto.i16, i16 %input_8_reload"   --->   Operation 24 'read' 'input_8_reload_read' <Predicate = true> <Delay = 0.00>
ST_1 : Operation 25 [1/1] (0.00ns)   --->   "%input_10_reload_read = read i16 @_ssdm_op_Read.ap_auto.i16, i16 %input_10_reload"   --->   Operation 25 'read' 'input_10_reload_read' <Predicate = true> <Delay = 0.00>
ST_1 : Operation 26 [1/1] (0.00ns)   --->   "%input_reload_read = read i16 @_ssdm_op_Read.ap_auto.i16, i16 %input_reload"   --->   Operation 26 'read' 'input_reload_read' <Predicate = true> <Delay = 0.00>
ST_1 : Operation 27 [1/1] (0.00ns)   --->   "%input_2_reload_read = read i16 @_ssdm_op_Read.ap_auto.i16, i16 %input_2_reload"   --->   Operation 27 'read' 'input_2_reload_read' <Predicate = true> <Delay = 0.00>
ST_1 : Operation 28 [1/1] (0.42ns)   --->   "%store_ln0 = store i3 0, i3 %indvar_flatten"   --->   Operation 28 'store' 'store_ln0' <Predicate = true> <Delay = 0.42>
ST_1 : Operation 29 [1/1] (0.42ns)   --->   "%store_ln45 = store i2 0, i2 %or_s" [C:/Users/LAB2_PC10/Desktop/CHINNA/files/maxpool.cpp:45]   --->   Operation 29 'store' 'store_ln45' <Predicate = true> <Delay = 0.42>
ST_1 : Operation 30 [1/1] (0.42ns)   --->   "%store_ln46 = store i2 0, i2 %oc_s" [C:/Users/LAB2_PC10/Desktop/CHINNA/files/maxpool.cpp:46]   --->   Operation 30 'store' 'store_ln46' <Predicate = true> <Delay = 0.42>
ST_1 : Operation 31 [1/1] (0.00ns)   --->   "%br_ln0 = br void %POOL_KR"   --->   Operation 31 'br' 'br_ln0' <Predicate = true> <Delay = 0.00>
ST_1 : Operation 32 [1/1] (0.00ns)   --->   "%indvar_flatten_load = load i3 %indvar_flatten" [C:/Users/LAB2_PC10/Desktop/CHINNA/files/maxpool.cpp:45]   --->   Operation 32 'load' 'indvar_flatten_load' <Predicate = true> <Delay = 0.00>
ST_1 : Operation 33 [1/1] (0.67ns)   --->   "%icmp_ln45 = icmp_eq  i3 %indvar_flatten_load, i3 4" [C:/Users/LAB2_PC10/Desktop/CHINNA/files/maxpool.cpp:45]   --->   Operation 33 'icmp' 'icmp_ln45' <Predicate = true> <Delay = 0.67> <CoreInst = "Cmp">   --->   Core 9 'Cmp' <Latency = 0> <II = 1> <Delay = 0.67> <FuncUnit> <Opcode : 'seteq' 'setne' 'setle' 'setge' 'setlt' 'setgt'> <InPorts = 2> <OutPorts = 1>
ST_1 : Operation 34 [1/1] (0.67ns)   --->   "%add_ln45 = add i3 %indvar_flatten_load, i3 1" [C:/Users/LAB2_PC10/Desktop/CHINNA/files/maxpool.cpp:45]   --->   Operation 34 'add' 'add_ln45' <Predicate = true> <Delay = 0.67> <CoreInst = "Adder">   --->   Core 1 'Adder' <Latency = 0> <II = 1> <Delay = 0.67> <FuncUnit> <Opcode : 'add' 'sub'> <InPorts = 2> <OutPorts = 1>
ST_1 : Operation 35 [1/1] (0.00ns)   --->   "%br_ln45 = br i1 %icmp_ln45, void %for.inc46, void %for.inc70.preheader.exitStub" [C:/Users/LAB2_PC10/Desktop/CHINNA/files/maxpool.cpp:45]   --->   Operation 35 'br' 'br_ln45' <Predicate = true> <Delay = 0.00>
ST_1 : Operation 36 [1/1] (0.00ns)   --->   "%oc_load = load i2 %oc_s" [C:/Users/LAB2_PC10/Desktop/CHINNA/files/maxpool.cpp:45]   --->   Operation 36 'load' 'oc_load' <Predicate = (!icmp_ln45)> <Delay = 0.00>
ST_1 : Operation 37 [1/1] (0.00ns)   --->   "%or_load = load i2 %or_s" [C:/Users/LAB2_PC10/Desktop/CHINNA/files/maxpool.cpp:45]   --->   Operation 37 'load' 'or_load' <Predicate = (!icmp_ln45)> <Delay = 0.00>
ST_1 : Operation 38 [1/1] (0.00ns)   --->   "%trunc_ln45 = trunc i2 %oc_load" [C:/Users/LAB2_PC10/Desktop/CHINNA/files/maxpool.cpp:45]   --->   Operation 38 'trunc' 'trunc_ln45' <Predicate = (!icmp_ln45)> <Delay = 0.00>
ST_1 : Operation 39 [1/1] (0.54ns)   --->   "%icmp_ln46 = icmp_eq  i2 %oc_load, i2 2" [C:/Users/LAB2_PC10/Desktop/CHINNA/files/maxpool.cpp:46]   --->   Operation 39 'icmp' 'icmp_ln46' <Predicate = (!icmp_ln45)> <Delay = 0.54> <CoreInst = "Cmp">   --->   Core 9 'Cmp' <Latency = 0> <II = 1> <Delay = 0.54> <FuncUnit> <Opcode : 'seteq' 'setne' 'setle' 'setge' 'setlt' 'setgt'> <InPorts = 2> <OutPorts = 1>
ST_1 : Operation 40 [1/1] (0.00ns) (grouped into LUT with out node and_ln30)   --->   "%xor_ln30 = xor i1 %icmp_ln46, i1 1" [C:/Users/LAB2_PC10/Desktop/CHINNA/files/maxpool.cpp:30]   --->   Operation 40 'xor' 'xor_ln30' <Predicate = (!icmp_ln45)> <Delay = 0.00> <CoreInst = "LogicGate">   --->   Core 74 'LogicGate' <Latency = 0> <II = 1> <Delay = 0.28> <FuncUnit> <Opcode : 'and' 'or' 'xor'> <InPorts = 2> <OutPorts = 1>
ST_1 : Operation 41 [1/1] (0.28ns) (out node of the LUT)   --->   "%and_ln30 = and i1 %trunc_ln45, i1 %xor_ln30" [C:/Users/LAB2_PC10/Desktop/CHINNA/files/maxpool.cpp:30]   --->   Operation 41 'and' 'and_ln30' <Predicate = (!icmp_ln45)> <Delay = 0.28> <CoreInst = "LogicGate">   --->   Core 74 'LogicGate' <Latency = 0> <II = 1> <Delay = 0.28> <FuncUnit> <Opcode : 'and' 'or' 'xor'> <InPorts = 2> <OutPorts = 1>
ST_1 : Operation 42 [1/1] (0.54ns)   --->   "%add_ln45_1 = add i2 %or_load, i2 1" [C:/Users/LAB2_PC10/Desktop/CHINNA/files/maxpool.cpp:45]   --->   Operation 42 'add' 'add_ln45_1' <Predicate = (!icmp_ln45)> <Delay = 0.54> <CoreInst = "Adder">   --->   Core 1 'Adder' <Latency = 0> <II = 1> <Delay = 0.54> <FuncUnit> <Opcode : 'add' 'sub'> <InPorts = 2> <OutPorts = 1>
ST_1 : Operation 43 [1/1] (0.17ns)   --->   "%select_ln45 = select i1 %icmp_ln46, i2 %add_ln45_1, i2 %or_load" [C:/Users/LAB2_PC10/Desktop/CHINNA/files/maxpool.cpp:45]   --->   Operation 43 'select' 'select_ln45' <Predicate = (!icmp_ln45)> <Delay = 0.17> <CoreInst = "Sel">   --->   Core 73 'Sel' <Latency = 0> <II = 1> <Delay = 0.17> <FuncUnit> <Opcode : 'select'> <InPorts = 3> <OutPorts = 1>
ST_1 : Operation 44 [1/1] (0.00ns) (grouped into LUT with out node first_iter_0)   --->   "%oc_cast_not = xor i1 %trunc_ln45, i1 1" [C:/Users/LAB2_PC10/Desktop/CHINNA/files/maxpool.cpp:45]   --->   Operation 44 'xor' 'oc_cast_not' <Predicate = (!icmp_ln45)> <Delay = 0.00> <CoreInst = "LogicGate">   --->   Core 74 'LogicGate' <Latency = 0> <II = 1> <Delay = 0.28> <FuncUnit> <Opcode : 'and' 'or' 'xor'> <InPorts = 2> <OutPorts = 1>
ST_1 : Operation 45 [1/1] (0.28ns) (out node of the LUT)   --->   "%first_iter_0 = or i1 %icmp_ln46, i1 %oc_cast_not" [C:/Users/LAB2_PC10/Desktop/CHINNA/files/maxpool.cpp:46]   --->   Operation 45 'or' 'first_iter_0' <Predicate = (!icmp_ln45)> <Delay = 0.28> <CoreInst = "LogicGate">   --->   Core 74 'LogicGate' <Latency = 0> <II = 1> <Delay = 0.28> <FuncUnit> <Opcode : 'and' 'or' 'xor'> <InPorts = 2> <OutPorts = 1>
ST_1 : Operation 46 [1/1] (0.54ns)   --->   "%icmp_ln58 = icmp_eq  i2 %select_ln45, i2 0" [C:/Users/LAB2_PC10/Desktop/CHINNA/files/maxpool.cpp:58]   --->   Operation 46 'icmp' 'icmp_ln58' <Predicate = (!icmp_ln45)> <Delay = 0.54> <CoreInst = "Cmp">   --->   Core 9 'Cmp' <Latency = 0> <II = 1> <Delay = 0.54> <FuncUnit> <Opcode : 'seteq' 'setne' 'setle' 'setge' 'setlt' 'setgt'> <InPorts = 2> <OutPorts = 1>
ST_1 : Operation 47 [1/1] (0.35ns) (out node of the LUT)   --->   "%select_ln48 = select i1 %and_ln30, i16 %input_2_reload_read, i16 %input_reload_read" [C:/Users/LAB2_PC10/Desktop/CHINNA/files/maxpool.cpp:48]   --->   Operation 47 'select' 'select_ln48' <Predicate = (!icmp_ln45)> <Delay = 0.35> <CoreInst = "Sel">   --->   Core 73 'Sel' <Latency = 0> <II = 1> <Delay = 0.35> <FuncUnit> <Opcode : 'select'> <InPorts = 3> <OutPorts = 1>
ST_1 : Operation 48 [1/1] (0.00ns) (grouped into LUT with out node max_val_5)   --->   "%select_ln48_1 = select i1 %and_ln30, i16 %input_10_reload_read, i16 %input_8_reload_read" [C:/Users/LAB2_PC10/Desktop/CHINNA/files/maxpool.cpp:48]   --->   Operation 48 'select' 'select_ln48_1' <Predicate = (!icmp_ln45)> <Delay = 0.00> <CoreInst = "Sel">   --->   Core 73 'Sel' <Latency = 0> <II = 1> <Delay = 0.35> <FuncUnit> <Opcode : 'select'> <InPorts = 3> <OutPorts = 1>
ST_1 : Operation 49 [1/1] (0.54ns)   --->   "%icmp_ln48 = icmp_eq  i2 %select_ln45, i2 1" [C:/Users/LAB2_PC10/Desktop/CHINNA/files/maxpool.cpp:48]   --->   Operation 49 'icmp' 'icmp_ln48' <Predicate = (!icmp_ln45)> <Delay = 0.54> <CoreInst = "Cmp">   --->   Core 9 'Cmp' <Latency = 0> <II = 1> <Delay = 0.54> <FuncUnit> <Opcode : 'seteq' 'setne' 'setle' 'setge' 'setlt' 'setgt'> <InPorts = 2> <OutPorts = 1>
ST_1 : Operation 50 [1/1] (0.35ns) (out node of the LUT)   --->   "%max_val_5 = select i1 %icmp_ln48, i16 %select_ln48_1, i16 %select_ln48" [C:/Users/LAB2_PC10/Desktop/CHINNA/files/maxpool.cpp:48]   --->   Operation 50 'select' 'max_val_5' <Predicate = (!icmp_ln45)> <Delay = 0.35> <CoreInst = "Sel">   --->   Core 73 'Sel' <Latency = 0> <II = 1> <Delay = 0.35> <FuncUnit> <Opcode : 'select'> <InPorts = 3> <OutPorts = 1>
ST_1 : Operation 51 [1/1] (0.35ns) (out node of the LUT)   --->   "%select_ln53 = select i1 %and_ln30, i16 %input_3_reload_read, i16 %input_1_reload_read" [C:/Users/LAB2_PC10/Desktop/CHINNA/files/maxpool.cpp:53]   --->   Operation 51 'select' 'select_ln53' <Predicate = (!icmp_ln45)> <Delay = 0.35> <CoreInst = "Sel">   --->   Core 73 'Sel' <Latency = 0> <II = 1> <Delay = 0.35> <FuncUnit> <Opcode : 'select'> <InPorts = 3> <OutPorts = 1>
ST_1 : Operation 52 [1/1] (0.00ns) (grouped into LUT with out node v)   --->   "%select_ln53_1 = select i1 %and_ln30, i16 %input_11_reload_read, i16 %input_9_reload_read" [C:/Users/LAB2_PC10/Desktop/CHINNA/files/maxpool.cpp:53]   --->   Operation 52 'select' 'select_ln53_1' <Predicate = (!icmp_ln45)> <Delay = 0.00> <CoreInst = "Sel">   --->   Core 73 'Sel' <Latency = 0> <II = 1> <Delay = 0.35> <FuncUnit> <Opcode : 'select'> <InPorts = 3> <OutPorts = 1>
ST_1 : Operation 53 [1/1] (0.35ns) (out node of the LUT)   --->   "%v = select i1 %icmp_ln48, i16 %select_ln53_1, i16 %select_ln53" [C:/Users/LAB2_PC10/Desktop/CHINNA/files/maxpool.cpp:53]   --->   Operation 53 'select' 'v' <Predicate = (!icmp_ln45)> <Delay = 0.35> <CoreInst = "Sel">   --->   Core 73 'Sel' <Latency = 0> <II = 1> <Delay = 0.35> <FuncUnit> <Opcode : 'select'> <InPorts = 3> <OutPorts = 1>
ST_1 : Operation 54 [1/1] (0.85ns)   --->   "%icmp_ln55 = icmp_sgt  i16 %v, i16 %max_val_5" [C:/Users/LAB2_PC10/Desktop/CHINNA/files/maxpool.cpp:55]   --->   Operation 54 'icmp' 'icmp_ln55' <Predicate = (!icmp_ln45)> <Delay = 0.85> <CoreInst = "Cmp">   --->   Core 9 'Cmp' <Latency = 0> <II = 1> <Delay = 0.85> <FuncUnit> <Opcode : 'seteq' 'setne' 'setle' 'setge' 'setlt' 'setgt'> <InPorts = 2> <OutPorts = 1>
ST_1 : Operation 55 [1/1] (0.35ns)   --->   "%max_val = select i1 %icmp_ln55, i16 %v, i16 %max_val_5" [C:/Users/LAB2_PC10/Desktop/CHINNA/files/maxpool.cpp:55]   --->   Operation 55 'select' 'max_val' <Predicate = (!icmp_ln45)> <Delay = 0.35> <CoreInst = "Sel">   --->   Core 73 'Sel' <Latency = 0> <II = 1> <Delay = 0.35> <FuncUnit> <Opcode : 'select'> <InPorts = 3> <OutPorts = 1>
ST_1 : Operation 56 [1/1] (0.35ns) (out node of the LUT)   --->   "%select_ln53_3 = select i1 %and_ln30, i16 %input_6_reload_read, i16 %input_4_reload_read" [C:/Users/LAB2_PC10/Desktop/CHINNA/files/maxpool.cpp:53]   --->   Operation 56 'select' 'select_ln53_3' <Predicate = (!icmp_ln45)> <Delay = 0.35> <CoreInst = "Sel">   --->   Core 73 'Sel' <Latency = 0> <II = 1> <Delay = 0.35> <FuncUnit> <Opcode : 'select'> <InPorts = 3> <OutPorts = 1>
ST_1 : Operation 57 [1/1] (0.00ns) (grouped into LUT with out node v_4)   --->   "%select_ln53_4 = select i1 %and_ln30, i16 %input_14_reload_read, i16 %input_12_reload_read" [C:/Users/LAB2_PC10/Desktop/CHINNA/files/maxpool.cpp:53]   --->   Operation 57 'select' 'select_ln53_4' <Predicate = (!icmp_ln45)> <Delay = 0.00> <CoreInst = "Sel">   --->   Core 73 'Sel' <Latency = 0> <II = 1> <Delay = 0.35> <FuncUnit> <Opcode : 'select'> <InPorts = 3> <OutPorts = 1>
ST_1 : Operation 58 [1/1] (0.35ns) (out node of the LUT)   --->   "%v_4 = select i1 %icmp_ln48, i16 %select_ln53_4, i16 %select_ln53_3" [C:/Users/LAB2_PC10/Desktop/CHINNA/files/maxpool.cpp:53]   --->   Operation 58 'select' 'v_4' <Predicate = (!icmp_ln45)> <Delay = 0.35> <CoreInst = "Sel">   --->   Core 73 'Sel' <Latency = 0> <II = 1> <Delay = 0.35> <FuncUnit> <Opcode : 'select'> <InPorts = 3> <OutPorts = 1>
ST_1 : Operation 59 [1/1] (0.35ns) (out node of the LUT)   --->   "%select_ln53_6 = select i1 %and_ln30, i16 %input_7_reload_read, i16 %input_5_reload_read" [C:/Users/LAB2_PC10/Desktop/CHINNA/files/maxpool.cpp:53]   --->   Operation 59 'select' 'select_ln53_6' <Predicate = (!icmp_ln45)> <Delay = 0.35> <CoreInst = "Sel">   --->   Core 73 'Sel' <Latency = 0> <II = 1> <Delay = 0.35> <FuncUnit> <Opcode : 'select'> <InPorts = 3> <OutPorts = 1>
ST_1 : Operation 60 [1/1] (0.00ns) (grouped into LUT with out node v_3)   --->   "%select_ln53_7 = select i1 %and_ln30, i16 %input_15_reload_read, i16 %input_13_reload_read" [C:/Users/LAB2_PC10/Desktop/CHINNA/files/maxpool.cpp:53]   --->   Operation 60 'select' 'select_ln53_7' <Predicate = (!icmp_ln45)> <Delay = 0.00> <CoreInst = "Sel">   --->   Core 73 'Sel' <Latency = 0> <II = 1> <Delay = 0.35> <FuncUnit> <Opcode : 'select'> <InPorts = 3> <OutPorts = 1>
ST_1 : Operation 61 [1/1] (0.35ns) (out node of the LUT)   --->   "%v_3 = select i1 %icmp_ln48, i16 %select_ln53_7, i16 %select_ln53_6" [C:/Users/LAB2_PC10/Desktop/CHINNA/files/maxpool.cpp:53]   --->   Operation 61 'select' 'v_3' <Predicate = (!icmp_ln45)> <Delay = 0.35> <CoreInst = "Sel">   --->   Core 73 'Sel' <Latency = 0> <II = 1> <Delay = 0.35> <FuncUnit> <Opcode : 'select'> <InPorts = 3> <OutPorts = 1>
ST_1 : Operation 62 [1/1] (0.17ns)   --->   "%select_ln46 = select i1 %and_ln30, i2 2, i2 1" [C:/Users/LAB2_PC10/Desktop/CHINNA/files/maxpool.cpp:46]   --->   Operation 62 'select' 'select_ln46' <Predicate = (!icmp_ln45)> <Delay = 0.17> <CoreInst = "Sel">   --->   Core 73 'Sel' <Latency = 0> <II = 1> <Delay = 0.17> <FuncUnit> <Opcode : 'select'> <InPorts = 3> <OutPorts = 1>
ST_1 : Operation 63 [1/1] (0.42ns)   --->   "%store_ln45 = store i3 %add_ln45, i3 %indvar_flatten" [C:/Users/LAB2_PC10/Desktop/CHINNA/files/maxpool.cpp:45]   --->   Operation 63 'store' 'store_ln45' <Predicate = (!icmp_ln45)> <Delay = 0.42>
ST_1 : Operation 64 [1/1] (0.42ns)   --->   "%store_ln45 = store i2 %select_ln45, i2 %or_s" [C:/Users/LAB2_PC10/Desktop/CHINNA/files/maxpool.cpp:45]   --->   Operation 64 'store' 'store_ln45' <Predicate = (!icmp_ln45)> <Delay = 0.42>
ST_1 : Operation 65 [1/1] (0.42ns)   --->   "%store_ln46 = store i2 %select_ln46, i2 %oc_s" [C:/Users/LAB2_PC10/Desktop/CHINNA/files/maxpool.cpp:46]   --->   Operation 65 'store' 'store_ln46' <Predicate = (!icmp_ln45)> <Delay = 0.42>
ST_1 : Operation 90 [1/1] (0.00ns)   --->   "%output_load = load i16 %output"   --->   Operation 90 'load' 'output_load' <Predicate = (icmp_ln45)> <Delay = 0.00>
ST_1 : Operation 91 [1/1] (0.00ns)   --->   "%output_1_load = load i16 %output_1"   --->   Operation 91 'load' 'output_1_load' <Predicate = (icmp_ln45)> <Delay = 0.00>
ST_1 : Operation 92 [1/1] (0.00ns)   --->   "%output_2_load = load i16 %output_2"   --->   Operation 92 'load' 'output_2_load' <Predicate = (icmp_ln45)> <Delay = 0.00>
ST_1 : Operation 93 [1/1] (0.00ns)   --->   "%output_3_load = load i16 %output_3"   --->   Operation 93 'load' 'output_3_load' <Predicate = (icmp_ln45)> <Delay = 0.00>
ST_1 : Operation 94 [1/1] (0.00ns)   --->   "%write_ln0 = write void @_ssdm_op_Write.ap_auto.i16P0A, i16 %output_3_out, i16 %output_3_load"   --->   Operation 94 'write' 'write_ln0' <Predicate = (icmp_ln45)> <Delay = 0.00>
ST_1 : Operation 95 [1/1] (0.00ns)   --->   "%write_ln0 = write void @_ssdm_op_Write.ap_auto.i16P0A, i16 %output_2_out, i16 %output_2_load"   --->   Operation 95 'write' 'write_ln0' <Predicate = (icmp_ln45)> <Delay = 0.00>
ST_1 : Operation 96 [1/1] (0.00ns)   --->   "%write_ln0 = write void @_ssdm_op_Write.ap_auto.i16P0A, i16 %output_1_out, i16 %output_1_load"   --->   Operation 96 'write' 'write_ln0' <Predicate = (icmp_ln45)> <Delay = 0.00>
ST_1 : Operation 97 [1/1] (0.00ns)   --->   "%write_ln0 = write void @_ssdm_op_Write.ap_auto.i16P0A, i16 %output_out, i16 %output_load"   --->   Operation 97 'write' 'write_ln0' <Predicate = (icmp_ln45)> <Delay = 0.00>
ST_1 : Operation 98 [1/1] (0.42ns)   --->   "%ret_ln0 = ret"   --->   Operation 98 'ret' 'ret_ln0' <Predicate = (icmp_ln45)> <Delay = 0.42>

State 2 <SV = 1> <Delay = 2.77>
ST_2 : Operation 66 [1/1] (0.00ns)   --->   "%output_load_1 = load i16 %output"   --->   Operation 66 'load' 'output_load_1' <Predicate = true> <Delay = 0.00>
ST_2 : Operation 67 [1/1] (0.00ns)   --->   "%output_1_load_1 = load i16 %output_1"   --->   Operation 67 'load' 'output_1_load_1' <Predicate = true> <Delay = 0.00>
ST_2 : Operation 68 [1/1] (0.00ns)   --->   "%output_2_load_1 = load i16 %output_2"   --->   Operation 68 'load' 'output_2_load_1' <Predicate = true> <Delay = 0.00>
ST_2 : Operation 69 [1/1] (0.00ns)   --->   "%output_3_load_1 = load i16 %output_3"   --->   Operation 69 'load' 'output_3_load_1' <Predicate = true> <Delay = 0.00>
ST_2 : Operation 70 [1/1] (0.00ns)   --->   "%specloopname_ln0 = specloopname void @_ssdm_op_SpecLoopName, void @POOL_OR_POOL_OC_str"   --->   Operation 70 'specloopname' 'specloopname_ln0' <Predicate = true> <Delay = 0.00>
ST_2 : Operation 71 [1/1] (0.00ns)   --->   "%speclooptripcount_ln0 = speclooptripcount void @_ssdm_op_SpecLoopTripCount, i64 4, i64 4, i64 4"   --->   Operation 71 'speclooptripcount' 'speclooptripcount_ln0' <Predicate = true> <Delay = 0.00>
ST_2 : Operation 72 [1/1] (0.00ns)   --->   "%specpipeline_ln47 = specpipeline void @_ssdm_op_SpecPipeline, i32 1, i32 0, i32 0, i32 0, i32 4294967295, void @empty_1" [C:/Users/LAB2_PC10/Desktop/CHINNA/files/maxpool.cpp:47]   --->   Operation 72 'specpipeline' 'specpipeline_ln47' <Predicate = true> <Delay = 0.00>
ST_2 : Operation 73 [1/1] (0.85ns)   --->   "%icmp_ln55_1 = icmp_sgt  i16 %v_4, i16 %max_val" [C:/Users/LAB2_PC10/Desktop/CHINNA/files/maxpool.cpp:55]   --->   Operation 73 'icmp' 'icmp_ln55_1' <Predicate = true> <Delay = 0.85> <CoreInst = "Cmp">   --->   Core 9 'Cmp' <Latency = 0> <II = 1> <Delay = 0.85> <FuncUnit> <Opcode : 'seteq' 'setne' 'setle' 'setge' 'setlt' 'setgt'> <InPorts = 2> <OutPorts = 1>
ST_2 : Operation 74 [1/1] (0.35ns)   --->   "%max_val_3 = select i1 %icmp_ln55_1, i16 %v_4, i16 %max_val" [C:/Users/LAB2_PC10/Desktop/CHINNA/files/maxpool.cpp:55]   --->   Operation 74 'select' 'max_val_3' <Predicate = true> <Delay = 0.35> <CoreInst = "Sel">   --->   Core 73 'Sel' <Latency = 0> <II = 1> <Delay = 0.35> <FuncUnit> <Opcode : 'select'> <InPorts = 3> <OutPorts = 1>
ST_2 : Operation 75 [1/1] (0.85ns)   --->   "%icmp_ln55_2 = icmp_sgt  i16 %v_3, i16 %max_val_3" [C:/Users/LAB2_PC10/Desktop/CHINNA/files/maxpool.cpp:55]   --->   Operation 75 'icmp' 'icmp_ln55_2' <Predicate = true> <Delay = 0.85> <CoreInst = "Cmp">   --->   Core 9 'Cmp' <Latency = 0> <II = 1> <Delay = 0.85> <FuncUnit> <Opcode : 'seteq' 'setne' 'setle' 'setge' 'setlt' 'setgt'> <InPorts = 2> <OutPorts = 1>
ST_2 : Operation 76 [1/1] (0.35ns)   --->   "%max_val_4 = select i1 %icmp_ln55_2, i16 %v_3, i16 %max_val_3" [C:/Users/LAB2_PC10/Desktop/CHINNA/files/maxpool.cpp:55]   --->   Operation 76 'select' 'max_val_4' <Predicate = true> <Delay = 0.35> <CoreInst = "Sel">   --->   Core 73 'Sel' <Latency = 0> <II = 1> <Delay = 0.35> <FuncUnit> <Opcode : 'select'> <InPorts = 3> <OutPorts = 1>
ST_2 : Operation 77 [1/1] (0.00ns) (grouped into LUT with out node output_5)   --->   "%select_ln58 = select i1 %first_iter_0, i16 %output_1_load_1, i16 %max_val_4" [C:/Users/LAB2_PC10/Desktop/CHINNA/files/maxpool.cpp:58]   --->   Operation 77 'select' 'select_ln58' <Predicate = (icmp_ln58)> <Delay = 0.00> <CoreInst = "Sel">   --->   Core 73 'Sel' <Latency = 0> <II = 1> <Delay = 0.35> <FuncUnit> <Opcode : 'select'> <InPorts = 3> <OutPorts = 1>
ST_2 : Operation 78 [1/1] (0.00ns) (grouped into LUT with out node output_4)   --->   "%select_ln58_1 = select i1 %first_iter_0, i16 %max_val_4, i16 %output_load_1" [C:/Users/LAB2_PC10/Desktop/CHINNA/files/maxpool.cpp:58]   --->   Operation 78 'select' 'select_ln58_1' <Predicate = (icmp_ln58)> <Delay = 0.00> <CoreInst = "Sel">   --->   Core 73 'Sel' <Latency = 0> <II = 1> <Delay = 0.35> <FuncUnit> <Opcode : 'select'> <InPorts = 3> <OutPorts = 1>
ST_2 : Operation 79 [1/1] (0.00ns) (grouped into LUT with out node output_7)   --->   "%select_ln58_2 = select i1 %first_iter_0, i16 %output_3_load_1, i16 %max_val_4" [C:/Users/LAB2_PC10/Desktop/CHINNA/files/maxpool.cpp:58]   --->   Operation 79 'select' 'select_ln58_2' <Predicate = (!icmp_ln58)> <Delay = 0.00> <CoreInst = "Sel">   --->   Core 73 'Sel' <Latency = 0> <II = 1> <Delay = 0.35> <FuncUnit> <Opcode : 'select'> <InPorts = 3> <OutPorts = 1>
ST_2 : Operation 80 [1/1] (0.00ns) (grouped into LUT with out node output_6)   --->   "%select_ln58_3 = select i1 %first_iter_0, i16 %max_val_4, i16 %output_2_load_1" [C:/Users/LAB2_PC10/Desktop/CHINNA/files/maxpool.cpp:58]   --->   Operation 80 'select' 'select_ln58_3' <Predicate = (!icmp_ln58)> <Delay = 0.00> <CoreInst = "Sel">   --->   Core 73 'Sel' <Latency = 0> <II = 1> <Delay = 0.35> <FuncUnit> <Opcode : 'select'> <InPorts = 3> <OutPorts = 1>
ST_2 : Operation 81 [1/1] (0.35ns) (out node of the LUT)   --->   "%output_7 = select i1 %icmp_ln58, i16 %output_3_load_1, i16 %select_ln58_2" [C:/Users/LAB2_PC10/Desktop/CHINNA/files/maxpool.cpp:58]   --->   Operation 81 'select' 'output_7' <Predicate = true> <Delay = 0.35> <CoreInst = "Sel">   --->   Core 73 'Sel' <Latency = 0> <II = 1> <Delay = 0.35> <FuncUnit> <Opcode : 'select'> <InPorts = 3> <OutPorts = 1>
ST_2 : Operation 82 [1/1] (0.35ns) (out node of the LUT)   --->   "%output_6 = select i1 %icmp_ln58, i16 %output_2_load_1, i16 %select_ln58_3" [C:/Users/LAB2_PC10/Desktop/CHINNA/files/maxpool.cpp:58]   --->   Operation 82 'select' 'output_6' <Predicate = true> <Delay = 0.35> <CoreInst = "Sel">   --->   Core 73 'Sel' <Latency = 0> <II = 1> <Delay = 0.35> <FuncUnit> <Opcode : 'select'> <InPorts = 3> <OutPorts = 1>
ST_2 : Operation 83 [1/1] (0.35ns) (out node of the LUT)   --->   "%output_5 = select i1 %icmp_ln58, i16 %select_ln58, i16 %output_1_load_1" [C:/Users/LAB2_PC10/Desktop/CHINNA/files/maxpool.cpp:58]   --->   Operation 83 'select' 'output_5' <Predicate = true> <Delay = 0.35> <CoreInst = "Sel">   --->   Core 73 'Sel' <Latency = 0> <II = 1> <Delay = 0.35> <FuncUnit> <Opcode : 'select'> <InPorts = 3> <OutPorts = 1>
ST_2 : Operation 84 [1/1] (0.35ns) (out node of the LUT)   --->   "%output_4 = select i1 %icmp_ln58, i16 %select_ln58_1, i16 %output_load_1" [C:/Users/LAB2_PC10/Desktop/CHINNA/files/maxpool.cpp:58]   --->   Operation 84 'select' 'output_4' <Predicate = true> <Delay = 0.35> <CoreInst = "Sel">   --->   Core 73 'Sel' <Latency = 0> <II = 1> <Delay = 0.35> <FuncUnit> <Opcode : 'select'> <InPorts = 3> <OutPorts = 1>
ST_2 : Operation 85 [1/1] (0.00ns)   --->   "%store_ln30 = store i16 %output_7, i16 %output_3" [C:/Users/LAB2_PC10/Desktop/CHINNA/files/maxpool.cpp:30]   --->   Operation 85 'store' 'store_ln30' <Predicate = true> <Delay = 0.00>
ST_2 : Operation 86 [1/1] (0.00ns)   --->   "%store_ln30 = store i16 %output_6, i16 %output_2" [C:/Users/LAB2_PC10/Desktop/CHINNA/files/maxpool.cpp:30]   --->   Operation 86 'store' 'store_ln30' <Predicate = true> <Delay = 0.00>
ST_2 : Operation 87 [1/1] (0.00ns)   --->   "%store_ln30 = store i16 %output_5, i16 %output_1" [C:/Users/LAB2_PC10/Desktop/CHINNA/files/maxpool.cpp:30]   --->   Operation 87 'store' 'store_ln30' <Predicate = true> <Delay = 0.00>
ST_2 : Operation 88 [1/1] (0.00ns)   --->   "%store_ln30 = store i16 %output_4, i16 %output" [C:/Users/LAB2_PC10/Desktop/CHINNA/files/maxpool.cpp:30]   --->   Operation 88 'store' 'store_ln30' <Predicate = true> <Delay = 0.00>
ST_2 : Operation 89 [1/1] (0.00ns)   --->   "%br_ln46 = br void %POOL_KR" [C:/Users/LAB2_PC10/Desktop/CHINNA/files/maxpool.cpp:46]   --->   Operation 89 'br' 'br_ln46' <Predicate = true> <Delay = 0.00>


============================================================
+ Verbose Summary: Timing violations
============================================================
Target clock period: 5.000ns, clock uncertainty: 1.350ns.

 <State 1>: 3.269ns
The critical path consists of the following:
	'store' operation ('store_ln45', C:/Users/LAB2_PC10/Desktop/CHINNA/files/maxpool.cpp:45) of constant 0 2 bit on local variable 'or_', C:/Users/LAB2_PC10/Desktop/CHINNA/files/maxpool.cpp:45 [45]  (0.427 ns)
	'load' operation 2 bit ('or_load', C:/Users/LAB2_PC10/Desktop/CHINNA/files/maxpool.cpp:45) on local variable 'or_', C:/Users/LAB2_PC10/Desktop/CHINNA/files/maxpool.cpp:45 [59]  (0.000 ns)
	'add' operation 2 bit ('add_ln45_1', C:/Users/LAB2_PC10/Desktop/CHINNA/files/maxpool.cpp:45) [66]  (0.548 ns)
	'select' operation 2 bit ('select_ln45', C:/Users/LAB2_PC10/Desktop/CHINNA/files/maxpool.cpp:45) [67]  (0.179 ns)
	'icmp' operation 1 bit ('icmp_ln48', C:/Users/LAB2_PC10/Desktop/CHINNA/files/maxpool.cpp:48) [74]  (0.548 ns)
	'select' operation 16 bit ('max_val', C:/Users/LAB2_PC10/Desktop/CHINNA/files/maxpool.cpp:48) [75]  (0.357 ns)
	'icmp' operation 1 bit ('icmp_ln55', C:/Users/LAB2_PC10/Desktop/CHINNA/files/maxpool.cpp:55) [79]  (0.853 ns)
	'select' operation 16 bit ('max_val', C:/Users/LAB2_PC10/Desktop/CHINNA/files/maxpool.cpp:55) [80]  (0.357 ns)

 <State 2>: 2.777ns
The critical path consists of the following:
	'icmp' operation 1 bit ('icmp_ln55_1', C:/Users/LAB2_PC10/Desktop/CHINNA/files/maxpool.cpp:55) [84]  (0.853 ns)
	'select' operation 16 bit ('max_val', C:/Users/LAB2_PC10/Desktop/CHINNA/files/maxpool.cpp:55) [85]  (0.357 ns)
	'icmp' operation 1 bit ('icmp_ln55_2', C:/Users/LAB2_PC10/Desktop/CHINNA/files/maxpool.cpp:55) [89]  (0.853 ns)
	'select' operation 16 bit ('max_val', C:/Users/LAB2_PC10/Desktop/CHINNA/files/maxpool.cpp:55) [90]  (0.357 ns)
	'select' operation 16 bit ('select_ln58_2', C:/Users/LAB2_PC10/Desktop/CHINNA/files/maxpool.cpp:58) [93]  (0.000 ns)
	'select' operation 16 bit ('output', C:/Users/LAB2_PC10/Desktop/CHINNA/files/maxpool.cpp:58) [95]  (0.357 ns)


============================================================
+ Verbose Summary: Binding
============================================================
N/A
* FSMD analyzer results:
  - Output states:
 - Input state : 
  - Chain level:
	State 1
	State 2


============================================================
+ Verbose Summary: Datapath Resource usage 
============================================================
N/A
