

================================================================
== Vitis HLS Report for 'maxpool_Pipeline_READ_INPUT'
================================================================
* Date:           Thu Jun 11 16:03:26 2026

* Version:        2025.2 (Build 6295257 on Nov 14 2025)
* Project:        maxpool
* Solution:       hls (Vivado IP Flow Target)
* Product family: zynquplus
* Target device:  xck26-sfvc784-2LV-c


================================================================
== Performance Estimates
================================================================
+ Timing: 
    * Summary: 
    +--------+---------+----------+------------+
    |  Clock |  Target | Estimated| Uncertainty|
    +--------+---------+----------+------------+
    |ap_clk  |  5.00 ns|  1.643 ns|     1.35 ns|
    +--------+---------+----------+------------+

+ Latency: 
    * Summary: 
    +---------+---------+-----------+-----------+-----+-----+-------------------+
    |  Latency (cycles) |   Latency (absolute)  |  Interval |      Pipeline     |
    |   min   |   max   |    min    |    max    | min | max |        Type       |
    +---------+---------+-----------+-----------+-----+-----+-------------------+
    |       18|       18|  90.000 ns|  90.000 ns|    0|    0|  loop pipeline stp|
    +---------+---------+-----------+-----------+-----+-----+-------------------+

    + Detail: 
        * Instance: 
        N/A

        * Loop: 
        +--------------+---------+---------+----------+-----------+-----------+------+----------+
        |              |  Latency (cycles) | Iteration|  Initiation Interval  | Trip |          |
        |   Loop Name  |   min   |   max   |  Latency |  achieved |   target  | Count| Pipelined|
        +--------------+---------+---------+----------+-----------+-----------+------+----------+
        |- READ_INPUT  |       16|       16|         2|          1|          1|    16|       yes|
        +--------------+---------+---------+----------+-----------+-----------+------+----------+

============================================================
+ Verbose Summary: Synthesis Manager
============================================================
InlineROM: 1
ExposeGlobal: 0
============================================================
+ Verbose Summary: CDFG Model
============================================================
IsTopModel: 0
ResetActiveHigh: 1
IsCombinational: 0
IsDatapathOnly: 0
HasWiredReturn: 1
HasMFsm: 2
HasVarLatency: 1
IsPipeline: 0
IsRtlPipelined: 0
IsInstanceOverlapped: 0
IsDontTouch: 0
HasImplIP: 0
IsGatedGlobalClock: 0

+ Individual pipeline summary: 
  * Pipeline-0: initiation interval (II) = 1, depth = 2


============================================================
+ Verbose Summary: Schedule
============================================================
* Number of FSM states : 2
* Pipeline : 1
  Pipeline-0 : II = 1, D = 2, States = { 1 2 }
* Dataflow Pipeline: 0

* FSM state transitions: 
1 --> 2 
2 --> 

* FSM state operations: 

State 1 <SV = 0> <Delay = 1.64>
ST_1 : Operation 5 [1/1] (0.00ns)   --->   "%i = alloca i32 1" [C:/Users/LAB2_PC10/Desktop/CHINNA/files/maxpool.cpp:34]   --->   Operation 5 'alloca' 'i' <Predicate = true> <Delay = 0.00>
ST_1 : Operation 6 [1/1] (0.00ns)   --->   "%input = alloca i32 1" [C:/Users/LAB2_PC10/Desktop/CHINNA/files/maxpool.cpp:26]   --->   Operation 6 'alloca' 'input' <Predicate = true> <Delay = 0.00>
ST_1 : Operation 7 [1/1] (0.00ns)   --->   "%input_1 = alloca i32 1" [C:/Users/LAB2_PC10/Desktop/CHINNA/files/maxpool.cpp:26]   --->   Operation 7 'alloca' 'input_1' <Predicate = true> <Delay = 0.00>
ST_1 : Operation 8 [1/1] (0.00ns)   --->   "%input_2 = alloca i32 1" [C:/Users/LAB2_PC10/Desktop/CHINNA/files/maxpool.cpp:26]   --->   Operation 8 'alloca' 'input_2' <Predicate = true> <Delay = 0.00>
ST_1 : Operation 9 [1/1] (0.00ns)   --->   "%input_3 = alloca i32 1" [C:/Users/LAB2_PC10/Desktop/CHINNA/files/maxpool.cpp:26]   --->   Operation 9 'alloca' 'input_3' <Predicate = true> <Delay = 0.00>
ST_1 : Operation 10 [1/1] (0.00ns)   --->   "%input_4 = alloca i32 1" [C:/Users/LAB2_PC10/Desktop/CHINNA/files/maxpool.cpp:26]   --->   Operation 10 'alloca' 'input_4' <Predicate = true> <Delay = 0.00>
ST_1 : Operation 11 [1/1] (0.00ns)   --->   "%input_5 = alloca i32 1" [C:/Users/LAB2_PC10/Desktop/CHINNA/files/maxpool.cpp:26]   --->   Operation 11 'alloca' 'input_5' <Predicate = true> <Delay = 0.00>
ST_1 : Operation 12 [1/1] (0.00ns)   --->   "%input_6 = alloca i32 1" [C:/Users/LAB2_PC10/Desktop/CHINNA/files/maxpool.cpp:26]   --->   Operation 12 'alloca' 'input_6' <Predicate = true> <Delay = 0.00>
ST_1 : Operation 13 [1/1] (0.00ns)   --->   "%input_7 = alloca i32 1" [C:/Users/LAB2_PC10/Desktop/CHINNA/files/maxpool.cpp:26]   --->   Operation 13 'alloca' 'input_7' <Predicate = true> <Delay = 0.00>
ST_1 : Operation 14 [1/1] (0.00ns)   --->   "%input_8 = alloca i32 1" [C:/Users/LAB2_PC10/Desktop/CHINNA/files/maxpool.cpp:26]   --->   Operation 14 'alloca' 'input_8' <Predicate = true> <Delay = 0.00>
ST_1 : Operation 15 [1/1] (0.00ns)   --->   "%input_9 = alloca i32 1" [C:/Users/LAB2_PC10/Desktop/CHINNA/files/maxpool.cpp:26]   --->   Operation 15 'alloca' 'input_9' <Predicate = true> <Delay = 0.00>
ST_1 : Operation 16 [1/1] (0.00ns)   --->   "%input_10 = alloca i32 1" [C:/Users/LAB2_PC10/Desktop/CHINNA/files/maxpool.cpp:26]   --->   Operation 16 'alloca' 'input_10' <Predicate = true> <Delay = 0.00>
ST_1 : Operation 17 [1/1] (0.00ns)   --->   "%input_11 = alloca i32 1" [C:/Users/LAB2_PC10/Desktop/CHINNA/files/maxpool.cpp:26]   --->   Operation 17 'alloca' 'input_11' <Predicate = true> <Delay = 0.00>
ST_1 : Operation 18 [1/1] (0.00ns)   --->   "%input_12 = alloca i32 1" [C:/Users/LAB2_PC10/Desktop/CHINNA/files/maxpool.cpp:26]   --->   Operation 18 'alloca' 'input_12' <Predicate = true> <Delay = 0.00>
ST_1 : Operation 19 [1/1] (0.00ns)   --->   "%input_13 = alloca i32 1" [C:/Users/LAB2_PC10/Desktop/CHINNA/files/maxpool.cpp:26]   --->   Operation 19 'alloca' 'input_13' <Predicate = true> <Delay = 0.00>
ST_1 : Operation 20 [1/1] (0.00ns)   --->   "%input_14 = alloca i32 1" [C:/Users/LAB2_PC10/Desktop/CHINNA/files/maxpool.cpp:26]   --->   Operation 20 'alloca' 'input_14' <Predicate = true> <Delay = 0.00>
ST_1 : Operation 21 [1/1] (0.00ns)   --->   "%input_15 = alloca i32 1" [C:/Users/LAB2_PC10/Desktop/CHINNA/files/maxpool.cpp:26]   --->   Operation 21 'alloca' 'input_15' <Predicate = true> <Delay = 0.00>
ST_1 : Operation 22 [1/1] (0.00ns)   --->   "%specaxissidechannel_ln0 = specaxissidechannel void @_ssdm_op_SpecAXISSideChannel, i16 %in_stream_V_data_V, i2 %in_stream_V_keep_V, i2 %in_stream_V_strb_V, i1 0, i1 %in_stream_V_last_V, i1 0, i1 0, void @empty_3"   --->   Operation 22 'specaxissidechannel' 'specaxissidechannel_ln0' <Predicate = true> <Delay = 0.00>
ST_1 : Operation 23 [1/1] (0.00ns)   --->   "%specinterface_ln0 = specinterface void @_ssdm_op_SpecInterface, i1 %in_stream_V_last_V, i2 %in_stream_V_strb_V, i2 %in_stream_V_keep_V, i16 %in_stream_V_data_V, void @empty, i32 0, i32 0, void @empty_0, i32 0, i32 0, void @empty_1, void @empty_1, void @empty_1, i32 0, i32 0, i32 0, i32 0, void @empty_1, void @empty_1, i32 4294967295, i32 0, i32 0, i32 0"   --->   Operation 23 'specinterface' 'specinterface_ln0' <Predicate = true> <Delay = 0.00>
ST_1 : Operation 24 [1/1] (0.42ns)   --->   "%store_ln34 = store i5 0, i5 %i" [C:/Users/LAB2_PC10/Desktop/CHINNA/files/maxpool.cpp:34]   --->   Operation 24 'store' 'store_ln34' <Predicate = true> <Delay = 0.42>
ST_1 : Operation 25 [1/1] (0.00ns)   --->   "%br_ln34 = br void %for.inc" [C:/Users/LAB2_PC10/Desktop/CHINNA/files/maxpool.cpp:34]   --->   Operation 25 'br' 'br_ln34' <Predicate = true> <Delay = 0.00>
ST_1 : Operation 26 [1/1] (0.00ns)   --->   "%i_3 = load i5 %i" [C:/Users/LAB2_PC10/Desktop/CHINNA/files/maxpool.cpp:34]   --->   Operation 26 'load' 'i_3' <Predicate = true> <Delay = 0.00>
ST_1 : Operation 27 [1/1] (0.78ns)   --->   "%icmp_ln34 = icmp_eq  i5 %i_3, i5 16" [C:/Users/LAB2_PC10/Desktop/CHINNA/files/maxpool.cpp:34]   --->   Operation 27 'icmp' 'icmp_ln34' <Predicate = true> <Delay = 0.78> <CoreInst = "Cmp">   --->   Core 9 'Cmp' <Latency = 0> <II = 1> <Delay = 0.78> <FuncUnit> <Opcode : 'seteq' 'setne' 'setle' 'setge' 'setlt' 'setgt'> <InPorts = 2> <OutPorts = 1>
ST_1 : Operation 28 [1/1] (0.78ns)   --->   "%i_4 = add i5 %i_3, i5 1" [C:/Users/LAB2_PC10/Desktop/CHINNA/files/maxpool.cpp:34]   --->   Operation 28 'add' 'i_4' <Predicate = true> <Delay = 0.78> <CoreInst = "Adder">   --->   Core 1 'Adder' <Latency = 0> <II = 1> <Delay = 0.78> <FuncUnit> <Opcode : 'add' 'sub'> <InPorts = 2> <OutPorts = 1>
ST_1 : Operation 29 [1/1] (0.00ns)   --->   "%br_ln34 = br i1 %icmp_ln34, void %for.inc.split, void %POOL_KR.preheader.exitStub" [C:/Users/LAB2_PC10/Desktop/CHINNA/files/maxpool.cpp:34]   --->   Operation 29 'br' 'br_ln34' <Predicate = true> <Delay = 0.00>
ST_1 : Operation 30 [1/1] (0.00ns)   --->   "%trunc_ln34 = trunc i5 %i_3" [C:/Users/LAB2_PC10/Desktop/CHINNA/files/maxpool.cpp:34]   --->   Operation 30 'trunc' 'trunc_ln34' <Predicate = (!icmp_ln34)> <Delay = 0.00>
ST_1 : Operation 31 [1/1] (0.00ns)   --->   "%trunc_ln = partselect i2 @_ssdm_op_PartSelect.i2.i5.i32.i32, i5 %i_3, i32 2, i32 3" [C:/Users/LAB2_PC10/Desktop/CHINNA/files/maxpool.cpp:39]   --->   Operation 31 'partselect' 'trunc_ln' <Predicate = (!icmp_ln34)> <Delay = 0.00>
ST_1 : Operation 32 [1/1] (0.54ns)   --->   "%switch_ln41 = switch i2 %trunc_ln, void %arrayidx35.case.3, i2 0, void %arrayidx35.case.0, i2 1, void %arrayidx35.case.1, i2 2, void %arrayidx35.case.2" [C:/Users/LAB2_PC10/Desktop/CHINNA/files/maxpool.cpp:41]   --->   Operation 32 'switch' 'switch_ln41' <Predicate = (!icmp_ln34)> <Delay = 0.54>
ST_1 : Operation 33 [1/1] (0.54ns)   --->   "%switch_ln41 = switch i2 %trunc_ln34, void %arrayidx35.case.3206, i2 0, void %arrayidx35.case.0203, i2 1, void %arrayidx35.case.1204, i2 2, void %arrayidx35.case.2.arrayidx35.exit_crit_edge" [C:/Users/LAB2_PC10/Desktop/CHINNA/files/maxpool.cpp:41]   --->   Operation 33 'switch' 'switch_ln41' <Predicate = (!icmp_ln34 & trunc_ln == 2)> <Delay = 0.54>
ST_1 : Operation 34 [1/1] (0.54ns)   --->   "%switch_ln41 = switch i2 %trunc_ln34, void %arrayidx35.case.3200, i2 0, void %arrayidx35.case.0197, i2 1, void %arrayidx35.case.1198, i2 2, void %arrayidx35.case.1.arrayidx35.exit_crit_edge" [C:/Users/LAB2_PC10/Desktop/CHINNA/files/maxpool.cpp:41]   --->   Operation 34 'switch' 'switch_ln41' <Predicate = (!icmp_ln34 & trunc_ln == 1)> <Delay = 0.54>
ST_1 : Operation 35 [1/1] (0.54ns)   --->   "%switch_ln41 = switch i2 %trunc_ln34, void %arrayidx35.case.3194, i2 0, void %arrayidx35.case.0191, i2 1, void %arrayidx35.case.1192, i2 2, void %arrayidx35.case.0.arrayidx35.exit_crit_edge" [C:/Users/LAB2_PC10/Desktop/CHINNA/files/maxpool.cpp:41]   --->   Operation 35 'switch' 'switch_ln41' <Predicate = (!icmp_ln34 & trunc_ln == 0)> <Delay = 0.54>
ST_1 : Operation 36 [1/1] (0.54ns)   --->   "%switch_ln41 = switch i2 %trunc_ln34, void %arrayidx35.case.3212, i2 0, void %arrayidx35.case.0209, i2 1, void %arrayidx35.case.1210, i2 2, void %arrayidx35.case.3.arrayidx35.exit_crit_edge" [C:/Users/LAB2_PC10/Desktop/CHINNA/files/maxpool.cpp:41]   --->   Operation 36 'switch' 'switch_ln41' <Predicate = (!icmp_ln34 & trunc_ln == 3)> <Delay = 0.54>
ST_1 : Operation 37 [1/1] (0.42ns)   --->   "%store_ln34 = store i5 %i_4, i5 %i" [C:/Users/LAB2_PC10/Desktop/CHINNA/files/maxpool.cpp:34]   --->   Operation 37 'store' 'store_ln34' <Predicate = (!icmp_ln34)> <Delay = 0.42>
ST_1 : Operation 38 [1/1] (0.00ns)   --->   "%br_ln34 = br void %for.inc" [C:/Users/LAB2_PC10/Desktop/CHINNA/files/maxpool.cpp:34]   --->   Operation 38 'br' 'br_ln34' <Predicate = (!icmp_ln34)> <Delay = 0.00>
ST_1 : Operation 76 [1/1] (0.00ns)   --->   "%input_load = load i16 %input"   --->   Operation 76 'load' 'input_load' <Predicate = (icmp_ln34)> <Delay = 0.00>
ST_1 : Operation 77 [1/1] (0.00ns)   --->   "%input_1_load = load i16 %input_1"   --->   Operation 77 'load' 'input_1_load' <Predicate = (icmp_ln34)> <Delay = 0.00>
ST_1 : Operation 78 [1/1] (0.00ns)   --->   "%input_2_load = load i16 %input_2"   --->   Operation 78 'load' 'input_2_load' <Predicate = (icmp_ln34)> <Delay = 0.00>
ST_1 : Operation 79 [1/1] (0.00ns)   --->   "%input_3_load = load i16 %input_3"   --->   Operation 79 'load' 'input_3_load' <Predicate = (icmp_ln34)> <Delay = 0.00>
ST_1 : Operation 80 [1/1] (0.00ns)   --->   "%input_4_load = load i16 %input_4"   --->   Operation 80 'load' 'input_4_load' <Predicate = (icmp_ln34)> <Delay = 0.00>
ST_1 : Operation 81 [1/1] (0.00ns)   --->   "%input_5_load = load i16 %input_5"   --->   Operation 81 'load' 'input_5_load' <Predicate = (icmp_ln34)> <Delay = 0.00>
ST_1 : Operation 82 [1/1] (0.00ns)   --->   "%input_6_load = load i16 %input_6"   --->   Operation 82 'load' 'input_6_load' <Predicate = (icmp_ln34)> <Delay = 0.00>
ST_1 : Operation 83 [1/1] (0.00ns)   --->   "%input_7_load = load i16 %input_7"   --->   Operation 83 'load' 'input_7_load' <Predicate = (icmp_ln34)> <Delay = 0.00>
ST_1 : Operation 84 [1/1] (0.00ns)   --->   "%input_8_load = load i16 %input_8"   --->   Operation 84 'load' 'input_8_load' <Predicate = (icmp_ln34)> <Delay = 0.00>
ST_1 : Operation 85 [1/1] (0.00ns)   --->   "%input_9_load = load i16 %input_9"   --->   Operation 85 'load' 'input_9_load' <Predicate = (icmp_ln34)> <Delay = 0.00>
ST_1 : Operation 86 [1/1] (0.00ns)   --->   "%input_10_load = load i16 %input_10"   --->   Operation 86 'load' 'input_10_load' <Predicate = (icmp_ln34)> <Delay = 0.00>
ST_1 : Operation 87 [1/1] (0.00ns)   --->   "%input_11_load = load i16 %input_11"   --->   Operation 87 'load' 'input_11_load' <Predicate = (icmp_ln34)> <Delay = 0.00>
ST_1 : Operation 88 [1/1] (0.00ns)   --->   "%input_12_load = load i16 %input_12"   --->   Operation 88 'load' 'input_12_load' <Predicate = (icmp_ln34)> <Delay = 0.00>
ST_1 : Operation 89 [1/1] (0.00ns)   --->   "%input_13_load = load i16 %input_13"   --->   Operation 89 'load' 'input_13_load' <Predicate = (icmp_ln34)> <Delay = 0.00>
ST_1 : Operation 90 [1/1] (0.00ns)   --->   "%input_14_load = load i16 %input_14"   --->   Operation 90 'load' 'input_14_load' <Predicate = (icmp_ln34)> <Delay = 0.00>
ST_1 : Operation 91 [1/1] (0.00ns)   --->   "%input_15_load = load i16 %input_15"   --->   Operation 91 'load' 'input_15_load' <Predicate = (icmp_ln34)> <Delay = 0.00>
ST_1 : Operation 92 [1/1] (0.00ns)   --->   "%write_ln0 = write void @_ssdm_op_Write.ap_auto.i16P0A, i16 %input_15_out, i16 %input_15_load"   --->   Operation 92 'write' 'write_ln0' <Predicate = (icmp_ln34)> <Delay = 0.00>
ST_1 : Operation 93 [1/1] (0.00ns)   --->   "%write_ln0 = write void @_ssdm_op_Write.ap_auto.i16P0A, i16 %input_14_out, i16 %input_14_load"   --->   Operation 93 'write' 'write_ln0' <Predicate = (icmp_ln34)> <Delay = 0.00>
ST_1 : Operation 94 [1/1] (0.00ns)   --->   "%write_ln0 = write void @_ssdm_op_Write.ap_auto.i16P0A, i16 %input_13_out, i16 %input_13_load"   --->   Operation 94 'write' 'write_ln0' <Predicate = (icmp_ln34)> <Delay = 0.00>
ST_1 : Operation 95 [1/1] (0.00ns)   --->   "%write_ln0 = write void @_ssdm_op_Write.ap_auto.i16P0A, i16 %input_12_out, i16 %input_12_load"   --->   Operation 95 'write' 'write_ln0' <Predicate = (icmp_ln34)> <Delay = 0.00>
ST_1 : Operation 96 [1/1] (0.00ns)   --->   "%write_ln0 = write void @_ssdm_op_Write.ap_auto.i16P0A, i16 %input_11_out, i16 %input_11_load"   --->   Operation 96 'write' 'write_ln0' <Predicate = (icmp_ln34)> <Delay = 0.00>
ST_1 : Operation 97 [1/1] (0.00ns)   --->   "%write_ln0 = write void @_ssdm_op_Write.ap_auto.i16P0A, i16 %input_10_out, i16 %input_10_load"   --->   Operation 97 'write' 'write_ln0' <Predicate = (icmp_ln34)> <Delay = 0.00>
ST_1 : Operation 98 [1/1] (0.00ns)   --->   "%write_ln0 = write void @_ssdm_op_Write.ap_auto.i16P0A, i16 %input_9_out, i16 %input_9_load"   --->   Operation 98 'write' 'write_ln0' <Predicate = (icmp_ln34)> <Delay = 0.00>
ST_1 : Operation 99 [1/1] (0.00ns)   --->   "%write_ln0 = write void @_ssdm_op_Write.ap_auto.i16P0A, i16 %input_8_out, i16 %input_8_load"   --->   Operation 99 'write' 'write_ln0' <Predicate = (icmp_ln34)> <Delay = 0.00>
ST_1 : Operation 100 [1/1] (0.00ns)   --->   "%write_ln0 = write void @_ssdm_op_Write.ap_auto.i16P0A, i16 %input_7_out, i16 %input_7_load"   --->   Operation 100 'write' 'write_ln0' <Predicate = (icmp_ln34)> <Delay = 0.00>
ST_1 : Operation 101 [1/1] (0.00ns)   --->   "%write_ln0 = write void @_ssdm_op_Write.ap_auto.i16P0A, i16 %input_6_out, i16 %input_6_load"   --->   Operation 101 'write' 'write_ln0' <Predicate = (icmp_ln34)> <Delay = 0.00>
ST_1 : Operation 102 [1/1] (0.00ns)   --->   "%write_ln0 = write void @_ssdm_op_Write.ap_auto.i16P0A, i16 %input_5_out, i16 %input_5_load"   --->   Operation 102 'write' 'write_ln0' <Predicate = (icmp_ln34)> <Delay = 0.00>
ST_1 : Operation 103 [1/1] (0.00ns)   --->   "%write_ln0 = write void @_ssdm_op_Write.ap_auto.i16P0A, i16 %input_4_out, i16 %input_4_load"   --->   Operation 103 'write' 'write_ln0' <Predicate = (icmp_ln34)> <Delay = 0.00>
ST_1 : Operation 104 [1/1] (0.00ns)   --->   "%write_ln0 = write void @_ssdm_op_Write.ap_auto.i16P0A, i16 %input_3_out, i16 %input_3_load"   --->   Operation 104 'write' 'write_ln0' <Predicate = (icmp_ln34)> <Delay = 0.00>
ST_1 : Operation 105 [1/1] (0.00ns)   --->   "%write_ln0 = write void @_ssdm_op_Write.ap_auto.i16P0A, i16 %input_2_out, i16 %input_2_load"   --->   Operation 105 'write' 'write_ln0' <Predicate = (icmp_ln34)> <Delay = 0.00>
ST_1 : Operation 106 [1/1] (0.00ns)   --->   "%write_ln0 = write void @_ssdm_op_Write.ap_auto.i16P0A, i16 %input_1_out, i16 %input_1_load"   --->   Operation 106 'write' 'write_ln0' <Predicate = (icmp_ln34)> <Delay = 0.00>
ST_1 : Operation 107 [1/1] (0.00ns)   --->   "%write_ln0 = write void @_ssdm_op_Write.ap_auto.i16P0A, i16 %input_out, i16 %input_load"   --->   Operation 107 'write' 'write_ln0' <Predicate = (icmp_ln34)> <Delay = 0.00>
ST_1 : Operation 108 [1/1] (0.42ns)   --->   "%ret_ln0 = ret"   --->   Operation 108 'ret' 'ret_ln0' <Predicate = (icmp_ln34)> <Delay = 0.42>

State 2 <SV = 1> <Delay = 0.07>
ST_2 : Operation 39 [1/1] (0.00ns)   --->   "%specpipeline_ln35 = specpipeline void @_ssdm_op_SpecPipeline, i32 1, i32 0, i32 0, i32 0, i32 4294967295, void @empty_1" [C:/Users/LAB2_PC10/Desktop/CHINNA/files/maxpool.cpp:35]   --->   Operation 39 'specpipeline' 'specpipeline_ln35' <Predicate = true> <Delay = 0.00>
ST_2 : Operation 40 [1/1] (0.00ns)   --->   "%speclooptripcount_ln26 = speclooptripcount void @_ssdm_op_SpecLoopTripCount, i64 16, i64 16, i64 16" [C:/Users/LAB2_PC10/Desktop/CHINNA/files/maxpool.cpp:26]   --->   Operation 40 'speclooptripcount' 'speclooptripcount_ln26' <Predicate = true> <Delay = 0.00>
ST_2 : Operation 41 [1/1] (0.00ns)   --->   "%specloopname_ln34 = specloopname void @_ssdm_op_SpecLoopName, void @empty_6" [C:/Users/LAB2_PC10/Desktop/CHINNA/files/maxpool.cpp:34]   --->   Operation 41 'specloopname' 'specloopname_ln34' <Predicate = true> <Delay = 0.00>
ST_2 : Operation 42 [1/1] ( I:0.07ns O:0.07ns )   --->   "%empty = read i21 @_ssdm_op_Read.axis.volatile.i16P0A.i2P0A.i2P0A.i1P0A, i16 %in_stream_V_data_V, i2 %in_stream_V_keep_V, i2 %in_stream_V_strb_V, i1 %in_stream_V_last_V" [C:/Users/LAB2_PC10/Desktop/CHINNA/files/maxpool.cpp:36]   --->   Operation 42 'read' 'empty' <Predicate = true> <Delay = 0.07> <CoreInst = "regslice">   --->   Core 147 'regslice' <Latency = 0> <II = 1> <Delay = 0.59> <Adapter> <Opcode : 'read' 'write'>
ST_2 : Operation 43 [1/1] (0.00ns)   --->   "%pkt_data = extractvalue i21 %empty" [C:/Users/LAB2_PC10/Desktop/CHINNA/files/maxpool.cpp:36]   --->   Operation 43 'extractvalue' 'pkt_data' <Predicate = true> <Delay = 0.00>
ST_2 : Operation 44 [1/1] (0.00ns)   --->   "%store_ln26 = store i16 %pkt_data, i16 %input_10" [C:/Users/LAB2_PC10/Desktop/CHINNA/files/maxpool.cpp:26]   --->   Operation 44 'store' 'store_ln26' <Predicate = (trunc_ln == 2 & trunc_ln34 == 2)> <Delay = 0.00>
ST_2 : Operation 45 [1/1] (0.00ns)   --->   "%br_ln41 = br void %arrayidx35.exit" [C:/Users/LAB2_PC10/Desktop/CHINNA/files/maxpool.cpp:41]   --->   Operation 45 'br' 'br_ln41' <Predicate = (trunc_ln == 2 & trunc_ln34 == 2)> <Delay = 0.00>
ST_2 : Operation 46 [1/1] (0.00ns)   --->   "%store_ln26 = store i16 %pkt_data, i16 %input_9" [C:/Users/LAB2_PC10/Desktop/CHINNA/files/maxpool.cpp:26]   --->   Operation 46 'store' 'store_ln26' <Predicate = (trunc_ln == 2 & trunc_ln34 == 1)> <Delay = 0.00>
ST_2 : Operation 47 [1/1] (0.00ns)   --->   "%br_ln41 = br void %arrayidx35.exit" [C:/Users/LAB2_PC10/Desktop/CHINNA/files/maxpool.cpp:41]   --->   Operation 47 'br' 'br_ln41' <Predicate = (trunc_ln == 2 & trunc_ln34 == 1)> <Delay = 0.00>
ST_2 : Operation 48 [1/1] (0.00ns)   --->   "%store_ln26 = store i16 %pkt_data, i16 %input_8" [C:/Users/LAB2_PC10/Desktop/CHINNA/files/maxpool.cpp:26]   --->   Operation 48 'store' 'store_ln26' <Predicate = (trunc_ln == 2 & trunc_ln34 == 0)> <Delay = 0.00>
ST_2 : Operation 49 [1/1] (0.00ns)   --->   "%br_ln41 = br void %arrayidx35.exit" [C:/Users/LAB2_PC10/Desktop/CHINNA/files/maxpool.cpp:41]   --->   Operation 49 'br' 'br_ln41' <Predicate = (trunc_ln == 2 & trunc_ln34 == 0)> <Delay = 0.00>
ST_2 : Operation 50 [1/1] (0.00ns)   --->   "%store_ln26 = store i16 %pkt_data, i16 %input_11" [C:/Users/LAB2_PC10/Desktop/CHINNA/files/maxpool.cpp:26]   --->   Operation 50 'store' 'store_ln26' <Predicate = (trunc_ln == 2 & trunc_ln34 == 3)> <Delay = 0.00>
ST_2 : Operation 51 [1/1] (0.00ns)   --->   "%br_ln41 = br void %arrayidx35.exit" [C:/Users/LAB2_PC10/Desktop/CHINNA/files/maxpool.cpp:41]   --->   Operation 51 'br' 'br_ln41' <Predicate = (trunc_ln == 2 & trunc_ln34 == 3)> <Delay = 0.00>
ST_2 : Operation 52 [1/1] (0.00ns)   --->   "%store_ln26 = store i16 %pkt_data, i16 %input_6" [C:/Users/LAB2_PC10/Desktop/CHINNA/files/maxpool.cpp:26]   --->   Operation 52 'store' 'store_ln26' <Predicate = (trunc_ln == 1 & trunc_ln34 == 2)> <Delay = 0.00>
ST_2 : Operation 53 [1/1] (0.00ns)   --->   "%br_ln41 = br void %arrayidx35.exit" [C:/Users/LAB2_PC10/Desktop/CHINNA/files/maxpool.cpp:41]   --->   Operation 53 'br' 'br_ln41' <Predicate = (trunc_ln == 1 & trunc_ln34 == 2)> <Delay = 0.00>
ST_2 : Operation 54 [1/1] (0.00ns)   --->   "%store_ln26 = store i16 %pkt_data, i16 %input_5" [C:/Users/LAB2_PC10/Desktop/CHINNA/files/maxpool.cpp:26]   --->   Operation 54 'store' 'store_ln26' <Predicate = (trunc_ln == 1 & trunc_ln34 == 1)> <Delay = 0.00>
ST_2 : Operation 55 [1/1] (0.00ns)   --->   "%br_ln41 = br void %arrayidx35.exit" [C:/Users/LAB2_PC10/Desktop/CHINNA/files/maxpool.cpp:41]   --->   Operation 55 'br' 'br_ln41' <Predicate = (trunc_ln == 1 & trunc_ln34 == 1)> <Delay = 0.00>
ST_2 : Operation 56 [1/1] (0.00ns)   --->   "%store_ln26 = store i16 %pkt_data, i16 %input_4" [C:/Users/LAB2_PC10/Desktop/CHINNA/files/maxpool.cpp:26]   --->   Operation 56 'store' 'store_ln26' <Predicate = (trunc_ln == 1 & trunc_ln34 == 0)> <Delay = 0.00>
ST_2 : Operation 57 [1/1] (0.00ns)   --->   "%br_ln41 = br void %arrayidx35.exit" [C:/Users/LAB2_PC10/Desktop/CHINNA/files/maxpool.cpp:41]   --->   Operation 57 'br' 'br_ln41' <Predicate = (trunc_ln == 1 & trunc_ln34 == 0)> <Delay = 0.00>
ST_2 : Operation 58 [1/1] (0.00ns)   --->   "%store_ln26 = store i16 %pkt_data, i16 %input_7" [C:/Users/LAB2_PC10/Desktop/CHINNA/files/maxpool.cpp:26]   --->   Operation 58 'store' 'store_ln26' <Predicate = (trunc_ln == 1 & trunc_ln34 == 3)> <Delay = 0.00>
ST_2 : Operation 59 [1/1] (0.00ns)   --->   "%br_ln41 = br void %arrayidx35.exit" [C:/Users/LAB2_PC10/Desktop/CHINNA/files/maxpool.cpp:41]   --->   Operation 59 'br' 'br_ln41' <Predicate = (trunc_ln == 1 & trunc_ln34 == 3)> <Delay = 0.00>
ST_2 : Operation 60 [1/1] (0.00ns)   --->   "%store_ln26 = store i16 %pkt_data, i16 %input_2" [C:/Users/LAB2_PC10/Desktop/CHINNA/files/maxpool.cpp:26]   --->   Operation 60 'store' 'store_ln26' <Predicate = (trunc_ln == 0 & trunc_ln34 == 2)> <Delay = 0.00>
ST_2 : Operation 61 [1/1] (0.00ns)   --->   "%br_ln41 = br void %arrayidx35.exit" [C:/Users/LAB2_PC10/Desktop/CHINNA/files/maxpool.cpp:41]   --->   Operation 61 'br' 'br_ln41' <Predicate = (trunc_ln == 0 & trunc_ln34 == 2)> <Delay = 0.00>
ST_2 : Operation 62 [1/1] (0.00ns)   --->   "%store_ln26 = store i16 %pkt_data, i16 %input_1" [C:/Users/LAB2_PC10/Desktop/CHINNA/files/maxpool.cpp:26]   --->   Operation 62 'store' 'store_ln26' <Predicate = (trunc_ln == 0 & trunc_ln34 == 1)> <Delay = 0.00>
ST_2 : Operation 63 [1/1] (0.00ns)   --->   "%br_ln41 = br void %arrayidx35.exit" [C:/Users/LAB2_PC10/Desktop/CHINNA/files/maxpool.cpp:41]   --->   Operation 63 'br' 'br_ln41' <Predicate = (trunc_ln == 0 & trunc_ln34 == 1)> <Delay = 0.00>
ST_2 : Operation 64 [1/1] (0.00ns)   --->   "%store_ln26 = store i16 %pkt_data, i16 %input" [C:/Users/LAB2_PC10/Desktop/CHINNA/files/maxpool.cpp:26]   --->   Operation 64 'store' 'store_ln26' <Predicate = (trunc_ln == 0 & trunc_ln34 == 0)> <Delay = 0.00>
ST_2 : Operation 65 [1/1] (0.00ns)   --->   "%br_ln41 = br void %arrayidx35.exit" [C:/Users/LAB2_PC10/Desktop/CHINNA/files/maxpool.cpp:41]   --->   Operation 65 'br' 'br_ln41' <Predicate = (trunc_ln == 0 & trunc_ln34 == 0)> <Delay = 0.00>
ST_2 : Operation 66 [1/1] (0.00ns)   --->   "%store_ln26 = store i16 %pkt_data, i16 %input_3" [C:/Users/LAB2_PC10/Desktop/CHINNA/files/maxpool.cpp:26]   --->   Operation 66 'store' 'store_ln26' <Predicate = (trunc_ln == 0 & trunc_ln34 == 3)> <Delay = 0.00>
ST_2 : Operation 67 [1/1] (0.00ns)   --->   "%br_ln41 = br void %arrayidx35.exit" [C:/Users/LAB2_PC10/Desktop/CHINNA/files/maxpool.cpp:41]   --->   Operation 67 'br' 'br_ln41' <Predicate = (trunc_ln == 0 & trunc_ln34 == 3)> <Delay = 0.00>
ST_2 : Operation 68 [1/1] (0.00ns)   --->   "%store_ln26 = store i16 %pkt_data, i16 %input_14" [C:/Users/LAB2_PC10/Desktop/CHINNA/files/maxpool.cpp:26]   --->   Operation 68 'store' 'store_ln26' <Predicate = (trunc_ln == 3 & trunc_ln34 == 2)> <Delay = 0.00>
ST_2 : Operation 69 [1/1] (0.00ns)   --->   "%br_ln41 = br void %arrayidx35.exit" [C:/Users/LAB2_PC10/Desktop/CHINNA/files/maxpool.cpp:41]   --->   Operation 69 'br' 'br_ln41' <Predicate = (trunc_ln == 3 & trunc_ln34 == 2)> <Delay = 0.00>
ST_2 : Operation 70 [1/1] (0.00ns)   --->   "%store_ln26 = store i16 %pkt_data, i16 %input_13" [C:/Users/LAB2_PC10/Desktop/CHINNA/files/maxpool.cpp:26]   --->   Operation 70 'store' 'store_ln26' <Predicate = (trunc_ln == 3 & trunc_ln34 == 1)> <Delay = 0.00>
ST_2 : Operation 71 [1/1] (0.00ns)   --->   "%br_ln41 = br void %arrayidx35.exit" [C:/Users/LAB2_PC10/Desktop/CHINNA/files/maxpool.cpp:41]   --->   Operation 71 'br' 'br_ln41' <Predicate = (trunc_ln == 3 & trunc_ln34 == 1)> <Delay = 0.00>
ST_2 : Operation 72 [1/1] (0.00ns)   --->   "%store_ln26 = store i16 %pkt_data, i16 %input_12" [C:/Users/LAB2_PC10/Desktop/CHINNA/files/maxpool.cpp:26]   --->   Operation 72 'store' 'store_ln26' <Predicate = (trunc_ln == 3 & trunc_ln34 == 0)> <Delay = 0.00>
ST_2 : Operation 73 [1/1] (0.00ns)   --->   "%br_ln41 = br void %arrayidx35.exit" [C:/Users/LAB2_PC10/Desktop/CHINNA/files/maxpool.cpp:41]   --->   Operation 73 'br' 'br_ln41' <Predicate = (trunc_ln == 3 & trunc_ln34 == 0)> <Delay = 0.00>
ST_2 : Operation 74 [1/1] (0.00ns)   --->   "%store_ln26 = store i16 %pkt_data, i16 %input_15" [C:/Users/LAB2_PC10/Desktop/CHINNA/files/maxpool.cpp:26]   --->   Operation 74 'store' 'store_ln26' <Predicate = (trunc_ln == 3 & trunc_ln34 == 3)> <Delay = 0.00>
ST_2 : Operation 75 [1/1] (0.00ns)   --->   "%br_ln41 = br void %arrayidx35.exit" [C:/Users/LAB2_PC10/Desktop/CHINNA/files/maxpool.cpp:41]   --->   Operation 75 'br' 'br_ln41' <Predicate = (trunc_ln == 3 & trunc_ln34 == 3)> <Delay = 0.00>


============================================================
+ Verbose Summary: Timing violations
============================================================
Target clock period: 5.000ns, clock uncertainty: 1.350ns.

 <State 1>: 1.643ns
The critical path consists of the following:
	'store' operation ('store_ln34', C:/Users/LAB2_PC10/Desktop/CHINNA/files/maxpool.cpp:34) of constant 0 5 bit on local variable 'i', C:/Users/LAB2_PC10/Desktop/CHINNA/files/maxpool.cpp:34 [40]  (0.427 ns)
	'load' operation 5 bit ('i', C:/Users/LAB2_PC10/Desktop/CHINNA/files/maxpool.cpp:34) on local variable 'i', C:/Users/LAB2_PC10/Desktop/CHINNA/files/maxpool.cpp:34 [43]  (0.000 ns)
	'icmp' operation 1 bit ('icmp_ln34', C:/Users/LAB2_PC10/Desktop/CHINNA/files/maxpool.cpp:34) [44]  (0.789 ns)
	'store' operation ('store_ln34', C:/Users/LAB2_PC10/Desktop/CHINNA/files/maxpool.cpp:34) of variable 'i', C:/Users/LAB2_PC10/Desktop/CHINNA/files/maxpool.cpp:34 5 bit on local variable 'i', C:/Users/LAB2_PC10/Desktop/CHINNA/files/maxpool.cpp:34 [113]  (0.427 ns)

 <State 2>: 0.079ns
The critical path consists of the following:
	axis read operation ('empty', C:/Users/LAB2_PC10/Desktop/CHINNA/files/maxpool.cpp:36) on port 'in_stream_V_data_V' (C:/Users/LAB2_PC10/Desktop/CHINNA/files/maxpool.cpp:36) [52]  (0.079 ns)
	'store' operation ('store_ln26', C:/Users/LAB2_PC10/Desktop/CHINNA/files/maxpool.cpp:26) of variable 'pkt.data', C:/Users/LAB2_PC10/Desktop/CHINNA/files/maxpool.cpp:36 16 bit on local variable 'input', C:/Users/LAB2_PC10/Desktop/CHINNA/files/maxpool.cpp:26 [65]  (0.000 ns)


============================================================
+ Verbose Summary: Binding
============================================================
N/A
* FSMD analyzer results:
  - Output states:
 - Input state : 
  - Chain level:
	State 1
	State 2


============================================================
+ Verbose Summary: Datapath Resource usage 
============================================================
N/A
